#
# A fatal error has been detected by the Java Runtime Environment:
#
#  EXCEPTION_ACCESS_VIOLATION (0xc0000005) at pc=0x00007ff89fcbb32c, pid=408, tid=7696
#
# JRE version: OpenJDK Runtime Environment (11.0.15) (build 11.0.15+0-b2043.56-8887301)
# Java VM: OpenJDK 64-Bit Server VM (11.0.15+0-b2043.56-8887301, mixed mode, tiered, compressed oops, g1 gc, windows-amd64)
# Problematic frame:
# V  [jvm.dll+0x22b32c]
#
# No core dump will be written. Minidumps are not enabled by default on client versions of Windows
#
# If you would like to submit a bug report, please visit:
#   https://bugreport.java.com/bugreport/crash.jsp
#

---------------  S U M M A R Y ------------

Command Line: --add-opens=java.base/java.util=ALL-UNNAMED --add-opens=java.base/java.lang=ALL-UNNAMED --add-opens=java.base/java.lang.invoke=ALL-UNNAMED --add-opens=java.base/java.util=ALL-UNNAMED --add-opens=java.prefs/java.util.prefs=ALL-UNNAMED --add-opens=java.prefs/java.util.prefs=ALL-UNNAMED --add-opens=java.base/java.nio.charset=ALL-UNNAMED --add-opens=java.base/java.net=ALL-UNNAMED --add-opens=java.base/java.util.concurrent.atomic=ALL-UNNAMED -Xmx2048m -Dfile.encoding=UTF-8 -Duser.country=US -Duser.language=en -Duser.variant org.gradle.launcher.daemon.bootstrap.GradleDaemon 7.5

Host: Intel(R) Core(TM) i3-7100 CPU @ 3.90GHz, 4 cores, 11G,  Windows 10 , 64 bit Build 19041 (10.0.19041.2364)
Time: Tue Feb  7 05:27:36 2023 Bangladesh Standard Time elapsed time: 2.505074 seconds (0d 0h 0m 2s)

---------------  T H R E A D  ---------------

Current thread (0x00000205c1ba2800):  JavaThread "C2 CompilerThread1" daemon [_thread_in_native, id=7696, stack(0x0000001267800000,0x0000001267900000)]


Current CompileTask:
C2:   2505 2131   !   4       java.net.URLClassLoader$1::run (81 bytes)

Stack: [0x0000001267800000,0x0000001267900000],  sp=0x00000012678fdc40,  free space=1015k
Native frames: (J=compiled Java code, j=interpreted, Vv=VM code, C=native code)
V  [jvm.dll+0x22b32c]
V  [jvm.dll+0x66cd23]
V  [jvm.dll+0x22026e]
V  [jvm.dll+0x19e851]
V  [jvm.dll+0x230479]
V  [jvm.dll+0x22e5ef]
V  [jvm.dll+0x794de1]
V  [jvm.dll+0x78dc24]
V  [jvm.dll+0x6400f6]
C  [ucrtbase.dll+0x21bb2]
C  [KERNEL32.DLL+0x17614]
C  [ntdll.dll+0x526a1]


siginfo: EXCEPTION_ACCESS_VIOLATION (0xc0000005), reading address 0x00000285c2edc180


Register to memory mapping:

RIP=0x00007ff89fcbb32c jvm.dll
RAX=0x0 is NULL
RBX=0x00000205c2edbf78 points into unknown readable memory: 0x00007ff8a02b9740 | 40 97 2b a0 f8 7f 00 00
RCX=0x00000285c2edc158 is an unknown value
RDX=0x000000000000000c is an unknown value
RSP=0x00000012678fdc40 is pointing into the stack for thread: 0x00000205c1ba2800
RBP=0x0000000000001120 is an unknown value
RSI=0x00000012678fdef0 is pointing into the stack for thread: 0x00000205c1ba2800
RDI=0x00000205c2edbfc0 points into unknown readable memory: 0x00000285c2edc158 | 58 c1 ed c2 85 02 00 00
R8 =0x000000000000000c is an unknown value
R9 =0x00000000000000bb is an unknown value
R10=0x0000000000000002 is an unknown value
R11=0x0000000000000004 is an unknown value
R12=0x00007ff8a0333ca8 jvm.dll
R13=0x00000205c2ded4d0 points into unknown readable memory: 0x00007ff8a034a360 | 60 a3 34 a0 f8 7f 00 00
R14=0x00000205c2edbfc0 points into unknown readable memory: 0x00000285c2edc158 | 58 c1 ed c2 85 02 00 00
R15=0x00000012678fe9b0 is pointing into the stack for thread: 0x00000205c1ba2800


Registers:
RAX=0x0000000000000000, RBX=0x00000205c2edbf78, RCX=0x00000285c2edc158, RDX=0x000000000000000c
RSP=0x00000012678fdc40, RBP=0x0000000000001120, RSI=0x00000012678fdef0, RDI=0x00000205c2edbfc0
R8 =0x000000000000000c, R9 =0x00000000000000bb, R10=0x0000000000000002, R11=0x0000000000000004
R12=0x00007ff8a0333ca8, R13=0x00000205c2ded4d0, R14=0x00000205c2edbfc0, R15=0x00000012678fe9b0
RIP=0x00007ff89fcbb32c, EFLAGS=0x0000000000010202

Top of Stack: (sp=0x00000012678fdc40)
0x00000012678fdc40:   00000205c2ed7cd0 00000012678fdef0
0x00000012678fdc50:   00000012678fdd90 00007ff8a0333ca8
0x00000012678fdc60:   00000012678fdd90 0000000000000001
0x00000012678fdc70:   0000000000010000 00007ff8a00fcd23
0x00000012678fdc80:   00000205c1989990 00000205c1989990
0x00000012678fdc90:   00000012678fdf40 00000012678fdee0
0x00000012678fdca0:   0000000000000002 0000000000000001
0x00000012678fdcb0:   00000012678ff120 00007ff89fcb026e
0x00000012678fdcc0:   00000205c3e74350 00000205c3e74350
0x00000012678fdcd0:   00000012678fddc0 00000012678fe9b0
0x00000012678fdce0:   0000000000000000 00000012678ff280
0x00000012678fdcf0:   0000000000000004 00000205c2ad3c20
0x00000012678fdd00:   00000012678ff430 00000012678ff448
0x00000012678fdd10:   00000205c0e90270 0000000000000000
0x00000012678fdd20:   0000000000000000 0000000000000002
0x00000012678fdd30:   0000000000000000 0000000000000000 

Instructions: (pc=0x00007ff89fcbb32c)
0x00007ff89fcbb22c:   8b 03 ff 50 70 48 85 f6 7e 0e 48 8b 4f 18 48 8b
0x00007ff89fcbb23c:   d5 48 2b d6 48 89 1c d1 8b 48 28 8b c1 c1 e8 05
0x00007ff89fcbb24c:   41 3b 47 30 72 04 33 c9 eb 17 49 8b 57 38 83 e1
0x00007ff89fcbb25c:   1f 44 8b c0 b8 01 00 00 00 d3 e0 42 8b 0c 82 23
0x00007ff89fcbb26c:   c8 8b 17 41 8d 46 01 85 c9 41 0f 45 c6 41 ff c4
0x00007ff89fcbb27c:   48 ff c5 44 8b f0 85 c9 48 8d 46 01 48 0f 45 c6
0x00007ff89fcbb28c:   48 8b f0 44 3b e2 7c 8c 48 8b 74 24 50 48 8b 6c
0x00007ff89fcbb29c:   24 48 48 8b 5c 24 40 41 2b d6 89 17 48 8b 7c 24
0x00007ff89fcbb2ac:   58 48 83 c4 20 41 5f 41 5e 41 5c c3 cc cc cc cc
0x00007ff89fcbb2bc:   cc cc cc cc 48 89 5c 24 10 48 89 6c 24 18 48 89
0x00007ff89fcbb2cc:   74 24 20 57 41 56 41 57 48 83 ec 20 33 ed 48 8b
0x00007ff89fcbb2dc:   f2 4c 8b f9 39 6a 18 0f 86 bb 00 00 00 0f 1f 80
0x00007ff89fcbb2ec:   00 00 00 00 48 8b 46 10 48 8b 1c e8 ff c5 8b 43
0x00007ff89fcbb2fc:   2c 83 e0 03 3c 03 75 09 48 8d 4b 50 e8 a3 4d 47
0x00007ff89fcbb30c:   00 44 8b 53 20 33 c0 45 85 d2 7e 5e 0f 1f 84 00
0x00007ff89fcbb31c:   00 00 00 00 48 8b 7b 10 48 8b 0c c7 4c 8d 34 c7
0x00007ff89fcbb32c:   44 8b 59 28 41 8b d3 c1 ea 05 3b 56 30 73 1e 4c
0x00007ff89fcbb33c:   8b 46 38 41 83 e3 1f 44 8b ca 41 0f b6 cb ba 01
0x00007ff89fcbb34c:   00 00 00 d3 e2 43 8b 0c 88 23 ca 75 12 ff 4b 20
0x00007ff89fcbb35c:   ff c8 8b 4b 20 41 ff ca 48 8b 0c cf 49 89 0e ff
0x00007ff89fcbb36c:   c0 41 3b c2 7c ae 44 8b 53 20 41 83 fa 01 75 1f
0x00007ff89fcbb37c:   48 8b cb e8 9c 2e 3f 00 84 c0 74 13 48 8b 53 10
0x00007ff89fcbb38c:   49 8b 8f 60 07 00 00 48 8b 12 e8 f5 a4 e8 ff 3b
0x00007ff89fcbb39c:   6e 18 0f 82 4c ff ff ff 49 8b 47 08 48 8b 88 80
0x00007ff89fcbb3ac:   01 00 00 8b 01 83 e8 01 4c 63 f0 0f 88 08 01 00
0x00007ff89fcbb3bc:   00 0f 1f 00 49 8b 47 08 48 8b 88 80 01 00 00 48
0x00007ff89fcbb3cc:   8b 41 18 4a 8b 3c f0 8b 4f 28 8b c1 c1 e8 05 3b
0x00007ff89fcbb3dc:   46 30 73 1d 44 8b c0 83 e1 1f 48 8b 46 38 ba 01
0x00007ff89fcbb3ec:   00 00 00 d3 e2 42 8b 04 80 23 c2 0f 85 be 00 00
0x00007ff89fcbb3fc:   00 4d 8b 87 80 01 00 00 33 c9 48 89 7c 24 40 49
0x00007ff89fcbb40c:   63 00 85 c0 7e 2e 48 8b d0 49 8b 40 18 0f 1f 80
0x00007ff89fcbb41c:   00 00 00 00 48 39 38 74 0e 48 ff c1 48 83 c0 08 


Stack slot to memory mapping:
stack at sp + 0 slots: 0x00000205c2ed7cd0 points into unknown readable memory: 0x00007ff8a0330178 | 78 01 33 a0 f8 7f 00 00
stack at sp + 1 slots: 0x00000012678fdef0 is pointing into the stack for thread: 0x00000205c1ba2800
stack at sp + 2 slots: 0x00000012678fdd90 is pointing into the stack for thread: 0x00000205c1ba2800
stack at sp + 3 slots: 0x00007ff8a0333ca8 jvm.dll
stack at sp + 4 slots: 0x00000012678fdd90 is pointing into the stack for thread: 0x00000205c1ba2800
stack at sp + 5 slots: 0x0000000000000001 is an unknown value
stack at sp + 6 slots: 0x0000000000010000 is an unknown value
stack at sp + 7 slots: 0x00007ff8a00fcd23 jvm.dll


---------------  P R O C E S S  ---------------

Threads class SMR info:
_java_thread_list=0x00000205c403b290, length=24, elements={
0x00000205a7243000, 0x00000205c0e92000, 0x00000205c0e93800, 0x00000205c16f4800,
0x00000205c16f5000, 0x00000205c16f9000, 0x00000205c16fa000, 0x00000205c16fe800,
0x00000205c170b800, 0x00000205c1865000, 0x00000205c1ba2800, 0x00000205c3e59000,
0x00000205c3e55000, 0x00000205c3e5a000, 0x00000205c3e58000, 0x00000205c3e5a800,
0x00000205c3e5b800, 0x00000205c3e56800, 0x00000205c3e57800, 0x00000205c3e55800,
0x00000205c404d800, 0x00000205c404c800, 0x00000205c404a000, 0x00000205c4048800
}

Java Threads: ( => current thread )
  0x00000205a7243000 JavaThread "main" [_thread_blocked, id=5756, stack(0x0000001266700000,0x0000001266800000)]
  0x00000205c0e92000 JavaThread "Reference Handler" daemon [_thread_blocked, id=3696, stack(0x0000001266e00000,0x0000001266f00000)]
  0x00000205c0e93800 JavaThread "Finalizer" daemon [_thread_blocked, id=960, stack(0x0000001266f00000,0x0000001267000000)]
  0x00000205c16f4800 JavaThread "Signal Dispatcher" daemon [_thread_blocked, id=10508, stack(0x0000001267000000,0x0000001267100000)]
  0x00000205c16f5000 JavaThread "Attach Listener" daemon [_thread_blocked, id=1200, stack(0x0000001267100000,0x0000001267200000)]
  0x00000205c16f9000 JavaThread "Service Thread" daemon [_thread_blocked, id=7672, stack(0x0000001267200000,0x0000001267300000)]
  0x00000205c16fa000 JavaThread "C2 CompilerThread0" daemon [_thread_in_native, id=11024, stack(0x0000001267300000,0x0000001267400000)]
  0x00000205c16fe800 JavaThread "C1 CompilerThread0" daemon [_thread_blocked, id=1532, stack(0x0000001267400000,0x0000001267500000)]
  0x00000205c170b800 JavaThread "Sweeper thread" daemon [_thread_blocked, id=1972, stack(0x0000001267500000,0x0000001267600000)]
  0x00000205c1865000 JavaThread "Common-Cleaner" daemon [_thread_blocked, id=4768, stack(0x0000001267600000,0x0000001267700000)]
=>0x00000205c1ba2800 JavaThread "C2 CompilerThread1" daemon [_thread_in_native, id=7696, stack(0x0000001267800000,0x0000001267900000)]
  0x00000205c3e59000 JavaThread "Daemon health stats" [_thread_blocked, id=1152, stack(0x0000001267c00000,0x0000001267d00000)]
  0x00000205c3e55000 JavaThread "Incoming local TCP Connector on port 54358" [_thread_in_native, id=4088, stack(0x0000001267d00000,0x0000001267e00000)]
  0x00000205c3e5a000 JavaThread "Daemon periodic checks" [_thread_blocked, id=10648, stack(0x0000001267e00000,0x0000001267f00000)]
  0x00000205c3e58000 JavaThread "Daemon" [_thread_blocked, id=5416, stack(0x0000001267f00000,0x0000001268000000)]
  0x00000205c3e5a800 JavaThread "Handler for socket connection from /127.0.0.1:54358 to /127.0.0.1:54359" [_thread_in_native, id=10412, stack(0x0000001268000000,0x0000001268100000)]
  0x00000205c3e5b800 JavaThread "Cancel handler" [_thread_blocked, id=5908, stack(0x0000001268100000,0x0000001268200000)]
  0x00000205c3e56800 JavaThread "Daemon worker" [_thread_in_vm, id=1212, stack(0x0000001268200000,0x0000001268300000)]
  0x00000205c3e57800 JavaThread "Asynchronous log dispatcher for DefaultDaemonConnection: socket connection from /127.0.0.1:54358 to /127.0.0.1:54359" [_thread_blocked, id=5564, stack(0x0000001268300000,0x0000001268400000)]
  0x00000205c3e55800 JavaThread "Stdin handler" [_thread_blocked, id=5320, stack(0x0000001268400000,0x0000001268500000)]
  0x00000205c404d800 JavaThread "Daemon client event forwarder" [_thread_blocked, id=7172, stack(0x0000001268500000,0x0000001268600000)]
  0x00000205c404c800 JavaThread "Cache worker for journal cache (C:\Users\Administrator\.gradle\caches\journal-1)" [_thread_blocked, id=8188, stack(0x0000001268600000,0x0000001268700000)]
  0x00000205c404a000 JavaThread "File lock request listener" [_thread_in_native, id=3452, stack(0x0000001268700000,0x0000001268800000)]
  0x00000205c4048800 JavaThread "Cache worker for file hash cache (C:\Users\Administrator\.gradle\caches\7.5\fileHashes)" [_thread_blocked, id=8576, stack(0x0000001268800000,0x0000001268900000)]

Other Threads:
  0x00000205c16a6000 VMThread "VM Thread" [stack: 0x0000001266d00000,0x0000001266e00000] [id=11132]
  0x00000205c1868000 WatcherThread [stack: 0x0000001267700000,0x0000001267800000] [id=8544]
  0x00000205a725c000 GCTaskThread "GC Thread#0" [stack: 0x0000001266800000,0x0000001266900000] [id=5584]
  0x00000205c217d800 GCTaskThread "GC Thread#1" [stack: 0x0000001267900000,0x0000001267a00000] [id=10620]
  0x00000205c2421800 GCTaskThread "GC Thread#2" [stack: 0x0000001267a00000,0x0000001267b00000] [id=7820]
  0x00000205c1e92000 GCTaskThread "GC Thread#3" [stack: 0x0000001267b00000,0x0000001267c00000] [id=3104]
  0x00000205a728d000 ConcurrentGCThread "G1 Main Marker" [stack: 0x0000001266900000,0x0000001266a00000] [id=4732]
  0x00000205a728e800 ConcurrentGCThread "G1 Conc#0" [stack: 0x0000001266a00000,0x0000001266b00000] [id=1632]
  0x00000205c0cd4800 ConcurrentGCThread "G1 Refine#0" [stack: 0x0000001266b00000,0x0000001266c00000] [id=940]
  0x00000205c0cd5800 ConcurrentGCThread "G1 Young RemSet Sampling" [stack: 0x0000001266c00000,0x0000001266d00000] [id=6028]

Threads with active compile tasks:
C2 CompilerThread0     2531 2223       4       java.lang.reflect.ProxyGenerator$ConstantPool::getIndirect (63 bytes)
C2 CompilerThread1     2531 2131   !   4       java.net.URLClassLoader$1::run (81 bytes)

VM state:not at safepoint (normal execution)

VM Mutex/Monitor currently owned by a thread: None

Heap address: 0x0000000080000000, size: 2048 MB, Compressed Oops mode: 32-bit
Narrow klass base: 0x0000000000000000, Narrow klass shift: 3
Compressed class space size: 1073741824 Address: 0x0000000100000000

Heap:
 garbage-first heap   total 196608K, used 64453K [0x0000000080000000, 0x0000000100000000)
  region size 1024K, 60 young (61440K), 13 survivors (13312K)
 Metaspace       used 25702K, capacity 26299K, committed 26368K, reserved 1073152K
  class space    used 3320K, capacity 3547K, committed 3584K, reserved 1048576K
Heap Regions: E=young(eden), S=young(survivor), O=old, HS=humongous(starts), HC=humongous(continues), CS=collection set, F=free, A=archive, TAMS=top-at-mark-start (previous, next)
|   0|0x0000000080000000, 0x0000000080100000, 0x0000000080100000|100%|HS|  |TAMS 0x0000000080100000, 0x0000000080000000| Complete 
|   1|0x0000000080100000, 0x0000000080200000, 0x0000000080200000|100%|HC|  |TAMS 0x0000000080200000, 0x0000000080100000| Complete 
|   2|0x0000000080200000, 0x0000000080300000, 0x0000000080300000|100%|HC|  |TAMS 0x0000000080300000, 0x0000000080200000| Complete 
|   3|0x0000000080300000, 0x0000000080400000, 0x0000000080400000|100%| O|  |TAMS 0x0000000080400000, 0x0000000080300000| Untracked 
|   4|0x0000000080400000, 0x00000000804ca600, 0x0000000080500000| 79%| O|  |TAMS 0x00000000804ca600, 0x0000000080400000| Untracked 
|   5|0x0000000080500000, 0x0000000080500000, 0x0000000080600000|  0%| F|  |TAMS 0x0000000080500000, 0x0000000080500000| Untracked 
|   6|0x0000000080600000, 0x0000000080600000, 0x0000000080700000|  0%| F|  |TAMS 0x0000000080600000, 0x0000000080600000| Untracked 
|   7|0x0000000080700000, 0x0000000080700000, 0x0000000080800000|  0%| F|  |TAMS 0x0000000080700000, 0x0000000080700000| Untracked 
|   8|0x0000000080800000, 0x0000000080800000, 0x0000000080900000|  0%| F|  |TAMS 0x0000000080800000, 0x0000000080800000| Untracked 
|   9|0x0000000080900000, 0x0000000080900000, 0x0000000080a00000|  0%| F|  |TAMS 0x0000000080900000, 0x0000000080900000| Untracked 
|  10|0x0000000080a00000, 0x0000000080a00000, 0x0000000080b00000|  0%| F|  |TAMS 0x0000000080a00000, 0x0000000080a00000| Untracked 
|  11|0x0000000080b00000, 0x0000000080b00000, 0x0000000080c00000|  0%| F|  |TAMS 0x0000000080b00000, 0x0000000080b00000| Untracked 
|  12|0x0000000080c00000, 0x0000000080c00000, 0x0000000080d00000|  0%| F|  |TAMS 0x0000000080c00000, 0x0000000080c00000| Untracked 
|  13|0x0000000080d00000, 0x0000000080d00000, 0x0000000080e00000|  0%| F|  |TAMS 0x0000000080d00000, 0x0000000080d00000| Untracked 
|  14|0x0000000080e00000, 0x0000000080e00000, 0x0000000080f00000|  0%| F|  |TAMS 0x0000000080e00000, 0x0000000080e00000| Untracked 
|  15|0x0000000080f00000, 0x0000000080f00000, 0x0000000081000000|  0%| F|  |TAMS 0x0000000080f00000, 0x0000000080f00000| Untracked 
|  16|0x0000000081000000, 0x0000000081000000, 0x0000000081100000|  0%| F|  |TAMS 0x0000000081000000, 0x0000000081000000| Untracked 
|  17|0x0000000081100000, 0x0000000081100000, 0x0000000081200000|  0%| F|  |TAMS 0x0000000081100000, 0x0000000081100000| Untracked 
|  18|0x0000000081200000, 0x0000000081200000, 0x0000000081300000|  0%| F|  |TAMS 0x0000000081200000, 0x0000000081200000| Untracked 
|  19|0x0000000081300000, 0x0000000081300000, 0x0000000081400000|  0%| F|  |TAMS 0x0000000081300000, 0x0000000081300000| Untracked 
|  20|0x0000000081400000, 0x0000000081400000, 0x0000000081500000|  0%| F|  |TAMS 0x0000000081400000, 0x0000000081400000| Untracked 
|  21|0x0000000081500000, 0x0000000081500000, 0x0000000081600000|  0%| F|  |TAMS 0x0000000081500000, 0x0000000081500000| Untracked 
|  22|0x0000000081600000, 0x0000000081600000, 0x0000000081700000|  0%| F|  |TAMS 0x0000000081600000, 0x0000000081600000| Untracked 
|  23|0x0000000081700000, 0x0000000081700000, 0x0000000081800000|  0%| F|  |TAMS 0x0000000081700000, 0x0000000081700000| Untracked 
|  24|0x0000000081800000, 0x0000000081800000, 0x0000000081900000|  0%| F|  |TAMS 0x0000000081800000, 0x0000000081800000| Untracked 
|  25|0x0000000081900000, 0x0000000081900000, 0x0000000081a00000|  0%| F|  |TAMS 0x0000000081900000, 0x0000000081900000| Untracked 
|  26|0x0000000081a00000, 0x0000000081a00000, 0x0000000081b00000|  0%| F|  |TAMS 0x0000000081a00000, 0x0000000081a00000| Untracked 
|  27|0x0000000081b00000, 0x0000000081b00000, 0x0000000081c00000|  0%| F|  |TAMS 0x0000000081b00000, 0x0000000081b00000| Untracked 
|  28|0x0000000081c00000, 0x0000000081c00000, 0x0000000081d00000|  0%| F|  |TAMS 0x0000000081c00000, 0x0000000081c00000| Untracked 
|  29|0x0000000081d00000, 0x0000000081d00000, 0x0000000081e00000|  0%| F|  |TAMS 0x0000000081d00000, 0x0000000081d00000| Untracked 
|  30|0x0000000081e00000, 0x0000000081e00000, 0x0000000081f00000|  0%| F|  |TAMS 0x0000000081e00000, 0x0000000081e00000| Untracked 
|  31|0x0000000081f00000, 0x0000000081f00000, 0x0000000082000000|  0%| F|  |TAMS 0x0000000081f00000, 0x0000000081f00000| Untracked 
|  32|0x0000000082000000, 0x0000000082000000, 0x0000000082100000|  0%| F|  |TAMS 0x0000000082000000, 0x0000000082000000| Untracked 
|  33|0x0000000082100000, 0x0000000082100000, 0x0000000082200000|  0%| F|  |TAMS 0x0000000082100000, 0x0000000082100000| Untracked 
|  34|0x0000000082200000, 0x0000000082200000, 0x0000000082300000|  0%| F|  |TAMS 0x0000000082200000, 0x0000000082200000| Untracked 
|  35|0x0000000082300000, 0x0000000082300000, 0x0000000082400000|  0%| F|  |TAMS 0x0000000082300000, 0x0000000082300000| Untracked 
|  36|0x0000000082400000, 0x0000000082400000, 0x0000000082500000|  0%| F|  |TAMS 0x0000000082400000, 0x0000000082400000| Untracked 
|  37|0x0000000082500000, 0x0000000082500000, 0x0000000082600000|  0%| F|  |TAMS 0x0000000082500000, 0x0000000082500000| Untracked 
|  38|0x0000000082600000, 0x0000000082600000, 0x0000000082700000|  0%| F|  |TAMS 0x0000000082600000, 0x0000000082600000| Untracked 
|  39|0x0000000082700000, 0x0000000082700000, 0x0000000082800000|  0%| F|  |TAMS 0x0000000082700000, 0x0000000082700000| Untracked 
|  40|0x0000000082800000, 0x0000000082800000, 0x0000000082900000|  0%| F|  |TAMS 0x0000000082800000, 0x0000000082800000| Untracked 
|  41|0x0000000082900000, 0x0000000082900000, 0x0000000082a00000|  0%| F|  |TAMS 0x0000000082900000, 0x0000000082900000| Untracked 
|  42|0x0000000082a00000, 0x0000000082a00000, 0x0000000082b00000|  0%| F|  |TAMS 0x0000000082a00000, 0x0000000082a00000| Untracked 
|  43|0x0000000082b00000, 0x0000000082b00000, 0x0000000082c00000|  0%| F|  |TAMS 0x0000000082b00000, 0x0000000082b00000| Untracked 
|  44|0x0000000082c00000, 0x0000000082c00000, 0x0000000082d00000|  0%| F|  |TAMS 0x0000000082c00000, 0x0000000082c00000| Untracked 
|  45|0x0000000082d00000, 0x0000000082d00000, 0x0000000082e00000|  0%| F|  |TAMS 0x0000000082d00000, 0x0000000082d00000| Untracked 
|  46|0x0000000082e00000, 0x0000000082e00000, 0x0000000082f00000|  0%| F|  |TAMS 0x0000000082e00000, 0x0000000082e00000| Untracked 
|  47|0x0000000082f00000, 0x0000000082f00000, 0x0000000083000000|  0%| F|  |TAMS 0x0000000082f00000, 0x0000000082f00000| Untracked 
|  48|0x0000000083000000, 0x0000000083000000, 0x0000000083100000|  0%| F|  |TAMS 0x0000000083000000, 0x0000000083000000| Untracked 
|  49|0x0000000083100000, 0x0000000083100000, 0x0000000083200000|  0%| F|  |TAMS 0x0000000083100000, 0x0000000083100000| Untracked 
|  50|0x0000000083200000, 0x0000000083200000, 0x0000000083300000|  0%| F|  |TAMS 0x0000000083200000, 0x0000000083200000| Untracked 
|  51|0x0000000083300000, 0x0000000083300000, 0x0000000083400000|  0%| F|  |TAMS 0x0000000083300000, 0x0000000083300000| Untracked 
|  52|0x0000000083400000, 0x0000000083400000, 0x0000000083500000|  0%| F|  |TAMS 0x0000000083400000, 0x0000000083400000| Untracked 
|  53|0x0000000083500000, 0x0000000083500000, 0x0000000083600000|  0%| F|  |TAMS 0x0000000083500000, 0x0000000083500000| Untracked 
|  54|0x0000000083600000, 0x0000000083600000, 0x0000000083700000|  0%| F|  |TAMS 0x0000000083600000, 0x0000000083600000| Untracked 
|  55|0x0000000083700000, 0x0000000083700000, 0x0000000083800000|  0%| F|  |TAMS 0x0000000083700000, 0x0000000083700000| Untracked 
|  56|0x0000000083800000, 0x0000000083800000, 0x0000000083900000|  0%| F|  |TAMS 0x0000000083800000, 0x0000000083800000| Untracked 
|  57|0x0000000083900000, 0x0000000083900000, 0x0000000083a00000|  0%| F|  |TAMS 0x0000000083900000, 0x0000000083900000| Untracked 
|  58|0x0000000083a00000, 0x0000000083a00000, 0x0000000083b00000|  0%| F|  |TAMS 0x0000000083a00000, 0x0000000083a00000| Untracked 
|  59|0x0000000083b00000, 0x0000000083b00000, 0x0000000083c00000|  0%| F|  |TAMS 0x0000000083b00000, 0x0000000083b00000| Untracked 
|  60|0x0000000083c00000, 0x0000000083c00000, 0x0000000083d00000|  0%| F|  |TAMS 0x0000000083c00000, 0x0000000083c00000| Untracked 
|  61|0x0000000083d00000, 0x0000000083d00000, 0x0000000083e00000|  0%| F|  |TAMS 0x0000000083d00000, 0x0000000083d00000| Untracked 
|  62|0x0000000083e00000, 0x0000000083e00000, 0x0000000083f00000|  0%| F|  |TAMS 0x0000000083e00000, 0x0000000083e00000| Untracked 
|  63|0x0000000083f00000, 0x0000000083f00000, 0x0000000084000000|  0%| F|  |TAMS 0x0000000083f00000, 0x0000000083f00000| Untracked 
|  64|0x0000000084000000, 0x0000000084000000, 0x0000000084100000|  0%| F|  |TAMS 0x0000000084000000, 0x0000000084000000| Untracked 
|  65|0x0000000084100000, 0x0000000084100000, 0x0000000084200000|  0%| F|  |TAMS 0x0000000084100000, 0x0000000084100000| Untracked 
|  66|0x0000000084200000, 0x0000000084200000, 0x0000000084300000|  0%| F|  |TAMS 0x0000000084200000, 0x0000000084200000| Untracked 
|  67|0x0000000084300000, 0x0000000084300000, 0x0000000084400000|  0%| F|  |TAMS 0x0000000084300000, 0x0000000084300000| Untracked 
|  68|0x0000000084400000, 0x0000000084400000, 0x0000000084500000|  0%| F|  |TAMS 0x0000000084400000, 0x0000000084400000| Untracked 
|  69|0x0000000084500000, 0x0000000084526ed0, 0x0000000084600000| 15%| S|CS|TAMS 0x0000000084500000, 0x0000000084500000| Complete 
|  70|0x0000000084600000, 0x0000000084700000, 0x0000000084700000|100%| S|CS|TAMS 0x0000000084600000, 0x0000000084600000| Complete 
|  71|0x0000000084700000, 0x0000000084800000, 0x0000000084800000|100%| S|CS|TAMS 0x0000000084700000, 0x0000000084700000| Complete 
|  72|0x0000000084800000, 0x0000000084900000, 0x0000000084900000|100%| S|CS|TAMS 0x0000000084800000, 0x0000000084800000| Complete 
|  73|0x0000000084900000, 0x0000000084a00000, 0x0000000084a00000|100%| S|CS|TAMS 0x0000000084900000, 0x0000000084900000| Complete 
|  74|0x0000000084a00000, 0x0000000084b00000, 0x0000000084b00000|100%| S|CS|TAMS 0x0000000084a00000, 0x0000000084a00000| Complete 
|  75|0x0000000084b00000, 0x0000000084c00000, 0x0000000084c00000|100%| S|CS|TAMS 0x0000000084b00000, 0x0000000084b00000| Complete 
|  76|0x0000000084c00000, 0x0000000084d00000, 0x0000000084d00000|100%| S|CS|TAMS 0x0000000084c00000, 0x0000000084c00000| Complete 
|  77|0x0000000084d00000, 0x0000000084e00000, 0x0000000084e00000|100%| S|CS|TAMS 0x0000000084d00000, 0x0000000084d00000| Complete 
|  78|0x0000000084e00000, 0x0000000084f00000, 0x0000000084f00000|100%| S|CS|TAMS 0x0000000084e00000, 0x0000000084e00000| Complete 
|  79|0x0000000084f00000, 0x0000000085000000, 0x0000000085000000|100%| S|CS|TAMS 0x0000000084f00000, 0x0000000084f00000| Complete 
|  80|0x0000000085000000, 0x0000000085100000, 0x0000000085100000|100%| S|CS|TAMS 0x0000000085000000, 0x0000000085000000| Complete 
|  81|0x0000000085100000, 0x0000000085200000, 0x0000000085200000|100%| S|CS|TAMS 0x0000000085100000, 0x0000000085100000| Complete 
|  82|0x0000000085200000, 0x0000000085200000, 0x0000000085300000|  0%| F|  |TAMS 0x0000000085200000, 0x0000000085200000| Untracked 
|  83|0x0000000085300000, 0x0000000085300000, 0x0000000085400000|  0%| F|  |TAMS 0x0000000085300000, 0x0000000085300000| Untracked 
|  84|0x0000000085400000, 0x0000000085400000, 0x0000000085500000|  0%| F|  |TAMS 0x0000000085400000, 0x0000000085400000| Untracked 
|  85|0x0000000085500000, 0x0000000085500000, 0x0000000085600000|  0%| F|  |TAMS 0x0000000085500000, 0x0000000085500000| Untracked 
|  86|0x0000000085600000, 0x0000000085600000, 0x0000000085700000|  0%| F|  |TAMS 0x0000000085600000, 0x0000000085600000| Untracked 
|  87|0x0000000085700000, 0x0000000085700000, 0x0000000085800000|  0%| F|  |TAMS 0x0000000085700000, 0x0000000085700000| Untracked 
|  88|0x0000000085800000, 0x0000000085800000, 0x0000000085900000|  0%| F|  |TAMS 0x0000000085800000, 0x0000000085800000| Untracked 
|  89|0x0000000085900000, 0x0000000085900000, 0x0000000085a00000|  0%| F|  |TAMS 0x0000000085900000, 0x0000000085900000| Untracked 
|  90|0x0000000085a00000, 0x0000000085a00000, 0x0000000085b00000|  0%| F|  |TAMS 0x0000000085a00000, 0x0000000085a00000| Untracked 
|  91|0x0000000085b00000, 0x0000000085b00000, 0x0000000085c00000|  0%| F|  |TAMS 0x0000000085b00000, 0x0000000085b00000| Untracked 
|  92|0x0000000085c00000, 0x0000000085c00000, 0x0000000085d00000|  0%| F|  |TAMS 0x0000000085c00000, 0x0000000085c00000| Untracked 
|  93|0x0000000085d00000, 0x0000000085d00000, 0x0000000085e00000|  0%| F|  |TAMS 0x0000000085d00000, 0x0000000085d00000| Untracked 
|  94|0x0000000085e00000, 0x0000000085e00000, 0x0000000085f00000|  0%| F|  |TAMS 0x0000000085e00000, 0x0000000085e00000| Untracked 
|  95|0x0000000085f00000, 0x0000000085f00000, 0x0000000086000000|  0%| F|  |TAMS 0x0000000085f00000, 0x0000000085f00000| Untracked 
|  96|0x0000000086000000, 0x0000000086000000, 0x0000000086100000|  0%| F|  |TAMS 0x0000000086000000, 0x0000000086000000| Untracked 
|  97|0x0000000086100000, 0x0000000086100000, 0x0000000086200000|  0%| F|  |TAMS 0x0000000086100000, 0x0000000086100000| Untracked 
|  98|0x0000000086200000, 0x0000000086200000, 0x0000000086300000|  0%| F|  |TAMS 0x0000000086200000, 0x0000000086200000| Untracked 
|  99|0x0000000086300000, 0x0000000086300000, 0x0000000086400000|  0%| F|  |TAMS 0x0000000086300000, 0x0000000086300000| Untracked 
| 100|0x0000000086400000, 0x0000000086400000, 0x0000000086500000|  0%| F|  |TAMS 0x0000000086400000, 0x0000000086400000| Untracked 
| 101|0x0000000086500000, 0x0000000086500000, 0x0000000086600000|  0%| F|  |TAMS 0x0000000086500000, 0x0000000086500000| Untracked 
| 102|0x0000000086600000, 0x0000000086600000, 0x0000000086700000|  0%| F|  |TAMS 0x0000000086600000, 0x0000000086600000| Untracked 
| 103|0x0000000086700000, 0x0000000086700000, 0x0000000086800000|  0%| F|  |TAMS 0x0000000086700000, 0x0000000086700000| Untracked 
| 104|0x0000000086800000, 0x0000000086800000, 0x0000000086900000|  0%| F|  |TAMS 0x0000000086800000, 0x0000000086800000| Untracked 
| 105|0x0000000086900000, 0x0000000086900000, 0x0000000086a00000|  0%| F|  |TAMS 0x0000000086900000, 0x0000000086900000| Untracked 
| 106|0x0000000086a00000, 0x0000000086a00000, 0x0000000086b00000|  0%| F|  |TAMS 0x0000000086a00000, 0x0000000086a00000| Untracked 
| 107|0x0000000086b00000, 0x0000000086b00000, 0x0000000086c00000|  0%| F|  |TAMS 0x0000000086b00000, 0x0000000086b00000| Untracked 
| 108|0x0000000086c00000, 0x0000000086c00000, 0x0000000086d00000|  0%| F|  |TAMS 0x0000000086c00000, 0x0000000086c00000| Untracked 
| 109|0x0000000086d00000, 0x0000000086d00000, 0x0000000086e00000|  0%| F|  |TAMS 0x0000000086d00000, 0x0000000086d00000| Untracked 
| 110|0x0000000086e00000, 0x0000000086e00000, 0x0000000086f00000|  0%| F|  |TAMS 0x0000000086e00000, 0x0000000086e00000| Untracked 
| 111|0x0000000086f00000, 0x0000000086f00000, 0x0000000087000000|  0%| F|  |TAMS 0x0000000086f00000, 0x0000000086f00000| Untracked 
| 112|0x0000000087000000, 0x0000000087000000, 0x0000000087100000|  0%| F|  |TAMS 0x0000000087000000, 0x0000000087000000| Untracked 
| 113|0x0000000087100000, 0x0000000087100000, 0x0000000087200000|  0%| F|  |TAMS 0x0000000087100000, 0x0000000087100000| Untracked 
| 114|0x0000000087200000, 0x0000000087200000, 0x0000000087300000|  0%| F|  |TAMS 0x0000000087200000, 0x0000000087200000| Untracked 
| 115|0x0000000087300000, 0x0000000087300000, 0x0000000087400000|  0%| F|  |TAMS 0x0000000087300000, 0x0000000087300000| Untracked 
| 116|0x0000000087400000, 0x0000000087400000, 0x0000000087500000|  0%| F|  |TAMS 0x0000000087400000, 0x0000000087400000| Untracked 
| 117|0x0000000087500000, 0x0000000087500000, 0x0000000087600000|  0%| F|  |TAMS 0x0000000087500000, 0x0000000087500000| Untracked 
| 118|0x0000000087600000, 0x0000000087600000, 0x0000000087700000|  0%| F|  |TAMS 0x0000000087600000, 0x0000000087600000| Untracked 
| 119|0x0000000087700000, 0x0000000087700000, 0x0000000087800000|  0%| F|  |TAMS 0x0000000087700000, 0x0000000087700000| Untracked 
| 120|0x0000000087800000, 0x0000000087800000, 0x0000000087900000|  0%| F|  |TAMS 0x0000000087800000, 0x0000000087800000| Untracked 
| 121|0x0000000087900000, 0x0000000087900000, 0x0000000087a00000|  0%| F|  |TAMS 0x0000000087900000, 0x0000000087900000| Untracked 
| 122|0x0000000087a00000, 0x0000000087a00000, 0x0000000087b00000|  0%| F|  |TAMS 0x0000000087a00000, 0x0000000087a00000| Untracked 
| 123|0x0000000087b00000, 0x0000000087b00000, 0x0000000087c00000|  0%| F|  |TAMS 0x0000000087b00000, 0x0000000087b00000| Untracked 
| 124|0x0000000087c00000, 0x0000000087c00000, 0x0000000087d00000|  0%| F|  |TAMS 0x0000000087c00000, 0x0000000087c00000| Untracked 
| 125|0x0000000087d00000, 0x0000000087d00000, 0x0000000087e00000|  0%| F|  |TAMS 0x0000000087d00000, 0x0000000087d00000| Untracked 
| 126|0x0000000087e00000, 0x0000000087e00000, 0x0000000087f00000|  0%| F|  |TAMS 0x0000000087e00000, 0x0000000087e00000| Untracked 
| 127|0x0000000087f00000, 0x0000000087f00000, 0x0000000088000000|  0%| F|  |TAMS 0x0000000087f00000, 0x0000000087f00000| Untracked 
| 128|0x0000000088000000, 0x0000000088000000, 0x0000000088100000|  0%| F|  |TAMS 0x0000000088000000, 0x0000000088000000| Untracked 
| 129|0x0000000088100000, 0x0000000088100000, 0x0000000088200000|  0%| F|  |TAMS 0x0000000088100000, 0x0000000088100000| Untracked 
| 130|0x0000000088200000, 0x0000000088200000, 0x0000000088300000|  0%| F|  |TAMS 0x0000000088200000, 0x0000000088200000| Untracked 
| 131|0x0000000088300000, 0x0000000088300000, 0x0000000088400000|  0%| F|  |TAMS 0x0000000088300000, 0x0000000088300000| Untracked 
| 132|0x0000000088400000, 0x0000000088400000, 0x0000000088500000|  0%| F|  |TAMS 0x0000000088400000, 0x0000000088400000| Untracked 
| 133|0x0000000088500000, 0x0000000088500000, 0x0000000088600000|  0%| F|  |TAMS 0x0000000088500000, 0x0000000088500000| Untracked 
| 134|0x0000000088600000, 0x0000000088600000, 0x0000000088700000|  0%| F|  |TAMS 0x0000000088600000, 0x0000000088600000| Untracked 
| 135|0x0000000088700000, 0x0000000088700000, 0x0000000088800000|  0%| F|  |TAMS 0x0000000088700000, 0x0000000088700000| Untracked 
| 136|0x0000000088800000, 0x0000000088800000, 0x0000000088900000|  0%| F|  |TAMS 0x0000000088800000, 0x0000000088800000| Untracked 
| 137|0x0000000088900000, 0x0000000088900000, 0x0000000088a00000|  0%| F|  |TAMS 0x0000000088900000, 0x0000000088900000| Untracked 
| 138|0x0000000088a00000, 0x0000000088a00000, 0x0000000088b00000|  0%| F|  |TAMS 0x0000000088a00000, 0x0000000088a00000| Untracked 
| 139|0x0000000088b00000, 0x0000000088b00000, 0x0000000088c00000|  0%| F|  |TAMS 0x0000000088b00000, 0x0000000088b00000| Untracked 
| 140|0x0000000088c00000, 0x0000000088c00000, 0x0000000088d00000|  0%| F|  |TAMS 0x0000000088c00000, 0x0000000088c00000| Untracked 
| 141|0x0000000088d00000, 0x0000000088d00000, 0x0000000088e00000|  0%| F|  |TAMS 0x0000000088d00000, 0x0000000088d00000| Untracked 
| 142|0x0000000088e00000, 0x0000000088e00000, 0x0000000088f00000|  0%| F|  |TAMS 0x0000000088e00000, 0x0000000088e00000| Untracked 
| 143|0x0000000088f00000, 0x0000000088f00000, 0x0000000089000000|  0%| F|  |TAMS 0x0000000088f00000, 0x0000000088f00000| Untracked 
| 144|0x0000000089000000, 0x0000000089000000, 0x0000000089100000|  0%| F|  |TAMS 0x0000000089000000, 0x0000000089000000| Untracked 
| 145|0x0000000089100000, 0x0000000089200000, 0x0000000089200000|100%| E|  |TAMS 0x0000000089100000, 0x0000000089100000| Complete 
| 146|0x0000000089200000, 0x0000000089300000, 0x0000000089300000|100%| E|CS|TAMS 0x0000000089200000, 0x0000000089200000| Complete 
| 147|0x0000000089300000, 0x0000000089400000, 0x0000000089400000|100%| E|CS|TAMS 0x0000000089300000, 0x0000000089300000| Complete 
| 148|0x0000000089400000, 0x0000000089500000, 0x0000000089500000|100%| E|CS|TAMS 0x0000000089400000, 0x0000000089400000| Complete 
| 149|0x0000000089500000, 0x0000000089600000, 0x0000000089600000|100%| E|CS|TAMS 0x0000000089500000, 0x0000000089500000| Complete 
| 150|0x0000000089600000, 0x0000000089700000, 0x0000000089700000|100%| E|CS|TAMS 0x0000000089600000, 0x0000000089600000| Complete 
| 151|0x0000000089700000, 0x0000000089800000, 0x0000000089800000|100%| E|CS|TAMS 0x0000000089700000, 0x0000000089700000| Complete 
| 152|0x0000000089800000, 0x0000000089900000, 0x0000000089900000|100%| E|CS|TAMS 0x0000000089800000, 0x0000000089800000| Complete 
| 153|0x0000000089900000, 0x0000000089a00000, 0x0000000089a00000|100%| E|CS|TAMS 0x0000000089900000, 0x0000000089900000| Complete 
| 154|0x0000000089a00000, 0x0000000089b00000, 0x0000000089b00000|100%| E|CS|TAMS 0x0000000089a00000, 0x0000000089a00000| Complete 
| 155|0x0000000089b00000, 0x0000000089c00000, 0x0000000089c00000|100%| E|CS|TAMS 0x0000000089b00000, 0x0000000089b00000| Complete 
| 156|0x0000000089c00000, 0x0000000089d00000, 0x0000000089d00000|100%| E|CS|TAMS 0x0000000089c00000, 0x0000000089c00000| Complete 
| 157|0x0000000089d00000, 0x0000000089e00000, 0x0000000089e00000|100%| E|CS|TAMS 0x0000000089d00000, 0x0000000089d00000| Complete 
| 158|0x0000000089e00000, 0x0000000089f00000, 0x0000000089f00000|100%| E|CS|TAMS 0x0000000089e00000, 0x0000000089e00000| Complete 
| 159|0x0000000089f00000, 0x000000008a000000, 0x000000008a000000|100%| E|CS|TAMS 0x0000000089f00000, 0x0000000089f00000| Complete 
| 160|0x000000008a000000, 0x000000008a100000, 0x000000008a100000|100%| E|CS|TAMS 0x000000008a000000, 0x000000008a000000| Complete 
| 161|0x000000008a100000, 0x000000008a200000, 0x000000008a200000|100%| E|CS|TAMS 0x000000008a100000, 0x000000008a100000| Complete 
| 162|0x000000008a200000, 0x000000008a300000, 0x000000008a300000|100%| E|CS|TAMS 0x000000008a200000, 0x000000008a200000| Complete 
| 163|0x000000008a300000, 0x000000008a400000, 0x000000008a400000|100%| E|CS|TAMS 0x000000008a300000, 0x000000008a300000| Complete 
| 164|0x000000008a400000, 0x000000008a500000, 0x000000008a500000|100%| E|CS|TAMS 0x000000008a400000, 0x000000008a400000| Complete 
| 165|0x000000008a500000, 0x000000008a600000, 0x000000008a600000|100%| E|CS|TAMS 0x000000008a500000, 0x000000008a500000| Complete 
| 166|0x000000008a600000, 0x000000008a700000, 0x000000008a700000|100%| E|CS|TAMS 0x000000008a600000, 0x000000008a600000| Complete 
| 167|0x000000008a700000, 0x000000008a800000, 0x000000008a800000|100%| E|CS|TAMS 0x000000008a700000, 0x000000008a700000| Complete 
| 168|0x000000008a800000, 0x000000008a900000, 0x000000008a900000|100%| E|CS|TAMS 0x000000008a800000, 0x000000008a800000| Complete 
| 169|0x000000008a900000, 0x000000008aa00000, 0x000000008aa00000|100%| E|CS|TAMS 0x000000008a900000, 0x000000008a900000| Complete 
| 170|0x000000008aa00000, 0x000000008ab00000, 0x000000008ab00000|100%| E|CS|TAMS 0x000000008aa00000, 0x000000008aa00000| Complete 
| 171|0x000000008ab00000, 0x000000008ac00000, 0x000000008ac00000|100%| E|CS|TAMS 0x000000008ab00000, 0x000000008ab00000| Complete 
| 172|0x000000008ac00000, 0x000000008ad00000, 0x000000008ad00000|100%| E|CS|TAMS 0x000000008ac00000, 0x000000008ac00000| Complete 
| 173|0x000000008ad00000, 0x000000008ae00000, 0x000000008ae00000|100%| E|CS|TAMS 0x000000008ad00000, 0x000000008ad00000| Complete 
| 174|0x000000008ae00000, 0x000000008af00000, 0x000000008af00000|100%| E|CS|TAMS 0x000000008ae00000, 0x000000008ae00000| Complete 
| 175|0x000000008af00000, 0x000000008b000000, 0x000000008b000000|100%| E|CS|TAMS 0x000000008af00000, 0x000000008af00000| Complete 
| 176|0x000000008b000000, 0x000000008b100000, 0x000000008b100000|100%| E|CS|TAMS 0x000000008b000000, 0x000000008b000000| Complete 
| 177|0x000000008b100000, 0x000000008b200000, 0x000000008b200000|100%| E|CS|TAMS 0x000000008b100000, 0x000000008b100000| Complete 
| 178|0x000000008b200000, 0x000000008b300000, 0x000000008b300000|100%| E|CS|TAMS 0x000000008b200000, 0x000000008b200000| Complete 
| 179|0x000000008b300000, 0x000000008b400000, 0x000000008b400000|100%| E|CS|TAMS 0x000000008b300000, 0x000000008b300000| Complete 
| 180|0x000000008b400000, 0x000000008b500000, 0x000000008b500000|100%| E|CS|TAMS 0x000000008b400000, 0x000000008b400000| Complete 
| 181|0x000000008b500000, 0x000000008b600000, 0x000000008b600000|100%| E|CS|TAMS 0x000000008b500000, 0x000000008b500000| Complete 
| 182|0x000000008b600000, 0x000000008b700000, 0x000000008b700000|100%| E|CS|TAMS 0x000000008b600000, 0x000000008b600000| Complete 
| 183|0x000000008b700000, 0x000000008b800000, 0x000000008b800000|100%| E|CS|TAMS 0x000000008b700000, 0x000000008b700000| Complete 
| 184|0x000000008b800000, 0x000000008b900000, 0x000000008b900000|100%| E|CS|TAMS 0x000000008b800000, 0x000000008b800000| Complete 
| 185|0x000000008b900000, 0x000000008ba00000, 0x000000008ba00000|100%| E|CS|TAMS 0x000000008b900000, 0x000000008b900000| Complete 
| 186|0x000000008ba00000, 0x000000008bb00000, 0x000000008bb00000|100%| E|CS|TAMS 0x000000008ba00000, 0x000000008ba00000| Complete 
| 187|0x000000008bb00000, 0x000000008bc00000, 0x000000008bc00000|100%| E|CS|TAMS 0x000000008bb00000, 0x000000008bb00000| Complete 
| 188|0x000000008bc00000, 0x000000008bd00000, 0x000000008bd00000|100%| E|CS|TAMS 0x000000008bc00000, 0x000000008bc00000| Complete 
| 189|0x000000008bd00000, 0x000000008be00000, 0x000000008be00000|100%| E|CS|TAMS 0x000000008bd00000, 0x000000008bd00000| Complete 
| 190|0x000000008be00000, 0x000000008bf00000, 0x000000008bf00000|100%| E|CS|TAMS 0x000000008be00000, 0x000000008be00000| Complete 
| 191|0x000000008bf00000, 0x000000008c000000, 0x000000008c000000|100%| E|CS|TAMS 0x000000008bf00000, 0x000000008bf00000| Complete 

Card table byte_map: [0x00000205ba170000,0x00000205ba570000] _byte_map_base: 0x00000205b9d70000

Marking Bits (Prev, Next): (CMBitMap*) 0x00000205a72846d0, (CMBitMap*) 0x00000205a7284698
 Prev Bits: [0x00000205bc970000, 0x00000205be970000)
 Next Bits: [0x00000205ba970000, 0x00000205bc970000)

Polling page: 0x00000205a5200000

Metaspace:

Usage:
  Non-class:     22.22 MB capacity,    21.89 MB ( 99%) used,   288.12 KB (  1%) free+waste,    47.62 KB ( <1%) overhead. 
      Class:      3.46 MB capacity,     3.25 MB ( 94%) used,   197.95 KB (  6%) free+waste,    24.00 KB ( <1%) overhead. 
       Both:     25.68 MB capacity,    25.14 MB ( 98%) used,   486.07 KB (  2%) free+waste,    71.62 KB ( <1%) overhead. 

Virtual space:
  Non-class space:       24.00 MB reserved,      22.25 MB ( 93%) committed 
      Class space:        1.00 GB reserved,       3.50 MB ( <1%) committed 
             Both:        1.02 GB reserved,      25.75 MB (  2%) committed 

Chunk freelists:
   Non-Class:  32.00 KB
       Class:  5.00 KB
        Both:  37.00 KB

MaxMetaspaceSize: 17179869184.00 GB
CompressedClassSpaceSize: 1.00 GB
Initial GC threshold: 20.80 MB
Current GC threshold: 35.20 MB
CDS: off

CodeHeap 'non-profiled nmethods': size=120064Kb used=1185Kb max_used=1185Kb free=118879Kb
 bounds [0x00000205b2830000, 0x00000205b2aa0000, 0x00000205b9d70000]
CodeHeap 'profiled nmethods': size=120000Kb used=4730Kb max_used=4730Kb free=115269Kb
 bounds [0x00000205ab300000, 0x00000205ab7a0000, 0x00000205b2830000]
CodeHeap 'non-nmethods': size=5696Kb used=1225Kb max_used=1268Kb free=4470Kb
 bounds [0x00000205aad70000, 0x00000205aafe0000, 0x00000205ab300000]
 total_blobs=2725 nmethods=2220 adapters=417
 compilation: enabled
              stopped_count=0, restarted_count=0
 full_count=0

Compilation events (20 events):
Event: 2.490 Thread 0x00000205c16fe800 2210       3       org.gradle.model.internal.asm.MethodVisitorScope::_ALOAD (8 bytes)
Event: 2.490 Thread 0x00000205c16fe800 nmethod 2210 0x00000205ab796590 code [0x00000205ab796760, 0x00000205ab7969c8]
Event: 2.491 Thread 0x00000205c16fe800 2211       1       org.gradle.internal.instantiation.generator.AsmBackedClassGenerator$ClassBuilderImpl::access$500 (5 bytes)
Event: 2.491 Thread 0x00000205c16fe800 nmethod 2211 0x00000205b294ae10 code [0x00000205b294afc0, 0x00000205b294b058]
Event: 2.492 Thread 0x00000205c16fe800 2212       3       org.objectweb.asm.Frame::merge (322 bytes)
Event: 2.493 Thread 0x00000205c16fe800 nmethod 2212 0x00000205ab796b10 code [0x00000205ab796d40, 0x00000205ab797648]
Event: 2.493 Thread 0x00000205c16fe800 2213       3       org.objectweb.asm.SymbolTable::addConstantUtf8Reference (101 bytes)
Event: 2.494 Thread 0x00000205c16fe800 nmethod 2213 0x00000205ab797890 code [0x00000205ab797ac0, 0x00000205ab798138]
Event: 2.496 Thread 0x00000205c16fe800 2214       3       org.objectweb.asm.Frame::<init> (10 bytes)
Event: 2.496 Thread 0x00000205c16fe800 nmethod 2214 0x00000205ab798490 code [0x00000205ab798640, 0x00000205ab7987f8]
Event: 2.496 Thread 0x00000205c16fe800 2215       3       org.objectweb.asm.SymbolTable::addConstantMemberReference (147 bytes)
Event: 2.497 Thread 0x00000205c16fe800 nmethod 2215 0x00000205ab798890 code [0x00000205ab798b20, 0x00000205ab799448]
Event: 2.497 Thread 0x00000205c16fe800 2216       3       org.objectweb.asm.Frame::push (59 bytes)
Event: 2.498 Thread 0x00000205c16fe800 nmethod 2216 0x00000205ab799a10 code [0x00000205ab799c60, 0x00000205ab79a3b8]
Event: 2.498 Thread 0x00000205c16fe800 2217       3       org.objectweb.asm.Type::getArgumentsAndReturnSizes (140 bytes)
Event: 2.500 Thread 0x00000205c16fe800 nmethod 2217 0x00000205ab79a710 code [0x00000205ab79ab20, 0x00000205ab79c918]
Event: 2.500 Thread 0x00000205c16fe800 2218       3       org.objectweb.asm.Frame::getLocal (46 bytes)
Event: 2.500 Thread 0x00000205c16fe800 nmethod 2218 0x00000205ab79d410 code [0x00000205ab79d5c0, 0x00000205ab79d7b8]
Event: 2.500 Thread 0x00000205c16fe800 2219       3       org.objectweb.asm.Handler::getExceptionTableLength (21 bytes)
Event: 2.500 Thread 0x00000205c16fe800 nmethod 2219 0x00000205ab79d890 code [0x00000205ab79da40, 0x00000205ab79dbd8]

GC Heap History (4 events):
Event: 0.365 GC heap before
{Heap before GC invocations=0 (full 0):
 garbage-first heap   total 196608K, used 17408K [0x0000000080000000, 0x0000000100000000)
  region size 1024K, 14 young (14336K), 0 survivors (0K)
 Metaspace       used 6746K, capacity 6989K, committed 7168K, reserved 1056768K
  class space    used 571K, capacity 650K, committed 768K, reserved 1048576K
}
Event: 0.367 GC heap after
{Heap after GC invocations=1 (full 0):
 garbage-first heap   total 196608K, used 3881K [0x0000000080000000, 0x0000000100000000)
  region size 1024K, 2 young (2048K), 2 survivors (2048K)
 Metaspace       used 6746K, capacity 6989K, committed 7168K, reserved 1056768K
  class space    used 571K, capacity 650K, committed 768K, reserved 1048576K
}
Event: 2.008 GC heap before
{Heap before GC invocations=1 (full 0):
 garbage-first heap   total 196608K, used 116521K [0x0000000080000000, 0x0000000100000000)
  region size 1024K, 110 young (112640K), 2 survivors (2048K)
 Metaspace       used 20800K, capacity 21189K, committed 21296K, reserved 1069056K
  class space    used 2522K, capacity 2687K, committed 2688K, reserved 1048576K
}
Event: 2.016 GC heap after
{Heap after GC invocations=2 (full 0):
 garbage-first heap   total 196608K, used 17349K [0x0000000080000000, 0x0000000100000000)
  region size 1024K, 13 young (13312K), 13 survivors (13312K)
 Metaspace       used 20800K, capacity 21189K, committed 21296K, reserved 1069056K
  class space    used 2522K, capacity 2687K, committed 2688K, reserved 1048576K
}

Deoptimization events (20 events):
Event: 1.894 Thread 0x00000205c3e56800 Uncommon trap: trap_request=0xffffffc6 fr.pc=0x00000205b28b3354 relative=0x0000000000000114
Event: 1.894 Thread 0x00000205c3e56800 Uncommon trap: reason=bimorphic_or_optimized_type_check action=maybe_recompile pc=0x00000205b28b3354 method=java.util.AbstractList$Itr.next()Ljava/lang/Object; @ 14 c2
Event: 1.894 Thread 0x00000205c3e56800 DEOPT PACKING pc=0x00000205b28b3354 sp=0x00000012682fc1b0
Event: 1.894 Thread 0x00000205c3e56800 DEOPT UNPACKING pc=0x00000205aadba1af sp=0x00000012682fc148 mode 2
Event: 1.895 Thread 0x00000205c3e56800 Uncommon trap: trap_request=0xffffff4d fr.pc=0x00000205b28a775c relative=0x000000000000051c
Event: 1.895 Thread 0x00000205c3e56800 Uncommon trap: reason=unstable_if action=reinterpret pc=0x00000205b28a775c method=java.io.File.getName()Ljava/lang/String; @ 16 c2
Event: 1.895 Thread 0x00000205c3e56800 DEOPT PACKING pc=0x00000205b28a775c sp=0x00000012682fccc0
Event: 1.895 Thread 0x00000205c3e56800 DEOPT UNPACKING pc=0x00000205aadba1af sp=0x00000012682fcc90 mode 2
Event: 1.895 Thread 0x00000205c3e56800 Uncommon trap: trap_request=0xffffff4d fr.pc=0x00000205b28a5c34 relative=0x0000000000000474
Event: 1.895 Thread 0x00000205c3e56800 Uncommon trap: reason=unstable_if action=reinterpret pc=0x00000205b28a5c34 method=java.lang.String.substring(I)Ljava/lang/String; @ 34 c2
Event: 1.895 Thread 0x00000205c3e56800 DEOPT PACKING pc=0x00000205b28a5c34 sp=0x00000012682fcc40
Event: 1.895 Thread 0x00000205c3e56800 DEOPT UNPACKING pc=0x00000205aadba1af sp=0x00000012682fcc18 mode 2
Event: 2.081 Thread 0x00000205c3e56800 Uncommon trap: trap_request=0xffffff4d fr.pc=0x00000205b2914f18 relative=0x0000000000000398
Event: 2.081 Thread 0x00000205c3e56800 Uncommon trap: reason=unstable_if action=reinterpret pc=0x00000205b2914f18 method=jdk.internal.org.objectweb.asm.Type.getArgumentsAndReturnSizes(Ljava/lang/String;)I @ 88 c2
Event: 2.081 Thread 0x00000205c3e56800 DEOPT PACKING pc=0x00000205b2914f18 sp=0x00000012682f9690
Event: 2.081 Thread 0x00000205c3e56800 DEOPT UNPACKING pc=0x00000205aadba1af sp=0x00000012682f9618 mode 2
Event: 2.259 Thread 0x00000205c3e56800 Uncommon trap: trap_request=0xffffff4d fr.pc=0x00000205b289f1c0 relative=0x0000000000000280
Event: 2.259 Thread 0x00000205c3e56800 Uncommon trap: reason=unstable_if action=reinterpret pc=0x00000205b289f1c0 method=java.util.concurrent.ConcurrentHashMap.get(Ljava/lang/Object;)Ljava/lang/Object; @ 152 c2
Event: 2.259 Thread 0x00000205c3e56800 DEOPT PACKING pc=0x00000205b289f1c0 sp=0x00000012682f89b0
Event: 2.259 Thread 0x00000205c3e56800 DEOPT UNPACKING pc=0x00000205aadba1af sp=0x00000012682f8918 mode 2

Classes redefined (0 events):
No events

Internal exceptions (20 events):
Event: 1.801 Thread 0x00000205c3e56800 Exception <a 'java/lang/NoSuchMethodError'{0x0000000086b2dab0}: 'void java.lang.invoke.DirectMethodHandle$Holder.invokeStaticInit(java.lang.Object)'> (0x0000000086b2dab0) thrown at [src/hotspot/share/interpreter/linkResolver.cpp, line 773]
Event: 1.811 Thread 0x00000205c3e56800 Exception <a 'java/lang/NoSuchMethodError'{0x0000000086be9270}: 'java.lang.Object java.lang.invoke.DirectMethodHandle$Holder.invokeStatic(java.lang.Object, java.lang.Object, java.lang.Object, int)'> (0x0000000086be9270) thrown at [src/hotspot/share/interpreter/linkResolver.cpp, line 773]
Event: 1.811 Thread 0x00000205c3e56800 Exception <a 'java/lang/NoSuchMethodError'{0x0000000086bed438}: 'java.lang.Object java.lang.invoke.DirectMethodHandle$Holder.invokeSpecial(java.lang.Object, java.lang.Object, java.lang.Object, java.lang.Object, int)'> (0x0000000086bed438) thrown at [src/hotspot/share/interpreter/linkResolver.cpp, line 773]
Event: 1.811 Thread 0x00000205c3e56800 Exception <a 'java/lang/NoSuchMethodError'{0x0000000086bf0e20}: 'java.lang.Object java.lang.invoke.Invokers$Holder.linkToTargetMethod(java.lang.Object, java.lang.Object, int, java.lang.Object)'> (0x0000000086bf0e20) thrown at [src/hotspot/share/interpreter/linkResolver.cpp, line 773]
Event: 1.908 Thread 0x00000205c3e56800 Exception <a 'java/lang/NoSuchMethodError'{0x000000008612fb48}: 'java.lang.Object java.lang.invoke.Invokers$Holder.linkToTargetMethod(java.lang.Object, java.lang.Object, java.lang.Object, java.lang.Object, java.lang.Object, java.lang.Object)'> (0x000000008612fb48) thrown at [src/hotspot/share/interpreter/linkResolver.cpp, line 773]
Event: 2.033 Thread 0x00000205c3e56800 Exception <a 'java/lang/NoSuchMethodError'{0x000000008bfbb530}: 'int java.lang.invoke.DirectMethodHandle$Holder.invokeSpecialIFC(java.lang.Object, java.lang.Object, java.lang.Object, java.lang.Object)'> (0x000000008bfbb530) thrown at [src/hotspot/share/interpreter/linkResolver.cpp, line 773]
Event: 2.035 Thread 0x00000205c3e56800 Exception <a 'java/lang/NoSuchMethodError'{0x000000008bfc94e8}: 'java.lang.Object java.lang.invoke.DirectMethodHandle$Holder.invokeInterface(java.lang.Object, java.lang.Object, java.lang.Object)'> (0x000000008bfc94e8) thrown at [src/hotspot/share/interpreter/linkResolver.cpp, line 773]
Event: 2.035 Thread 0x00000205c3e56800 Exception <a 'java/lang/IncompatibleClassChangeError'{0x000000008bfcc9c0}: Found class java.lang.Object, but interface was expected> (0x000000008bfcc9c0) thrown at [src/hotspot/share/interpreter/linkResolver.cpp, line 839]
Event: 2.122 Thread 0x00000205c3e56800 Exception <a 'java/lang/NoSuchMethodError'{0x000000008b724e18}: 'void java.lang.invoke.DirectMethodHandle$Holder.invokeSpecial(java.lang.Object, java.lang.Object, java.lang.Object, java.lang.Object, java.lang.Object)'> (0x000000008b724e18) thrown at [src/hotspot/share/interpreter/linkResolver.cpp, line 773]
Event: 2.144 Thread 0x00000205c3e56800 Exception <a 'java/lang/NoSuchMethodError'{0x000000008b560878}: 'java.lang.Object java.lang.invoke.DirectMethodHandle$Holder.invokeSpecial(java.lang.Object, java.lang.Object, java.lang.Object, java.lang.Object, java.lang.Object, java.lang.Object, java.lang.Object, java.lang.Object, java.lang.Object)'> (0x000000008b560878) thrown at [src/hotspot/share/interpreter/linkResolver.cpp, line 773]
Event: 2.216 Thread 0x00000205c3e56800 Exception <a 'java/lang/NoSuchMethodError'{0x000000008aba3158}: 'java.lang.Object java.lang.invoke.DirectMethodHandle$Holder.invokeVirtual(java.lang.Object, java.lang.Object, java.lang.Object, java.lang.Object)'> (0x000000008aba3158) thrown at [src/hotspot/share/interpreter/linkResolver.cpp, line 773]
Event: 2.300 Thread 0x00000205c3e56800 Exception <a 'java/lang/NoSuchMethodError'{0x000000008a4402b0}: 'void java.lang.invoke.DirectMethodHandle$Holder.invokeSpecial(java.lang.Object, java.lang.Object, java.lang.Object, java.lang.Object, java.lang.Object, java.lang.Object)'> (0x000000008a4402b0) thrown at [src/hotspot/share/interpreter/linkResolver.cpp, line 773]
Event: 2.303 Thread 0x00000205c3e56800 Exception <a 'java/lang/NoSuchMethodError'{0x000000008a46e9a8}: 'java.lang.Object java.lang.invoke.DirectMethodHandle$Holder.invokeSpecial(java.lang.Object, java.lang.Object, java.lang.Object, java.lang.Object, java.lang.Object, java.lang.Object, java.lang.Object, java.lang.Object, int, int)'> (0x000000008a46e9a8) thrown at [src/hotspot/share/interpreter/linkResolver.cpp, line 773]
Event: 2.304 Thread 0x00000205c3e56800 Exception <a 'java/lang/NoSuchMethodError'{0x000000008a48b320}: 'java.lang.Object java.lang.invoke.Invokers$Holder.linkToTargetMethod(java.lang.Object, java.lang.Object, java.lang.Object, java.lang.Object, java.lang.Object, java.lang.Object, java.lang.Object)'> (0x000000008a48b320) thrown at [src/hotspot/share/interpreter/linkResolver.cpp, line 773]
Event: 2.322 Thread 0x00000205c3e56800 Exception <a 'java/lang/NoSuchMethodError'{0x000000008a39dda8}: 'void java.lang.invoke.DirectMethodHandle$Holder.invokeSpecial(java.lang.Object, java.lang.Object, java.lang.Object, java.lang.Object, java.lang.Object, java.lang.Object, java.lang.Object)'> (0x000000008a39dda8) thrown at [src/hotspot/share/interpreter/linkResolver.cpp, line 773]
Event: 2.327 Thread 0x00000205c3e56800 Exception <a 'java/lang/NoSuchMethodError'{0x000000008a3e1070}: 'java.lang.Object java.lang.invoke.DirectMethodHandle$Holder.invokeStatic(java.lang.Object, java.lang.Object, java.lang.Object, int, java.lang.Object, java.lang.Object)'> (0x000000008a3e1070) thrown at [src/hotspot/share/interpreter/linkResolver.cpp, line 773]
Event: 2.327 Thread 0x00000205c3e56800 Exception <a 'java/lang/NoSuchMethodError'{0x000000008a3e8780}: 'java.lang.Object java.lang.invoke.Invokers$Holder.linkToTargetMethod(java.lang.Object, java.lang.Object, int, java.lang.Object, java.lang.Object, java.lang.Object)'> (0x000000008a3e8780) thrown at [src/hotspot/share/interpreter/linkResolver.cpp, line 773]
Event: 2.350 Thread 0x00000205c3e56800 Exception <a 'java/lang/NoSuchMethodError'{0x000000008a1c1c10}: 'java.lang.Object java.lang.invoke.DirectMethodHandle$Holder.invokeVirtual(java.lang.Object, java.lang.Object, java.lang.Object, java.lang.Object, java.lang.Object, java.lang.Object, java.lang.Object, java.lang.Object, java.lang.Object, java.lang.Object, java.lang.Object, java.lang.Object, java.lang.Object, java.lang.Object, java.lang.Object, java.lang.Object, java.lang.Object, java.lang.Object, java.lang.Object, java.lang.Object, java.lang.Ob
Event: 2.401 Thread 0x00000205c3e56800 Exception <a 'java/lang/NoSuchMethodError'{0x00000000898091b8}: 'int java.lang.invoke.DirectMethodHandle$Holder.invokeStaticInit(java.lang.Object, java.lang.Object, java.lang.Object)'> (0x00000000898091b8) thrown at [src/hotspot/share/interpreter/linkResolver.cpp, line 773]
Event: 2.474 Thread 0x00000205c3e56800 Exception <a 'java/lang/NoSuchMethodError'{0x00000000894bd230}: 'void java.lang.invoke.DirectMethodHandle$Holder.invokeStaticInit(java.lang.Object, java.lang.Object)'> (0x00000000894bd230) thrown at [src/hotspot/share/interpreter/linkResolver.cpp, line 773]

Events (20 events):
Event: 2.490 loading class org/objectweb/asm/MethodVisitor
Event: 2.490 loading class org/objectweb/asm/MethodVisitor done
Event: 2.491 loading class org/gradle/internal/instantiation/generator/AsmBackedClassGenerator$ClassBuilderImpl
Event: 2.491 loading class org/gradle/internal/instantiation/generator/AsmBackedClassGenerator$ClassBuilderImpl done
Event: 2.491 loading class org/gradle/internal/instantiation/generator/AsmBackedClassGenerator$ClassBuilderImpl$36
Event: 2.491 loading class org/gradle/internal/instantiation/generator/AsmBackedClassGenerator$ClassBuilderImpl$36 done
Event: 2.495 loading class org/objectweb/asm/Type
Event: 2.495 loading class org/objectweb/asm/Type done
Event: 2.495 loading class org/gradle/internal/instantiation/generator/AsmBackedClassGenerator$ClassBuilderImpl
Event: 2.495 loading class org/gradle/internal/instantiation/generator/AsmBackedClassGenerator$ClassBuilderImpl done
Event: 2.495 loading class org/gradle/internal/instantiation/generator/AsmBackedClassGenerator$ClassBuilderImpl$39
Event: 2.495 loading class org/gradle/internal/instantiation/generator/AsmBackedClassGenerator$ClassBuilderImpl$39 done
Event: 2.499 loading class org/gradle/plugin/management/internal/DefaultPluginResolutionStrategy$1
Event: 2.499 loading class org/gradle/plugin/management/internal/DefaultPluginResolutionStrategy$1 done
Event: 2.500 loading class org/gradle/configuration/project/DefaultCompileOperationFactory
Event: 2.500 loading class org/gradle/configuration/project/DefaultCompileOperationFactory done
Event: 2.501 loading class org/gradle/groovy/scripts/internal/StatementTransformer
Event: 2.501 loading class org/gradle/groovy/scripts/internal/StatementTransformer done
Event: 2.501 loading class org/gradle/groovy/scripts/Transformer
Event: 2.501 loading class org/gradle/groovy/scripts/Transformer done


Dynamic libraries:
0x00007ff79b780000 - 0x00007ff79b78a000 	C:\Program Files\Android\Android Studio\jbr\bin\java.exe
0x00007ff902310000 - 0x00007ff902508000 	C:\Windows\SYSTEM32\ntdll.dll
0x00007ff900ec0000 - 0x00007ff900f7f000 	C:\Windows\System32\KERNEL32.DLL
0x00007ff8fff20000 - 0x00007ff9001f2000 	C:\Windows\System32\KERNELBASE.dll
0x00007ff8ffc20000 - 0x00007ff8ffd20000 	C:\Windows\System32\ucrtbase.dll
0x00007ff8e57f0000 - 0x00007ff8e5807000 	C:\Program Files\Android\Android Studio\jbr\bin\jli.dll
0x00007ff8dfcb0000 - 0x00007ff8dfccb000 	C:\Program Files\Android\Android Studio\jbr\bin\VCRUNTIME140.dll
0x00007ff900f80000 - 0x00007ff901121000 	C:\Windows\System32\USER32.dll
0x00007ff8ffa00000 - 0x00007ff8ffa22000 	C:\Windows\System32\win32u.dll
0x00007ff8fed90000 - 0x00007ff8ff02a000 	C:\Windows\WinSxS\amd64_microsoft.windows.common-controls_6595b64144ccf1df_6.0.19041.1110_none_60b5254171f9507e\COMCTL32.dll
0x00007ff900b80000 - 0x00007ff900bab000 	C:\Windows\System32\GDI32.dll
0x00007ff901770000 - 0x00007ff90180e000 	C:\Windows\System32\msvcrt.dll
0x00007ff8ffa30000 - 0x00007ff8ffb3f000 	C:\Windows\System32\gdi32full.dll
0x00007ff8ffd20000 - 0x00007ff8ffdbd000 	C:\Windows\System32\msvcp_win.dll
0x00007ff901730000 - 0x00007ff901762000 	C:\Windows\System32\IMM32.DLL
0x00007ff8dfc20000 - 0x00007ff8dfcad000 	C:\Program Files\Android\Android Studio\jbr\bin\msvcp140.dll
0x00007ff8ec080000 - 0x00007ff8ec08c000 	C:\Windows\SYSTEM32\VCRUNTIME140_1.dll
0x00007ff89fa90000 - 0x00007ff8a064c000 	C:\Program Files\Android\Android Studio\jbr\bin\server\jvm.dll
0x00007ff900ca0000 - 0x00007ff900d4e000 	C:\Windows\System32\ADVAPI32.dll
0x00007ff9012c0000 - 0x00007ff90135c000 	C:\Windows\System32\sechost.dll
0x00007ff901130000 - 0x00007ff901255000 	C:\Windows\System32\RPCRT4.dll
0x00007ff900d50000 - 0x00007ff900d58000 	C:\Windows\System32\PSAPI.DLL
0x00007ff8f49e0000 - 0x00007ff8f4a07000 	C:\Windows\SYSTEM32\WINMM.dll
0x00007ff8edad0000 - 0x00007ff8edad9000 	C:\Windows\SYSTEM32\WSOCK32.dll
0x00007ff8f8ae0000 - 0x00007ff8f8aea000 	C:\Windows\SYSTEM32\VERSION.dll
0x00007ff9014f0000 - 0x00007ff90155b000 	C:\Windows\System32\WS2_32.dll
0x00007ff8fcae0000 - 0x00007ff8fcaf2000 	C:\Windows\SYSTEM32\kernel.appcore.dll
0x00007ff8ea7f0000 - 0x00007ff8ea800000 	C:\Program Files\Android\Android Studio\jbr\bin\verify.dll
0x00007ff8ff1f0000 - 0x00007ff8ff3d4000 	C:\Windows\SYSTEM32\DBGHELP.DLL
0x00007ff8ff1b0000 - 0x00007ff8ff1e5000 	C:\Windows\SYSTEM32\dbgcore.DLL
0x00007ff8ffb90000 - 0x00007ff8ffc12000 	C:\Windows\System32\bcryptPrimitives.dll
0x00007ff8d9740000 - 0x00007ff8d9768000 	C:\Program Files\Android\Android Studio\jbr\bin\java.dll
0x00007ff8ea1f0000 - 0x00007ff8ea1fa000 	C:\Program Files\Android\Android Studio\jbr\bin\jimage.dll
0x00007ff8da130000 - 0x00007ff8da148000 	C:\Program Files\Android\Android Studio\jbr\bin\zip.dll
0x00007ff900350000 - 0x00007ff900a94000 	C:\Windows\System32\SHELL32.dll
0x00007ff8fd470000 - 0x00007ff8fdc02000 	C:\Windows\SYSTEM32\windows.storage.dll
0x00007ff901dc0000 - 0x00007ff902115000 	C:\Windows\System32\combase.dll
0x00007ff8fecf0000 - 0x00007ff8fed20000 	C:\Windows\SYSTEM32\Wldp.dll
0x00007ff901680000 - 0x00007ff90172d000 	C:\Windows\System32\SHCORE.dll
0x00007ff901d60000 - 0x00007ff901db5000 	C:\Windows\System32\shlwapi.dll
0x00007ff8ff940000 - 0x00007ff8ff95f000 	C:\Windows\SYSTEM32\profapi.dll
0x00007ff8d9220000 - 0x00007ff8d9239000 	C:\Program Files\Android\Android Studio\jbr\bin\net.dll
0x00007ff8f8420000 - 0x00007ff8f852c000 	C:\Windows\SYSTEM32\WINHTTP.dll
0x00007ff8febc0000 - 0x00007ff8fec2a000 	C:\Windows\system32\mswsock.dll
0x00007ff8d8c50000 - 0x00007ff8d8c63000 	C:\Program Files\Android\Android Studio\jbr\bin\nio.dll
0x00007ff8fd2c0000 - 0x00007ff8fd2e7000 	C:\Users\Administrator\.gradle\native\e1d6ef7f7dcc3fd88c89a11ec53ec762bb8ba0a96d01ffa2cd45eb1d1d8dd5c5\windows-amd64\native-platform.dll
0x00007ff8ed980000 - 0x00007ff8edac4000 	C:\Users\Administrator\.gradle\native\0d407fdbe67a94daf76414ababcb853783967236a71b16ec16e742cd7a986fd3\windows-amd64\native-platform-file-events.dll
0x00007ff8f6cd0000 - 0x00007ff8f6cda000 	C:\Program Files\Android\Android Studio\jbr\bin\management.dll
0x00007ff8f6c80000 - 0x00007ff8f6c8b000 	C:\Program Files\Android\Android Studio\jbr\bin\management_ext.dll
0x00007ff8ff720000 - 0x00007ff8ff738000 	C:\Windows\SYSTEM32\CRYPTSP.dll
0x00007ff8fe3d0000 - 0x00007ff8fe404000 	C:\Windows\system32\rsaenh.dll
0x00007ff900200000 - 0x00007ff900227000 	C:\Windows\System32\bcrypt.dll
0x00007ff8ff8c0000 - 0x00007ff8ff8ee000 	C:\Windows\SYSTEM32\USERENV.dll
0x00007ff8fecb0000 - 0x00007ff8fecbc000 	C:\Windows\SYSTEM32\CRYPTBASE.dll
0x00007ff8fe740000 - 0x00007ff8fe77b000 	C:\Windows\SYSTEM32\IPHLPAPI.DLL
0x00007ff9018e0000 - 0x00007ff9018e8000 	C:\Windows\System32\NSI.dll
0x00007ff8f8d70000 - 0x00007ff8f8d87000 	C:\Windows\SYSTEM32\dhcpcsvc6.DLL
0x00007ff8f8d50000 - 0x00007ff8f8d6d000 	C:\Windows\SYSTEM32\dhcpcsvc.DLL
0x00007ff8fe780000 - 0x00007ff8fe84a000 	C:\Windows\SYSTEM32\DNSAPI.dll

dbghelp: loaded successfully - version: 4.0.5 - missing functions: none
symbol engine: initialized successfully - sym options: 0x614 - pdb path: .;C:\Program Files\Android\Android Studio\jbr\bin;C:\Windows\SYSTEM32;C:\Windows\WinSxS\amd64_microsoft.windows.common-controls_6595b64144ccf1df_6.0.19041.1110_none_60b5254171f9507e;C:\Program Files\Android\Android Studio\jbr\bin\server;C:\Users\Administrator\.gradle\native\e1d6ef7f7dcc3fd88c89a11ec53ec762bb8ba0a96d01ffa2cd45eb1d1d8dd5c5\windows-amd64;C:\Users\Administrator\.gradle\native\0d407fdbe67a94daf76414ababcb853783967236a71b16ec16e742cd7a986fd3\windows-amd64

VM Arguments:
jvm_args: --add-opens=java.base/java.util=ALL-UNNAMED --add-opens=java.base/java.lang=ALL-UNNAMED --add-opens=java.base/java.lang.invoke=ALL-UNNAMED --add-opens=java.base/java.util=ALL-UNNAMED --add-opens=java.prefs/java.util.prefs=ALL-UNNAMED --add-opens=java.prefs/java.util.prefs=ALL-UNNAMED --add-opens=java.base/java.nio.charset=ALL-UNNAMED --add-opens=java.base/java.net=ALL-UNNAMED --add-opens=java.base/java.util.concurrent.atomic=ALL-UNNAMED -Xmx2048m -Dfile.encoding=UTF-8 -Duser.country=US -Duser.language=en -Duser.variant 
java_command: org.gradle.launcher.daemon.bootstrap.GradleDaemon 7.5
java_class_path (initial): C:\Users\Administrator\.gradle\wrapper\dists\gradle-7.5-bin\f1w0cc9nuo0eivz97x2xlu9sv\gradle-7.5\lib\gradle-launcher-7.5.jar
Launcher Type: SUN_STANDARD

[Global flags]
     intx CICompilerCount                          = 3                                         {product} {ergonomic}
     uint ConcGCThreads                            = 1                                         {product} {ergonomic}
     uint G1ConcRefinementThreads                  = 4                                         {product} {ergonomic}
   size_t G1HeapRegionSize                         = 1048576                                   {product} {ergonomic}
    uintx GCDrainStackTargetSize                   = 64                                        {product} {ergonomic}
   size_t InitialHeapSize                          = 201326592                                 {product} {ergonomic}
   size_t MarkStackSize                            = 4194304                                   {product} {ergonomic}
   size_t MaxHeapSize                              = 2147483648                                {product} {command line}
   size_t MaxNewSize                               = 1287651328                                {product} {ergonomic}
   size_t MinHeapDeltaBytes                        = 1048576                                   {product} {ergonomic}
    uintx NonNMethodCodeHeapSize                   = 5830732                                {pd product} {ergonomic}
    uintx NonProfiledCodeHeapSize                  = 122913754                              {pd product} {ergonomic}
    uintx ProfiledCodeHeapSize                     = 122913754                              {pd product} {ergonomic}
    uintx ReservedCodeCacheSize                    = 251658240                              {pd product} {ergonomic}
     bool SegmentedCodeCache                       = true                                      {product} {ergonomic}
     bool UseCompressedClassPointers               = true                                 {lp64_product} {ergonomic}
     bool UseCompressedOops                        = true                                 {lp64_product} {ergonomic}
     bool UseG1GC                                  = true                                      {product} {ergonomic}
     bool UseLargePagesIndividualAllocation        = false                                  {pd product} {ergonomic}

Logging:
Log output configuration:
 #0: stdout all=warning uptime,level,tags
 #1: stderr all=off uptime,level,tags

Environment Variables:
PATH=C:\Program Files\Common Files\Oracle\Java\javapath;C:\Windows\system32;C:\Windows;C:\Windows\System32\Wbem;C:\Windows\System32\WindowsPowerShell\v1.0\;C:\Windows\System32\OpenSSH\;C:\Program Files\nodejs\;C:\Program Files (x86)\dotnet\;C:\Program Files\Git\cmd;C:\Users\Administrator\AppData\Local\Microsoft\WindowsApps;D:\Microsoft VS Code\bin;C:\Program Files\Java\jdk-19\bin;;C:\Program Files\JetBrains\IntelliJ IDEA Community Edition 2022.3.1\bin;;C:\Users\Administrator\AppData\Roaming\npm
USERNAME=Administrator
OS=Windows_NT
PROCESSOR_IDENTIFIER=Intel64 Family 6 Model 158 Stepping 9, GenuineIntel



---------------  S Y S T E M  ---------------

OS: Windows 10 , 64 bit Build 19041 (10.0.19041.2364)
OS uptime: 0 days 1:22 hours

CPU:total 4 (initial active 4) (2 cores per cpu, 2 threads per core) family 6 model 158 stepping 9 microcode 0xb4, cmov, cx8, fxsr, mmx, sse, sse2, sse3, ssse3, sse4.1, sse4.2, popcnt, avx, avx2, aes, clmul, erms, 3dnowpref, lzcnt, ht, tsc, tscinvbit, bmi1, bmi2, adx, fma

Memory: 4k page, system-wide physical 12246M (2928M free)
TotalPageFile size 17622M (AvailPageFile size 5263M)
current process WorkingSet (physical memory assigned to process): 241M, peak: 246M
current process commit charge ("private bytes"): 340M, peak: 345M

vm_info: OpenJDK 64-Bit Server VM (11.0.15+0-b2043.56-8887301) for windows-amd64 JRE (11.0.15+0-b2043.56-8887301), built on Jul 29 2022 23:19:47 by "builduser" with unknown MS VC++:1929

END.
