#
# A fatal error has been detected by the Java Runtime Environment:
#
#  EXCEPTION_ACCESS_VIOLATION (0xc0000005) at pc=0x00007ff933f2e624, pid=9528, tid=10380
#
# JRE version: OpenJDK Runtime Environment (11.0.15) (build 11.0.15+0-b2043.56-8887301)
# Java VM: OpenJDK 64-Bit Server VM (11.0.15+0-b2043.56-8887301, mixed mode, tiered, compressed oops, g1 gc, windows-amd64)
# Problematic frame:
# V  [jvm.dll+0x25e624]
#
# No core dump will be written. Minidumps are not enabled by default on client versions of Windows
#
# If you would like to submit a bug report, please visit:
#   https://bugreport.java.com/bugreport/crash.jsp
#

---------------  S U M M A R Y ------------

Command Line: --add-opens=java.base/java.util=ALL-UNNAMED --add-opens=java.base/java.lang=ALL-UNNAMED --add-opens=java.base/java.lang.invoke=ALL-UNNAMED --add-opens=java.base/java.util=ALL-UNNAMED --add-opens=java.prefs/java.util.prefs=ALL-UNNAMED --add-opens=java.prefs/java.util.prefs=ALL-UNNAMED --add-opens=java.base/java.nio.charset=ALL-UNNAMED --add-opens=java.base/java.net=ALL-UNNAMED --add-opens=java.base/java.util.concurrent.atomic=ALL-UNNAMED -Xmx2048m -Dfile.encoding=UTF-8 -Duser.country=US -Duser.language=en -Duser.variant org.gradle.launcher.daemon.bootstrap.GradleDaemon 7.5

Host: Intel(R) Core(TM) i3-7100 CPU @ 3.90GHz, 4 cores, 11G,  Windows 10 , 64 bit Build 19041 (10.0.19041.2364)
Time: Tue Feb 14 09:14:43 2023 Bangladesh Standard Time elapsed time: 25.307403 seconds (0d 0h 0m 25s)

---------------  T H R E A D  ---------------

Current thread (0x000002033105b800):  JavaThread "C2 CompilerThread1" daemon [_thread_in_native, id=10380, stack(0x0000005f32e00000,0x0000005f32f00000)]


Current CompileTask:
C2:  25307 9839       4       com.esotericsoftware.kryo.io.Output::writeInt (81 bytes)

Stack: [0x0000005f32e00000,0x0000005f32f00000],  sp=0x0000005f32efb520,  free space=1005k
Native frames: (J=compiled Java code, j=interpreted, Vv=VM code, C=native code)
V  [jvm.dll+0x25e624]
V  [jvm.dll+0x66eb39]
V  [jvm.dll+0x670826]
V  [jvm.dll+0x66f369]
V  [jvm.dll+0x54d4d9]
V  [jvm.dll+0x220c9d]
V  [jvm.dll+0x223024]
V  [jvm.dll+0x220384]
V  [jvm.dll+0x19e851]
V  [jvm.dll+0x230479]
V  [jvm.dll+0x22e5ef]
V  [jvm.dll+0x794de1]
V  [jvm.dll+0x78dc24]
V  [jvm.dll+0x6400f6]
C  [ucrtbase.dll+0x21bb2]
C  [KERNEL32.DLL+0x17614]
C  [ntdll.dll+0x526a1]


siginfo: EXCEPTION_ACCESS_VIOLATION (0xc0000005), reading address 0x00007f79346154b8


Register to memory mapping:

RIP=0x00007ff933f2e624 jvm.dll
RAX=0x00007f7934615468 is an unknown value
RBX=0x000002032cf7b170 points into unknown readable memory: 0x00007ff9345996c0 | c0 96 59 34 f9 7f 00 00
RCX=0x00000203356efd68 points into unknown readable memory: 0x00007f7934615468 | 68 54 61 34 79 7f 00 00
RDX=0x0000020331310180 points into unknown readable memory: 0x00007ff934598978 | 78 89 59 34 f9 7f 00 00
RSP=0x0000005f32efb520 is pointing into the stack for thread: 0x000002033105b800
RBP=0x00000203307dc920 points into unknown readable memory: 0x00007ff934598a38 | 38 8a 59 34 f9 7f 00 00
RSI=0x0000005f32efbc00 is pointing into the stack for thread: 0x000002033105b800
RDI=0x0000005f32efc588 is pointing into the stack for thread: 0x000002033105b800
R8 =0x0000005f32efc5f8 is pointing into the stack for thread: 0x000002033105b800
R9 =0x000000000000001a is an unknown value
R10=0x00000000000007ff is an unknown value
R11=0x000002032f2001e0 points into unknown readable memory: 0x000002032cf7b170 | 70 b1 f7 2c 03 02 00 00
R12=0x0 is NULL
R13=0x0 is NULL
R14=0x00000000000000b0 is an unknown value
R15=0x0000000000000080 is an unknown value


Registers:
RAX=0x00007f7934615468, RBX=0x000002032cf7b170, RCX=0x00000203356efd68, RDX=0x0000020331310180
RSP=0x0000005f32efb520, RBP=0x00000203307dc920, RSI=0x0000005f32efbc00, RDI=0x0000005f32efc588
R8 =0x0000005f32efc5f8, R9 =0x000000000000001a, R10=0x00000000000007ff, R11=0x000002032f2001e0
R12=0x0000000000000000, R13=0x0000000000000000, R14=0x00000000000000b0, R15=0x0000000000000080
RIP=0x00007ff933f2e624, EFLAGS=0x0000000000010202

Top of Stack: (sp=0x0000005f32efb520)
0x0000005f32efb520:   0000020330b4d910 00007ff93433ed1d
0x0000005f32efb530:   0000000000000004 000000000000006b
0x0000005f32efb540:   0000020331310180 00007ff93433eb39
0x0000005f32efb550:   000000000000007f 00000000000000a8
0x0000005f32efb560:   0000000000000000 0000000000000000
0x0000005f32efb570:   0000005f32efbc00 00007ff934340826
0x0000005f32efb580:   0000020331310180 000000000000006b
0x0000005f32efb590:   00000203307dc9a8 0000005f32efbc00
0x0000005f32efb5a0:   0000005f32efbc00 00007ff93433f369
0x0000005f32efb5b0:   0000005f32efe7a0 00000203307dc920
0x0000005f32efb5c0:   0000020331310180 0000005f32efbc00
0x0000005f32efb5d0:   0000000000000001 0000005f32efd9c8
0x0000005f32efb5e0:   000002032e9e5a30 00007ff93421d4d9
0x0000005f32efb5f0:   000002032e9e5a30 0000005f32efb6f0
0x0000005f32efb600:   0000005f32efd040 0000000000000000
0x0000005f32efb610:   0000020335364f01 0000000000000008 

Instructions: (pc=0x00007ff933f2e624)
0x00007ff933f2e524:   a8 2f 3b 00 83 25 01 73 88 00 fe 48 85 db 74 08
0x00007ff933f2e534:   48 8b cb e8 94 29 3b 00 85 ed 74 0b e8 4b c7 3d
0x00007ff933f2e544:   00 66 0f 2f c6 73 6a 48 8b 1d 86 be 89 00 48 85
0x00007ff933f2e554:   db 74 19 48 8b cb e8 21 2c 3b 00 48 8b 44 24 70
0x00007ff933f2e564:   48 8b cb 8b 38 e8 62 29 3b 00 eb 03 41 8b 3e 44
0x00007ff933f2e574:   3b ef 75 3d 83 c6 01 75 19 48 83 3d 73 e0 87 00
0x00007ff933f2e584:   00 74 0f 41 8b d4 48 8d 0d 87 0e 67 00 e8 7a 40
0x00007ff933f2e594:   e6 ff 41 0f b6 87 30 03 00 00 84 c0 0f 84 10 ff
0x00007ff933f2e5a4:   ff ff eb 0d 48 85 db 74 08 48 8b cb e8 1b 29 3b
0x00007ff933f2e5b4:   00 4c 8b 64 24 78 0f 28 74 24 30 4c 8d 5c 24 40
0x00007ff933f2e5c4:   49 8b 5b 40 49 8b 6b 48 0f 28 7c 24 20 49 8b e3
0x00007ff933f2e5d4:   41 5f 41 5e 41 5d 5f 5e c3 cc cc cc 40 53 48 83
0x00007ff933f2e5e4:   ec 20 48 8b d9 e8 e2 4c f4 ff 48 8d 05 63 0e 67
0x00007ff933f2e5f4:   00 48 89 03 48 8b c3 48 83 c4 20 5b c3 cc cc cc
0x00007ff933f2e604:   cc cc cc cc cc cc cc cc cc cc cc cc 40 53 48 83
0x00007ff933f2e614:   ec 20 48 8b 41 08 48 8b 49 38 48 8b 18 48 8b 01
0x00007ff933f2e624:   ff 50 50 03 c3 48 83 c4 20 5b c3 cc 48 89 5c 24
0x00007ff933f2e634:   08 57 48 83 ec 20 48 63 41 10 48 8b d9 48 c1 e0
0x00007ff933f2e644:   05 48 8d 0d b4 19 da ff 8b 84 08 24 b3 a9 00 83
0x00007ff933f2e654:   c0 fa 83 f8 0c 0f 87 cc 01 00 00 48 98 8b 94 81
0x00007ff933f2e664:   50 e8 25 00 48 03 d1 ff e2 b9 40 00 00 00 e8 59
0x00007ff933f2e674:   dc da ff 48 8b f8 48 85 c0 74 23 48 8b d3 48 8b
0x00007ff933f2e684:   c8 e8 46 4c f4 ff 48 8d 05 e7 a2 66 00 48 89 07
0x00007ff933f2e694:   48 8b c7 48 8b 5c 24 30 48 83 c4 20 5f c3 33 c0
0x00007ff933f2e6a4:   8b f8 48 8b 5c 24 30 48 83 c4 20 5f c3 b9 40 00
0x00007ff933f2e6b4:   00 00 e8 15 dc da ff 48 8b f8 48 85 c0 74 df 48
0x00007ff933f2e6c4:   8b d3 48 8b c8 e8 02 4c f4 ff 48 8d 05 63 a3 66
0x00007ff933f2e6d4:   00 48 89 07 48 8b c7 48 8b 5c 24 30 48 83 c4 20
0x00007ff933f2e6e4:   5f c3 b9 40 00 00 00 e8 e0 db da ff 48 8b f8 48
0x00007ff933f2e6f4:   85 c0 74 aa 48 8b d3 48 8b c8 e8 cd 4b f4 ff 48
0x00007ff933f2e704:   8d 05 8e 0f 67 00 48 89 07 48 8b c7 48 8b 5c 24
0x00007ff933f2e714:   30 48 83 c4 20 5f c3 b9 40 00 00 00 e8 ab db da 


Stack slot to memory mapping:
stack at sp + 0 slots: 0x0000020330b4d910 points into unknown readable memory: 0x00007ff934598978 | 78 89 59 34 f9 7f 00 00
stack at sp + 1 slots: 0x00007ff93433ed1d jvm.dll
stack at sp + 2 slots: 0x0000000000000004 is an unknown value
stack at sp + 3 slots: 0x000000000000006b is an unknown value
stack at sp + 4 slots: 0x0000020331310180 points into unknown readable memory: 0x00007ff934598978 | 78 89 59 34 f9 7f 00 00
stack at sp + 5 slots: 0x00007ff93433eb39 jvm.dll
stack at sp + 6 slots: 0x000000000000007f is an unknown value
stack at sp + 7 slots: 0x00000000000000a8 is an unknown value


---------------  P R O C E S S  ---------------

Threads class SMR info:
_java_thread_list=0x000002032c3bd870, length=87, elements={
0x0000020310f60800, 0x000002032abb4800, 0x000002032aba2800, 0x000002032b412800,
0x000002032b418800, 0x000002032b419800, 0x000002032b41d000, 0x000002032abb8000,
0x000002032abbb800, 0x000002032b586000, 0x000002032f012800, 0x000002032d961000,
0x000002032c2a7800, 0x000002032beb8800, 0x000002032c8ff000, 0x000002032ba89000,
0x000002032beb9800, 0x000002032d90c800, 0x000002032d68e000, 0x000002032ce9e800,
0x000002032ce94000, 0x000002032ce90000, 0x000002032ce91800, 0x000002032ce92800,
0x000002032ce91000, 0x000002032ce8f000, 0x000002032ce93000, 0x000002032ce8e800,
0x000002032ce95000, 0x000002032e6eb800, 0x000002032e6ed800, 0x000002032e6ec800,
0x000002032e6ea000, 0x000002032e6f2000, 0x000002032e6f3000, 0x000002032e6f0800,
0x000002032e6f0000, 0x000002032e6f4000, 0x000002032e6f1800, 0x000002032e6ee000,
0x000002032e6f4800, 0x000002032e6ef000, 0x000002032e6f5800, 0x000002032e6f6800,
0x000002032e6f7000, 0x000002032e6f8000, 0x000002032e6f9000, 0x0000020330986000,
0x0000020330982000, 0x0000020330987000, 0x0000020330987800, 0x0000020330984800,
0x0000020330985000, 0x0000020330988800, 0x0000020330983000, 0x0000020330989800,
0x0000020330983800, 0x000002033098f000, 0x0000020330990000, 0x000002033098d800,
0x000002033098a000, 0x000002033098c800, 0x000002033098e000, 0x0000020330990800,
0x000002033098b800, 0x000002033098b000, 0x000002032d6d9800, 0x000002032d6db800,
0x000002032d6d8000, 0x000002032d6d7800, 0x000002032d6de000, 0x000002032d6da800,
0x000002032d6dd000, 0x000002032d6dc000, 0x000002032d6de800, 0x000002032d6d9000,
0x000002032d6e2800, 0x000002032d6e3800, 0x000002032d6e1000, 0x000002033105b800,
0x000002032d6e5000, 0x000002032d6df800, 0x000002032d6e6000, 0x000002032d6e0800,
0x000002032d6e2000, 0x00000203307b6800, 0x00000203307b7800
}

Java Threads: ( => current thread )
  0x0000020310f60800 JavaThread "main" [_thread_blocked, id=10604, stack(0x0000005f2d600000,0x0000005f2d700000)]
  0x000002032abb4800 JavaThread "Reference Handler" daemon [_thread_blocked, id=10984, stack(0x0000005f2dd00000,0x0000005f2de00000)]
  0x000002032aba2800 JavaThread "Finalizer" daemon [_thread_blocked, id=2764, stack(0x0000005f2de00000,0x0000005f2df00000)]
  0x000002032b412800 JavaThread "Signal Dispatcher" daemon [_thread_blocked, id=8420, stack(0x0000005f2df00000,0x0000005f2e000000)]
  0x000002032b418800 JavaThread "Attach Listener" daemon [_thread_blocked, id=9964, stack(0x0000005f2e000000,0x0000005f2e100000)]
  0x000002032b419800 JavaThread "Service Thread" daemon [_thread_blocked, id=11108, stack(0x0000005f2e100000,0x0000005f2e200000)]
  0x000002032b41d000 JavaThread "C2 CompilerThread0" daemon [_thread_in_native, id=6008, stack(0x0000005f2e200000,0x0000005f2e300000)]
  0x000002032abb8000 JavaThread "C1 CompilerThread0" daemon [_thread_in_native, id=5532, stack(0x0000005f2e300000,0x0000005f2e400000)]
  0x000002032abbb800 JavaThread "Sweeper thread" daemon [_thread_blocked, id=10616, stack(0x0000005f2e400000,0x0000005f2e500000)]
  0x000002032b586000 JavaThread "Common-Cleaner" daemon [_thread_blocked, id=10316, stack(0x0000005f2e500000,0x0000005f2e600000)]
  0x000002032f012800 JavaThread "Daemon health stats" [_thread_blocked, id=10844, stack(0x0000005f2eb00000,0x0000005f2ec00000)]
  0x000002032d961000 JavaThread "Incoming local TCP Connector on port 65015" [_thread_in_native, id=1768, stack(0x0000005f2ec00000,0x0000005f2ed00000)]
  0x000002032c2a7800 JavaThread "Daemon periodic checks" [_thread_blocked, id=1876, stack(0x0000005f2ed00000,0x0000005f2ee00000)]
  0x000002032beb8800 JavaThread "Daemon" [_thread_blocked, id=7060, stack(0x0000005f2ee00000,0x0000005f2ef00000)]
  0x000002032c8ff000 JavaThread "Handler for socket connection from /127.0.0.1:65015 to /127.0.0.1:65016" [_thread_in_native, id=4800, stack(0x0000005f2ef00000,0x0000005f2f000000)]
  0x000002032ba89000 JavaThread "Cancel handler" [_thread_blocked, id=8152, stack(0x0000005f2e700000,0x0000005f2e800000)]
  0x000002032beb9800 JavaThread "Daemon worker" [_thread_blocked, id=3580, stack(0x0000005f2f000000,0x0000005f2f100000)]
  0x000002032d90c800 JavaThread "Asynchronous log dispatcher for DefaultDaemonConnection: socket connection from /127.0.0.1:65015 to /127.0.0.1:65016" [_thread_blocked, id=2304, stack(0x0000005f2f100000,0x0000005f2f200000)]
  0x000002032d68e000 JavaThread "Stdin handler" [_thread_blocked, id=3608, stack(0x0000005f2f200000,0x0000005f2f300000)]
  0x000002032ce9e800 JavaThread "Daemon client event forwarder" [_thread_blocked, id=2024, stack(0x0000005f2f300000,0x0000005f2f400000)]
  0x000002032ce94000 JavaThread "Cache worker for journal cache (C:\Users\Administrator\.gradle\caches\journal-1)" [_thread_blocked, id=7216, stack(0x0000005f2f400000,0x0000005f2f500000)]
  0x000002032ce90000 JavaThread "File lock request listener" [_thread_in_native, id=9620, stack(0x0000005f2f500000,0x0000005f2f600000)]
  0x000002032ce91800 JavaThread "Cache worker for file hash cache (C:\Users\Administrator\.gradle\caches\7.5\fileHashes)" [_thread_blocked, id=2704, stack(0x0000005f2f600000,0x0000005f2f700000)]
  0x000002032ce92800 JavaThread "File watcher server" daemon [_thread_in_native, id=10300, stack(0x0000005f2f800000,0x0000005f2f900000)]
  0x000002032ce91000 JavaThread "File watcher consumer" daemon [_thread_blocked, id=9364, stack(0x0000005f2f900000,0x0000005f2fa00000)]
  0x000002032ce8f000 JavaThread "Cache worker for checksums cache (P:\SocialMedia\.gradle\7.5\checksums)" [_thread_blocked, id=3496, stack(0x0000005f2f700000,0x0000005f2f800000)]
  0x000002032ce93000 JavaThread "Cache worker for cache directory md-rule (C:\Users\Administrator\.gradle\caches\7.5\md-rule)" [_thread_blocked, id=11044, stack(0x0000005f2fa00000,0x0000005f2fb00000)]
  0x000002032ce8e800 JavaThread "Cache worker for file content cache (C:\Users\Administrator\.gradle\caches\7.5\fileContent)" [_thread_blocked, id=2000, stack(0x0000005f2fb00000,0x0000005f2fc00000)]
  0x000002032ce95000 JavaThread "Cache worker for file hash cache (P:\SocialMedia\.gradle\7.5\fileHashes)" [_thread_blocked, id=10524, stack(0x0000005f2fc00000,0x0000005f2fd00000)]
  0x000002032e6eb800 JavaThread "Cache worker for cache directory md-supplier (C:\Users\Administrator\.gradle\caches\7.5\md-supplier)" [_thread_blocked, id=10776, stack(0x0000005f2fd00000,0x0000005f2fe00000)]
  0x000002032e6ed800 JavaThread "Cache worker for execution history cache (C:\Users\Administrator\.gradle\caches\7.5\executionHistory)" [_thread_blocked, id=2488, stack(0x0000005f2fe00000,0x0000005f2ff00000)]
  0x000002032e6ec800 JavaThread "jar transforms" [_thread_blocked, id=2496, stack(0x0000005f2ff00000,0x0000005f30000000)]
  0x000002032e6ea000 JavaThread "jar transforms Thread 2" [_thread_blocked, id=5216, stack(0x0000005f30100000,0x0000005f30200000)]
  0x000002032e6f2000 JavaThread "jar transforms Thread 3" [_thread_blocked, id=3208, stack(0x0000005f30200000,0x0000005f30300000)]
  0x000002032e6f3000 JavaThread "jar transforms Thread 4" [_thread_blocked, id=6672, stack(0x0000005f30300000,0x0000005f30400000)]
  0x000002032e6f0800 JavaThread "Cache worker for dependencies-accessors (P:\SocialMedia\.gradle\7.5\dependencies-accessors)" [_thread_blocked, id=4888, stack(0x0000005f30400000,0x0000005f30500000)]
  0x000002032e6f0000 JavaThread "Cache worker for Build Output Cleanup Cache (P:\SocialMedia\.gradle\buildOutputCleanup)" [_thread_blocked, id=5612, stack(0x0000005f30500000,0x0000005f30600000)]
  0x000002032e6f4000 JavaThread "Unconstrained build operations" [_thread_blocked, id=5616, stack(0x0000005f30600000,0x0000005f30700000)]
  0x000002032e6f1800 JavaThread "Unconstrained build operations Thread 2" [_thread_blocked, id=7164, stack(0x0000005f30700000,0x0000005f30800000)]
  0x000002032e6ee000 JavaThread "Unconstrained build operations Thread 3" [_thread_blocked, id=10716, stack(0x0000005f30800000,0x0000005f30900000)]
  0x000002032e6f4800 JavaThread "Unconstrained build operations Thread 4" [_thread_blocked, id=4860, stack(0x0000005f30900000,0x0000005f30a00000)]
  0x000002032e6ef000 JavaThread "Unconstrained build operations Thread 5" [_thread_blocked, id=10392, stack(0x0000005f30a00000,0x0000005f30b00000)]
  0x000002032e6f5800 JavaThread "Unconstrained build operations Thread 6" [_thread_blocked, id=3136, stack(0x0000005f30b00000,0x0000005f30c00000)]
  0x000002032e6f6800 JavaThread "Unconstrained build operations Thread 7" [_thread_blocked, id=4420, stack(0x0000005f30c00000,0x0000005f30d00000)]
  0x000002032e6f7000 JavaThread "Unconstrained build operations Thread 8" [_thread_blocked, id=5816, stack(0x0000005f30d00000,0x0000005f30e00000)]
  0x000002032e6f8000 JavaThread "Unconstrained build operations Thread 9" [_thread_blocked, id=9560, stack(0x0000005f30e00000,0x0000005f30f00000)]
  0x000002032e6f9000 JavaThread "Unconstrained build operations Thread 10" [_thread_blocked, id=8416, stack(0x0000005f30f00000,0x0000005f31000000)]
  0x0000020330986000 JavaThread "Unconstrained build operations Thread 11" [_thread_blocked, id=4812, stack(0x0000005f31000000,0x0000005f31100000)]
  0x0000020330982000 JavaThread "Unconstrained build operations Thread 12" [_thread_blocked, id=7520, stack(0x0000005f31100000,0x0000005f31200000)]
  0x0000020330987000 JavaThread "Unconstrained build operations Thread 13" [_thread_blocked, id=5240, stack(0x0000005f31200000,0x0000005f31300000)]
  0x0000020330987800 JavaThread "Unconstrained build operations Thread 14" [_thread_blocked, id=6852, stack(0x0000005f31300000,0x0000005f31400000)]
  0x0000020330984800 JavaThread "Unconstrained build operations Thread 15" [_thread_blocked, id=10336, stack(0x0000005f31400000,0x0000005f31500000)]
  0x0000020330985000 JavaThread "Unconstrained build operations Thread 16" [_thread_blocked, id=7248, stack(0x0000005f31500000,0x0000005f31600000)]
  0x0000020330988800 JavaThread "Unconstrained build operations Thread 17" [_thread_blocked, id=10820, stack(0x0000005f31600000,0x0000005f31700000)]
  0x0000020330983000 JavaThread "Unconstrained build operations Thread 18" [_thread_blocked, id=9580, stack(0x0000005f31700000,0x0000005f31800000)]
  0x0000020330989800 JavaThread "Unconstrained build operations Thread 19" [_thread_blocked, id=1964, stack(0x0000005f31800000,0x0000005f31900000)]
  0x0000020330983800 JavaThread "Unconstrained build operations Thread 20" [_thread_blocked, id=2116, stack(0x0000005f31900000,0x0000005f31a00000)]
  0x000002033098f000 JavaThread "Unconstrained build operations Thread 21" [_thread_blocked, id=3420, stack(0x0000005f31a00000,0x0000005f31b00000)]
  0x0000020330990000 JavaThread "Unconstrained build operations Thread 22" [_thread_blocked, id=10248, stack(0x0000005f31b00000,0x0000005f31c00000)]
  0x000002033098d800 JavaThread "Unconstrained build operations Thread 23" [_thread_blocked, id=4304, stack(0x0000005f31c00000,0x0000005f31d00000)]
  0x000002033098a000 JavaThread "Unconstrained build operations Thread 24" [_thread_blocked, id=10256, stack(0x0000005f31d00000,0x0000005f31e00000)]
  0x000002033098c800 JavaThread "Unconstrained build operations Thread 25" [_thread_blocked, id=10260, stack(0x0000005f31e00000,0x0000005f31f00000)]
  0x000002033098e000 JavaThread "Unconstrained build operations Thread 26" [_thread_blocked, id=5524, stack(0x0000005f31f00000,0x0000005f32000000)]
  0x0000020330990800 JavaThread "Unconstrained build operations Thread 27" [_thread_blocked, id=6400, stack(0x0000005f32000000,0x0000005f32100000)]
  0x000002033098b800 JavaThread "Unconstrained build operations Thread 28" [_thread_blocked, id=10612, stack(0x0000005f32100000,0x0000005f32200000)]
  0x000002033098b000 JavaThread "Unconstrained build operations Thread 29" [_thread_blocked, id=9360, stack(0x0000005f32200000,0x0000005f32300000)]
  0x000002032d6d9800 JavaThread "Unconstrained build operations Thread 30" [_thread_blocked, id=8332, stack(0x0000005f32300000,0x0000005f32400000)]
  0x000002032d6db800 JavaThread "Unconstrained build operations Thread 31" [_thread_blocked, id=9168, stack(0x0000005f32400000,0x0000005f32500000)]
  0x000002032d6d8000 JavaThread "Unconstrained build operations Thread 32" [_thread_blocked, id=11136, stack(0x0000005f32500000,0x0000005f32600000)]
  0x000002032d6d7800 JavaThread "Unconstrained build operations Thread 33" [_thread_blocked, id=8380, stack(0x0000005f32600000,0x0000005f32700000)]
  0x000002032d6de000 JavaThread "Unconstrained build operations Thread 34" [_thread_blocked, id=9944, stack(0x0000005f32700000,0x0000005f32800000)]
  0x000002032d6da800 JavaThread "Unconstrained build operations Thread 35" [_thread_blocked, id=5860, stack(0x0000005f32800000,0x0000005f32900000)]
  0x000002032d6dd000 JavaThread "Unconstrained build operations Thread 36" [_thread_blocked, id=5836, stack(0x0000005f32900000,0x0000005f32a00000)]
  0x000002032d6dc000 JavaThread "Unconstrained build operations Thread 37" [_thread_blocked, id=2420, stack(0x0000005f32a00000,0x0000005f32b00000)]
  0x000002032d6de800 JavaThread "Unconstrained build operations Thread 38" [_thread_blocked, id=5344, stack(0x0000005f32b00000,0x0000005f32c00000)]
  0x000002032d6d9000 JavaThread "Unconstrained build operations Thread 39" [_thread_blocked, id=5916, stack(0x0000005f32c00000,0x0000005f32d00000)]
  0x000002032d6e2800 JavaThread "Unconstrained build operations Thread 40" [_thread_blocked, id=8612, stack(0x0000005f32d00000,0x0000005f32e00000)]
  0x000002032d6e3800 JavaThread "build event listener" [_thread_blocked, id=4960, stack(0x0000005f30000000,0x0000005f30100000)]
  0x000002032d6e1000 JavaThread "Memory manager" [_thread_blocked, id=9724, stack(0x0000005f32f00000,0x0000005f33000000)]
=>0x000002033105b800 JavaThread "C2 CompilerThread1" daemon [_thread_in_native, id=10380, stack(0x0000005f32e00000,0x0000005f32f00000)]
  0x000002032d6e5000 JavaThread "pool-3-thread-1" [_thread_blocked, id=1920, stack(0x0000005f33000000,0x0000005f33100000)]
  0x000002032d6df800 JavaThread "build event listener" [_thread_blocked, id=188, stack(0x0000005f33100000,0x0000005f33200000)]
  0x000002032d6e6000 JavaThread "included builds" [_thread_blocked, id=3748, stack(0x0000005f33200000,0x0000005f33300000)]
  0x000002032d6e0800 JavaThread "Execution worker" [_thread_in_Java, id=1096, stack(0x0000005f33300000,0x0000005f33400000)]
  0x000002032d6e2000 JavaThread "Execution worker Thread 2" [_thread_blocked, id=11120, stack(0x0000005f33400000,0x0000005f33500000)]
  0x00000203307b6800 JavaThread "Execution worker Thread 3" [_thread_blocked, id=4276, stack(0x0000005f33500000,0x0000005f33600000)]
  0x00000203307b7800 JavaThread "Cache worker for execution history cache (P:\SocialMedia\.gradle\7.5\executionHistory)" [_thread_blocked, id=10636, stack(0x0000005f33600000,0x0000005f33700000)]

Other Threads:
  0x000002032b3c4000 VMThread "VM Thread" [stack: 0x0000005f2dc00000,0x0000005f2dd00000] [id=1624]
  0x000002032b58c800 WatcherThread [stack: 0x0000005f2e600000,0x0000005f2e700000] [id=10700]
  0x0000020310f7c000 GCTaskThread "GC Thread#0" [stack: 0x0000005f2d700000,0x0000005f2d800000] [id=1848]
  0x000002032bba0000 GCTaskThread "GC Thread#1" [stack: 0x0000005f2e800000,0x0000005f2e900000] [id=11164]
  0x000002032bba1000 GCTaskThread "GC Thread#2" [stack: 0x0000005f2e900000,0x0000005f2ea00000] [id=11232]
  0x000002032bfaa800 GCTaskThread "GC Thread#3" [stack: 0x0000005f2ea00000,0x0000005f2eb00000] [id=2700]
  0x0000020310fab800 ConcurrentGCThread "G1 Main Marker" [stack: 0x0000005f2d800000,0x0000005f2d900000] [id=2132]
  0x0000020310fad000 ConcurrentGCThread "G1 Conc#0" [stack: 0x0000005f2d900000,0x0000005f2da00000] [id=10804]
  0x000002031103d800 ConcurrentGCThread "G1 Refine#0" [stack: 0x0000005f2da00000,0x0000005f2db00000] [id=7860]
  0x000002032a9f6800 ConcurrentGCThread "G1 Young RemSet Sampling" [stack: 0x0000005f2db00000,0x0000005f2dc00000] [id=11160]

Threads with active compile tasks:
C2 CompilerThread0    25343 9895   !   4       org.gradle.internal.serialize.kryo.StringDeduplicatingKryoBackedDecoder::readNullableString (110 bytes)
C2 CompilerThread1    25343 9839       4       com.esotericsoftware.kryo.io.Output::writeInt (81 bytes)

VM state:not at safepoint (normal execution)

VM Mutex/Monitor currently owned by a thread: None

Heap address: 0x0000000080000000, size: 2048 MB, Compressed Oops mode: 32-bit
Narrow klass base: 0x0000000000000000, Narrow klass shift: 3
Compressed class space size: 1073741824 Address: 0x0000000100000000

Heap:
 garbage-first heap   total 196608K, used 112551K [0x0000000080000000, 0x0000000100000000)
  region size 1024K, 31 young (31744K), 10 survivors (10240K)
 Metaspace       used 95121K, capacity 97617K, committed 97844K, reserved 1134592K
  class space    used 12302K, capacity 13228K, committed 13312K, reserved 1048576K
Heap Regions: E=young(eden), S=young(survivor), O=old, HS=humongous(starts), HC=humongous(continues), CS=collection set, F=free, A=archive, TAMS=top-at-mark-start (previous, next)
|   0|0x0000000080000000, 0x0000000080100000, 0x0000000080100000|100%|HS|  |TAMS 0x0000000080100000, 0x0000000080000000| Complete 
|   1|0x0000000080100000, 0x0000000080200000, 0x0000000080200000|100%|HC|  |TAMS 0x0000000080200000, 0x0000000080100000| Complete 
|   2|0x0000000080200000, 0x0000000080300000, 0x0000000080300000|100%|HC|  |TAMS 0x0000000080300000, 0x0000000080200000| Complete 
|   3|0x0000000080300000, 0x0000000080400000, 0x0000000080400000|100%| O|  |TAMS 0x0000000080400000, 0x0000000080300000| Untracked 
|   4|0x0000000080400000, 0x0000000080500000, 0x0000000080500000|100%| O|  |TAMS 0x0000000080500000, 0x0000000080400000| Untracked 
|   5|0x0000000080500000, 0x0000000080600000, 0x0000000080600000|100%| O|  |TAMS 0x0000000080600000, 0x0000000080500000| Untracked 
|   6|0x0000000080600000, 0x0000000080700000, 0x0000000080700000|100%| O|  |TAMS 0x0000000080700000, 0x0000000080600000| Untracked 
|   7|0x0000000080700000, 0x0000000080800000, 0x0000000080800000|100%| O|  |TAMS 0x0000000080800000, 0x0000000080700000| Untracked 
|   8|0x0000000080800000, 0x0000000080900000, 0x0000000080900000|100%| O|  |TAMS 0x0000000080900000, 0x0000000080800000| Untracked 
|   9|0x0000000080900000, 0x0000000080a00000, 0x0000000080a00000|100%| O|  |TAMS 0x0000000080a00000, 0x0000000080900000| Untracked 
|  10|0x0000000080a00000, 0x0000000080b00000, 0x0000000080b00000|100%| O|  |TAMS 0x0000000080b00000, 0x0000000080a00000| Untracked 
|  11|0x0000000080b00000, 0x0000000080c00000, 0x0000000080c00000|100%| O|  |TAMS 0x0000000080c00000, 0x0000000080b00000| Untracked 
|  12|0x0000000080c00000, 0x0000000080d00000, 0x0000000080d00000|100%| O|  |TAMS 0x0000000080d00000, 0x0000000080c00000| Untracked 
|  13|0x0000000080d00000, 0x0000000080e00000, 0x0000000080e00000|100%| O|  |TAMS 0x0000000080e00000, 0x0000000080d00000| Untracked 
|  14|0x0000000080e00000, 0x0000000080f00000, 0x0000000080f00000|100%| O|  |TAMS 0x0000000080f00000, 0x0000000080e00000| Untracked 
|  15|0x0000000080f00000, 0x0000000081000000, 0x0000000081000000|100%| O|  |TAMS 0x0000000081000000, 0x0000000080f00000| Untracked 
|  16|0x0000000081000000, 0x0000000081100000, 0x0000000081100000|100%| O|  |TAMS 0x0000000081100000, 0x0000000081000000| Untracked 
|  17|0x0000000081100000, 0x0000000081200000, 0x0000000081200000|100%|HS|  |TAMS 0x0000000081200000, 0x0000000081100000| Complete 
|  18|0x0000000081200000, 0x0000000081300000, 0x0000000081300000|100%| O|  |TAMS 0x0000000081300000, 0x0000000081200000| Untracked 
|  19|0x0000000081300000, 0x0000000081400000, 0x0000000081400000|100%| O|  |TAMS 0x0000000081400000, 0x0000000081300000| Untracked 
|  20|0x0000000081400000, 0x0000000081500000, 0x0000000081500000|100%| O|  |TAMS 0x0000000081500000, 0x0000000081400000| Untracked 
|  21|0x0000000081500000, 0x0000000081600000, 0x0000000081600000|100%| O|  |TAMS 0x0000000081600000, 0x0000000081500000| Untracked 
|  22|0x0000000081600000, 0x0000000081700000, 0x0000000081700000|100%| O|  |TAMS 0x0000000081700000, 0x0000000081600000| Untracked 
|  23|0x0000000081700000, 0x0000000081800000, 0x0000000081800000|100%| O|  |TAMS 0x0000000081800000, 0x0000000081700000| Untracked 
|  24|0x0000000081800000, 0x0000000081900000, 0x0000000081900000|100%|HS|  |TAMS 0x0000000081900000, 0x0000000081800000| Complete 
|  25|0x0000000081900000, 0x0000000081a00000, 0x0000000081a00000|100%|HC|  |TAMS 0x0000000081a00000, 0x0000000081900000| Complete 
|  26|0x0000000081a00000, 0x0000000081b00000, 0x0000000081b00000|100%|HS|  |TAMS 0x0000000081b00000, 0x0000000081a00000| Complete 
|  27|0x0000000081b00000, 0x0000000081c00000, 0x0000000081c00000|100%|HS|  |TAMS 0x0000000081c00000, 0x0000000081b00000| Complete 
|  28|0x0000000081c00000, 0x0000000081d00000, 0x0000000081d00000|100%|HC|  |TAMS 0x0000000081d00000, 0x0000000081c00000| Complete 
|  29|0x0000000081d00000, 0x0000000081e00000, 0x0000000081e00000|100%|HC|  |TAMS 0x0000000081e00000, 0x0000000081d00000| Complete 
|  30|0x0000000081e00000, 0x0000000081f00000, 0x0000000081f00000|100%|HC|  |TAMS 0x0000000081f00000, 0x0000000081e00000| Complete 
|  31|0x0000000081f00000, 0x0000000082000000, 0x0000000082000000|100%| O|  |TAMS 0x0000000082000000, 0x0000000081f00000| Untracked 
|  32|0x0000000082000000, 0x0000000082100000, 0x0000000082100000|100%| O|  |TAMS 0x0000000082100000, 0x0000000082000000| Untracked 
|  33|0x0000000082100000, 0x0000000082200000, 0x0000000082200000|100%| O|  |TAMS 0x0000000082200000, 0x0000000082100000| Untracked 
|  34|0x0000000082200000, 0x0000000082300000, 0x0000000082300000|100%| O|  |TAMS 0x0000000082300000, 0x0000000082200000| Untracked 
|  35|0x0000000082300000, 0x0000000082400000, 0x0000000082400000|100%| O|  |TAMS 0x0000000082400000, 0x0000000082300000| Untracked 
|  36|0x0000000082400000, 0x0000000082500000, 0x0000000082500000|100%| O|  |TAMS 0x0000000082500000, 0x0000000082400000| Untracked 
|  37|0x0000000082500000, 0x0000000082600000, 0x0000000082600000|100%| O|  |TAMS 0x0000000082600000, 0x0000000082500000| Untracked 
|  38|0x0000000082600000, 0x0000000082700000, 0x0000000082700000|100%| O|  |TAMS 0x0000000082700000, 0x0000000082600000| Untracked 
|  39|0x0000000082700000, 0x0000000082800000, 0x0000000082800000|100%| O|  |TAMS 0x0000000082800000, 0x0000000082700000| Untracked 
|  40|0x0000000082800000, 0x0000000082900000, 0x0000000082900000|100%| O|  |TAMS 0x0000000082900000, 0x0000000082800000| Untracked 
|  41|0x0000000082900000, 0x0000000082a00000, 0x0000000082a00000|100%| O|  |TAMS 0x0000000082a00000, 0x0000000082900000| Untracked 
|  42|0x0000000082a00000, 0x0000000082b00000, 0x0000000082b00000|100%| O|  |TAMS 0x0000000082b00000, 0x0000000082a00000| Untracked 
|  43|0x0000000082b00000, 0x0000000082c00000, 0x0000000082c00000|100%| O|  |TAMS 0x0000000082c00000, 0x0000000082b00000| Untracked 
|  44|0x0000000082c00000, 0x0000000082d00000, 0x0000000082d00000|100%| O|  |TAMS 0x0000000082d00000, 0x0000000082c00000| Untracked 
|  45|0x0000000082d00000, 0x0000000082e00000, 0x0000000082e00000|100%| O|  |TAMS 0x0000000082e00000, 0x0000000082d00000| Untracked 
|  46|0x0000000082e00000, 0x0000000082f00000, 0x0000000082f00000|100%| O|  |TAMS 0x0000000082f00000, 0x0000000082e00000| Untracked 
|  47|0x0000000082f00000, 0x0000000083000000, 0x0000000083000000|100%| O|  |TAMS 0x0000000083000000, 0x0000000082f00000| Untracked 
|  48|0x0000000083000000, 0x0000000083100000, 0x0000000083100000|100%| O|  |TAMS 0x0000000083100000, 0x0000000083000000| Untracked 
|  49|0x0000000083100000, 0x0000000083200000, 0x0000000083200000|100%| O|  |TAMS 0x0000000083200000, 0x0000000083100000| Untracked 
|  50|0x0000000083200000, 0x0000000083300000, 0x0000000083300000|100%| O|  |TAMS 0x0000000083300000, 0x0000000083200000| Untracked 
|  51|0x0000000083300000, 0x0000000083400000, 0x0000000083400000|100%| O|  |TAMS 0x00000000833a1000, 0x0000000083300000| Untracked 
|  52|0x0000000083400000, 0x0000000083500000, 0x0000000083500000|100%| O|  |TAMS 0x0000000083400000, 0x0000000083400000| Untracked 
|  53|0x0000000083500000, 0x0000000083600000, 0x0000000083600000|100%| O|  |TAMS 0x0000000083500000, 0x0000000083500000| Untracked 
|  54|0x0000000083600000, 0x0000000083700000, 0x0000000083700000|100%| O|  |TAMS 0x0000000083600000, 0x0000000083600000| Untracked 
|  55|0x0000000083700000, 0x0000000083800000, 0x0000000083800000|100%| O|  |TAMS 0x0000000083700000, 0x0000000083700000| Untracked 
|  56|0x0000000083800000, 0x0000000083900000, 0x0000000083900000|100%| O|  |TAMS 0x0000000083800000, 0x0000000083800000| Untracked 
|  57|0x0000000083900000, 0x0000000083a00000, 0x0000000083a00000|100%| O|  |TAMS 0x0000000083900000, 0x0000000083900000| Untracked 
|  58|0x0000000083a00000, 0x0000000083b00000, 0x0000000083b00000|100%| O|  |TAMS 0x0000000083a00000, 0x0000000083a00000| Untracked 
|  59|0x0000000083b00000, 0x0000000083c00000, 0x0000000083c00000|100%| O|  |TAMS 0x0000000083b00000, 0x0000000083b00000| Untracked 
|  60|0x0000000083c00000, 0x0000000083d00000, 0x0000000083d00000|100%| O|  |TAMS 0x0000000083c00000, 0x0000000083c00000| Untracked 
|  61|0x0000000083d00000, 0x0000000083e00000, 0x0000000083e00000|100%| O|  |TAMS 0x0000000083d00000, 0x0000000083d00000| Untracked 
|  62|0x0000000083e00000, 0x0000000083f00000, 0x0000000083f00000|100%| O|  |TAMS 0x0000000083e00000, 0x0000000083e00000| Untracked 
|  63|0x0000000083f00000, 0x0000000084000000, 0x0000000084000000|100%| O|  |TAMS 0x0000000083f00000, 0x0000000083f00000| Untracked 
|  64|0x0000000084000000, 0x0000000084100000, 0x0000000084100000|100%| O|  |TAMS 0x0000000084000000, 0x0000000084000000| Untracked 
|  65|0x0000000084100000, 0x0000000084200000, 0x0000000084200000|100%| O|  |TAMS 0x0000000084100000, 0x0000000084100000| Untracked 
|  66|0x0000000084200000, 0x0000000084300000, 0x0000000084300000|100%| O|  |TAMS 0x0000000084200000, 0x0000000084200000| Untracked 
|  67|0x0000000084300000, 0x0000000084400000, 0x0000000084400000|100%| O|  |TAMS 0x0000000084300000, 0x0000000084300000| Untracked 
|  68|0x0000000084400000, 0x0000000084500000, 0x0000000084500000|100%| O|  |TAMS 0x0000000084400000, 0x0000000084400000| Untracked 
|  69|0x0000000084500000, 0x0000000084600000, 0x0000000084600000|100%| O|  |TAMS 0x0000000084500000, 0x0000000084500000| Untracked 
|  70|0x0000000084600000, 0x0000000084700000, 0x0000000084700000|100%| O|  |TAMS 0x0000000084600000, 0x0000000084600000| Untracked 
|  71|0x0000000084700000, 0x0000000084800000, 0x0000000084800000|100%| O|  |TAMS 0x0000000084700000, 0x0000000084700000| Untracked 
|  72|0x0000000084800000, 0x0000000084900000, 0x0000000084900000|100%| O|  |TAMS 0x0000000084800000, 0x0000000084800000| Untracked 
|  73|0x0000000084900000, 0x0000000084a00000, 0x0000000084a00000|100%| O|  |TAMS 0x0000000084900000, 0x0000000084900000| Untracked 
|  74|0x0000000084a00000, 0x0000000084b00000, 0x0000000084b00000|100%| O|  |TAMS 0x0000000084a00000, 0x0000000084a00000| Untracked 
|  75|0x0000000084b00000, 0x0000000084c00000, 0x0000000084c00000|100%| O|  |TAMS 0x0000000084b00000, 0x0000000084b00000| Untracked 
|  76|0x0000000084c00000, 0x0000000084d00000, 0x0000000084d00000|100%| O|  |TAMS 0x0000000084c00000, 0x0000000084c00000| Untracked 
|  77|0x0000000084d00000, 0x0000000084e00000, 0x0000000084e00000|100%| O|  |TAMS 0x0000000084d00000, 0x0000000084d00000| Untracked 
|  78|0x0000000084e00000, 0x0000000084f00000, 0x0000000084f00000|100%| O|  |TAMS 0x0000000084e00000, 0x0000000084e00000| Untracked 
|  79|0x0000000084f00000, 0x0000000085000000, 0x0000000085000000|100%| O|  |TAMS 0x0000000084f00000, 0x0000000084f00000| Untracked 
|  80|0x0000000085000000, 0x00000000850e9e00, 0x0000000085100000| 91%| O|  |TAMS 0x0000000085000000, 0x0000000085000000| Untracked 
|  81|0x0000000085100000, 0x0000000085100000, 0x0000000085200000|  0%| F|  |TAMS 0x0000000085100000, 0x0000000085100000| Untracked 
|  82|0x0000000085200000, 0x0000000085200000, 0x0000000085300000|  0%| F|  |TAMS 0x0000000085200000, 0x0000000085200000| Untracked 
|  83|0x0000000085300000, 0x0000000085300000, 0x0000000085400000|  0%| F|  |TAMS 0x0000000085300000, 0x0000000085300000| Untracked 
|  84|0x0000000085400000, 0x0000000085400000, 0x0000000085500000|  0%| F|  |TAMS 0x0000000085400000, 0x0000000085400000| Untracked 
|  85|0x0000000085500000, 0x0000000085500000, 0x0000000085600000|  0%| F|  |TAMS 0x0000000085500000, 0x0000000085500000| Untracked 
|  86|0x0000000085600000, 0x0000000085600000, 0x0000000085700000|  0%| F|  |TAMS 0x0000000085600000, 0x0000000085600000| Untracked 
|  87|0x0000000085700000, 0x0000000085700000, 0x0000000085800000|  0%| F|  |TAMS 0x0000000085700000, 0x0000000085700000| Untracked 
|  88|0x0000000085800000, 0x0000000085800000, 0x0000000085900000|  0%| F|  |TAMS 0x0000000085800000, 0x0000000085800000| Untracked 
|  89|0x0000000085900000, 0x0000000085900000, 0x0000000085a00000|  0%| F|  |TAMS 0x0000000085900000, 0x0000000085900000| Untracked 
|  90|0x0000000085a00000, 0x0000000085a00000, 0x0000000085b00000|  0%| F|  |TAMS 0x0000000085a00000, 0x0000000085a00000| Untracked 
|  91|0x0000000085b00000, 0x0000000085b00000, 0x0000000085c00000|  0%| F|  |TAMS 0x0000000085b00000, 0x0000000085b00000| Untracked 
|  92|0x0000000085c00000, 0x0000000085c00000, 0x0000000085d00000|  0%| F|  |TAMS 0x0000000085c00000, 0x0000000085c00000| Untracked 
|  93|0x0000000085d00000, 0x0000000085d00000, 0x0000000085e00000|  0%| F|  |TAMS 0x0000000085d00000, 0x0000000085d00000| Untracked 
|  94|0x0000000085e00000, 0x0000000085e00000, 0x0000000085f00000|  0%| F|  |TAMS 0x0000000085e00000, 0x0000000085e00000| Untracked 
|  95|0x0000000085f00000, 0x0000000085f00000, 0x0000000086000000|  0%| F|  |TAMS 0x0000000085f00000, 0x0000000085f00000| Untracked 
|  96|0x0000000086000000, 0x0000000086000000, 0x0000000086100000|  0%| F|  |TAMS 0x0000000086000000, 0x0000000086000000| Untracked 
|  97|0x0000000086100000, 0x0000000086100000, 0x0000000086200000|  0%| F|  |TAMS 0x0000000086100000, 0x0000000086100000| Untracked 
|  98|0x0000000086200000, 0x0000000086200000, 0x0000000086300000|  0%| F|  |TAMS 0x0000000086200000, 0x0000000086200000| Untracked 
|  99|0x0000000086300000, 0x0000000086300000, 0x0000000086400000|  0%| F|  |TAMS 0x0000000086300000, 0x0000000086300000| Untracked 
| 100|0x0000000086400000, 0x0000000086400000, 0x0000000086500000|  0%| F|  |TAMS 0x0000000086400000, 0x0000000086400000| Untracked 
| 101|0x0000000086500000, 0x0000000086500000, 0x0000000086600000|  0%| F|  |TAMS 0x0000000086500000, 0x0000000086500000| Untracked 
| 102|0x0000000086600000, 0x0000000086600000, 0x0000000086700000|  0%| F|  |TAMS 0x0000000086600000, 0x0000000086600000| Untracked 
| 103|0x0000000086700000, 0x0000000086700000, 0x0000000086800000|  0%| F|  |TAMS 0x0000000086700000, 0x0000000086700000| Untracked 
| 104|0x0000000086800000, 0x0000000086800000, 0x0000000086900000|  0%| F|  |TAMS 0x0000000086800000, 0x0000000086800000| Untracked 
| 105|0x0000000086900000, 0x0000000086900000, 0x0000000086a00000|  0%| F|  |TAMS 0x0000000086900000, 0x0000000086900000| Untracked 
| 106|0x0000000086a00000, 0x0000000086a00000, 0x0000000086b00000|  0%| F|  |TAMS 0x0000000086a00000, 0x0000000086a00000| Untracked 
| 107|0x0000000086b00000, 0x0000000086b00000, 0x0000000086c00000|  0%| F|  |TAMS 0x0000000086b00000, 0x0000000086b00000| Untracked 
| 108|0x0000000086c00000, 0x0000000086c00000, 0x0000000086d00000|  0%| F|  |TAMS 0x0000000086c00000, 0x0000000086c00000| Untracked 
| 109|0x0000000086d00000, 0x0000000086e00000, 0x0000000086e00000|100%| S|CS|TAMS 0x0000000086d00000, 0x0000000086d00000| Complete 
| 110|0x0000000086e00000, 0x0000000086e00000, 0x0000000086f00000|  0%| F|  |TAMS 0x0000000086e00000, 0x0000000086e00000| Untracked 
| 111|0x0000000086f00000, 0x0000000086f00000, 0x0000000087000000|  0%| F|  |TAMS 0x0000000086f00000, 0x0000000086f00000| Untracked 
| 112|0x0000000087000000, 0x0000000087100000, 0x0000000087100000|100%| S|CS|TAMS 0x0000000087000000, 0x0000000087000000| Complete 
| 113|0x0000000087100000, 0x0000000087200000, 0x0000000087200000|100%| S|CS|TAMS 0x0000000087100000, 0x0000000087100000| Complete 
| 114|0x0000000087200000, 0x0000000087300000, 0x0000000087300000|100%| S|CS|TAMS 0x0000000087200000, 0x0000000087200000| Complete 
| 115|0x0000000087300000, 0x0000000087400000, 0x0000000087400000|100%| S|CS|TAMS 0x0000000087300000, 0x0000000087300000| Complete 
| 116|0x0000000087400000, 0x0000000087500000, 0x0000000087500000|100%| S|CS|TAMS 0x0000000087400000, 0x0000000087400000| Complete 
| 117|0x0000000087500000, 0x0000000087500000, 0x0000000087600000|  0%| F|  |TAMS 0x0000000087500000, 0x0000000087500000| Untracked 
| 118|0x0000000087600000, 0x0000000087600000, 0x0000000087700000|  0%| F|  |TAMS 0x0000000087600000, 0x0000000087600000| Untracked 
| 119|0x0000000087700000, 0x0000000087700000, 0x0000000087800000|  0%| F|  |TAMS 0x0000000087700000, 0x0000000087700000| Untracked 
| 120|0x0000000087800000, 0x0000000087800000, 0x0000000087900000|  0%| F|  |TAMS 0x0000000087800000, 0x0000000087800000| Untracked 
| 121|0x0000000087900000, 0x0000000087a00000, 0x0000000087a00000|100%| S|CS|TAMS 0x0000000087900000, 0x0000000087900000| Complete 
| 122|0x0000000087a00000, 0x0000000087b00000, 0x0000000087b00000|100%| S|CS|TAMS 0x0000000087a00000, 0x0000000087a00000| Complete 
| 123|0x0000000087b00000, 0x0000000087c00000, 0x0000000087c00000|100%| S|CS|TAMS 0x0000000087b00000, 0x0000000087b00000| Complete 
| 124|0x0000000087c00000, 0x0000000087d00000, 0x0000000087d00000|100%| S|CS|TAMS 0x0000000087c00000, 0x0000000087c00000| Complete 
| 125|0x0000000087d00000, 0x0000000087d00000, 0x0000000087e00000|  0%| F|  |TAMS 0x0000000087d00000, 0x0000000087d00000| Untracked 
| 126|0x0000000087e00000, 0x0000000087e00000, 0x0000000087f00000|  0%| F|  |TAMS 0x0000000087e00000, 0x0000000087e00000| Untracked 
| 127|0x0000000087f00000, 0x0000000087f00000, 0x0000000088000000|  0%| F|  |TAMS 0x0000000087f00000, 0x0000000087f00000| Untracked 
| 128|0x0000000088000000, 0x0000000088000000, 0x0000000088100000|  0%| F|  |TAMS 0x0000000088000000, 0x0000000088000000| Untracked 
| 129|0x0000000088100000, 0x0000000088100000, 0x0000000088200000|  0%| F|  |TAMS 0x0000000088100000, 0x0000000088100000| Untracked 
| 130|0x0000000088200000, 0x0000000088200000, 0x0000000088300000|  0%| F|  |TAMS 0x0000000088200000, 0x0000000088200000| Untracked 
| 131|0x0000000088300000, 0x0000000088300000, 0x0000000088400000|  0%| F|  |TAMS 0x0000000088300000, 0x0000000088300000| Untracked 
| 132|0x0000000088400000, 0x0000000088400000, 0x0000000088500000|  0%| F|  |TAMS 0x0000000088400000, 0x0000000088400000| Untracked 
| 133|0x0000000088500000, 0x0000000088500000, 0x0000000088600000|  0%| F|  |TAMS 0x0000000088500000, 0x0000000088500000| Untracked 
| 134|0x0000000088600000, 0x0000000088600000, 0x0000000088700000|  0%| F|  |TAMS 0x0000000088600000, 0x0000000088600000| Untracked 
| 135|0x0000000088700000, 0x0000000088700000, 0x0000000088800000|  0%| F|  |TAMS 0x0000000088700000, 0x0000000088700000| Untracked 
| 136|0x0000000088800000, 0x0000000088800000, 0x0000000088900000|  0%| F|  |TAMS 0x0000000088800000, 0x0000000088800000| Untracked 
| 137|0x0000000088900000, 0x0000000088900000, 0x0000000088a00000|  0%| F|  |TAMS 0x0000000088900000, 0x0000000088900000| Untracked 
| 138|0x0000000088a00000, 0x0000000088a00000, 0x0000000088b00000|  0%| F|  |TAMS 0x0000000088a00000, 0x0000000088a00000| Untracked 
| 139|0x0000000088b00000, 0x0000000088b00000, 0x0000000088c00000|  0%| F|  |TAMS 0x0000000088b00000, 0x0000000088b00000| Untracked 
| 140|0x0000000088c00000, 0x0000000088c00000, 0x0000000088d00000|  0%| F|  |TAMS 0x0000000088c00000, 0x0000000088c00000| Untracked 
| 141|0x0000000088d00000, 0x0000000088d00000, 0x0000000088e00000|  0%| F|  |TAMS 0x0000000088d00000, 0x0000000088d00000| Untracked 
| 142|0x0000000088e00000, 0x0000000088e00000, 0x0000000088f00000|  0%| F|  |TAMS 0x0000000088e00000, 0x0000000088e00000| Untracked 
| 143|0x0000000088f00000, 0x0000000088f00000, 0x0000000089000000|  0%| F|  |TAMS 0x0000000088f00000, 0x0000000088f00000| Untracked 
| 144|0x0000000089000000, 0x0000000089000000, 0x0000000089100000|  0%| F|  |TAMS 0x0000000089000000, 0x0000000089000000| Untracked 
| 145|0x0000000089100000, 0x0000000089100000, 0x0000000089200000|  0%| F|  |TAMS 0x0000000089100000, 0x0000000089100000| Untracked 
| 146|0x0000000089200000, 0x0000000089200000, 0x0000000089300000|  0%| F|  |TAMS 0x0000000089200000, 0x0000000089200000| Untracked 
| 147|0x0000000089300000, 0x0000000089300000, 0x0000000089400000|  0%| F|  |TAMS 0x0000000089300000, 0x0000000089300000| Untracked 
| 148|0x0000000089400000, 0x0000000089400000, 0x0000000089500000|  0%| F|  |TAMS 0x0000000089400000, 0x0000000089400000| Untracked 
| 149|0x0000000089500000, 0x0000000089500000, 0x0000000089600000|  0%| F|  |TAMS 0x0000000089500000, 0x0000000089500000| Untracked 
| 150|0x0000000089600000, 0x0000000089600000, 0x0000000089700000|  0%| F|  |TAMS 0x0000000089600000, 0x0000000089600000| Untracked 
| 151|0x0000000089700000, 0x0000000089700000, 0x0000000089800000|  0%| F|  |TAMS 0x0000000089700000, 0x0000000089700000| Untracked 
| 152|0x0000000089800000, 0x0000000089800000, 0x0000000089900000|  0%| F|  |TAMS 0x0000000089800000, 0x0000000089800000| Untracked 
| 153|0x0000000089900000, 0x0000000089900000, 0x0000000089a00000|  0%| F|  |TAMS 0x0000000089900000, 0x0000000089900000| Untracked 
| 154|0x0000000089a00000, 0x0000000089a00000, 0x0000000089b00000|  0%| F|  |TAMS 0x0000000089a00000, 0x0000000089a00000| Untracked 
| 155|0x0000000089b00000, 0x0000000089b00000, 0x0000000089c00000|  0%| F|  |TAMS 0x0000000089b00000, 0x0000000089b00000| Untracked 
| 156|0x0000000089c00000, 0x0000000089c00000, 0x0000000089d00000|  0%| F|  |TAMS 0x0000000089c00000, 0x0000000089c00000| Untracked 
| 157|0x0000000089d00000, 0x0000000089d00000, 0x0000000089e00000|  0%| F|  |TAMS 0x0000000089d00000, 0x0000000089d00000| Untracked 
| 158|0x0000000089e00000, 0x0000000089e00000, 0x0000000089f00000|  0%| F|  |TAMS 0x0000000089e00000, 0x0000000089e00000| Untracked 
| 159|0x0000000089f00000, 0x0000000089f00000, 0x000000008a000000|  0%| F|  |TAMS 0x0000000089f00000, 0x0000000089f00000| Untracked 
| 160|0x000000008a000000, 0x000000008a000000, 0x000000008a100000|  0%| F|  |TAMS 0x000000008a000000, 0x000000008a000000| Untracked 
| 161|0x000000008a100000, 0x000000008a100000, 0x000000008a200000|  0%| F|  |TAMS 0x000000008a100000, 0x000000008a100000| Untracked 
| 162|0x000000008a200000, 0x000000008a200000, 0x000000008a300000|  0%| F|  |TAMS 0x000000008a200000, 0x000000008a200000| Untracked 
| 163|0x000000008a300000, 0x000000008a300000, 0x000000008a400000|  0%| F|  |TAMS 0x000000008a300000, 0x000000008a300000| Untracked 
| 164|0x000000008a400000, 0x000000008a400000, 0x000000008a500000|  0%| F|  |TAMS 0x000000008a400000, 0x000000008a400000| Untracked 
| 165|0x000000008a500000, 0x000000008a500000, 0x000000008a600000|  0%| F|  |TAMS 0x000000008a500000, 0x000000008a500000| Untracked 
| 166|0x000000008a600000, 0x000000008a600000, 0x000000008a700000|  0%| F|  |TAMS 0x000000008a600000, 0x000000008a600000| Untracked 
| 167|0x000000008a700000, 0x000000008a700000, 0x000000008a800000|  0%| F|  |TAMS 0x000000008a700000, 0x000000008a700000| Untracked 
| 168|0x000000008a800000, 0x000000008a800000, 0x000000008a900000|  0%| F|  |TAMS 0x000000008a800000, 0x000000008a800000| Untracked 
| 169|0x000000008a900000, 0x000000008a900000, 0x000000008aa00000|  0%| F|  |TAMS 0x000000008a900000, 0x000000008a900000| Untracked 
| 170|0x000000008aa00000, 0x000000008aa00000, 0x000000008ab00000|  0%| F|  |TAMS 0x000000008aa00000, 0x000000008aa00000| Untracked 
| 171|0x000000008ab00000, 0x000000008abe7188, 0x000000008ac00000| 90%| E|  |TAMS 0x000000008ab00000, 0x000000008ab00000| Complete 
| 172|0x000000008ac00000, 0x000000008ad00000, 0x000000008ad00000|100%| E|CS|TAMS 0x000000008ac00000, 0x000000008ac00000| Complete 
| 173|0x000000008ad00000, 0x000000008ae00000, 0x000000008ae00000|100%| E|CS|TAMS 0x000000008ad00000, 0x000000008ad00000| Complete 
| 174|0x000000008ae00000, 0x000000008af00000, 0x000000008af00000|100%| E|CS|TAMS 0x000000008ae00000, 0x000000008ae00000| Complete 
| 175|0x000000008af00000, 0x000000008b000000, 0x000000008b000000|100%| E|CS|TAMS 0x000000008af00000, 0x000000008af00000| Complete 
| 176|0x000000008b000000, 0x000000008b100000, 0x000000008b100000|100%| E|CS|TAMS 0x000000008b000000, 0x000000008b000000| Complete 
| 177|0x000000008b100000, 0x000000008b200000, 0x000000008b200000|100%| E|CS|TAMS 0x000000008b100000, 0x000000008b100000| Complete 
| 178|0x000000008b200000, 0x000000008b300000, 0x000000008b300000|100%| E|CS|TAMS 0x000000008b200000, 0x000000008b200000| Complete 
| 179|0x000000008b300000, 0x000000008b400000, 0x000000008b400000|100%| E|CS|TAMS 0x000000008b300000, 0x000000008b300000| Complete 
| 180|0x000000008b400000, 0x000000008b500000, 0x000000008b500000|100%| E|CS|TAMS 0x000000008b400000, 0x000000008b400000| Complete 
| 181|0x000000008b500000, 0x000000008b600000, 0x000000008b600000|100%| E|  |TAMS 0x000000008b500000, 0x000000008b500000| Complete 
| 182|0x000000008b600000, 0x000000008b700000, 0x000000008b700000|100%| E|CS|TAMS 0x000000008b600000, 0x000000008b600000| Complete 
| 183|0x000000008b700000, 0x000000008b800000, 0x000000008b800000|100%| E|CS|TAMS 0x000000008b700000, 0x000000008b700000| Complete 
| 184|0x000000008b800000, 0x000000008b900000, 0x000000008b900000|100%| E|CS|TAMS 0x000000008b800000, 0x000000008b800000| Complete 
| 185|0x000000008b900000, 0x000000008ba00000, 0x000000008ba00000|100%| E|CS|TAMS 0x000000008b900000, 0x000000008b900000| Complete 
| 186|0x000000008ba00000, 0x000000008bb00000, 0x000000008bb00000|100%| E|CS|TAMS 0x000000008ba00000, 0x000000008ba00000| Complete 
| 187|0x000000008bb00000, 0x000000008bc00000, 0x000000008bc00000|100%| E|CS|TAMS 0x000000008bb00000, 0x000000008bb00000| Complete 
| 188|0x000000008bc00000, 0x000000008bd00000, 0x000000008bd00000|100%| E|CS|TAMS 0x000000008bc00000, 0x000000008bc00000| Complete 
| 189|0x000000008bd00000, 0x000000008be00000, 0x000000008be00000|100%| E|CS|TAMS 0x000000008bd00000, 0x000000008bd00000| Complete 
| 190|0x000000008be00000, 0x000000008bf00000, 0x000000008bf00000|100%| E|CS|TAMS 0x000000008be00000, 0x000000008be00000| Complete 
| 191|0x000000008bf00000, 0x000000008c000000, 0x000000008c000000|100%| E|CS|TAMS 0x000000008bf00000, 0x000000008bf00000| Complete 

Card table byte_map: [0x0000020323e90000,0x0000020324290000] _byte_map_base: 0x0000020323a90000

Marking Bits (Prev, Next): (CMBitMap*) 0x0000020310fa2e98, (CMBitMap*) 0x0000020310fa2ed0
 Prev Bits: [0x0000020324690000, 0x0000020326690000)
 Next Bits: [0x0000020326690000, 0x0000020328690000)

Polling page: 0x000002030ee30000

Metaspace:

Usage:
  Non-class:     82.41 MB capacity,    80.88 MB ( 98%) used,     1.27 MB (  2%) free+waste,   271.44 KB ( <1%) overhead. 
      Class:     12.92 MB capacity,    12.01 MB ( 93%) used,   801.49 KB (  6%) free+waste,   124.31 KB ( <1%) overhead. 
       Both:     95.33 MB capacity,    92.89 MB ( 97%) used,     2.05 MB (  2%) free+waste,   395.75 KB ( <1%) overhead. 

Virtual space:
  Non-class space:       84.00 MB reserved,      82.55 MB ( 98%) committed 
      Class space:        1.00 GB reserved,      13.00 MB (  1%) committed 
             Both:        1.08 GB reserved,      95.55 MB (  9%) committed 

Chunk freelists:
   Non-Class:  15.00 KB
       Class:  0 bytes
        Both:  15.00 KB

MaxMetaspaceSize: 17179869184.00 GB
CompressedClassSpaceSize: 1.00 GB
Initial GC threshold: 20.80 MB
Current GC threshold: 108.21 MB
CDS: off

CodeHeap 'non-profiled nmethods': size=120064Kb used=6837Kb max_used=6837Kb free=113226Kb
 bounds [0x000002031c550000, 0x000002031cc00000, 0x0000020323a90000]
CodeHeap 'profiled nmethods': size=120000Kb used=21750Kb max_used=21750Kb free=98249Kb
 bounds [0x0000020315020000, 0x0000020316560000, 0x000002031c550000]
CodeHeap 'non-nmethods': size=5696Kb used=2389Kb max_used=2454Kb free=3306Kb
 bounds [0x0000020314a90000, 0x0000020314d10000, 0x0000020315020000]
 total_blobs=10813 nmethods=9894 adapters=831
 compilation: enabled
              stopped_count=0, restarted_count=0
 full_count=0

Compilation events (20 events):
Event: 25.299 Thread 0x000002032abb8000 9847       3       com.google.common.math.IntMath::lessThanBranchFree (11 bytes)
Event: 25.299 Thread 0x000002032abb8000 nmethod 9847 0x0000020316529b90 code [0x0000020316529d40, 0x0000020316529e38]
Event: 25.299 Thread 0x000002032b41d000 9849       4       com.google.common.collect.ImmutableList$1::get (9 bytes)
Event: 25.299 Thread 0x000002032abb8000 9850       3       org.gradle.api.internal.artifacts.ivyservice.resolveengine.graph.builder.SelectorState::addReasonsForSelector (329 bytes)
Event: 25.300 Thread 0x000002032b41d000 nmethod 9849 0x000002031cbfa090 code [0x000002031cbfa220, 0x000002031cbfa2b8]
Event: 25.301 Thread 0x000002032abb8000 nmethod 9850 0x0000020316529f10 code [0x000002031652a4a0, 0x000002031652d408]
Event: 25.301 Thread 0x000002032abb8000 9851       3       org.gradle.internal.resolve.result.DefaultBuildableComponentIdResolveResult::getRejectedVersions (8 bytes)
Event: 25.301 Thread 0x000002032b41d000 9854       4       java.util.Arrays$ArrayList::iterator (12 bytes)
Event: 25.302 Thread 0x000002032abb8000 nmethod 9851 0x000002031652e310 code [0x000002031652e4e0, 0x000002031652e7a8]
Event: 25.302 Thread 0x000002032abb8000 9855       3       org.gradle.api.internal.artifacts.ivyservice.resolveengine.result.DependencyResultSerializer::write (116 bytes)
Event: 25.302 Thread 0x000002032abb8000 nmethod 9855 0x000002031652e890 code [0x000002031652eb40, 0x000002031652f6d8]
Event: 25.302 Thread 0x000002032abb8000 9856       3       org.gradle.api.internal.artifacts.ivyservice.resolveengine.graph.builder.EdgeState::getFromVariant (8 bytes)
Event: 25.302 Thread 0x000002032abb8000 nmethod 9856 0x000002031652fa10 code [0x000002031652fbc0, 0x000002031652fd68]
Event: 25.302 Thread 0x000002032abb8000 9857       3       org.gradle.api.internal.artifacts.ivyservice.resolveengine.graph.builder.EdgeState::getSelected (8 bytes)
Event: 25.303 Thread 0x000002032abb8000 nmethod 9857 0x000002031652fe10 code [0x000002031652ffc0, 0x0000020316530178]
Event: 25.303 Thread 0x000002032abb8000 9852       3       org.gradle.api.internal.artifacts.ivyservice.resolveengine.result.ComponentSelectionDescriptorSerializer::write (29 bytes)
Event: 25.303 Thread 0x000002032abb8000 nmethod 9852 0x0000020316530290 code [0x0000020316530480, 0x0000020316530908]
Event: 25.303 Thread 0x000002032abb8000 9853       3       org.gradle.api.internal.artifacts.ivyservice.resolveengine.result.DefaultComponentSelectionDescriptor::getDescription (10 bytes)
Event: 25.303 Thread 0x000002032b41d000 nmethod 9854 0x000002031cbfa390 code [0x000002031cbfa520, 0x000002031cbfa678]
Event: 25.303 Thread 0x000002032abb8000 nmethod 9853 0x0000020316530b10 code [0x0000020316530cc0, 0x0000020316530e88]

GC Heap History (20 events):
Event: 11.115 GC heap before
{Heap before GC invocations=9 (full 0):
 garbage-first heap   total 196608K, used 137700K [0x0000000080000000, 0x0000000100000000)
  region size 1024K, 104 young (106496K), 12 survivors (12288K)
 Metaspace       used 57540K, capacity 59006K, committed 59184K, reserved 1101824K
  class space    used 7188K, capacity 7783K, committed 7808K, reserved 1048576K
}
Event: 11.134 GC heap after
{Heap after GC invocations=10 (full 0):
 garbage-first heap   total 196608K, used 52224K [0x0000000080000000, 0x0000000100000000)
  region size 1024K, 13 young (13312K), 13 survivors (13312K)
 Metaspace       used 57540K, capacity 59006K, committed 59184K, reserved 1101824K
  class space    used 7188K, capacity 7783K, committed 7808K, reserved 1048576K
}
Event: 11.563 GC heap before
{Heap before GC invocations=10 (full 0):
 garbage-first heap   total 196608K, used 62464K [0x0000000080000000, 0x0000000100000000)
  region size 1024K, 24 young (24576K), 13 survivors (13312K)
 Metaspace       used 58536K, capacity 60113K, committed 60208K, reserved 1101824K
  class space    used 7368K, capacity 8014K, committed 8064K, reserved 1048576K
}
Event: 11.577 GC heap after
{Heap after GC invocations=11 (full 0):
 garbage-first heap   total 196608K, used 54916K [0x0000000080000000, 0x0000000100000000)
  region size 1024K, 2 young (2048K), 2 survivors (2048K)
 Metaspace       used 58536K, capacity 60113K, committed 60208K, reserved 1101824K
  class space    used 7368K, capacity 8014K, committed 8064K, reserved 1048576K
}
Event: 12.827 GC heap before
{Heap before GC invocations=12 (full 0):
 garbage-first heap   total 196608K, used 120452K [0x0000000080000000, 0x0000000100000000)
  region size 1024K, 59 young (60416K), 2 survivors (2048K)
 Metaspace       used 64356K, capacity 66026K, committed 66228K, reserved 1107968K
  class space    used 8080K, capacity 8731K, committed 8832K, reserved 1048576K
}
Event: 12.841 GC heap after
{Heap after GC invocations=13 (full 0):
 garbage-first heap   total 196608K, used 58864K [0x0000000080000000, 0x0000000100000000)
  region size 1024K, 6 young (6144K), 6 survivors (6144K)
 Metaspace       used 64356K, capacity 66026K, committed 66228K, reserved 1107968K
  class space    used 8080K, capacity 8731K, committed 8832K, reserved 1048576K
}
Event: 14.246 GC heap before
{Heap before GC invocations=14 (full 0):
 garbage-first heap   total 196608K, used 121328K [0x0000000080000000, 0x0000000100000000)
  region size 1024K, 66 young (67584K), 6 survivors (6144K)
 Metaspace       used 69470K, capacity 71192K, committed 71476K, reserved 1112064K
  class space    used 8751K, capacity 9418K, committed 9472K, reserved 1048576K
}
Event: 14.256 GC heap after
{Heap after GC invocations=15 (full 0):
 garbage-first heap   total 196608K, used 62381K [0x0000000080000000, 0x0000000100000000)
  region size 1024K, 4 young (4096K), 4 survivors (4096K)
 Metaspace       used 69470K, capacity 71192K, committed 71476K, reserved 1112064K
  class space    used 8751K, capacity 9418K, committed 9472K, reserved 1048576K
}
Event: 15.304 GC heap before
{Heap before GC invocations=15 (full 0):
 garbage-first heap   total 196608K, used 126893K [0x0000000080000000, 0x0000000100000000)
  region size 1024K, 67 young (68608K), 4 survivors (4096K)
 Metaspace       used 71292K, capacity 73042K, committed 73268K, reserved 1114112K
  class space    used 8987K, capacity 9692K, committed 9728K, reserved 1048576K
}
Event: 15.311 GC heap after
{Heap after GC invocations=16 (full 0):
 garbage-first heap   total 196608K, used 66332K [0x0000000080000000, 0x0000000100000000)
  region size 1024K, 8 young (8192K), 8 survivors (8192K)
 Metaspace       used 71292K, capacity 73042K, committed 73268K, reserved 1114112K
  class space    used 8987K, capacity 9692K, committed 9728K, reserved 1048576K
}
Event: 17.321 GC heap before
{Heap before GC invocations=16 (full 0):
 garbage-first heap   total 196608K, used 132892K [0x0000000080000000, 0x0000000100000000)
  region size 1024K, 73 young (74752K), 8 survivors (8192K)
 Metaspace       used 77649K, capacity 79442K, committed 79668K, reserved 1118208K
  class space    used 10031K, capacity 10750K, committed 10752K, reserved 1048576K
}
Event: 17.335 GC heap after
{Heap after GC invocations=17 (full 0):
 garbage-first heap   total 196608K, used 69084K [0x0000000080000000, 0x0000000100000000)
  region size 1024K, 7 young (7168K), 7 survivors (7168K)
 Metaspace       used 77649K, capacity 79442K, committed 79668K, reserved 1118208K
  class space    used 10031K, capacity 10750K, committed 10752K, reserved 1048576K
}
Event: 19.075 GC heap before
{Heap before GC invocations=17 (full 0):
 garbage-first heap   total 196608K, used 138716K [0x0000000080000000, 0x0000000100000000)
  region size 1024K, 75 young (76800K), 7 survivors (7168K)
 Metaspace       used 82235K, capacity 84070K, committed 84148K, reserved 1122304K
  class space    used 10643K, capacity 11368K, committed 11392K, reserved 1048576K
}
Event: 19.091 GC heap after
{Heap after GC invocations=18 (full 0):
 garbage-first heap   total 196608K, used 72652K [0x0000000080000000, 0x0000000100000000)
  region size 1024K, 7 young (7168K), 7 survivors (7168K)
 Metaspace       used 82235K, capacity 84070K, committed 84148K, reserved 1122304K
  class space    used 10643K, capacity 11368K, committed 11392K, reserved 1048576K
}
Event: 22.415 GC heap before
{Heap before GC invocations=18 (full 0):
 garbage-first heap   total 196608K, used 142284K [0x0000000080000000, 0x0000000100000000)
  region size 1024K, 75 young (76800K), 7 survivors (7168K)
 Metaspace       used 86825K, capacity 88865K, committed 89012K, reserved 1126400K
  class space    used 11328K, capacity 12133K, committed 12160K, reserved 1048576K
}
Event: 22.428 GC heap after
{Heap after GC invocations=19 (full 0):
 garbage-first heap   total 196608K, used 76631K [0x0000000080000000, 0x0000000100000000)
  region size 1024K, 8 young (8192K), 8 survivors (8192K)
 Metaspace       used 86825K, capacity 88865K, committed 89012K, reserved 1126400K
  class space    used 11328K, capacity 12133K, committed 12160K, reserved 1048576K
}
Event: 23.763 GC heap before
{Heap before GC invocations=19 (full 0):
 garbage-first heap   total 196608K, used 147287K [0x0000000080000000, 0x0000000100000000)
  region size 1024K, 77 young (78848K), 8 survivors (8192K)
 Metaspace       used 91583K, capacity 93739K, committed 94004K, reserved 1130496K
  class space    used 11898K, capacity 12757K, committed 12800K, reserved 1048576K
}
Event: 23.779 GC heap after
{Heap after GC invocations=20 (full 0):
 garbage-first heap   total 196608K, used 82944K [0x0000000080000000, 0x0000000100000000)
  region size 1024K, 10 young (10240K), 10 survivors (10240K)
 Metaspace       used 91583K, capacity 93739K, committed 94004K, reserved 1130496K
  class space    used 11898K, capacity 12757K, committed 12800K, reserved 1048576K
}
Event: 24.837 GC heap before
{Heap before GC invocations=20 (full 0):
 garbage-first heap   total 196608K, used 150528K [0x0000000080000000, 0x0000000100000000)
  region size 1024K, 77 young (78848K), 10 survivors (10240K)
 Metaspace       used 93772K, capacity 96138K, committed 96308K, reserved 1132544K
  class space    used 12099K, capacity 12993K, committed 13056K, reserved 1048576K
}
Event: 24.862 GC heap after
{Heap after GC invocations=21 (full 0):
 garbage-first heap   total 196608K, used 93095K [0x0000000080000000, 0x0000000100000000)
  region size 1024K, 10 young (10240K), 10 survivors (10240K)
 Metaspace       used 93772K, capacity 96138K, committed 96308K, reserved 1132544K
  class space    used 12099K, capacity 12993K, committed 13056K, reserved 1048576K
}

Deoptimization events (20 events):
Event: 25.061 Thread 0x000002032d6e0800 Uncommon trap: trap_request=0xffffffc6 fr.pc=0x000002031cb644b8 relative=0x0000000000000078
Event: 25.061 Thread 0x000002032d6e0800 Uncommon trap: reason=bimorphic_or_optimized_type_check action=maybe_recompile pc=0x000002031cb644b8 method=com.google.common.collect.AbstractMapBasedMultimap$WrappedCollection.size()I @ 8 c2
Event: 25.061 Thread 0x000002032d6e0800 DEOPT PACKING pc=0x000002031cb644b8 sp=0x0000005f333fa470
Event: 25.061 Thread 0x000002032d6e0800 DEOPT UNPACKING pc=0x0000020314ada1af sp=0x0000005f333fa3f8 mode 2
Event: 25.061 Thread 0x000002032d6e0800 Uncommon trap: trap_request=0xffffffc6 fr.pc=0x000002031cb644b8 relative=0x0000000000000078
Event: 25.061 Thread 0x000002032d6e0800 Uncommon trap: reason=bimorphic_or_optimized_type_check action=maybe_recompile pc=0x000002031cb644b8 method=com.google.common.collect.AbstractMapBasedMultimap$WrappedCollection.size()I @ 8 c2
Event: 25.061 Thread 0x000002032d6e0800 DEOPT PACKING pc=0x000002031cb644b8 sp=0x0000005f333fa470
Event: 25.061 Thread 0x000002032d6e0800 DEOPT UNPACKING pc=0x0000020314ada1af sp=0x0000005f333fa3f8 mode 2
Event: 25.087 Thread 0x000002032d6e0800 Uncommon trap: trap_request=0xffffffde fr.pc=0x000002031c9a2614 relative=0x0000000000001454
Event: 25.087 Thread 0x000002032d6e0800 Uncommon trap: reason=class_check action=maybe_recompile pc=0x000002031c9a2614 method=java.util.concurrent.ConcurrentHashMap.putVal(Ljava/lang/Object;Ljava/lang/Object;Z)Ljava/lang/Object; @ 242 c2
Event: 25.087 Thread 0x000002032d6e0800 DEOPT PACKING pc=0x000002031c9a2614 sp=0x0000005f333f97f0
Event: 25.087 Thread 0x000002032d6e0800 DEOPT UNPACKING pc=0x0000020314ada1af sp=0x0000005f333f9770 mode 2
Event: 25.087 Thread 0x000002032d6e0800 Uncommon trap: trap_request=0xffffffde fr.pc=0x000002031c9a2614 relative=0x0000000000001454
Event: 25.087 Thread 0x000002032d6e0800 Uncommon trap: reason=class_check action=maybe_recompile pc=0x000002031c9a2614 method=java.util.concurrent.ConcurrentHashMap.putVal(Ljava/lang/Object;Ljava/lang/Object;Z)Ljava/lang/Object; @ 242 c2
Event: 25.087 Thread 0x000002032d6e0800 DEOPT PACKING pc=0x000002031c9a2614 sp=0x0000005f333f97f0
Event: 25.087 Thread 0x000002032d6e0800 DEOPT UNPACKING pc=0x0000020314ada1af sp=0x0000005f333f9770 mode 2
Event: 25.292 Thread 0x000002032d6e0800 Uncommon trap: trap_request=0xffffff4d fr.pc=0x000002031c832398 relative=0x0000000000002338
Event: 25.292 Thread 0x000002032d6e0800 Uncommon trap: reason=unstable_if action=reinterpret pc=0x000002031c832398 method=com.esotericsoftware.kryo.io.Output.writeString(Ljava/lang/String;)V @ 39 c2
Event: 25.292 Thread 0x000002032d6e0800 DEOPT PACKING pc=0x000002031c832398 sp=0x0000005f333fa280
Event: 25.292 Thread 0x000002032d6e0800 DEOPT UNPACKING pc=0x0000020314ada1af sp=0x0000005f333fa1e0 mode 2

Classes redefined (0 events):
No events

Internal exceptions (20 events):
Event: 24.658 Thread 0x000002032beb9800 Exception <a 'java/lang/NoSuchMethodError'{0x0000000088597ce8}: <clinit>> (0x0000000088597ce8) thrown at [src/hotspot/share/prims/jni.cpp, line 1367]
Event: 24.673 Thread 0x000002032beb9800 Exception <a 'java/lang/NoSuchMethodError'{0x00000000885d0a50}: 'void java.lang.invoke.DirectMethodHandle$Holder.invokeSpecial(java.lang.Object, java.lang.Object, java.lang.Object, int)'> (0x00000000885d0a50) thrown at [src/hotspot/share/interpreter/linkResolver.cpp, line 773]
Event: 24.724 Thread 0x000002032beb9800 Exception <a 'sun/nio/fs/WindowsException'{0x0000000088201178}> (0x0000000088201178) thrown at [src/hotspot/share/prims/jni.cpp, line 617]
Event: 24.732 Thread 0x000002032beb9800 Exception <a 'java/lang/NoSuchMethodError'{0x0000000088235838}: 'java.lang.Object java.lang.invoke.DirectMethodHandle$Holder.invokeStatic(java.lang.Object, java.lang.Object, java.lang.Object, java.lang.Object, int, java.lang.Object)'> (0x0000000088235838) thrown at [src/hotspot/share/interpreter/linkResolver.cpp, line 773]
Event: 24.732 Thread 0x000002032beb9800 Exception <a 'java/lang/NoSuchMethodError'{0x000000008823a108}: 'java.lang.Object java.lang.invoke.DirectMethodHandle$Holder.invokeSpecial(java.lang.Object, java.lang.Object, java.lang.Object, java.lang.Object, java.lang.Object, int, java.lang.Object)'> (0x000000008823a108) thrown at [src/hotspot/share/interpreter/linkResolver.cpp, line 773]
Event: 24.732 Thread 0x000002032beb9800 Exception <a 'java/lang/NoSuchMethodError'{0x000000008823e398}: 'java.lang.Object java.lang.invoke.Invokers$Holder.linkToTargetMethod(java.lang.Object, java.lang.Object, java.lang.Object, int, java.lang.Object, java.lang.Object)'> (0x000000008823e398) thrown at [src/hotspot/share/interpreter/linkResolver.cpp, line 773]
Event: 24.821 Thread 0x000002032ce9e800 Exception <a 'java/lang/NoSuchMethodError'{0x0000000087d42468}: <clinit>> (0x0000000087d42468) thrown at [src/hotspot/share/prims/jni.cpp, line 1367]
Event: 24.821 Thread 0x000002032ce9e800 Exception <a 'java/lang/NoSuchMethodError'{0x0000000087d4ed40}: <clinit>> (0x0000000087d4ed40) thrown at [src/hotspot/share/prims/jni.cpp, line 1367]
Event: 24.832 Thread 0x000002032d6e6000 Exception <a 'java/lang/IncompatibleClassChangeError'{0x0000000087da3ad8}: Found class java.lang.Object, but interface was expected> (0x0000000087da3ad8) thrown at [src/hotspot/share/interpreter/linkResolver.cpp, line 839]
Event: 24.881 Thread 0x000002032d6e6000 Implicit null exception at 0x000002031c857b77 to 0x000002031c857d10
Event: 24.891 Thread 0x000002032d6e6000 Exception <a 'java/lang/IncompatibleClassChangeError'{0x000000008be902c8}: Found class java.lang.Object, but interface was expected> (0x000000008be902c8) thrown at [src/hotspot/share/interpreter/linkResolver.cpp, line 839]
Event: 24.919 Thread 0x000002032d6e6000 Exception <a 'java/lang/NoSuchMethodError'{0x000000008bcf9d10}: 'int java.lang.invoke.DirectMethodHandle$Holder.invokeStaticInit(java.lang.Object, java.lang.Object, java.lang.Object, java.lang.Object, java.lang.Object)'> (0x000000008bcf9d10) thrown at [src/hotspot/share/interpreter/linkResolver.cpp, line 773]
Event: 24.944 Thread 0x000002032ce9e800 Exception <a 'java/lang/NoSuchMethodError'{0x000000008baea530}: <clinit>> (0x000000008baea530) thrown at [src/hotspot/share/prims/jni.cpp, line 1367]
Event: 24.945 Thread 0x000002032ce9e800 Exception <a 'java/lang/NoSuchMethodError'{0x000000008b9118f0}: <clinit>> (0x000000008b9118f0) thrown at [src/hotspot/share/prims/jni.cpp, line 1367]
Event: 24.945 Thread 0x000002032ce9e800 Exception <a 'java/lang/NoSuchMethodError'{0x000000008b913070}: <clinit>> (0x000000008b913070) thrown at [src/hotspot/share/prims/jni.cpp, line 1367]
Event: 24.972 Thread 0x000002032d6e3800 Exception <a 'java/lang/NoSuchMethodError'{0x000000008b7224c0}: <clinit>> (0x000000008b7224c0) thrown at [src/hotspot/share/prims/jni.cpp, line 1367]
Event: 24.974 Thread 0x000002032d6e3800 Exception <a 'java/lang/NoSuchMethodError'{0x000000008b742748}: <clinit>> (0x000000008b742748) thrown at [src/hotspot/share/prims/jni.cpp, line 1367]
Event: 24.981 Thread 0x000002032d6e3800 Exception <a 'java/lang/NoSuchMethodError'{0x000000008b76fd30}: <clinit>> (0x000000008b76fd30) thrown at [src/hotspot/share/prims/jni.cpp, line 1367]
Event: 25.005 Thread 0x000002032ce9e800 Exception <a 'java/lang/NoSuchMethodError'{0x000000008b6e3868}: <clinit>> (0x000000008b6e3868) thrown at [src/hotspot/share/prims/jni.cpp, line 1367]
Event: 25.021 Thread 0x000002032d6e0800 Exception <a 'java/lang/NoSuchMethodError'{0x000000008b529380}: 'int java.lang.invoke.DirectMethodHandle$Holder.invokeSpecial(java.lang.Object, java.lang.Object, java.lang.Object, java.lang.Object, java.lang.Object)'> (0x000000008b529380) thrown at [src/hotspot/share/interpreter/linkResolver.cpp, line 773]

Events (20 events):
Event: 25.261 Executing VM operation: RevokeBias
Event: 25.261 Executing VM operation: RevokeBias done
Event: 25.272 Executing VM operation: RevokeBias
Event: 25.272 Executing VM operation: RevokeBias done
Event: 25.277 Executing VM operation: RevokeBias
Event: 25.277 Executing VM operation: RevokeBias done
Event: 25.278 Executing VM operation: RevokeBias
Event: 25.278 Executing VM operation: RevokeBias done
Event: 25.279 Executing VM operation: RevokeBias
Event: 25.279 Executing VM operation: RevokeBias done
Event: 25.280 Executing VM operation: RevokeBias
Event: 25.280 Executing VM operation: RevokeBias done
Event: 25.302 loading class org/gradle/internal/component/model/IvyArtifactName
Event: 25.302 loading class org/gradle/internal/component/model/IvyArtifactName done
Event: 25.302 loading class org/gradle/internal/component/model/IvyArtifactName
Event: 25.302 loading class org/gradle/internal/component/model/IvyArtifactName done
Event: 25.302 loading class org/gradle/internal/component/model/ConfigurationMetadata
Event: 25.302 loading class org/gradle/internal/component/model/ConfigurationMetadata done
Event: 25.303 loading class org/gradle/api/internal/artifacts/ivyservice/resolveengine/artifact/DefaultArtifactSet$SingleArtifactVariantIdentifier
Event: 25.303 loading class org/gradle/api/internal/artifacts/ivyservice/resolveengine/artifact/DefaultArtifactSet$SingleArtifactVariantIdentifier done


Dynamic libraries:
0x00007ff740bd0000 - 0x00007ff740bda000 	C:\Program Files\Android\Android Studio\jbr\bin\java.exe
0x00007ff96bc70000 - 0x00007ff96be68000 	C:\Windows\SYSTEM32\ntdll.dll
0x00007ff96b180000 - 0x00007ff96b23f000 	C:\Windows\System32\KERNEL32.DLL
0x00007ff969770000 - 0x00007ff969a42000 	C:\Windows\System32\KERNELBASE.dll
0x00007ff969af0000 - 0x00007ff969bf0000 	C:\Windows\System32\ucrtbase.dll
0x00007ff900cd0000 - 0x00007ff900ce7000 	C:\Program Files\Android\Android Studio\jbr\bin\jli.dll
0x00007ff96b3f0000 - 0x00007ff96b591000 	C:\Windows\System32\USER32.dll
0x00007ff969c80000 - 0x00007ff969ca2000 	C:\Windows\System32\win32u.dll
0x00007ff96a370000 - 0x00007ff96a39b000 	C:\Windows\System32\GDI32.dll
0x00007ff9693b0000 - 0x00007ff9694bf000 	C:\Windows\System32\gdi32full.dll
0x00007ff969570000 - 0x00007ff96960d000 	C:\Windows\System32\msvcp_win.dll
0x00007ff900cb0000 - 0x00007ff900ccb000 	C:\Program Files\Android\Android Studio\jbr\bin\VCRUNTIME140.dll
0x00007ff955ab0000 - 0x00007ff955d4a000 	C:\Windows\WinSxS\amd64_microsoft.windows.common-controls_6595b64144ccf1df_6.0.19041.1110_none_60b5254171f9507e\COMCTL32.dll
0x00007ff96ba00000 - 0x00007ff96ba9e000 	C:\Windows\System32\msvcrt.dll
0x00007ff96a1f0000 - 0x00007ff96a222000 	C:\Windows\System32\IMM32.DLL
0x00007ff900c20000 - 0x00007ff900cad000 	C:\Program Files\Android\Android Studio\jbr\bin\msvcp140.dll
0x00007ff933c90000 - 0x00007ff933c9c000 	C:\Windows\SYSTEM32\VCRUNTIME140_1.dll
0x00007ff933cd0000 - 0x00007ff93488c000 	C:\Program Files\Android\Android Studio\jbr\bin\server\jvm.dll
0x00007ff96b240000 - 0x00007ff96b2ee000 	C:\Windows\System32\ADVAPI32.dll
0x00007ff96a3a0000 - 0x00007ff96a43c000 	C:\Windows\System32\sechost.dll
0x00007ff96baa0000 - 0x00007ff96bbc5000 	C:\Windows\System32\RPCRT4.dll
0x00007ff96b160000 - 0x00007ff96b168000 	C:\Windows\System32\PSAPI.DLL
0x00007ff95ece0000 - 0x00007ff95ed07000 	C:\Windows\SYSTEM32\WINMM.dll
0x00007ff933ca0000 - 0x00007ff933ca9000 	C:\Windows\SYSTEM32\WSOCK32.dll
0x00007ff96a990000 - 0x00007ff96a9fb000 	C:\Windows\System32\WS2_32.dll
0x00007ff963180000 - 0x00007ff96318a000 	C:\Windows\SYSTEM32\VERSION.dll
0x00007ff967240000 - 0x00007ff967252000 	C:\Windows\SYSTEM32\kernel.appcore.dll
0x00007ff933c80000 - 0x00007ff933c90000 	C:\Program Files\Android\Android Studio\jbr\bin\verify.dll
0x00007ff952e40000 - 0x00007ff953024000 	C:\Windows\SYSTEM32\DBGHELP.DLL
0x00007ff952e00000 - 0x00007ff952e35000 	C:\Windows\SYSTEM32\dbgcore.DLL
0x00007ff969bf0000 - 0x00007ff969c72000 	C:\Windows\System32\bcryptPrimitives.dll
0x00007ff933c50000 - 0x00007ff933c78000 	C:\Program Files\Android\Android Studio\jbr\bin\java.dll
0x00007ff933c40000 - 0x00007ff933c4a000 	C:\Program Files\Android\Android Studio\jbr\bin\jimage.dll
0x00007ff933c20000 - 0x00007ff933c38000 	C:\Program Files\Android\Android Studio\jbr\bin\zip.dll
0x00007ff96aa00000 - 0x00007ff96b144000 	C:\Windows\System32\SHELL32.dll
0x00007ff967440000 - 0x00007ff967bd2000 	C:\Windows\SYSTEM32\windows.storage.dll
0x00007ff96a630000 - 0x00007ff96a985000 	C:\Windows\System32\combase.dll
0x00007ff968ce0000 - 0x00007ff968d10000 	C:\Windows\SYSTEM32\Wldp.dll
0x00007ff96b740000 - 0x00007ff96b7ed000 	C:\Windows\System32\SHCORE.dll
0x00007ff96bbd0000 - 0x00007ff96bc25000 	C:\Windows\System32\shlwapi.dll
0x00007ff9692a0000 - 0x00007ff9692bf000 	C:\Windows\SYSTEM32\profapi.dll
0x00007ff933c00000 - 0x00007ff933c19000 	C:\Program Files\Android\Android Studio\jbr\bin\net.dll
0x00007ff9629d0000 - 0x00007ff962adc000 	C:\Windows\SYSTEM32\WINHTTP.dll
0x00007ff968a40000 - 0x00007ff968aaa000 	C:\Windows\system32\mswsock.dll
0x00007ff933be0000 - 0x00007ff933bf3000 	C:\Program Files\Android\Android Studio\jbr\bin\nio.dll
0x00007ff9551d0000 - 0x00007ff9551f7000 	C:\Users\Administrator\.gradle\native\e1d6ef7f7dcc3fd88c89a11ec53ec762bb8ba0a96d01ffa2cd45eb1d1d8dd5c5\windows-amd64\native-platform.dll
0x00007ff956350000 - 0x00007ff956494000 	C:\Users\Administrator\.gradle\native\0d407fdbe67a94daf76414ababcb853783967236a71b16ec16e742cd7a986fd3\windows-amd64\native-platform-file-events.dll
0x00007ff933bd0000 - 0x00007ff933bda000 	C:\Program Files\Android\Android Studio\jbr\bin\management.dll
0x00007ff933bc0000 - 0x00007ff933bcb000 	C:\Program Files\Android\Android Studio\jbr\bin\management_ext.dll
0x00007ff968c30000 - 0x00007ff968c48000 	C:\Windows\SYSTEM32\CRYPTSP.dll
0x00007ff968360000 - 0x00007ff968394000 	C:\Windows\system32\rsaenh.dll
0x00007ff969ac0000 - 0x00007ff969ae7000 	C:\Windows\System32\bcrypt.dll
0x00007ff969220000 - 0x00007ff96924e000 	C:\Windows\SYSTEM32\USERENV.dll
0x00007ff968c50000 - 0x00007ff968c5c000 	C:\Windows\SYSTEM32\CRYPTBASE.dll
0x00007ff968730000 - 0x00007ff96876b000 	C:\Windows\SYSTEM32\IPHLPAPI.DLL
0x00007ff96b170000 - 0x00007ff96b178000 	C:\Windows\System32\NSI.dll
0x00007ff963390000 - 0x00007ff9633a7000 	C:\Windows\SYSTEM32\dhcpcsvc6.DLL
0x00007ff963320000 - 0x00007ff96333d000 	C:\Windows\SYSTEM32\dhcpcsvc.DLL
0x00007ff968770000 - 0x00007ff96883a000 	C:\Windows\SYSTEM32\DNSAPI.dll
0x00007ff933ba0000 - 0x00007ff933bb7000 	C:\Windows\system32\napinsp.dll
0x00007ff933b80000 - 0x00007ff933b9b000 	C:\Windows\system32\pnrpnsp.dll
0x00007ff94c2a0000 - 0x00007ff94c2b5000 	C:\Windows\system32\wshbth.dll
0x00007ff964d70000 - 0x00007ff964d8d000 	C:\Windows\system32\NLAapi.dll
0x00007ff933b60000 - 0x00007ff933b72000 	C:\Windows\System32\winrnr.dll
0x0000000057500000 - 0x0000000057526000 	C:\Program Files\Bonjour\mdnsNSP.dll
0x00007ff962c60000 - 0x00007ff962c6a000 	C:\Windows\System32\rasadhlp.dll
0x00007ff95edc0000 - 0x00007ff95ee40000 	C:\Windows\System32\fwpuclnt.dll

dbghelp: loaded successfully - version: 4.0.5 - missing functions: none
symbol engine: initialized successfully - sym options: 0x614 - pdb path: .;C:\Program Files\Android\Android Studio\jbr\bin;C:\Windows\SYSTEM32;C:\Windows\WinSxS\amd64_microsoft.windows.common-controls_6595b64144ccf1df_6.0.19041.1110_none_60b5254171f9507e;C:\Program Files\Android\Android Studio\jbr\bin\server;C:\Users\Administrator\.gradle\native\e1d6ef7f7dcc3fd88c89a11ec53ec762bb8ba0a96d01ffa2cd45eb1d1d8dd5c5\windows-amd64;C:\Users\Administrator\.gradle\native\0d407fdbe67a94daf76414ababcb853783967236a71b16ec16e742cd7a986fd3\windows-amd64;C:\Program Files\Bonjour

VM Arguments:
jvm_args: --add-opens=java.base/java.util=ALL-UNNAMED --add-opens=java.base/java.lang=ALL-UNNAMED --add-opens=java.base/java.lang.invoke=ALL-UNNAMED --add-opens=java.base/java.util=ALL-UNNAMED --add-opens=java.prefs/java.util.prefs=ALL-UNNAMED --add-opens=java.prefs/java.util.prefs=ALL-UNNAMED --add-opens=java.base/java.nio.charset=ALL-UNNAMED --add-opens=java.base/java.net=ALL-UNNAMED --add-opens=java.base/java.util.concurrent.atomic=ALL-UNNAMED -Xmx2048m -Dfile.encoding=UTF-8 -Duser.country=US -Duser.language=en -Duser.variant 
java_command: org.gradle.launcher.daemon.bootstrap.GradleDaemon 7.5
java_class_path (initial): C:\Users\Administrator\.gradle\wrapper\dists\gradle-7.5-bin\f1w0cc9nuo0eivz97x2xlu9sv\gradle-7.5\lib\gradle-launcher-7.5.jar
Launcher Type: SUN_STANDARD

[Global flags]
     intx CICompilerCount                          = 3                                         {product} {ergonomic}
     uint ConcGCThreads                            = 1                                         {product} {ergonomic}
     uint G1ConcRefinementThreads                  = 4                                         {product} {ergonomic}
   size_t G1HeapRegionSize                         = 1048576                                   {product} {ergonomic}
    uintx GCDrainStackTargetSize                   = 64                                        {product} {ergonomic}
   size_t InitialHeapSize                          = 201326592                                 {product} {ergonomic}
   size_t MarkStackSize                            = 4194304                                   {product} {ergonomic}
   size_t MaxHeapSize                              = 2147483648                                {product} {command line}
   size_t MaxNewSize                               = 1287651328                                {product} {ergonomic}
   size_t MinHeapDeltaBytes                        = 1048576                                   {product} {ergonomic}
    uintx NonNMethodCodeHeapSize                   = 5830732                                {pd product} {ergonomic}
    uintx NonProfiledCodeHeapSize                  = 122913754                              {pd product} {ergonomic}
    uintx ProfiledCodeHeapSize                     = 122913754                              {pd product} {ergonomic}
    uintx ReservedCodeCacheSize                    = 251658240                              {pd product} {ergonomic}
     bool SegmentedCodeCache                       = true                                      {product} {ergonomic}
     bool UseCompressedClassPointers               = true                                 {lp64_product} {ergonomic}
     bool UseCompressedOops                        = true                                 {lp64_product} {ergonomic}
     bool UseG1GC                                  = true                                      {product} {ergonomic}
     bool UseLargePagesIndividualAllocation        = false                                  {pd product} {ergonomic}

Logging:
Log output configuration:
 #0: stdout all=warning uptime,level,tags
 #1: stderr all=off uptime,level,tags

Environment Variables:
PATH=C:\Program Files\Common Files\Oracle\Java\javapath;C:\Windows\system32;C:\Windows;C:\Windows\System32\Wbem;C:\Windows\System32\WindowsPowerShell\v1.0\;C:\Windows\System32\OpenSSH\;C:\Program Files\nodejs\;C:\Program Files (x86)\dotnet\;C:\Program Files\Git\cmd;C:\Users\Administrator\AppData\Local\Microsoft\WindowsApps;D:\Microsoft VS Code\bin;C:\Program Files\Java\jdk-19\bin;C:\Program Files\JetBrains\IntelliJ IDEA Community Edition 2022.3.1\bin;C:\Users\Administrator\AppData\Roaming\npm;C:\Users\Administrator\AppData\Local\JetBrains\Toolbox\scripts;
USERNAME=Administrator
OS=Windows_NT
PROCESSOR_IDENTIFIER=Intel64 Family 6 Model 158 Stepping 9, GenuineIntel



---------------  S Y S T E M  ---------------

OS: Windows 10 , 64 bit Build 19041 (10.0.19041.2364)
OS uptime: 0 days 0:08 hours

CPU:total 4 (initial active 4) (2 cores per cpu, 2 threads per core) family 6 model 158 stepping 9 microcode 0xb4, cmov, cx8, fxsr, mmx, sse, sse2, sse3, ssse3, sse4.1, sse4.2, popcnt, avx, avx2, aes, clmul, erms, 3dnowpref, lzcnt, ht, tsc, tscinvbit, bmi1, bmi2, adx, fma

Memory: 4k page, system-wide physical 12246M (2576M free)
TotalPageFile size 18134M (AvailPageFile size 7363M)
current process WorkingSet (physical memory assigned to process): 453M, peak: 455M
current process commit charge ("private bytes"): 484M, peak: 487M

vm_info: OpenJDK 64-Bit Server VM (11.0.15+0-b2043.56-8887301) for windows-amd64 JRE (11.0.15+0-b2043.56-8887301), built on Jul 29 2022 23:19:47 by "builduser" with unknown MS VC++:1929

END.
