#
# A fatal error has been detected by the Java Runtime Environment:
#
#  EXCEPTION_ACCESS_VIOLATION (0xc0000005) at pc=0x00007ff80e49d9d0, pid=7284, tid=7548
#
# JRE version: OpenJDK Runtime Environment (11.0.15) (build 11.0.15+0-b2043.56-8887301)
# Java VM: OpenJDK 64-Bit Server VM (11.0.15+0-b2043.56-8887301, mixed mode, tiered, compressed oops, g1 gc, windows-amd64)
# Problematic frame:
# V  [jvm.dll+0x54d9d0]
#
# No core dump will be written. Minidumps are not enabled by default on client versions of Windows
#
# If you would like to submit a bug report, please visit:
#   https://bugreport.java.com/bugreport/crash.jsp
#

---------------  S U M M A R Y ------------

Command Line: --add-opens=java.base/java.util=ALL-UNNAMED --add-opens=java.base/java.lang=ALL-UNNAMED --add-opens=java.base/java.lang.invoke=ALL-UNNAMED --add-opens=java.base/java.util=ALL-UNNAMED --add-opens=java.prefs/java.util.prefs=ALL-UNNAMED --add-opens=java.prefs/java.util.prefs=ALL-UNNAMED --add-opens=java.base/java.nio.charset=ALL-UNNAMED --add-opens=java.base/java.net=ALL-UNNAMED --add-opens=java.base/java.util.concurrent.atomic=ALL-UNNAMED -Xmx2048m -Dfile.encoding=UTF-8 -Duser.country=US -Duser.language=en -Duser.variant org.gradle.launcher.daemon.bootstrap.GradleDaemon 7.5

Host: Intel(R) Core(TM) i3-7100 CPU @ 3.90GHz, 4 cores, 11G,  Windows 10 , 64 bit Build 19041 (10.0.19041.2364)
Time: Mon Feb 13 18:21:39 2023 Bangladesh Standard Time elapsed time: 237.748135 seconds (0d 0h 3m 57s)

---------------  T H R E A D  ---------------

Current thread (0x000001fa51043800):  JavaThread "C2 CompilerThread0" daemon [_thread_in_native, id=7548, stack(0x000000b727400000,0x000000b727500000)]


Current CompileTask:
C2: 237748 15856       4       java.util.TreeMap::buildFromSorted (218 bytes)

Stack: [0x000000b727400000,0x000000b727500000],  sp=0x000000b7274fb2b0,  free space=1004k
Native frames: (J=compiled Java code, j=interpreted, Vv=VM code, C=native code)
V  [jvm.dll+0x54d9d0]
V  [jvm.dll+0x54ce59]
V  [jvm.dll+0x220c9d]
V  [jvm.dll+0x222d45]
V  [jvm.dll+0x220384]
V  [jvm.dll+0x19e851]
V  [jvm.dll+0x230479]
V  [jvm.dll+0x22e5ef]
V  [jvm.dll+0x794de1]
V  [jvm.dll+0x78dc24]
V  [jvm.dll+0x6400f6]
C  [ucrtbase.dll+0x21bb2]
C  [KERNEL32.DLL+0x17614]
C  [ntdll.dll+0x526a1]


siginfo: EXCEPTION_ACCESS_VIOLATION (0xc0000005), reading address 0x0000017a547c3438


Register to memory mapping:

RIP=0x00007ff80e49d9d0 jvm.dll
RAX=0x000001fa548287e0 points into unknown readable memory: 0x000001fa537ca658 | 58 a6 7c 53 fa 01 00 00
RBX=0x000001fa58aa3e48 points into unknown readable memory: 0x00007ff80e826cc8 | c8 6c 82 0e f8 7f 00 00
RCX=0x0000000000000128 is an unknown value
RDX=0x000001fa54cde174 points into unknown readable memory: ff ff ff ff
RSP=0x000000b7274fb2b0 is pointing into the stack for thread: 0x000001fa51043800
RBP=0x000000b7274fb420 is pointing into the stack for thread: 0x000001fa51043800
RSI=0x00000000000001a2 is an unknown value
RDI=0x000000b7274fb3e0 is pointing into the stack for thread: 0x000001fa51043800
R8 =0x0000000000000400 is an unknown value
R9 =0x000000b7274fcd70 is pointing into the stack for thread: 0x000001fa51043800
R10=0x00007ff853c30000 VCRUNTIME140.dll
R11=0x000001fa520acf00 points into unknown readable memory: 0x000001fa547c29a0 | a0 29 7c 54 fa 01 00 00
R12=0x000000b7274fb378 is pointing into the stack for thread: 0x000001fa51043800
R13=0x000000b7274fb350 is pointing into the stack for thread: 0x000001fa51043800
R14=0x0000000000000001 is an unknown value
R15=0x0000017a547c3410 is an unknown value


Registers:
RAX=0x000001fa548287e0, RBX=0x000001fa58aa3e48, RCX=0x0000000000000128, RDX=0x000001fa54cde174
RSP=0x000000b7274fb2b0, RBP=0x000000b7274fb420, RSI=0x00000000000001a2, RDI=0x000000b7274fb3e0
R8 =0x0000000000000400, R9 =0x000000b7274fcd70, R10=0x00007ff853c30000, R11=0x000001fa520acf00
R12=0x000000b7274fb378, R13=0x000000b7274fb350, R14=0x0000000000000001, R15=0x0000017a547c3410
RIP=0x00007ff80e49d9d0, EFLAGS=0x0000000000010206

Top of Stack: (sp=0x000000b7274fb2b0)
0x000000b7274fb2b0:   000001fa58aa3e48 00000000000003a4
0x000000b7274fb2c0:   0000000000000419 0000000000000000
0x000000b7274fb2d0:   0000000000000000 00007ff80e56e08f
0x000000b7274fb2e0:   000001fa507e6eb0 0000000000000000
0x000000b7274fb2f0:   000000b7274fcd70 000000b7274fb420
0x000000b7274fb300:   0000000000000000 000000b7274fd6f8
0x000000b7274fb310:   000001fa5486b0f0 00007ff80e49ce59
0x000000b7274fb320:   000000b7274fcd70 0000000000000001
0x000000b7274fb330:   000000b700000001 000000b7274fb3e0
0x000000b7274fb340:   000001fa5749fe00 000001fa542a4f60
0x000000b7274fb350:   000001fa507e6eb0 0000000000000800
0x000000b7274fb360:   000001fa548287e0 00007ff800000128
0x000000b7274fb370:   000001fa00000001 00007ff80e87c7f8
0x000000b7274fb380:   000001fa507e6eb0 000001fa00000100
0x000000b7274fb390:   000001fa54cde150 000001fa507e6eb0
0x000000b7274fb3a0:   000001fa5ce71cd0 0000000000050310 

Instructions: (pc=0x00007ff80e49d9d0)
0x00007ff80e49d8d0:   48 8b cd e8 88 2e 00 00 41 8b 5e 28 48 8b f0 3b
0x00007ff80e49d8e0:   5d 28 72 0b 8b d3 48 8d 4d 20 e8 f1 06 0d 00 48
0x00007ff80e49d8f0:   8b 45 30 48 8d 56 01 48 89 14 d8 48 8b bc 24 88
0x00007ff80e49d900:   00 00 00 48 8b 07 48 3b 47 10 72 42 4c 8b 30 44
0x00007ff80e49d910:   8b 60 08 48 83 c0 f0 48 89 07 e9 e1 fc ff ff 48
0x00007ff80e49d920:   8b bc 24 88 00 00 00 48 83 07 10 48 8b 07 48 3b
0x00007ff80e49d930:   47 08 72 0b 48 8b cf e8 84 07 0d 00 48 8b 07 4c
0x00007ff80e49d940:   89 30 4c 8b f3 44 89 60 08 e9 a2 fc ff ff 41 8b
0x00007ff80e49d950:   45 18 85 c0 0f 85 86 fc ff ff 4c 8b 74 24 30 4c
0x00007ff80e49d960:   8b 64 24 38 48 8b 7c 24 40 48 8b 74 24 48 48 8b
0x00007ff80e49d970:   5c 24 70 48 83 c4 50 41 5f 41 5d 5d c3 cc cc cc
0x00007ff80e49d980:   48 89 4c 24 08 57 41 54 41 55 48 83 ec 50 41 8b
0x00007ff80e49d990:   40 18 49 8b f9 4d 8b e8 4c 8b e2 4c 8b c9 85 c0
0x00007ff80e49d9a0:   0f 84 5c 02 00 00 48 89 5c 24 78 48 89 6c 24 48
0x00007ff80e49d9b0:   48 89 74 24 40 4c 89 74 24 38 4c 89 7c 24 30 90
0x00007ff80e49d9c0:   ff c8 41 89 45 18 8b c8 49 8b 45 10 4c 8b 3c c8
0x00007ff80e49d9d0:   41 8b 4f 28 8b c1 c1 e8 05 41 3b 44 24 10 72 13
0x00007ff80e49d9e0:   49 8b 04 24 8b d1 49 8b cc ff 50 18 4c 8b 4c 24
0x00007ff80e49d9f0:   70 eb 2a 83 e1 1f 41 b8 01 00 00 00 41 d3 e0 8b
0x00007ff80e49da00:   c8 49 8b 44 24 18 48 8d 14 88 8b 0c 88 8b c1 41
0x00007ff80e49da10:   0b c0 89 02 41 23 c8 0f 85 c0 01 00 00 41 8b 4f
0x00007ff80e49da20:   20 45 33 f6 89 8c 24 80 00 00 00 0f 1f 44 00 00
0x00007ff80e49da30:   44 3b f1 0f 83 74 01 00 00 49 8b 5f 10 41 8b c6
0x00007ff80e49da40:   41 ff c6 48 8b 1c c3 8b 43 28 41 3b 41 28 73 0d
0x00007ff80e49da50:   8b c8 49 8b 41 30 48 83 3c c8 00 75 3c 48 83 7b
0x00007ff80e49da60:   10 00 74 35 49 8d b1 b8 09 00 00 8b 6e 18 8d 45
0x00007ff80e49da70:   01 89 46 18 3b 6e 08 72 0f 8b d5 48 8b ce e8 5d
0x00007ff80e49da80:   05 0d 00 4c 8b 4c 24 70 48 8b 46 10 8b 8c 24 80
0x00007ff80e49da90:   00 00 00 48 89 1c e8 eb 97 48 8b 43 08 48 83 38
0x00007ff80e49daa0:   00 0f 84 89 00 00 00 48 8b 03 48 8b cb ff 50 10
0x00007ff80e49dab0:   84 c0 75 0a 8b 43 2c 83 e0 0f 3c 0c 75 6d 8b 4b
0x00007ff80e49dac0:   28 8b c1 c1 e8 05 41 3b 44 24 10 73 2a 4c 8b 4c 


Stack slot to memory mapping:
stack at sp + 0 slots: 0x000001fa58aa3e48 points into unknown readable memory: 0x00007ff80e826cc8 | c8 6c 82 0e f8 7f 00 00
stack at sp + 1 slots: 0x00000000000003a4 is an unknown value
stack at sp + 2 slots: 0x0000000000000419 is an unknown value
stack at sp + 3 slots: 0x0 is NULL
stack at sp + 4 slots: 0x0 is NULL
stack at sp + 5 slots: 0x00007ff80e56e08f jvm.dll
stack at sp + 6 slots: 0x000001fa507e6eb0 points into unknown readable memory: 0x0075070000000006 | 06 00 00 00 00 07 75 00
stack at sp + 7 slots: 0x0 is NULL


---------------  P R O C E S S  ---------------

Threads class SMR info:
_java_thread_list=0x000001fa51515590, length=87, elements={
0x000001fa34c03800, 0x000001fa507e2800, 0x000001fa507db000, 0x000001fa507ea000,
0x000001fa507eb800, 0x000001fa507ed800, 0x000001fa51043800, 0x000001fa51049800,
0x000001fa51054800, 0x000001fa511b8800, 0x000001fa530c8800, 0x000001fa530c9800,
0x000001fa530cb000, 0x000001fa534c5000, 0x000001fa534bf000, 0x000001fa534c5800,
0x000001fa534c4000, 0x000001fa534c3800, 0x000001fa534c1000, 0x000001fa534c2800,
0x000001fa534ca000, 0x000001fa534c9000, 0x000001fa534cb800, 0x000001fa534cc000,
0x000001fa54fa0000, 0x000001fa54fa2800, 0x000001fa54fab000, 0x000001fa54fa9000,
0x000001fa54fab800, 0x000001fa54fac800, 0x000001fa51d4d000, 0x000001fa5cd79000,
0x000001fa5cd77000, 0x000001fa5cd7c000, 0x000001fa5cd79800, 0x000001fa5cd7a800,
0x000001fa5cd78000, 0x000001fa5cd7b000, 0x000001fa5cd7e800, 0x000001fa54e13000,
0x000001fa5cd81800, 0x000001fa5cd7f800, 0x000001fa5cd80000, 0x000001fa5cd7d800,
0x000001fa5cd81000, 0x000001fa5cd82800, 0x000001fa5cd7d000, 0x000001fa5cd83800,
0x000001fa5cd85000, 0x000001fa5cd84000, 0x000001fa5cd86000, 0x000001fa54fa2000,
0x000001fa54f9e000, 0x000001fa54f9e800, 0x000001fa54f9f800, 0x000001fa54fa6800,
0x000001fa54fa5000, 0x000001fa54fa6000, 0x000001fa54fa3800, 0x000001fa54fa1000,
0x000001fa54fa7800, 0x000001fa54fa4800, 0x000001fa54fa8800, 0x000001fa51d48000,
0x000001fa51d49000, 0x000001fa51d47800, 0x000001fa51d49800, 0x000001fa51d4b800,
0x000001fa51d4c000, 0x000001fa51d4e000, 0x000001fa51d4a800, 0x000001fa534c1800,
0x000001fa534c0000, 0x000001fa534c7800, 0x000001fa534c6800, 0x000001fa534ce000,
0x000001fa534cd000, 0x000001fa534c8000, 0x000001fa530c6800, 0x000001fa530cc000,
0x000001fa530c7000, 0x000001fa530ca800, 0x000001fa530cd000, 0x000001fa530c8000,
0x000001fa5ac07000, 0x000001fa5ac0a800, 0x000001fa5ac0b000
}

Java Threads: ( => current thread )
  0x000001fa34c03800 JavaThread "main" [_thread_blocked, id=5144, stack(0x000000b726800000,0x000000b726900000)]
  0x000001fa507e2800 JavaThread "Reference Handler" daemon [_thread_blocked, id=4720, stack(0x000000b726f00000,0x000000b727000000)]
  0x000001fa507db000 JavaThread "Finalizer" daemon [_thread_blocked, id=8008, stack(0x000000b727000000,0x000000b727100000)]
  0x000001fa507ea000 JavaThread "Signal Dispatcher" daemon [_thread_blocked, id=3872, stack(0x000000b727100000,0x000000b727200000)]
  0x000001fa507eb800 JavaThread "Attach Listener" daemon [_thread_blocked, id=10232, stack(0x000000b727200000,0x000000b727300000)]
  0x000001fa507ed800 JavaThread "Service Thread" daemon [_thread_blocked, id=10632, stack(0x000000b727300000,0x000000b727400000)]
=>0x000001fa51043800 JavaThread "C2 CompilerThread0" daemon [_thread_in_native, id=7548, stack(0x000000b727400000,0x000000b727500000)]
  0x000001fa51049800 JavaThread "C1 CompilerThread0" daemon [_thread_in_native, id=9220, stack(0x000000b727500000,0x000000b727600000)]
  0x000001fa51054800 JavaThread "Sweeper thread" daemon [_thread_blocked, id=10100, stack(0x000000b727600000,0x000000b727700000)]
  0x000001fa511b8800 JavaThread "Common-Cleaner" daemon [_thread_blocked, id=328, stack(0x000000b727700000,0x000000b727800000)]
  0x000001fa530c8800 JavaThread "Daemon health stats" [_thread_blocked, id=10628, stack(0x000000b727d00000,0x000000b727e00000)]
  0x000001fa530c9800 JavaThread "Incoming local TCP Connector on port 64532" [_thread_in_native, id=9696, stack(0x000000b727e00000,0x000000b727f00000)]
  0x000001fa530cb000 JavaThread "Daemon periodic checks" [_thread_blocked, id=11860, stack(0x000000b727f00000,0x000000b728000000)]
  0x000001fa534c5000 JavaThread "Cache worker for journal cache (C:\Users\Administrator\.gradle\caches\journal-1)" [_thread_blocked, id=9632, stack(0x000000b728700000,0x000000b728800000)]
  0x000001fa534bf000 JavaThread "File lock request listener" [_thread_in_native, id=8760, stack(0x000000b728800000,0x000000b728900000)]
  0x000001fa534c5800 JavaThread "Cache worker for file hash cache (C:\Users\Administrator\.gradle\caches\7.5\fileHashes)" [_thread_blocked, id=11728, stack(0x000000b728900000,0x000000b728a00000)]
  0x000001fa534c4000 JavaThread "File watcher server" daemon [_thread_in_native, id=4356, stack(0x000000b728a00000,0x000000b728b00000)]
  0x000001fa534c3800 JavaThread "File watcher consumer" daemon [_thread_blocked, id=6136, stack(0x000000b728b00000,0x000000b728c00000)]
  0x000001fa534c1000 JavaThread "Cache worker for file content cache (C:\Users\Administrator\.gradle\caches\7.5\fileContent)" [_thread_blocked, id=10972, stack(0x000000b728e00000,0x000000b728f00000)]
  0x000001fa534c2800 JavaThread "Cache worker for execution history cache (C:\Users\Administrator\.gradle\caches\7.5\executionHistory)" [_thread_blocked, id=4912, stack(0x000000b729100000,0x000000b729200000)]
  0x000001fa534ca000 JavaThread "jar transforms" [_thread_blocked, id=12048, stack(0x000000b729200000,0x000000b729300000)]
  0x000001fa534c9000 JavaThread "jar transforms Thread 2" [_thread_blocked, id=6816, stack(0x000000b729300000,0x000000b729400000)]
  0x000001fa534cb800 JavaThread "jar transforms Thread 3" [_thread_blocked, id=10676, stack(0x000000b729400000,0x000000b729500000)]
  0x000001fa534cc000 JavaThread "jar transforms Thread 4" [_thread_blocked, id=2004, stack(0x000000b729500000,0x000000b729600000)]
  0x000001fa54fa0000 JavaThread "Memory manager" [_thread_blocked, id=5356, stack(0x000000b72c100000,0x000000b72c200000)]
  0x000001fa54fa2800 JavaThread "pool-3-thread-1" [_thread_blocked, id=5800, stack(0x000000b72c200000,0x000000b72c300000)]
  0x000001fa54fab000 JavaThread "RMI Scheduler(0)" daemon [_thread_blocked, id=11464, stack(0x000000b72cc00000,0x000000b72cd00000)]
  0x000001fa54fa9000 JavaThread "RMI GC Daemon" daemon [_thread_blocked, id=5464, stack(0x000000b72ce00000,0x000000b72cf00000)]
  0x000001fa54fab800 JavaThread "RMI TCP Accept-0" daemon [_thread_in_native, id=10940, stack(0x000000b72cf00000,0x000000b72d000000)]
  0x000001fa54fac800 JavaThread "RMI Reaper" [_thread_blocked, id=800, stack(0x000000b72d000000,0x000000b72d100000)]
  0x000001fa51d4d000 JavaThread "Cache worker for Java compile cache (C:\Users\Administrator\.gradle\caches\7.5\javaCompile)" [_thread_blocked, id=7568, stack(0x000000b72d200000,0x000000b72d300000)]
  0x000001fa5cd79000 JavaThread "ForkJoinPool.commonPool-worker-7" daemon [_thread_blocked, id=3856, stack(0x000000b72db00000,0x000000b72dc00000)]
  0x000001fa5cd77000 JavaThread "Daemon Thread 2" [_thread_blocked, id=5476, stack(0x000000b726500000,0x000000b726600000)]
  0x000001fa5cd7c000 JavaThread "Handler for socket connection from /127.0.0.1:64532 to /127.0.0.1:64727" [_thread_in_native, id=9448, stack(0x000000b726600000,0x000000b726700000)]
  0x000001fa5cd79800 JavaThread "Cancel handler" [_thread_blocked, id=11548, stack(0x000000b726700000,0x000000b726800000)]
  0x000001fa5cd7a800 JavaThread "Daemon worker Thread 2" [_thread_in_Java, id=11328, stack(0x000000b727900000,0x000000b727a00000)]
  0x000001fa5cd78000 JavaThread "Asynchronous log dispatcher for DefaultDaemonConnection: socket connection from /127.0.0.1:64532 to /127.0.0.1:64727" [_thread_blocked, id=7992, stack(0x000000b728000000,0x000000b728100000)]
  0x000001fa5cd7b000 JavaThread "Stdin handler" [_thread_blocked, id=6688, stack(0x000000b728100000,0x000000b728200000)]
  0x000001fa5cd7e800 JavaThread "Daemon client event forwarder" [_thread_blocked, id=7824, stack(0x000000b728200000,0x000000b728300000)]
  0x000001fa54e13000 JavaThread "C2 CompilerThread1" daemon [_thread_in_vm, id=11400, stack(0x000000b728300000,0x000000b728400000)]
  0x000001fa5cd81800 JavaThread "Cache worker for checksums cache (P:\SocialMedia\.gradle\7.5\checksums)" [_thread_blocked, id=7028, stack(0x000000b728400000,0x000000b728500000)]
  0x000001fa5cd7f800 JavaThread "Cache worker for cache directory md-rule (C:\Users\Administrator\.gradle\caches\7.5\md-rule)" [_thread_blocked, id=4484, stack(0x000000b728500000,0x000000b728600000)]
  0x000001fa5cd80000 JavaThread "Cache worker for file hash cache (P:\SocialMedia\.gradle\7.5\fileHashes)" [_thread_blocked, id=10696, stack(0x000000b728600000,0x000000b728700000)]
  0x000001fa5cd7d800 JavaThread "Cache worker for cache directory md-supplier (C:\Users\Administrator\.gradle\caches\7.5\md-supplier)" [_thread_blocked, id=2720, stack(0x000000b728c00000,0x000000b728d00000)]
  0x000001fa5cd81000 JavaThread "Cache worker for dependencies-accessors (P:\SocialMedia\.gradle\7.5\dependencies-accessors)" [_thread_blocked, id=9764, stack(0x000000b728d00000,0x000000b728e00000)]
  0x000001fa5cd82800 JavaThread "Cache worker for Build Output Cleanup Cache (P:\SocialMedia\.gradle\buildOutputCleanup)" [_thread_blocked, id=1672, stack(0x000000b728f00000,0x000000b729000000)]
  0x000001fa5cd7d000 JavaThread "Unconstrained build operations" [_thread_blocked, id=11844, stack(0x000000b729000000,0x000000b729100000)]
  0x000001fa5cd83800 JavaThread "Unconstrained build operations Thread 2" [_thread_blocked, id=9248, stack(0x000000b729600000,0x000000b729700000)]
  0x000001fa5cd85000 JavaThread "Unconstrained build operations Thread 3" [_thread_blocked, id=7812, stack(0x000000b729700000,0x000000b729800000)]
  0x000001fa5cd84000 JavaThread "Unconstrained build operations Thread 4" [_thread_blocked, id=10964, stack(0x000000b729800000,0x000000b729900000)]
  0x000001fa5cd86000 JavaThread "Unconstrained build operations Thread 5" [_thread_blocked, id=1176, stack(0x000000b729900000,0x000000b729a00000)]
  0x000001fa54fa2000 JavaThread "Unconstrained build operations Thread 6" [_thread_blocked, id=5080, stack(0x000000b729a00000,0x000000b729b00000)]
  0x000001fa54f9e000 JavaThread "Unconstrained build operations Thread 7" [_thread_blocked, id=11700, stack(0x000000b729b00000,0x000000b729c00000)]
  0x000001fa54f9e800 JavaThread "Unconstrained build operations Thread 8" [_thread_blocked, id=10716, stack(0x000000b729c00000,0x000000b729d00000)]
  0x000001fa54f9f800 JavaThread "Unconstrained build operations Thread 9" [_thread_blocked, id=8020, stack(0x000000b729d00000,0x000000b729e00000)]
  0x000001fa54fa6800 JavaThread "Unconstrained build operations Thread 10" [_thread_blocked, id=11636, stack(0x000000b729e00000,0x000000b729f00000)]
  0x000001fa54fa5000 JavaThread "Unconstrained build operations Thread 11" [_thread_blocked, id=10848, stack(0x000000b729f00000,0x000000b72a000000)]
  0x000001fa54fa6000 JavaThread "Unconstrained build operations Thread 12" [_thread_blocked, id=8148, stack(0x000000b72a000000,0x000000b72a100000)]
  0x000001fa54fa3800 JavaThread "Unconstrained build operations Thread 13" [_thread_blocked, id=7420, stack(0x000000b72a100000,0x000000b72a200000)]
  0x000001fa54fa1000 JavaThread "Unconstrained build operations Thread 14" [_thread_blocked, id=3100, stack(0x000000b72a200000,0x000000b72a300000)]
  0x000001fa54fa7800 JavaThread "Unconstrained build operations Thread 15" [_thread_blocked, id=6548, stack(0x000000b72a300000,0x000000b72a400000)]
  0x000001fa54fa4800 JavaThread "Unconstrained build operations Thread 16" [_thread_blocked, id=7488, stack(0x000000b72a400000,0x000000b72a500000)]
  0x000001fa54fa8800 JavaThread "Unconstrained build operations Thread 17" [_thread_blocked, id=3324, stack(0x000000b72a500000,0x000000b72a600000)]
  0x000001fa51d48000 JavaThread "Unconstrained build operations Thread 18" [_thread_blocked, id=11696, stack(0x000000b72a600000,0x000000b72a700000)]
  0x000001fa51d49000 JavaThread "Unconstrained build operations Thread 19" [_thread_blocked, id=10556, stack(0x000000b72a700000,0x000000b72a800000)]
  0x000001fa51d47800 JavaThread "Unconstrained build operations Thread 20" [_thread_blocked, id=10428, stack(0x000000b72a800000,0x000000b72a900000)]
  0x000001fa51d49800 JavaThread "Unconstrained build operations Thread 21" [_thread_blocked, id=11256, stack(0x000000b72a900000,0x000000b72aa00000)]
  0x000001fa51d4b800 JavaThread "Unconstrained build operations Thread 22" [_thread_blocked, id=9344, stack(0x000000b72aa00000,0x000000b72ab00000)]
  0x000001fa51d4c000 JavaThread "Unconstrained build operations Thread 23" [_thread_blocked, id=692, stack(0x000000b72ab00000,0x000000b72ac00000)]
  0x000001fa51d4e000 JavaThread "Unconstrained build operations Thread 24" [_thread_blocked, id=10996, stack(0x000000b72ac00000,0x000000b72ad00000)]
  0x000001fa51d4a800 JavaThread "Unconstrained build operations Thread 25" [_thread_blocked, id=11036, stack(0x000000b72ad00000,0x000000b72ae00000)]
  0x000001fa534c1800 JavaThread "Unconstrained build operations Thread 26" [_thread_blocked, id=3340, stack(0x000000b72ae00000,0x000000b72af00000)]
  0x000001fa534c0000 JavaThread "Unconstrained build operations Thread 27" [_thread_blocked, id=5072, stack(0x000000b72af00000,0x000000b72b000000)]
  0x000001fa534c7800 JavaThread "Unconstrained build operations Thread 28" [_thread_blocked, id=11420, stack(0x000000b72b000000,0x000000b72b100000)]
  0x000001fa534c6800 JavaThread "Unconstrained build operations Thread 29" [_thread_blocked, id=9524, stack(0x000000b72b100000,0x000000b72b200000)]
  0x000001fa534ce000 JavaThread "Unconstrained build operations Thread 30" [_thread_blocked, id=1080, stack(0x000000b72b200000,0x000000b72b300000)]
  0x000001fa534cd000 JavaThread "Unconstrained build operations Thread 31" [_thread_blocked, id=6500, stack(0x000000b72b300000,0x000000b72b400000)]
  0x000001fa534c8000 JavaThread "Unconstrained build operations Thread 32" [_thread_blocked, id=9148, stack(0x000000b72b400000,0x000000b72b500000)]
  0x000001fa530c6800 JavaThread "Unconstrained build operations Thread 33" [_thread_blocked, id=1264, stack(0x000000b72b500000,0x000000b72b600000)]
  0x000001fa530cc000 JavaThread "Unconstrained build operations Thread 34" [_thread_blocked, id=10552, stack(0x000000b72b600000,0x000000b72b700000)]
  0x000001fa530c7000 JavaThread "Unconstrained build operations Thread 35" [_thread_blocked, id=8620, stack(0x000000b72b700000,0x000000b72b800000)]
  0x000001fa530ca800 JavaThread "Unconstrained build operations Thread 36" [_thread_blocked, id=4664, stack(0x000000b72b800000,0x000000b72b900000)]
  0x000001fa530cd000 JavaThread "Unconstrained build operations Thread 37" [_thread_blocked, id=10464, stack(0x000000b72b900000,0x000000b72ba00000)]
  0x000001fa530c8000 JavaThread "Unconstrained build operations Thread 38" [_thread_blocked, id=2956, stack(0x000000b72ba00000,0x000000b72bb00000)]
  0x000001fa5ac07000 JavaThread "Unconstrained build operations Thread 39" [_thread_blocked, id=11304, stack(0x000000b72bb00000,0x000000b72bc00000)]
  0x000001fa5ac0a800 JavaThread "Unconstrained build operations Thread 40" [_thread_blocked, id=10680, stack(0x000000b72bc00000,0x000000b72bd00000)]
  0x000001fa5ac0b000 JavaThread "build event listener" [_thread_blocked, id=2828, stack(0x000000b72bd00000,0x000000b72be00000)]

Other Threads:
  0x000001fa50ff6800 VMThread "VM Thread" [stack: 0x000000b726e00000,0x000000b726f00000] [id=10252]
  0x000001fa511cc800 WatcherThread [stack: 0x000000b727800000,0x000000b727900000] [id=9984]
  0x000001fa34c1b800 GCTaskThread "GC Thread#0" [stack: 0x000000b726900000,0x000000b726a00000] [id=4364]
  0x000001fa519f7800 GCTaskThread "GC Thread#1" [stack: 0x000000b727a00000,0x000000b727b00000] [id=3960]
  0x000001fa51db4000 GCTaskThread "GC Thread#2" [stack: 0x000000b727b00000,0x000000b727c00000] [id=2216]
  0x000001fa51d82800 GCTaskThread "GC Thread#3" [stack: 0x000000b727c00000,0x000000b727d00000] [id=2536]
  0x000001fa34c4d000 ConcurrentGCThread "G1 Main Marker" [stack: 0x000000b726a00000,0x000000b726b00000] [id=8356]
  0x000001fa34c4e000 ConcurrentGCThread "G1 Conc#0" [stack: 0x000000b726b00000,0x000000b726c00000] [id=11804]
  0x000001fa50624800 ConcurrentGCThread "G1 Refine#0" [stack: 0x000000b726c00000,0x000000b726d00000] [id=5432]
  0x000001fa536aa800 ConcurrentGCThread "G1 Refine#1" [stack: 0x000000b72c900000,0x000000b72ca00000] [id=11776]
  0x000001fa5ab04800 ConcurrentGCThread "G1 Refine#2" [stack: 0x000000b72ca00000,0x000000b72cb00000] [id=4432]
  0x000001fa50625000 ConcurrentGCThread "G1 Young RemSet Sampling" [stack: 0x000000b726d00000,0x000000b726e00000] [id=3660]

Threads with active compile tasks:
C2 CompilerThread0   237787 15856       4       java.util.TreeMap::buildFromSorted (218 bytes)
C1 CompilerThread0   237787 15957       3       com.android.build.api.component.impl.ComponentImpl::computeTaskName (24 bytes)
C2 CompilerThread1   237787 15886       4       org.gradle.internal.operations.DefaultBuildOperationRunner::execute (147 bytes)

VM state:not at safepoint (normal execution)

VM Mutex/Monitor currently owned by a thread: None

Heap address: 0x0000000080000000, size: 2048 MB, Compressed Oops mode: 32-bit
Narrow klass base: 0x0000000000000000, Narrow klass shift: 3
Compressed class space size: 1073741824 Address: 0x0000000100000000

Heap:
 garbage-first heap   total 306176K, used 219648K [0x0000000080000000, 0x0000000100000000)
  region size 1024K, 77 young (78848K), 7 survivors (7168K)
 Metaspace       used 124082K, capacity 127941K, committed 128080K, reserved 1159168K
  class space    used 16101K, capacity 17573K, committed 17636K, reserved 1048576K
Heap Regions: E=young(eden), S=young(survivor), O=old, HS=humongous(starts), HC=humongous(continues), CS=collection set, F=free, A=archive, TAMS=top-at-mark-start (previous, next)
|   0|0x0000000080000000, 0x0000000080100000, 0x0000000080100000|100%|HS|  |TAMS 0x0000000080100000, 0x0000000080000000| Complete 
|   1|0x0000000080100000, 0x0000000080200000, 0x0000000080200000|100%|HC|  |TAMS 0x0000000080200000, 0x0000000080100000| Complete 
|   2|0x0000000080200000, 0x0000000080300000, 0x0000000080300000|100%|HC|  |TAMS 0x0000000080300000, 0x0000000080200000| Complete 
|   3|0x0000000080300000, 0x0000000080400000, 0x0000000080400000|100%| O|  |TAMS 0x0000000080400000, 0x0000000080300000| Untracked 
|   4|0x0000000080400000, 0x0000000080500000, 0x0000000080500000|100%| O|  |TAMS 0x0000000080500000, 0x0000000080400000| Untracked 
|   5|0x0000000080500000, 0x0000000080600000, 0x0000000080600000|100%| O|  |TAMS 0x0000000080600000, 0x0000000080500000| Untracked 
|   6|0x0000000080600000, 0x0000000080700000, 0x0000000080700000|100%| O|  |TAMS 0x0000000080700000, 0x0000000080600000| Untracked 
|   7|0x0000000080700000, 0x0000000080800000, 0x0000000080800000|100%| O|  |TAMS 0x0000000080800000, 0x0000000080700000| Untracked 
|   8|0x0000000080800000, 0x0000000080900000, 0x0000000080900000|100%| O|  |TAMS 0x0000000080900000, 0x0000000080800000| Untracked 
|   9|0x0000000080900000, 0x0000000080a00000, 0x0000000080a00000|100%| O|  |TAMS 0x0000000080a00000, 0x0000000080900000| Untracked 
|  10|0x0000000080a00000, 0x0000000080b00000, 0x0000000080b00000|100%| O|  |TAMS 0x0000000080b00000, 0x0000000080a00000| Untracked 
|  11|0x0000000080b00000, 0x0000000080c00000, 0x0000000080c00000|100%| O|  |TAMS 0x0000000080c00000, 0x0000000080b00000| Untracked 
|  12|0x0000000080c00000, 0x0000000080d00000, 0x0000000080d00000|100%| O|  |TAMS 0x0000000080d00000, 0x0000000080c00000| Untracked 
|  13|0x0000000080d00000, 0x0000000080e00000, 0x0000000080e00000|100%| O|  |TAMS 0x0000000080e00000, 0x0000000080d00000| Untracked 
|  14|0x0000000080e00000, 0x0000000080f00000, 0x0000000080f00000|100%| O|  |TAMS 0x0000000080f00000, 0x0000000080e00000| Untracked 
|  15|0x0000000080f00000, 0x0000000081000000, 0x0000000081000000|100%| O|  |TAMS 0x0000000081000000, 0x0000000080f00000| Untracked 
|  16|0x0000000081000000, 0x0000000081100000, 0x0000000081100000|100%| O|  |TAMS 0x0000000081100000, 0x0000000081000000| Untracked 
|  17|0x0000000081100000, 0x0000000081200000, 0x0000000081200000|100%|HS|  |TAMS 0x0000000081200000, 0x0000000081100000| Complete 
|  18|0x0000000081200000, 0x0000000081300000, 0x0000000081300000|100%|HC|  |TAMS 0x0000000081300000, 0x0000000081200000| Complete 
|  19|0x0000000081300000, 0x0000000081400000, 0x0000000081400000|100%|HS|  |TAMS 0x0000000081400000, 0x0000000081300000| Complete 
|  20|0x0000000081400000, 0x0000000081500000, 0x0000000081500000|100%|HS|  |TAMS 0x0000000081500000, 0x0000000081400000| Complete 
|  21|0x0000000081500000, 0x0000000081600000, 0x0000000081600000|100%|HS|  |TAMS 0x0000000081600000, 0x0000000081500000| Complete 
|  22|0x0000000081600000, 0x0000000081700000, 0x0000000081700000|100%|HC|  |TAMS 0x0000000081700000, 0x0000000081600000| Complete 
|  23|0x0000000081700000, 0x0000000081800000, 0x0000000081800000|100%|HC|  |TAMS 0x0000000081800000, 0x0000000081700000| Complete 
|  24|0x0000000081800000, 0x0000000081900000, 0x0000000081900000|100%|HC|  |TAMS 0x0000000081900000, 0x0000000081800000| Complete 
|  25|0x0000000081900000, 0x0000000081a00000, 0x0000000081a00000|100%| O|  |TAMS 0x0000000081a00000, 0x0000000081900000| Untracked 
|  26|0x0000000081a00000, 0x0000000081b00000, 0x0000000081b00000|100%| O|  |TAMS 0x0000000081b00000, 0x0000000081a00000| Untracked 
|  27|0x0000000081b00000, 0x0000000081c00000, 0x0000000081c00000|100%| O|  |TAMS 0x0000000081c00000, 0x0000000081b00000| Untracked 
|  28|0x0000000081c00000, 0x0000000081d00000, 0x0000000081d00000|100%| O|  |TAMS 0x0000000081d00000, 0x0000000081c00000| Untracked 
|  29|0x0000000081d00000, 0x0000000081e00000, 0x0000000081e00000|100%| O|  |TAMS 0x0000000081e00000, 0x0000000081d00000| Untracked 
|  30|0x0000000081e00000, 0x0000000081f00000, 0x0000000081f00000|100%| O|  |TAMS 0x0000000081f00000, 0x0000000081e00000| Untracked 
|  31|0x0000000081f00000, 0x0000000082000000, 0x0000000082000000|100%| O|  |TAMS 0x0000000082000000, 0x0000000081f00000| Untracked 
|  32|0x0000000082000000, 0x0000000082100000, 0x0000000082100000|100%| O|  |TAMS 0x0000000082100000, 0x0000000082000000| Untracked 
|  33|0x0000000082100000, 0x0000000082200000, 0x0000000082200000|100%| O|  |TAMS 0x0000000082200000, 0x0000000082100000| Untracked 
|  34|0x0000000082200000, 0x0000000082300000, 0x0000000082300000|100%| O|  |TAMS 0x0000000082300000, 0x0000000082200000| Untracked 
|  35|0x0000000082300000, 0x0000000082400000, 0x0000000082400000|100%| O|  |TAMS 0x0000000082400000, 0x0000000082300000| Untracked 
|  36|0x0000000082400000, 0x0000000082500000, 0x0000000082500000|100%| O|  |TAMS 0x0000000082500000, 0x0000000082400000| Untracked 
|  37|0x0000000082500000, 0x0000000082600000, 0x0000000082600000|100%| O|  |TAMS 0x0000000082600000, 0x0000000082500000| Untracked 
|  38|0x0000000082600000, 0x0000000082700000, 0x0000000082700000|100%| O|  |TAMS 0x0000000082700000, 0x0000000082600000| Untracked 
|  39|0x0000000082700000, 0x0000000082800000, 0x0000000082800000|100%| O|  |TAMS 0x0000000082800000, 0x0000000082700000| Untracked 
|  40|0x0000000082800000, 0x0000000082900000, 0x0000000082900000|100%| O|  |TAMS 0x0000000082900000, 0x0000000082800000| Untracked 
|  41|0x0000000082900000, 0x0000000082a00000, 0x0000000082a00000|100%| O|  |TAMS 0x0000000082a00000, 0x0000000082900000| Untracked 
|  42|0x0000000082a00000, 0x0000000082b00000, 0x0000000082b00000|100%| O|  |TAMS 0x0000000082b00000, 0x0000000082a00000| Untracked 
|  43|0x0000000082b00000, 0x0000000082c00000, 0x0000000082c00000|100%| O|  |TAMS 0x0000000082c00000, 0x0000000082b00000| Untracked 
|  44|0x0000000082c00000, 0x0000000082d00000, 0x0000000082d00000|100%| O|  |TAMS 0x0000000082d00000, 0x0000000082c00000| Untracked 
|  45|0x0000000082d00000, 0x0000000082e00000, 0x0000000082e00000|100%| O|  |TAMS 0x0000000082e00000, 0x0000000082d00000| Untracked 
|  46|0x0000000082e00000, 0x0000000082f00000, 0x0000000082f00000|100%| O|  |TAMS 0x0000000082f00000, 0x0000000082e00000| Untracked 
|  47|0x0000000082f00000, 0x0000000083000000, 0x0000000083000000|100%| O|  |TAMS 0x0000000083000000, 0x0000000082f00000| Untracked 
|  48|0x0000000083000000, 0x0000000083100000, 0x0000000083100000|100%| O|  |TAMS 0x0000000083100000, 0x0000000083000000| Untracked 
|  49|0x0000000083100000, 0x0000000083200000, 0x0000000083200000|100%| O|  |TAMS 0x0000000083200000, 0x0000000083100000| Untracked 
|  50|0x0000000083200000, 0x0000000083300000, 0x0000000083300000|100%| O|  |TAMS 0x0000000083300000, 0x0000000083200000| Untracked 
|  51|0x0000000083300000, 0x0000000083400000, 0x0000000083400000|100%| O|  |TAMS 0x0000000083400000, 0x0000000083300000| Untracked 
|  52|0x0000000083400000, 0x0000000083500000, 0x0000000083500000|100%| O|  |TAMS 0x0000000083500000, 0x0000000083400000| Untracked 
|  53|0x0000000083500000, 0x0000000083600000, 0x0000000083600000|100%| O|  |TAMS 0x0000000083600000, 0x0000000083500000| Untracked 
|  54|0x0000000083600000, 0x0000000083700000, 0x0000000083700000|100%| O|  |TAMS 0x0000000083700000, 0x0000000083600000| Untracked 
|  55|0x0000000083700000, 0x0000000083800000, 0x0000000083800000|100%| O|  |TAMS 0x0000000083800000, 0x0000000083700000| Untracked 
|  56|0x0000000083800000, 0x0000000083900000, 0x0000000083900000|100%| O|  |TAMS 0x0000000083900000, 0x0000000083800000| Untracked 
|  57|0x0000000083900000, 0x0000000083a00000, 0x0000000083a00000|100%| O|  |TAMS 0x0000000083a00000, 0x0000000083900000| Untracked 
|  58|0x0000000083a00000, 0x0000000083b00000, 0x0000000083b00000|100%| O|  |TAMS 0x0000000083b00000, 0x0000000083a00000| Untracked 
|  59|0x0000000083b00000, 0x0000000083c00000, 0x0000000083c00000|100%| O|  |TAMS 0x0000000083c00000, 0x0000000083b00000| Untracked 
|  60|0x0000000083c00000, 0x0000000083d00000, 0x0000000083d00000|100%| O|  |TAMS 0x0000000083d00000, 0x0000000083c00000| Untracked 
|  61|0x0000000083d00000, 0x0000000083e00000, 0x0000000083e00000|100%| O|  |TAMS 0x0000000083e00000, 0x0000000083d00000| Untracked 
|  62|0x0000000083e00000, 0x0000000083f00000, 0x0000000083f00000|100%| O|  |TAMS 0x0000000083f00000, 0x0000000083e00000| Untracked 
|  63|0x0000000083f00000, 0x0000000084000000, 0x0000000084000000|100%| O|  |TAMS 0x0000000084000000, 0x0000000083f00000| Untracked 
|  64|0x0000000084000000, 0x0000000084100000, 0x0000000084100000|100%| O|  |TAMS 0x0000000084100000, 0x0000000084000000| Untracked 
|  65|0x0000000084100000, 0x0000000084200000, 0x0000000084200000|100%| O|  |TAMS 0x0000000084200000, 0x0000000084100000| Untracked 
|  66|0x0000000084200000, 0x0000000084300000, 0x0000000084300000|100%| O|  |TAMS 0x0000000084300000, 0x0000000084200000| Untracked 
|  67|0x0000000084300000, 0x0000000084400000, 0x0000000084400000|100%| O|  |TAMS 0x0000000084400000, 0x0000000084300000| Untracked 
|  68|0x0000000084400000, 0x0000000084500000, 0x0000000084500000|100%| O|  |TAMS 0x0000000084500000, 0x0000000084400000| Untracked 
|  69|0x0000000084500000, 0x0000000084600000, 0x0000000084600000|100%| O|  |TAMS 0x0000000084600000, 0x0000000084500000| Untracked 
|  70|0x0000000084600000, 0x0000000084700000, 0x0000000084700000|100%| O|  |TAMS 0x0000000084700000, 0x0000000084600000| Untracked 
|  71|0x0000000084700000, 0x0000000084800000, 0x0000000084800000|100%| O|  |TAMS 0x0000000084800000, 0x0000000084700000| Untracked 
|  72|0x0000000084800000, 0x0000000084900000, 0x0000000084900000|100%| O|  |TAMS 0x0000000084900000, 0x0000000084800000| Untracked 
|  73|0x0000000084900000, 0x0000000084a00000, 0x0000000084a00000|100%| O|  |TAMS 0x0000000084a00000, 0x0000000084900000| Untracked 
|  74|0x0000000084a00000, 0x0000000084b00000, 0x0000000084b00000|100%| O|  |TAMS 0x0000000084b00000, 0x0000000084a00000| Untracked 
|  75|0x0000000084b00000, 0x0000000084c00000, 0x0000000084c00000|100%| O|  |TAMS 0x0000000084c00000, 0x0000000084b00000| Untracked 
|  76|0x0000000084c00000, 0x0000000084d00000, 0x0000000084d00000|100%| O|  |TAMS 0x0000000084d00000, 0x0000000084c00000| Untracked 
|  77|0x0000000084d00000, 0x0000000084e00000, 0x0000000084e00000|100%| O|  |TAMS 0x0000000084e00000, 0x0000000084d00000| Untracked 
|  78|0x0000000084e00000, 0x0000000084f00000, 0x0000000084f00000|100%| O|  |TAMS 0x0000000084f00000, 0x0000000084e00000| Untracked 
|  79|0x0000000084f00000, 0x0000000085000000, 0x0000000085000000|100%| O|  |TAMS 0x0000000085000000, 0x0000000084f00000| Untracked 
|  80|0x0000000085000000, 0x0000000085100000, 0x0000000085100000|100%| O|  |TAMS 0x0000000085100000, 0x0000000085000000| Untracked 
|  81|0x0000000085100000, 0x0000000085200000, 0x0000000085200000|100%| O|  |TAMS 0x0000000085200000, 0x0000000085100000| Untracked 
|  82|0x0000000085200000, 0x0000000085300000, 0x0000000085300000|100%| O|  |TAMS 0x0000000085300000, 0x0000000085200000| Untracked 
|  83|0x0000000085300000, 0x0000000085400000, 0x0000000085400000|100%| O|  |TAMS 0x0000000085400000, 0x0000000085300000| Untracked 
|  84|0x0000000085400000, 0x0000000085500000, 0x0000000085500000|100%| O|  |TAMS 0x0000000085500000, 0x0000000085400000| Untracked 
|  85|0x0000000085500000, 0x0000000085600000, 0x0000000085600000|100%| O|  |TAMS 0x0000000085600000, 0x0000000085500000| Untracked 
|  86|0x0000000085600000, 0x0000000085700000, 0x0000000085700000|100%| O|  |TAMS 0x0000000085700000, 0x0000000085600000| Untracked 
|  87|0x0000000085700000, 0x0000000085800000, 0x0000000085800000|100%| O|  |TAMS 0x0000000085800000, 0x0000000085700000| Untracked 
|  88|0x0000000085800000, 0x0000000085900000, 0x0000000085900000|100%| O|  |TAMS 0x0000000085900000, 0x0000000085800000| Untracked 
|  89|0x0000000085900000, 0x0000000085a00000, 0x0000000085a00000|100%| O|  |TAMS 0x0000000085a00000, 0x0000000085900000| Untracked 
|  90|0x0000000085a00000, 0x0000000085b00000, 0x0000000085b00000|100%| O|  |TAMS 0x0000000085b00000, 0x0000000085a00000| Untracked 
|  91|0x0000000085b00000, 0x0000000085c00000, 0x0000000085c00000|100%| O|  |TAMS 0x0000000085c00000, 0x0000000085b00000| Untracked 
|  92|0x0000000085c00000, 0x0000000085d00000, 0x0000000085d00000|100%| O|  |TAMS 0x0000000085d00000, 0x0000000085c00000| Untracked 
|  93|0x0000000085d00000, 0x0000000085e00000, 0x0000000085e00000|100%| O|  |TAMS 0x0000000085e00000, 0x0000000085d00000| Untracked 
|  94|0x0000000085e00000, 0x0000000085f00000, 0x0000000085f00000|100%| O|  |TAMS 0x0000000085f00000, 0x0000000085e00000| Untracked 
|  95|0x0000000085f00000, 0x0000000086000000, 0x0000000086000000|100%| O|  |TAMS 0x0000000086000000, 0x0000000085f00000| Untracked 
|  96|0x0000000086000000, 0x0000000086100000, 0x0000000086100000|100%| O|  |TAMS 0x0000000086100000, 0x0000000086000000| Untracked 
|  97|0x0000000086100000, 0x0000000086200000, 0x0000000086200000|100%| O|  |TAMS 0x0000000086200000, 0x0000000086100000| Untracked 
|  98|0x0000000086200000, 0x0000000086300000, 0x0000000086300000|100%| O|  |TAMS 0x0000000086300000, 0x0000000086200000| Untracked 
|  99|0x0000000086300000, 0x0000000086400000, 0x0000000086400000|100%| O|  |TAMS 0x0000000086400000, 0x0000000086300000| Untracked 
| 100|0x0000000086400000, 0x0000000086500000, 0x0000000086500000|100%| O|  |TAMS 0x0000000086500000, 0x0000000086400000| Untracked 
| 101|0x0000000086500000, 0x0000000086600000, 0x0000000086600000|100%| O|  |TAMS 0x0000000086600000, 0x0000000086500000| Untracked 
| 102|0x0000000086600000, 0x0000000086700000, 0x0000000086700000|100%| O|  |TAMS 0x0000000086700000, 0x0000000086600000| Untracked 
| 103|0x0000000086700000, 0x0000000086800000, 0x0000000086800000|100%| O|  |TAMS 0x0000000086800000, 0x0000000086700000| Untracked 
| 104|0x0000000086800000, 0x0000000086900000, 0x0000000086900000|100%| O|  |TAMS 0x0000000086900000, 0x0000000086800000| Untracked 
| 105|0x0000000086900000, 0x0000000086a00000, 0x0000000086a00000|100%| O|  |TAMS 0x0000000086a00000, 0x0000000086900000| Untracked 
| 106|0x0000000086a00000, 0x0000000086b00000, 0x0000000086b00000|100%| O|  |TAMS 0x0000000086b00000, 0x0000000086a00000| Untracked 
| 107|0x0000000086b00000, 0x0000000086c00000, 0x0000000086c00000|100%| O|  |TAMS 0x0000000086c00000, 0x0000000086b00000| Untracked 
| 108|0x0000000086c00000, 0x0000000086d00000, 0x0000000086d00000|100%| O|  |TAMS 0x0000000086d00000, 0x0000000086c00000| Untracked 
| 109|0x0000000086d00000, 0x0000000086e00000, 0x0000000086e00000|100%| O|  |TAMS 0x0000000086e00000, 0x0000000086d00000| Untracked 
| 110|0x0000000086e00000, 0x0000000086f00000, 0x0000000086f00000|100%| O|  |TAMS 0x0000000086f00000, 0x0000000086e00000| Untracked 
| 111|0x0000000086f00000, 0x0000000087000000, 0x0000000087000000|100%| O|  |TAMS 0x0000000087000000, 0x0000000086f00000| Untracked 
| 112|0x0000000087000000, 0x0000000087100000, 0x0000000087100000|100%| O|  |TAMS 0x0000000087100000, 0x0000000087000000| Untracked 
| 113|0x0000000087100000, 0x0000000087200000, 0x0000000087200000|100%| O|  |TAMS 0x0000000087200000, 0x0000000087100000| Untracked 
| 114|0x0000000087200000, 0x0000000087300000, 0x0000000087300000|100%| O|  |TAMS 0x0000000087300000, 0x0000000087200000| Untracked 
| 115|0x0000000087300000, 0x0000000087400000, 0x0000000087400000|100%|HS|  |TAMS 0x0000000087400000, 0x0000000087300000| Complete 
| 116|0x0000000087400000, 0x0000000087500000, 0x0000000087500000|100%|HC|  |TAMS 0x0000000087500000, 0x0000000087400000| Complete 
| 117|0x0000000087500000, 0x0000000087600000, 0x0000000087600000|100%|HS|  |TAMS 0x0000000087500000, 0x0000000087500000| Complete 
| 118|0x0000000087600000, 0x0000000087700000, 0x0000000087700000|100%|HC|  |TAMS 0x0000000087600000, 0x0000000087600000| Complete 
| 119|0x0000000087700000, 0x0000000087800000, 0x0000000087800000|100%|HS|  |TAMS 0x0000000087700000, 0x0000000087700000| Complete 
| 120|0x0000000087800000, 0x0000000087800000, 0x0000000087900000|  0%| F|  |TAMS 0x0000000087800000, 0x0000000087800000| Untracked 
| 121|0x0000000087900000, 0x0000000087900000, 0x0000000087a00000|  0%| F|  |TAMS 0x0000000087900000, 0x0000000087900000| Untracked 
| 122|0x0000000087a00000, 0x0000000087a00000, 0x0000000087b00000|  0%| F|  |TAMS 0x0000000087a00000, 0x0000000087a00000| Untracked 
| 123|0x0000000087b00000, 0x0000000087b00000, 0x0000000087c00000|  0%| F|  |TAMS 0x0000000087b00000, 0x0000000087b00000| Untracked 
| 124|0x0000000087c00000, 0x0000000087c00000, 0x0000000087d00000|  0%| F|  |TAMS 0x0000000087c00000, 0x0000000087c00000| Untracked 
| 125|0x0000000087d00000, 0x0000000087d00000, 0x0000000087e00000|  0%| F|  |TAMS 0x0000000087d00000, 0x0000000087d00000| Untracked 
| 126|0x0000000087e00000, 0x0000000087e00000, 0x0000000087f00000|  0%| F|  |TAMS 0x0000000087e00000, 0x0000000087e00000| Untracked 
| 127|0x0000000087f00000, 0x0000000087f00000, 0x0000000088000000|  0%| F|  |TAMS 0x0000000087f00000, 0x0000000087f00000| Untracked 
| 128|0x0000000088000000, 0x0000000088000000, 0x0000000088100000|  0%| F|  |TAMS 0x0000000088000000, 0x0000000088000000| Untracked 
| 129|0x0000000088100000, 0x0000000088200000, 0x0000000088200000|100%|HS|  |TAMS 0x0000000088200000, 0x0000000088100000| Complete 
| 130|0x0000000088200000, 0x0000000088300000, 0x0000000088300000|100%|HC|  |TAMS 0x0000000088300000, 0x0000000088200000| Complete 
| 131|0x0000000088300000, 0x0000000088300000, 0x0000000088400000|  0%| F|  |TAMS 0x0000000088300000, 0x0000000088300000| Untracked 
| 132|0x0000000088400000, 0x0000000088400000, 0x0000000088500000|  0%| F|  |TAMS 0x0000000088400000, 0x0000000088400000| Untracked 
| 133|0x0000000088500000, 0x0000000088600000, 0x0000000088600000|100%|HS|  |TAMS 0x0000000088600000, 0x0000000088500000| Complete 
| 134|0x0000000088600000, 0x0000000088700000, 0x0000000088700000|100%|HC|  |TAMS 0x0000000088700000, 0x0000000088600000| Complete 
| 135|0x0000000088700000, 0x0000000088800000, 0x0000000088800000|100%| O|  |TAMS 0x0000000088800000, 0x0000000088700000| Untracked 
| 136|0x0000000088800000, 0x0000000088900000, 0x0000000088900000|100%| O|  |TAMS 0x0000000088900000, 0x0000000088800000| Untracked 
| 137|0x0000000088900000, 0x0000000088a00000, 0x0000000088a00000|100%| O|  |TAMS 0x0000000088a00000, 0x0000000088900000| Untracked 
| 138|0x0000000088a00000, 0x0000000088b00000, 0x0000000088b00000|100%| O|  |TAMS 0x0000000088b00000, 0x0000000088a00000| Untracked 
| 139|0x0000000088b00000, 0x0000000088c00000, 0x0000000088c00000|100%| O|  |TAMS 0x0000000088c00000, 0x0000000088b00000| Untracked 
| 140|0x0000000088c00000, 0x0000000088d00000, 0x0000000088d00000|100%| O|  |TAMS 0x0000000088d00000, 0x0000000088c00000| Untracked 
| 141|0x0000000088d00000, 0x0000000088e00000, 0x0000000088e00000|100%| O|  |TAMS 0x0000000088e00000, 0x0000000088d00000| Untracked 
| 142|0x0000000088e00000, 0x0000000088f00000, 0x0000000088f00000|100%| O|  |TAMS 0x0000000088f00000, 0x0000000088e00000| Untracked 
| 143|0x0000000088f00000, 0x0000000089000000, 0x0000000089000000|100%| O|  |TAMS 0x0000000089000000, 0x0000000088f00000| Untracked 
| 144|0x0000000089000000, 0x0000000089100000, 0x0000000089100000|100%| O|  |TAMS 0x0000000089100000, 0x0000000089000000| Untracked 
| 145|0x0000000089100000, 0x0000000089200000, 0x0000000089200000|100%| O|  |TAMS 0x0000000089200000, 0x0000000089100000| Untracked 
| 146|0x0000000089200000, 0x0000000089300000, 0x0000000089300000|100%| O|  |TAMS 0x0000000089300000, 0x0000000089200000| Untracked 
| 147|0x0000000089300000, 0x0000000089400000, 0x0000000089400000|100%| O|  |TAMS 0x0000000089400000, 0x0000000089300000| Untracked 
| 148|0x0000000089400000, 0x0000000089500000, 0x0000000089500000|100%| O|  |TAMS 0x0000000089500000, 0x0000000089400000| Untracked 
| 149|0x0000000089500000, 0x0000000089600000, 0x0000000089600000|100%| O|  |TAMS 0x0000000089600000, 0x0000000089500000| Untracked 
| 150|0x0000000089600000, 0x0000000089700000, 0x0000000089700000|100%| O|  |TAMS 0x0000000089700000, 0x0000000089600000| Untracked 
| 151|0x0000000089700000, 0x0000000089700000, 0x0000000089800000|  0%| F|  |TAMS 0x0000000089700000, 0x0000000089700000| Untracked 
| 152|0x0000000089800000, 0x0000000089800000, 0x0000000089900000|  0%| F|  |TAMS 0x0000000089800000, 0x0000000089800000| Untracked 
| 153|0x0000000089900000, 0x0000000089900000, 0x0000000089a00000|  0%| F|  |TAMS 0x0000000089900000, 0x0000000089900000| Untracked 
| 154|0x0000000089a00000, 0x0000000089a00000, 0x0000000089b00000|  0%| F|  |TAMS 0x0000000089a00000, 0x0000000089a00000| Untracked 
| 155|0x0000000089b00000, 0x0000000089b00000, 0x0000000089c00000|  0%| F|  |TAMS 0x0000000089b00000, 0x0000000089b00000| Untracked 
| 156|0x0000000089c00000, 0x0000000089c00000, 0x0000000089d00000|  0%| F|  |TAMS 0x0000000089c00000, 0x0000000089c00000| Untracked 
| 157|0x0000000089d00000, 0x0000000089d00000, 0x0000000089e00000|  0%| F|  |TAMS 0x0000000089d00000, 0x0000000089d00000| Untracked 
| 158|0x0000000089e00000, 0x0000000089e00000, 0x0000000089f00000|  0%| F|  |TAMS 0x0000000089e00000, 0x0000000089e00000| Untracked 
| 159|0x0000000089f00000, 0x0000000089f00000, 0x000000008a000000|  0%| F|  |TAMS 0x0000000089f00000, 0x0000000089f00000| Untracked 
| 160|0x000000008a000000, 0x000000008a000000, 0x000000008a100000|  0%| F|  |TAMS 0x000000008a000000, 0x000000008a000000| Untracked 
| 161|0x000000008a100000, 0x000000008a100000, 0x000000008a200000|  0%| F|  |TAMS 0x000000008a100000, 0x000000008a100000| Untracked 
| 162|0x000000008a200000, 0x000000008a200000, 0x000000008a300000|  0%| F|  |TAMS 0x000000008a200000, 0x000000008a200000| Untracked 
| 163|0x000000008a300000, 0x000000008a300000, 0x000000008a400000|  0%| F|  |TAMS 0x000000008a300000, 0x000000008a300000| Untracked 
| 164|0x000000008a400000, 0x000000008a400000, 0x000000008a500000|  0%| F|  |TAMS 0x000000008a400000, 0x000000008a400000| Untracked 
| 165|0x000000008a500000, 0x000000008a500000, 0x000000008a600000|  0%| F|  |TAMS 0x000000008a500000, 0x000000008a500000| Untracked 
| 166|0x000000008a600000, 0x000000008a600000, 0x000000008a700000|  0%| F|  |TAMS 0x000000008a600000, 0x000000008a600000| Untracked 
| 167|0x000000008a700000, 0x000000008a700000, 0x000000008a800000|  0%| F|  |TAMS 0x000000008a700000, 0x000000008a700000| Untracked 
| 168|0x000000008a800000, 0x000000008a800000, 0x000000008a900000|  0%| F|  |TAMS 0x000000008a800000, 0x000000008a800000| Untracked 
| 169|0x000000008a900000, 0x000000008a900000, 0x000000008aa00000|  0%| F|  |TAMS 0x000000008a900000, 0x000000008a900000| Untracked 
| 170|0x000000008aa00000, 0x000000008aa00000, 0x000000008ab00000|  0%| F|  |TAMS 0x000000008aa00000, 0x000000008aa00000| Untracked 
| 171|0x000000008ab00000, 0x000000008ab00000, 0x000000008ac00000|  0%| F|  |TAMS 0x000000008ab00000, 0x000000008ab00000| Untracked 
| 172|0x000000008ac00000, 0x000000008ac00000, 0x000000008ad00000|  0%| F|  |TAMS 0x000000008ac00000, 0x000000008ac00000| Untracked 
| 173|0x000000008ad00000, 0x000000008ad00000, 0x000000008ae00000|  0%| F|  |TAMS 0x000000008ad00000, 0x000000008ad00000| Untracked 
| 174|0x000000008ae00000, 0x000000008ae00000, 0x000000008af00000|  0%| F|  |TAMS 0x000000008ae00000, 0x000000008ae00000| Untracked 
| 175|0x000000008af00000, 0x000000008af00000, 0x000000008b000000|  0%| F|  |TAMS 0x000000008af00000, 0x000000008af00000| Untracked 
| 176|0x000000008b000000, 0x000000008b000000, 0x000000008b100000|  0%| F|  |TAMS 0x000000008b000000, 0x000000008b000000| Untracked 
| 177|0x000000008b100000, 0x000000008b100000, 0x000000008b200000|  0%| F|  |TAMS 0x000000008b100000, 0x000000008b100000| Untracked 
| 178|0x000000008b200000, 0x000000008b200000, 0x000000008b300000|  0%| F|  |TAMS 0x000000008b200000, 0x000000008b200000| Untracked 
| 179|0x000000008b300000, 0x000000008b300000, 0x000000008b400000|  0%| F|  |TAMS 0x000000008b300000, 0x000000008b300000| Untracked 
| 180|0x000000008b400000, 0x000000008b400000, 0x000000008b500000|  0%| F|  |TAMS 0x000000008b400000, 0x000000008b400000| Untracked 
| 181|0x000000008b500000, 0x000000008b500000, 0x000000008b600000|  0%| F|  |TAMS 0x000000008b500000, 0x000000008b500000| Untracked 
| 182|0x000000008b600000, 0x000000008b600000, 0x000000008b700000|  0%| F|  |TAMS 0x000000008b600000, 0x000000008b600000| Untracked 
| 183|0x000000008b700000, 0x000000008b700000, 0x000000008b800000|  0%| F|  |TAMS 0x000000008b700000, 0x000000008b700000| Untracked 
| 184|0x000000008b800000, 0x000000008b800000, 0x000000008b900000|  0%| F|  |TAMS 0x000000008b800000, 0x000000008b800000| Untracked 
| 185|0x000000008b900000, 0x000000008b900000, 0x000000008ba00000|  0%| F|  |TAMS 0x000000008b900000, 0x000000008b900000| Untracked 
| 186|0x000000008ba00000, 0x000000008ba00000, 0x000000008bb00000|  0%| F|  |TAMS 0x000000008ba00000, 0x000000008ba00000| Untracked 
| 187|0x000000008bb00000, 0x000000008bb00000, 0x000000008bc00000|  0%| F|  |TAMS 0x000000008bb00000, 0x000000008bb00000| Untracked 
| 188|0x000000008bc00000, 0x000000008bc00000, 0x000000008bd00000|  0%| F|  |TAMS 0x000000008bc00000, 0x000000008bc00000| Untracked 
| 189|0x000000008bd00000, 0x000000008bd00000, 0x000000008be00000|  0%| F|  |TAMS 0x000000008bd00000, 0x000000008bd00000| Untracked 
| 190|0x000000008be00000, 0x000000008be00000, 0x000000008bf00000|  0%| F|  |TAMS 0x000000008be00000, 0x000000008be00000| Untracked 
| 191|0x000000008bf00000, 0x000000008bf00000, 0x000000008c000000|  0%| F|  |TAMS 0x000000008bf00000, 0x000000008bf00000| Untracked 
| 192|0x000000008c000000, 0x000000008c000000, 0x000000008c100000|  0%| F|  |TAMS 0x000000008c000000, 0x000000008c000000| Untracked 
| 193|0x000000008c100000, 0x000000008c100000, 0x000000008c200000|  0%| F|  |TAMS 0x000000008c100000, 0x000000008c100000| Untracked 
| 194|0x000000008c200000, 0x000000008c200000, 0x000000008c300000|  0%| F|  |TAMS 0x000000008c200000, 0x000000008c200000| Untracked 
| 195|0x000000008c300000, 0x000000008c300000, 0x000000008c400000|  0%| F|  |TAMS 0x000000008c300000, 0x000000008c300000| Untracked 
| 196|0x000000008c400000, 0x000000008c400000, 0x000000008c500000|  0%| F|  |TAMS 0x000000008c400000, 0x000000008c400000| Untracked 
| 197|0x000000008c500000, 0x000000008c500000, 0x000000008c600000|  0%| F|  |TAMS 0x000000008c500000, 0x000000008c500000| Untracked 
| 198|0x000000008c600000, 0x000000008c680000, 0x000000008c700000| 50%| S|CS|TAMS 0x000000008c600000, 0x000000008c600000| Complete 
| 199|0x000000008c700000, 0x000000008c800000, 0x000000008c800000|100%| S|CS|TAMS 0x000000008c700000, 0x000000008c700000| Complete 
| 200|0x000000008c800000, 0x000000008c900000, 0x000000008c900000|100%| S|CS|TAMS 0x000000008c800000, 0x000000008c800000| Complete 
| 201|0x000000008c900000, 0x000000008ca00000, 0x000000008ca00000|100%| S|CS|TAMS 0x000000008c900000, 0x000000008c900000| Complete 
| 202|0x000000008ca00000, 0x000000008cb00000, 0x000000008cb00000|100%| S|CS|TAMS 0x000000008ca00000, 0x000000008ca00000| Complete 
| 203|0x000000008cb00000, 0x000000008cc00000, 0x000000008cc00000|100%| S|CS|TAMS 0x000000008cb00000, 0x000000008cb00000| Complete 
| 204|0x000000008cc00000, 0x000000008cd00000, 0x000000008cd00000|100%| S|CS|TAMS 0x000000008cc00000, 0x000000008cc00000| Complete 
| 205|0x000000008cd00000, 0x000000008cd00000, 0x000000008ce00000|  0%| F|  |TAMS 0x000000008cd00000, 0x000000008cd00000| Untracked 
| 206|0x000000008ce00000, 0x000000008ce00000, 0x000000008cf00000|  0%| F|  |TAMS 0x000000008ce00000, 0x000000008ce00000| Untracked 
| 207|0x000000008cf00000, 0x000000008cf00000, 0x000000008d000000|  0%| F|  |TAMS 0x000000008cf00000, 0x000000008cf00000| Untracked 
| 208|0x000000008d000000, 0x000000008d000000, 0x000000008d100000|  0%| F|  |TAMS 0x000000008d000000, 0x000000008d000000| Untracked 
| 209|0x000000008d100000, 0x000000008d100000, 0x000000008d200000|  0%| F|  |TAMS 0x000000008d100000, 0x000000008d100000| Untracked 
| 210|0x000000008d200000, 0x000000008d200000, 0x000000008d300000|  0%| F|  |TAMS 0x000000008d200000, 0x000000008d200000| Untracked 
| 211|0x000000008d300000, 0x000000008d300000, 0x000000008d400000|  0%| F|  |TAMS 0x000000008d300000, 0x000000008d300000| Untracked 
| 212|0x000000008d400000, 0x000000008d400000, 0x000000008d500000|  0%| F|  |TAMS 0x000000008d400000, 0x000000008d400000| Untracked 
| 213|0x000000008d500000, 0x000000008d500000, 0x000000008d600000|  0%| F|  |TAMS 0x000000008d500000, 0x000000008d500000| Untracked 
| 214|0x000000008d600000, 0x000000008d600000, 0x000000008d700000|  0%| F|  |TAMS 0x000000008d600000, 0x000000008d600000| Untracked 
| 215|0x000000008d700000, 0x000000008d700000, 0x000000008d800000|  0%| F|  |TAMS 0x000000008d700000, 0x000000008d700000| Untracked 
| 216|0x000000008d800000, 0x000000008d800000, 0x000000008d900000|  0%| F|  |TAMS 0x000000008d800000, 0x000000008d800000| Untracked 
| 217|0x000000008d900000, 0x000000008d900000, 0x000000008da00000|  0%| F|  |TAMS 0x000000008d900000, 0x000000008d900000| Untracked 
| 218|0x000000008da00000, 0x000000008da00000, 0x000000008db00000|  0%| F|  |TAMS 0x000000008da00000, 0x000000008da00000| Untracked 
| 219|0x000000008db00000, 0x000000008db00000, 0x000000008dc00000|  0%| F|  |TAMS 0x000000008db00000, 0x000000008db00000| Untracked 
| 220|0x000000008dc00000, 0x000000008dc00000, 0x000000008dd00000|  0%| F|  |TAMS 0x000000008dc00000, 0x000000008dc00000| Untracked 
| 221|0x000000008dd00000, 0x000000008dd00000, 0x000000008de00000|  0%| F|  |TAMS 0x000000008dd00000, 0x000000008dd00000| Untracked 
| 222|0x000000008de00000, 0x000000008de00000, 0x000000008df00000|  0%| F|  |TAMS 0x000000008de00000, 0x000000008de00000| Untracked 
| 223|0x000000008df00000, 0x000000008df00000, 0x000000008e000000|  0%| F|  |TAMS 0x000000008df00000, 0x000000008df00000| Untracked 
| 224|0x000000008e000000, 0x000000008e000000, 0x000000008e100000|  0%| F|  |TAMS 0x000000008e000000, 0x000000008e000000| Untracked 
| 225|0x000000008e100000, 0x000000008e100000, 0x000000008e200000|  0%| F|  |TAMS 0x000000008e100000, 0x000000008e100000| Untracked 
| 226|0x000000008e200000, 0x000000008e200000, 0x000000008e300000|  0%| F|  |TAMS 0x000000008e200000, 0x000000008e200000| Untracked 
| 227|0x000000008e300000, 0x000000008e300000, 0x000000008e400000|  0%| F|  |TAMS 0x000000008e300000, 0x000000008e300000| Untracked 
| 228|0x000000008e400000, 0x000000008e400000, 0x000000008e500000|  0%| F|  |TAMS 0x000000008e400000, 0x000000008e400000| Untracked 
| 229|0x000000008e500000, 0x000000008e5eb9c8, 0x000000008e600000| 92%| E|  |TAMS 0x000000008e500000, 0x000000008e500000| Complete 
| 230|0x000000008e600000, 0x000000008e700000, 0x000000008e700000|100%| E|CS|TAMS 0x000000008e600000, 0x000000008e600000| Complete 
| 231|0x000000008e700000, 0x000000008e800000, 0x000000008e800000|100%| E|CS|TAMS 0x000000008e700000, 0x000000008e700000| Complete 
| 232|0x000000008e800000, 0x000000008e900000, 0x000000008e900000|100%| E|CS|TAMS 0x000000008e800000, 0x000000008e800000| Complete 
| 233|0x000000008e900000, 0x000000008ea00000, 0x000000008ea00000|100%| E|CS|TAMS 0x000000008e900000, 0x000000008e900000| Complete 
| 234|0x000000008ea00000, 0x000000008eb00000, 0x000000008eb00000|100%| E|CS|TAMS 0x000000008ea00000, 0x000000008ea00000| Complete 
| 235|0x000000008eb00000, 0x000000008ec00000, 0x000000008ec00000|100%| E|CS|TAMS 0x000000008eb00000, 0x000000008eb00000| Complete 
| 236|0x000000008ec00000, 0x000000008ed00000, 0x000000008ed00000|100%| E|CS|TAMS 0x000000008ec00000, 0x000000008ec00000| Complete 
| 237|0x000000008ed00000, 0x000000008ee00000, 0x000000008ee00000|100%| E|CS|TAMS 0x000000008ed00000, 0x000000008ed00000| Complete 
| 238|0x000000008ee00000, 0x000000008ef00000, 0x000000008ef00000|100%| E|CS|TAMS 0x000000008ee00000, 0x000000008ee00000| Complete 
| 239|0x000000008ef00000, 0x000000008f000000, 0x000000008f000000|100%| E|CS|TAMS 0x000000008ef00000, 0x000000008ef00000| Complete 
| 240|0x000000008f000000, 0x000000008f100000, 0x000000008f100000|100%| E|CS|TAMS 0x000000008f000000, 0x000000008f000000| Complete 
| 241|0x000000008f100000, 0x000000008f200000, 0x000000008f200000|100%| E|CS|TAMS 0x000000008f100000, 0x000000008f100000| Complete 
| 242|0x000000008f200000, 0x000000008f300000, 0x000000008f300000|100%| E|  |TAMS 0x000000008f200000, 0x000000008f200000| Complete 
| 243|0x000000008f300000, 0x000000008f400000, 0x000000008f400000|100%| E|CS|TAMS 0x000000008f300000, 0x000000008f300000| Complete 
| 244|0x000000008f400000, 0x000000008f500000, 0x000000008f500000|100%| E|CS|TAMS 0x000000008f400000, 0x000000008f400000| Complete 
| 245|0x000000008f500000, 0x000000008f600000, 0x000000008f600000|100%| E|CS|TAMS 0x000000008f500000, 0x000000008f500000| Complete 
| 246|0x000000008f600000, 0x000000008f700000, 0x000000008f700000|100%| E|CS|TAMS 0x000000008f600000, 0x000000008f600000| Complete 
| 247|0x000000008f700000, 0x000000008f800000, 0x000000008f800000|100%| E|CS|TAMS 0x000000008f700000, 0x000000008f700000| Complete 
| 248|0x000000008f800000, 0x000000008f900000, 0x000000008f900000|100%| E|CS|TAMS 0x000000008f800000, 0x000000008f800000| Complete 
| 249|0x000000008f900000, 0x000000008fa00000, 0x000000008fa00000|100%| E|CS|TAMS 0x000000008f900000, 0x000000008f900000| Complete 
| 250|0x000000008fa00000, 0x000000008fb00000, 0x000000008fb00000|100%| E|CS|TAMS 0x000000008fa00000, 0x000000008fa00000| Complete 
| 251|0x000000008fb00000, 0x000000008fc00000, 0x000000008fc00000|100%| E|CS|TAMS 0x000000008fb00000, 0x000000008fb00000| Complete 
| 252|0x000000008fc00000, 0x000000008fd00000, 0x000000008fd00000|100%| E|CS|TAMS 0x000000008fc00000, 0x000000008fc00000| Complete 
| 253|0x000000008fd00000, 0x000000008fe00000, 0x000000008fe00000|100%| E|CS|TAMS 0x000000008fd00000, 0x000000008fd00000| Complete 
| 254|0x000000008fe00000, 0x000000008ff00000, 0x000000008ff00000|100%| E|CS|TAMS 0x000000008fe00000, 0x000000008fe00000| Complete 
| 255|0x000000008ff00000, 0x0000000090000000, 0x0000000090000000|100%| E|CS|TAMS 0x000000008ff00000, 0x000000008ff00000| Complete 
| 256|0x0000000090000000, 0x0000000090100000, 0x0000000090100000|100%| E|CS|TAMS 0x0000000090000000, 0x0000000090000000| Complete 
| 257|0x0000000090100000, 0x0000000090200000, 0x0000000090200000|100%| E|CS|TAMS 0x0000000090100000, 0x0000000090100000| Complete 
| 258|0x0000000090200000, 0x0000000090300000, 0x0000000090300000|100%| E|CS|TAMS 0x0000000090200000, 0x0000000090200000| Complete 
| 259|0x0000000090300000, 0x0000000090400000, 0x0000000090400000|100%| E|CS|TAMS 0x0000000090300000, 0x0000000090300000| Complete 
| 260|0x0000000090400000, 0x0000000090500000, 0x0000000090500000|100%| E|CS|TAMS 0x0000000090400000, 0x0000000090400000| Complete 
| 261|0x0000000090500000, 0x0000000090600000, 0x0000000090600000|100%| E|CS|TAMS 0x0000000090500000, 0x0000000090500000| Complete 
| 262|0x0000000090600000, 0x0000000090700000, 0x0000000090700000|100%| E|CS|TAMS 0x0000000090600000, 0x0000000090600000| Complete 
| 263|0x0000000090700000, 0x0000000090800000, 0x0000000090800000|100%| E|CS|TAMS 0x0000000090700000, 0x0000000090700000| Complete 
| 264|0x0000000090800000, 0x0000000090900000, 0x0000000090900000|100%| E|CS|TAMS 0x0000000090800000, 0x0000000090800000| Complete 
| 265|0x0000000090900000, 0x0000000090a00000, 0x0000000090a00000|100%| E|CS|TAMS 0x0000000090900000, 0x0000000090900000| Complete 
| 266|0x0000000090a00000, 0x0000000090b00000, 0x0000000090b00000|100%| E|CS|TAMS 0x0000000090a00000, 0x0000000090a00000| Complete 
| 267|0x0000000090b00000, 0x0000000090c00000, 0x0000000090c00000|100%| E|CS|TAMS 0x0000000090b00000, 0x0000000090b00000| Complete 
| 268|0x0000000090c00000, 0x0000000090d00000, 0x0000000090d00000|100%| E|CS|TAMS 0x0000000090c00000, 0x0000000090c00000| Complete 
| 269|0x0000000090d00000, 0x0000000090e00000, 0x0000000090e00000|100%| E|CS|TAMS 0x0000000090d00000, 0x0000000090d00000| Complete 
| 270|0x0000000090e00000, 0x0000000090f00000, 0x0000000090f00000|100%| E|CS|TAMS 0x0000000090e00000, 0x0000000090e00000| Complete 
| 271|0x0000000090f00000, 0x0000000091000000, 0x0000000091000000|100%| E|CS|TAMS 0x0000000090f00000, 0x0000000090f00000| Complete 
| 272|0x0000000091000000, 0x0000000091100000, 0x0000000091100000|100%| E|CS|TAMS 0x0000000091000000, 0x0000000091000000| Complete 
| 273|0x0000000091100000, 0x0000000091200000, 0x0000000091200000|100%| E|CS|TAMS 0x0000000091100000, 0x0000000091100000| Complete 
| 274|0x0000000091200000, 0x0000000091300000, 0x0000000091300000|100%| E|CS|TAMS 0x0000000091200000, 0x0000000091200000| Complete 
| 275|0x0000000091300000, 0x0000000091400000, 0x0000000091400000|100%| E|CS|TAMS 0x0000000091300000, 0x0000000091300000| Complete 
| 276|0x0000000091400000, 0x0000000091500000, 0x0000000091500000|100%| E|CS|TAMS 0x0000000091400000, 0x0000000091400000| Complete 
| 277|0x0000000091500000, 0x0000000091600000, 0x0000000091600000|100%| E|CS|TAMS 0x0000000091500000, 0x0000000091500000| Complete 
| 278|0x0000000091600000, 0x0000000091700000, 0x0000000091700000|100%| E|CS|TAMS 0x0000000091600000, 0x0000000091600000| Complete 
| 279|0x0000000091700000, 0x0000000091800000, 0x0000000091800000|100%| E|CS|TAMS 0x0000000091700000, 0x0000000091700000| Complete 
| 280|0x0000000091800000, 0x0000000091900000, 0x0000000091900000|100%| E|CS|TAMS 0x0000000091800000, 0x0000000091800000| Complete 
| 281|0x0000000091900000, 0x0000000091a00000, 0x0000000091a00000|100%| E|CS|TAMS 0x0000000091900000, 0x0000000091900000| Complete 
| 282|0x0000000091a00000, 0x0000000091b00000, 0x0000000091b00000|100%| E|CS|TAMS 0x0000000091a00000, 0x0000000091a00000| Complete 
| 283|0x0000000091b00000, 0x0000000091c00000, 0x0000000091c00000|100%| E|CS|TAMS 0x0000000091b00000, 0x0000000091b00000| Complete 
| 284|0x0000000091c00000, 0x0000000091d00000, 0x0000000091d00000|100%| E|CS|TAMS 0x0000000091c00000, 0x0000000091c00000| Complete 
| 285|0x0000000091d00000, 0x0000000091e00000, 0x0000000091e00000|100%| E|CS|TAMS 0x0000000091d00000, 0x0000000091d00000| Complete 
| 286|0x0000000091e00000, 0x0000000091f00000, 0x0000000091f00000|100%| E|CS|TAMS 0x0000000091e00000, 0x0000000091e00000| Complete 
| 287|0x0000000091f00000, 0x0000000092000000, 0x0000000092000000|100%| E|CS|TAMS 0x0000000091f00000, 0x0000000091f00000| Complete 
| 288|0x0000000092000000, 0x0000000092100000, 0x0000000092100000|100%| E|CS|TAMS 0x0000000092000000, 0x0000000092000000| Complete 
| 289|0x0000000092100000, 0x0000000092200000, 0x0000000092200000|100%| E|CS|TAMS 0x0000000092100000, 0x0000000092100000| Complete 
| 290|0x0000000092200000, 0x0000000092300000, 0x0000000092300000|100%| E|CS|TAMS 0x0000000092200000, 0x0000000092200000| Complete 
| 291|0x0000000092300000, 0x0000000092400000, 0x0000000092400000|100%| E|CS|TAMS 0x0000000092300000, 0x0000000092300000| Complete 
| 292|0x0000000092400000, 0x0000000092500000, 0x0000000092500000|100%| E|CS|TAMS 0x0000000092400000, 0x0000000092400000| Complete 
| 293|0x0000000092500000, 0x0000000092600000, 0x0000000092600000|100%| E|CS|TAMS 0x0000000092500000, 0x0000000092500000| Complete 
| 294|0x0000000092600000, 0x0000000092700000, 0x0000000092700000|100%| E|CS|TAMS 0x0000000092600000, 0x0000000092600000| Complete 
| 295|0x0000000092700000, 0x0000000092800000, 0x0000000092800000|100%| E|CS|TAMS 0x0000000092700000, 0x0000000092700000| Complete 
| 296|0x0000000092800000, 0x0000000092900000, 0x0000000092900000|100%| E|CS|TAMS 0x0000000092800000, 0x0000000092800000| Complete 
| 297|0x0000000092900000, 0x0000000092a00000, 0x0000000092a00000|100%| E|CS|TAMS 0x0000000092900000, 0x0000000092900000| Complete 
| 298|0x0000000092a00000, 0x0000000092b00000, 0x0000000092b00000|100%| E|CS|TAMS 0x0000000092a00000, 0x0000000092a00000| Complete 

Card table byte_map: [0x000001fa49950000,0x000001fa49d50000] _byte_map_base: 0x000001fa49550000

Marking Bits (Prev, Next): (CMBitMap*) 0x000001fa34c444f8, (CMBitMap*) 0x000001fa34c44530
 Prev Bits: [0x000001fa4a150000, 0x000001fa4c150000)
 Next Bits: [0x000001fa4c150000, 0x000001fa4e150000)

Polling page: 0x000001fa34ce0000

Metaspace:

Usage:
  Non-class:    107.78 MB capacity,   105.45 MB ( 98%) used,     1.88 MB (  2%) free+waste,   456.06 KB ( <1%) overhead. 
      Class:     17.16 MB capacity,    15.72 MB ( 92%) used,     1.23 MB (  7%) free+waste,   209.88 KB (  1%) overhead. 
       Both:    124.94 MB capacity,   121.18 MB ( 97%) used,     3.11 MB (  2%) free+waste,   665.94 KB ( <1%) overhead. 

Virtual space:
  Non-class space:      108.00 MB reserved,     107.86 MB (>99%) committed 
      Class space:        1.00 GB reserved,      17.22 MB (  2%) committed 
             Both:        1.11 GB reserved,     125.08 MB ( 11%) committed 

Chunk freelists:
   Non-Class:  12.00 KB
       Class:  0 bytes
        Both:  12.00 KB

MaxMetaspaceSize: 17179869184.00 GB
CompressedClassSpaceSize: 1.00 GB
Initial GC threshold: 20.80 MB
Current GC threshold: 202.63 MB
CDS: off

CodeHeap 'non-profiled nmethods': size=120064Kb used=10235Kb max_used=10235Kb free=109828Kb
 bounds [0x000001fa419f0000, 0x000001fa423f0000, 0x000001fa48f30000]
CodeHeap 'profiled nmethods': size=120000Kb used=34203Kb max_used=34203Kb free=85796Kb
 bounds [0x000001fa3a4c0000, 0x000001fa3c630000, 0x000001fa419f0000]
CodeHeap 'non-nmethods': size=5696Kb used=2468Kb max_used=2516Kb free=3228Kb
 bounds [0x000001fa39f30000, 0x000001fa3a1b0000, 0x000001fa3a4c0000]
 total_blobs=16809 nmethods=15796 adapters=922
 compilation: enabled
              stopped_count=0, restarted_count=0
 full_count=0

Compilation events (20 events):
Event: 237.729 Thread 0x000001fa51049800 15884       3       org.jetbrains.kotlin.gradle.internal.StdlibDependencyManagementKt$configureStdlibVersionAlignment$1$1::<init> (16 bytes)
Event: 237.729 Thread 0x000001fa51049800 nmethod 15884 0x000001fa3c5f0f90 code [0x000001fa3c5f1160, 0x000001fa3c5f13d8]
Event: 237.729 Thread 0x000001fa51049800 15883       3       org.jetbrains.kotlin.gradle.internal.StdlibDependencyManagementKt$configureStdlibVersionAlignment$1::invoke (35 bytes)
Event: 237.730 Thread 0x000001fa51049800 nmethod 15883 0x000001fa3c5f1510 code [0x000001fa3c5f1720, 0x000001fa3c5f1d08]
Event: 237.730 Thread 0x000001fa51049800 15887       3       org.jetbrains.kotlin.gradle.internal.StdlibDependencyManagementKt$sam$org_gradle_api_Action$0::execute (12 bytes)
Event: 237.730 Thread 0x000001fa54e13000 nmethod 15825 0x000001fa423e9210 code [0x000001fa423e9580, 0x000001fa423ead18]
Event: 237.730 Thread 0x000001fa54e13000 15881       4       org.gradle.tooling.internal.provider.runner.ClientBuildEventGenerator::started (168 bytes)
Event: 237.730 Thread 0x000001fa51049800 nmethod 15887 0x000001fa3c5f1f10 code [0x000001fa3c5f20c0, 0x000001fa3c5f2288]
Event: 237.731 Thread 0x000001fa51049800 15888       3       org.gradle.api.internal.DefaultDomainObjectCollection::addEagerAction (32 bytes)
Event: 237.731 Thread 0x000001fa51049800 nmethod 15888 0x000001fa3c5f2390 code [0x000001fa3c5f2580, 0x000001fa3c5f29f8]
Event: 237.731 Thread 0x000001fa51049800 15889       3       org.gradle.api.internal.collections.DefaultCollectionEventRegister::registerEagerAddAction (7 bytes)
Event: 237.731 Thread 0x000001fa51049800 nmethod 15889 0x000001fa3c5f2b90 code [0x000001fa3c5f2d60, 0x000001fa3c5f3078]
Event: 237.731 Thread 0x000001fa51049800 15890       3       org.gradle.api.internal.collections.DefaultCollectionEventRegister::registerEagerAddDecoratedAction (11 bytes)
Event: 237.731 Thread 0x000001fa51049800 nmethod 15890 0x000001fa3c5f3210 code [0x000001fa3c5f33e0, 0x000001fa3c5f3698]
Event: 237.732 Thread 0x000001fa51049800 15891       3       com.google.common.collect.FluentIterable::getDelegate (12 bytes)
Event: 237.732 Thread 0x000001fa51049800 nmethod 15891 0x000001fa3c5f3810 code [0x000001fa3c5f39e0, 0x000001fa3c5f3ca8]
Event: 237.735 Thread 0x000001fa51049800 15892       3       org.gradle.tooling.internal.provider.runner.PluginApplicationTracker::track (16 bytes)
Event: 237.735 Thread 0x000001fa51049800 nmethod 15892 0x000001fa3c5f3d90 code [0x000001fa3c5f3f60, 0x000001fa3c5f4148]
Event: 237.736 Thread 0x000001fa51049800 15893       3       org.codehaus.groovy.runtime.MetaClassHelper::sameClasses (11 bytes)
Event: 237.736 Thread 0x000001fa51049800 nmethod 15893 0x000001fa3c5f4210 code [0x000001fa3c5f43c0, 0x000001fa3c5f44f8]

GC Heap History (20 events):
Event: 9.798 GC heap before
{Heap before GC invocations=11 (full 0):
 garbage-first heap   total 236544K, used 171276K [0x0000000080000000, 0x0000000100000000)
  region size 1024K, 113 young (115712K), 5 survivors (5120K)
 Metaspace       used 75748K, capacity 77574K, committed 77700K, reserved 1116160K
  class space    used 9761K, capacity 10494K, committed 10520K, reserved 1048576K
}
Event: 9.817 GC heap after
{Heap after GC invocations=12 (full 0):
 garbage-first heap   total 236544K, used 67731K [0x0000000080000000, 0x0000000100000000)
  region size 1024K, 11 young (11264K), 11 survivors (11264K)
 Metaspace       used 75748K, capacity 77574K, committed 77700K, reserved 1116160K
  class space    used 9761K, capacity 10494K, committed 10520K, reserved 1048576K
}
Event: 11.195 GC heap before
{Heap before GC invocations=13 (full 0):
 garbage-first heap   total 236544K, used 181395K [0x0000000080000000, 0x0000000100000000)
  region size 1024K, 122 young (124928K), 11 survivors (11264K)
 Metaspace       used 82279K, capacity 84202K, committed 84304K, reserved 1122304K
  class space    used 10664K, capacity 11415K, committed 11492K, reserved 1048576K
}
Event: 11.310 GC heap after
{Heap after GC invocations=14 (full 0):
 garbage-first heap   total 236544K, used 73531K [0x0000000080000000, 0x0000000100000000)
  region size 1024K, 13 young (13312K), 13 survivors (13312K)
 Metaspace       used 82279K, capacity 84202K, committed 84304K, reserved 1122304K
  class space    used 10664K, capacity 11415K, committed 11492K, reserved 1048576K
}
Event: 13.142 GC heap before
{Heap before GC invocations=15 (full 0):
 garbage-first heap   total 236544K, used 185147K [0x0000000080000000, 0x0000000100000000)
  region size 1024K, 122 young (124928K), 13 survivors (13312K)
 Metaspace       used 91221K, capacity 93417K, committed 93520K, reserved 1130496K
  class space    used 11875K, capacity 12722K, committed 12772K, reserved 1048576K
}
Event: 13.165 GC heap after
{Heap after GC invocations=16 (full 0):
 garbage-first heap   total 236544K, used 81064K [0x0000000080000000, 0x0000000100000000)
  region size 1024K, 13 young (13312K), 13 survivors (13312K)
 Metaspace       used 91221K, capacity 93417K, committed 93520K, reserved 1130496K
  class space    used 11875K, capacity 12722K, committed 12772K, reserved 1048576K
}
Event: 14.098 GC heap before
{Heap before GC invocations=16 (full 0):
 garbage-first heap   total 236544K, used 186536K [0x0000000080000000, 0x0000000100000000)
  region size 1024K, 117 young (119808K), 13 survivors (13312K)
 Metaspace       used 95068K, capacity 97478K, committed 97616K, reserved 1134592K
  class space    used 12305K, capacity 13228K, committed 13284K, reserved 1048576K
}
Event: 14.122 GC heap after
{Heap after GC invocations=17 (full 0):
 garbage-first heap   total 236544K, used 94496K [0x0000000080000000, 0x0000000100000000)
  region size 1024K, 15 young (15360K), 15 survivors (15360K)
 Metaspace       used 95068K, capacity 97478K, committed 97616K, reserved 1134592K
  class space    used 12305K, capacity 13228K, committed 13284K, reserved 1048576K
}
Event: 15.318 GC heap before
{Heap before GC invocations=17 (full 0):
 garbage-first heap   total 236544K, used 185632K [0x0000000080000000, 0x0000000100000000)
  region size 1024K, 105 young (107520K), 15 survivors (15360K)
 Metaspace       used 96363K, capacity 98956K, committed 99024K, reserved 1134592K
  class space    used 12406K, capacity 13387K, committed 13412K, reserved 1048576K
}
Event: 15.345 GC heap after
{Heap after GC invocations=18 (full 0):
 garbage-first heap   total 306176K, used 104417K [0x0000000080000000, 0x0000000100000000)
  region size 1024K, 9 young (9216K), 9 survivors (9216K)
 Metaspace       used 96363K, capacity 98956K, committed 99024K, reserved 1134592K
  class space    used 12406K, capacity 13387K, committed 13412K, reserved 1048576K
}
Event: 16.878 GC heap before
{Heap before GC invocations=18 (full 0):
 garbage-first heap   total 306176K, used 218081K [0x0000000080000000, 0x0000000100000000)
  region size 1024K, 121 young (123904K), 9 survivors (9216K)
 Metaspace       used 96880K, capacity 99517K, committed 99664K, reserved 1136640K
  class space    used 12451K, capacity 13448K, committed 13540K, reserved 1048576K
}
Event: 16.892 GC heap after
{Heap after GC invocations=19 (full 0):
 garbage-first heap   total 306176K, used 110049K [0x0000000080000000, 0x0000000100000000)
  region size 1024K, 14 young (14336K), 14 survivors (14336K)
 Metaspace       used 96880K, capacity 99517K, committed 99664K, reserved 1136640K
  class space    used 12451K, capacity 13448K, committed 13540K, reserved 1048576K
}
Event: 18.092 GC heap before
{Heap before GC invocations=19 (full 0):
 garbage-first heap   total 306176K, used 227809K [0x0000000080000000, 0x0000000100000000)
  region size 1024K, 130 young (133120K), 14 survivors (14336K)
 Metaspace       used 99726K, capacity 102406K, committed 102480K, reserved 1138688K
  class space    used 12791K, capacity 13796K, committed 13796K, reserved 1048576K
}
Event: 18.113 GC heap after
{Heap after GC invocations=20 (full 0):
 garbage-first heap   total 306176K, used 118107K [0x0000000080000000, 0x0000000100000000)
  region size 1024K, 15 young (15360K), 15 survivors (15360K)
 Metaspace       used 99726K, capacity 102406K, committed 102480K, reserved 1138688K
  class space    used 12791K, capacity 13796K, committed 13796K, reserved 1048576K
}
Event: 19.166 GC heap before
{Heap before GC invocations=20 (full 0):
 garbage-first heap   total 306176K, used 233819K [0x0000000080000000, 0x0000000100000000)
  region size 1024K, 129 young (132096K), 15 survivors (15360K)
 Metaspace       used 100941K, capacity 103645K, committed 103760K, reserved 1138688K
  class space    used 12959K, capacity 13969K, committed 14052K, reserved 1048576K
}
Event: 19.189 GC heap after
{Heap after GC invocations=21 (full 0):
 garbage-first heap   total 306176K, used 123254K [0x0000000080000000, 0x0000000100000000)
  region size 1024K, 14 young (14336K), 14 survivors (14336K)
 Metaspace       used 100941K, capacity 103645K, committed 103760K, reserved 1138688K
  class space    used 12959K, capacity 13969K, committed 14052K, reserved 1048576K
}
Event: 27.878 GC heap before
{Heap before GC invocations=21 (full 0):
 garbage-first heap   total 306176K, used 238966K [0x0000000080000000, 0x0000000100000000)
  region size 1024K, 128 young (131072K), 14 survivors (14336K)
 Metaspace       used 103416K, capacity 106318K, committed 106448K, reserved 1140736K
  class space    used 13322K, capacity 14406K, committed 14436K, reserved 1048576K
}
Event: 27.903 GC heap after
{Heap after GC invocations=22 (full 0):
 garbage-first heap   total 306176K, used 133756K [0x0000000080000000, 0x0000000100000000)
  region size 1024K, 16 young (16384K), 16 survivors (16384K)
 Metaspace       used 103416K, capacity 106318K, committed 106448K, reserved 1140736K
  class space    used 13322K, capacity 14406K, committed 14436K, reserved 1048576K
}
Event: 30.157 GC heap before
{Heap before GC invocations=22 (full 0):
 garbage-first heap   total 306176K, used 248444K [0x0000000080000000, 0x0000000100000000)
  region size 1024K, 110 young (112640K), 16 survivors (16384K)
 Metaspace       used 119770K, capacity 123514K, committed 123600K, reserved 1155072K
  class space    used 15733K, capacity 17233K, committed 17252K, reserved 1048576K
}
Event: 30.194 GC heap after
{Heap after GC invocations=23 (full 0):
 garbage-first heap   total 306176K, used 146944K [0x0000000080000000, 0x0000000100000000)
  region size 1024K, 7 young (7168K), 7 survivors (7168K)
 Metaspace       used 119770K, capacity 123514K, committed 123600K, reserved 1155072K
  class space    used 15733K, capacity 17233K, committed 17252K, reserved 1048576K
}

Deoptimization events (20 events):
Event: 237.628 Thread 0x000001fa5cd7a800 Uncommon trap: trap_request=0xffffffc6 fr.pc=0x000001fa422040f4 relative=0x00000000000010f4
Event: 237.629 Thread 0x000001fa5cd7a800 Uncommon trap: reason=bimorphic_or_optimized_type_check action=maybe_recompile pc=0x000001fa422040f4 method=org.gradle.internal.fingerprint.impl.DefaultFileCollectionSnapshotter$SnapshottingVisitor.visitCollection(Lorg/gradle/api/internal/file/FileCollect
Event: 237.629 Thread 0x000001fa5cd7a800 DEOPT PACKING pc=0x000001fa422040f4 sp=0x000000b7279f9960
Event: 237.629 Thread 0x000001fa5cd7a800 DEOPT UNPACKING pc=0x000001fa39f7a1af sp=0x000000b7279f9968 mode 2
Event: 237.629 Thread 0x000001fa5cd7a800 Uncommon trap: trap_request=0xffffffc6 fr.pc=0x000001fa421fcdf4 relative=0x0000000000000e34
Event: 237.629 Thread 0x000001fa5cd7a800 Uncommon trap: reason=bimorphic_or_optimized_type_check action=maybe_recompile pc=0x000001fa421fcdf4 method=org.gradle.internal.fingerprint.impl.DefaultCurrentFileCollectionFingerprint.from(Lorg/gradle/internal/snapshot/FileSystemSnapshot;Lorg/gradle/inte
Event: 237.629 Thread 0x000001fa5cd7a800 DEOPT PACKING pc=0x000001fa421fcdf4 sp=0x000000b7279f9a30
Event: 237.629 Thread 0x000001fa5cd7a800 DEOPT UNPACKING pc=0x000001fa39f7a1af sp=0x000000b7279f99f0 mode 2
Event: 237.630 Thread 0x000001fa5cd7a800 Uncommon trap: trap_request=0xffffffde fr.pc=0x000001fa420560d8 relative=0x00000000000000b8
Event: 237.630 Thread 0x000001fa5cd7a800 Uncommon trap: reason=class_check action=maybe_recompile pc=0x000001fa420560d8 method=java.util.RegularEnumSet.contains(Ljava/lang/Object;)Z @ 38 c2
Event: 237.630 Thread 0x000001fa5cd7a800 DEOPT PACKING pc=0x000001fa420560d8 sp=0x000000b7279fa0c0
Event: 237.630 Thread 0x000001fa5cd7a800 DEOPT UNPACKING pc=0x000001fa39f7a1af sp=0x000000b7279fa048 mode 2
Event: 237.632 Thread 0x000001fa5cd7e800 Uncommon trap: trap_request=0xffffff4d fr.pc=0x000001fa4234a474 relative=0x0000000000006a74
Event: 237.632 Thread 0x000001fa5cd7e800 Uncommon trap: reason=unstable_if action=reinterpret pc=0x000001fa4234a474 method=java.io.ObjectOutputStream.writeOrdinaryObject(Ljava/lang/Object;Ljava/io/ObjectStreamClass;Z)V @ 113 c2
Event: 237.632 Thread 0x000001fa5cd7e800 DEOPT PACKING pc=0x000001fa4234a474 sp=0x000000b7282fe240
Event: 237.632 Thread 0x000001fa5cd7e800 DEOPT UNPACKING pc=0x000001fa39f7a1af sp=0x000000b7282fe230 mode 2
Event: 237.643 Thread 0x000001fa5cd7a800 Uncommon trap: trap_request=0xffffffcc fr.pc=0x000001fa423d7cd4 relative=0x0000000000000314
Event: 237.643 Thread 0x000001fa5cd7a800 Uncommon trap: reason=intrinsic_or_type_checked_inlining action=make_not_entrant pc=0x000001fa423d7cd4 method=java.util.Arrays.copyOfRange([Ljava/lang/Object;IILjava/lang/Class;)[Ljava/lang/Object; @ 83 c2
Event: 237.643 Thread 0x000001fa5cd7a800 DEOPT PACKING pc=0x000001fa423d7cd4 sp=0x000000b7279f6910
Event: 237.643 Thread 0x000001fa5cd7a800 DEOPT UNPACKING pc=0x000001fa39f7a1af sp=0x000000b7279f6890 mode 2

Classes redefined (0 events):
No events

Internal exceptions (20 events):
Event: 29.313 Thread 0x000001fa51d4c000 Exception <a 'sun/nio/fs/WindowsException'{0x000000008ed27160}> (0x000000008ed27160) thrown at [src/hotspot/share/prims/jni.cpp, line 617]
Event: 29.517 Thread 0x000001fa51d4c000 Exception <a 'sun/nio/fs/WindowsException'{0x000000008e4012c8}> (0x000000008e4012c8) thrown at [src/hotspot/share/prims/jni.cpp, line 617]
Event: 29.726 Thread 0x000001fa54fa6800 Exception <a 'java/lang/NoSuchMethodError'{0x000000008dbfedd8}: <clinit>> (0x000000008dbfedd8) thrown at [src/hotspot/share/prims/jni.cpp, line 1367]
Event: 29.728 Thread 0x000001fa54fa6800 Exception <a 'java/lang/NoSuchMethodError'{0x000000008da11e60}: <clinit>> (0x000000008da11e60) thrown at [src/hotspot/share/prims/jni.cpp, line 1367]
Event: 29.805 Thread 0x000001fa51d47800 Exception <a 'sun/nio/fs/WindowsException'{0x000000008d829ee8}> (0x000000008d829ee8) thrown at [src/hotspot/share/prims/jni.cpp, line 617]
Event: 29.814 Thread 0x000001fa51d47800 Implicit null exception at 0x000001fa41b3ca60 to 0x000001fa41b3f450
Event: 29.924 Thread 0x000001fa51d47800 Exception <a 'java/lang/NoSuchMethodError'{0x000000008d8de608}: 'java.lang.Object java.lang.invoke.DirectMethodHandle$Holder.invokeStatic(java.lang.Object, java.lang.Object, java.lang.Object, java.lang.Object, java.lang.Object, int, java.lang.Object)'> (0x000000008d8de608) thrown at [src/hotspot/share/interpreter/linkResolver.cpp, line 773]
Event: 29.924 Thread 0x000001fa51d47800 Exception <a 'java/lang/NoSuchMethodError'{0x000000008d8e5a48}: 'java.lang.Object java.lang.invoke.Invokers$Holder.linkToTargetMethod(java.lang.Object, java.lang.Object, java.lang.Object, java.lang.Object, int, java.lang.Object, java.lang.Object)'> (0x000000008d8e5a48) thrown at [src/hotspot/share/interpreter/linkResolver.cpp, line 773]
Event: 29.984 Thread 0x000001fa51d47800 Exception <a 'java/lang/NoSuchMethodError'{0x000000008d4d01d0}: 'java.lang.Object java.lang.invoke.DirectMethodHandle$Holder.invokeSpecial(java.lang.Object, java.lang.Object, java.lang.Object, java.lang.Object, java.lang.Object, java.lang.Object, java.lang.Object, int, java.lang.Object)'> (0x000000008d4d01d0) thrown at [src/hotspot/share/interpreter/linkResolver.cpp, line 773]
Event: 29.984 Thread 0x000001fa51d47800 Exception <a 'java/lang/NoSuchMethodError'{0x000000008d4d9680}: 'java.lang.Object java.lang.invoke.DirectMethodHandle$Holder.invokeStatic(java.lang.Object, java.lang.Object, java.lang.Object, java.lang.Object, java.lang.Object, java.lang.Object, java.lang.Object, int)'> (0x000000008d4d9680) thrown at [src/hotspot/share/interpreter/linkResolver.cpp, line 773]
Event: 29.984 Thread 0x000001fa51d47800 Exception <a 'java/lang/NoSuchMethodError'{0x000000008d4ddb98}: 'java.lang.Object java.lang.invoke.DirectMethodHandle$Holder.invokeSpecial(java.lang.Object, java.lang.Object, java.lang.Object, java.lang.Object, java.lang.Object, java.lang.Object, java.lang.Object, java.lang.Object, int)'> (0x000000008d4ddb98) thrown at [src/hotspot/share/interpreter/linkResolver.cpp, line 773]
Event: 29.985 Thread 0x000001fa51d47800 Exception <a 'java/lang/NoSuchMethodError'{0x000000008d4e14d8}: 'java.lang.Object java.lang.invoke.Invokers$Holder.linkToTargetMethod(java.lang.Object, java.lang.Object, java.lang.Object, java.lang.Object, java.lang.Object, java.lang.Object, int, java.lang.Object)'> (0x000000008d4e14d8) thrown at [src/hotspot/share/interpreter/linkResolver.cpp, line 773]
Event: 30.278 Thread 0x000001fa51d47800 Exception <a 'java/lang/NoSuchMethodError'{0x00000000929c3728}: 'java.lang.Object java.lang.invoke.DirectMethodHandle$Holder.invokeVirtual(java.lang.Object, java.lang.Object, int)'> (0x00000000929c3728) thrown at [src/hotspot/share/interpreter/linkResolver.cpp, line 773]
Event: 30.417 Thread 0x000001fa5cd7b000 Exception <a 'sun/nio/fs/WindowsException'{0x0000000092798e78}> (0x0000000092798e78) thrown at [src/hotspot/share/prims/jni.cpp, line 617]
Event: 30.425 Thread 0x000001fa530c8000 Exception <a 'sun/nio/fs/WindowsException'{0x00000000927cc090}> (0x00000000927cc090) thrown at [src/hotspot/share/prims/jni.cpp, line 617]
Event: 30.425 Thread 0x000001fa530c8000 Exception <a 'sun/nio/fs/WindowsException'{0x00000000927cc118}> (0x00000000927cc118) thrown at [src/hotspot/share/prims/jni.cpp, line 617]
Event: 30.425 Thread 0x000001fa530c8000 Exception <a 'sun/nio/fs/WindowsException'{0x00000000927cd9c0}> (0x00000000927cd9c0) thrown at [src/hotspot/share/prims/jni.cpp, line 617]
Event: 30.667 Thread 0x000001fa530c8000 Implicit null exception at 0x000001fa420d18af to 0x000001fa420d18fc
Event: 237.169 Thread 0x000001fa5cd7a800 Implicit null exception at 0x000001fa420915f6 to 0x000001fa42091900
Event: 237.672 Thread 0x000001fa5cd7a800 Exception <a 'sun/nio/fs/WindowsException'{0x000000008eb119f8}> (0x000000008eb119f8) thrown at [src/hotspot/share/prims/jni.cpp, line 617]

Events (20 events):
Event: 237.639 Executing VM operation: RevokeBias done
Event: 237.639 Executing VM operation: RevokeBias
Event: 237.639 Executing VM operation: RevokeBias done
Event: 237.640 Executing VM operation: RevokeBias
Event: 237.640 Executing VM operation: RevokeBias done
Event: 237.640 Executing VM operation: RevokeBias
Event: 237.640 Executing VM operation: RevokeBias done
Event: 237.647 Thread 0x000001fa5ac0b000 Thread added: 0x000001fa5ac0b000
Event: 237.664 Executing VM operation: RevokeBias
Event: 237.665 Executing VM operation: RevokeBias done
Event: 237.679 Executing VM operation: RevokeBias
Event: 237.679 Executing VM operation: RevokeBias done
Event: 237.690 Executing VM operation: RevokeBias
Event: 237.690 Executing VM operation: RevokeBias done
Event: 237.690 Executing VM operation: RevokeBias
Event: 237.690 Executing VM operation: RevokeBias done
Event: 237.690 Executing VM operation: RevokeBias
Event: 237.690 Executing VM operation: RevokeBias done
Event: 237.693 Executing VM operation: RevokeBias
Event: 237.693 Executing VM operation: RevokeBias done


Dynamic libraries:
0x00007ff7cedd0000 - 0x00007ff7cedda000 	C:\Program Files\Android\Android Studio\jbr\bin\java.exe
0x00007ff87b370000 - 0x00007ff87b568000 	C:\Windows\SYSTEM32\ntdll.dll
0x00007ff8797c0000 - 0x00007ff87987f000 	C:\Windows\System32\KERNEL32.DLL
0x00007ff878f70000 - 0x00007ff879242000 	C:\Windows\System32\KERNELBASE.dll
0x00007ff878d00000 - 0x00007ff878e00000 	C:\Windows\System32\ucrtbase.dll
0x00007ff853c30000 - 0x00007ff853c4b000 	C:\Program Files\Android\Android Studio\jbr\bin\VCRUNTIME140.dll
0x00007ff861c30000 - 0x00007ff861c47000 	C:\Program Files\Android\Android Studio\jbr\bin\jli.dll
0x00007ff87a290000 - 0x00007ff87a431000 	C:\Windows\System32\USER32.dll
0x00007ff878e00000 - 0x00007ff878e22000 	C:\Windows\System32\win32u.dll
0x00007ff863db0000 - 0x00007ff86404a000 	C:\Windows\WinSxS\amd64_microsoft.windows.common-controls_6595b64144ccf1df_6.0.19041.1110_none_60b5254171f9507e\COMCTL32.dll
0x00007ff87a440000 - 0x00007ff87a46b000 	C:\Windows\System32\GDI32.dll
0x00007ff879f80000 - 0x00007ff87a01e000 	C:\Windows\System32\msvcrt.dll
0x00007ff878ba0000 - 0x00007ff878caf000 	C:\Windows\System32\gdi32full.dll
0x00007ff878e30000 - 0x00007ff878ecd000 	C:\Windows\System32\msvcp_win.dll
0x00007ff879770000 - 0x00007ff8797a2000 	C:\Windows\System32\IMM32.DLL
0x00007ff845d80000 - 0x00007ff845e0d000 	C:\Program Files\Android\Android Studio\jbr\bin\msvcp140.dll
0x00007ff82ec00000 - 0x00007ff82ec0c000 	C:\Windows\SYSTEM32\VCRUNTIME140_1.dll
0x00007ff80df50000 - 0x00007ff80eb0c000 	C:\Program Files\Android\Android Studio\jbr\bin\server\jvm.dll
0x00007ff87a470000 - 0x00007ff87a51e000 	C:\Windows\System32\ADVAPI32.dll
0x00007ff879cf0000 - 0x00007ff879d8c000 	C:\Windows\System32\sechost.dll
0x00007ff879da0000 - 0x00007ff879ec5000 	C:\Windows\System32\RPCRT4.dll
0x00007ff879d90000 - 0x00007ff879d98000 	C:\Windows\System32\PSAPI.DLL
0x00007ff82ec30000 - 0x00007ff82ec39000 	C:\Windows\SYSTEM32\WSOCK32.dll
0x00007ff86e850000 - 0x00007ff86e877000 	C:\Windows\SYSTEM32\WINMM.dll
0x00007ff872a60000 - 0x00007ff872a6a000 	C:\Windows\SYSTEM32\VERSION.dll
0x00007ff87a020000 - 0x00007ff87a08b000 	C:\Windows\System32\WS2_32.dll
0x00007ff876940000 - 0x00007ff876952000 	C:\Windows\SYSTEM32\kernel.appcore.dll
0x00007ff874540000 - 0x00007ff874550000 	C:\Program Files\Android\Android Studio\jbr\bin\verify.dll
0x00007ff864d20000 - 0x00007ff864f04000 	C:\Windows\SYSTEM32\DBGHELP.DLL
0x00007ff864a00000 - 0x00007ff864a35000 	C:\Windows\SYSTEM32\dbgcore.DLL
0x00007ff878a60000 - 0x00007ff878ae2000 	C:\Windows\System32\bcryptPrimitives.dll
0x00007ff874510000 - 0x00007ff874538000 	C:\Program Files\Android\Android Studio\jbr\bin\java.dll
0x00007ff874500000 - 0x00007ff87450a000 	C:\Program Files\Android\Android Studio\jbr\bin\jimage.dll
0x00007ff8744e0000 - 0x00007ff8744f8000 	C:\Program Files\Android\Android Studio\jbr\bin\zip.dll
0x00007ff87a6d0000 - 0x00007ff87ae14000 	C:\Windows\System32\SHELL32.dll
0x00007ff876b40000 - 0x00007ff8772d2000 	C:\Windows\SYSTEM32\windows.storage.dll
0x00007ff879410000 - 0x00007ff879765000 	C:\Windows\System32\combase.dll
0x00007ff8783e0000 - 0x00007ff878410000 	C:\Windows\SYSTEM32\Wldp.dll
0x00007ff879ed0000 - 0x00007ff879f7d000 	C:\Windows\System32\SHCORE.dll
0x00007ff87b060000 - 0x00007ff87b0b5000 	C:\Windows\System32\shlwapi.dll
0x00007ff8789a0000 - 0x00007ff8789bf000 	C:\Windows\SYSTEM32\profapi.dll
0x00007ff86a0c0000 - 0x00007ff86a0d9000 	C:\Program Files\Android\Android Studio\jbr\bin\net.dll
0x00007ff871d90000 - 0x00007ff871e9c000 	C:\Windows\SYSTEM32\WINHTTP.dll
0x00007ff878140000 - 0x00007ff8781aa000 	C:\Windows\system32\mswsock.dll
0x00007ff86a0a0000 - 0x00007ff86a0b3000 	C:\Program Files\Android\Android Studio\jbr\bin\nio.dll
0x00007ff8534c0000 - 0x00007ff8534e7000 	C:\Users\Administrator\.gradle\native\e1d6ef7f7dcc3fd88c89a11ec53ec762bb8ba0a96d01ffa2cd45eb1d1d8dd5c5\windows-amd64\native-platform.dll
0x00007ff8187b0000 - 0x00007ff8188f4000 	C:\Users\Administrator\.gradle\native\0d407fdbe67a94daf76414ababcb853783967236a71b16ec16e742cd7a986fd3\windows-amd64\native-platform-file-events.dll
0x00007ff873eb0000 - 0x00007ff873eba000 	C:\Program Files\Android\Android Studio\jbr\bin\management.dll
0x00007ff86a090000 - 0x00007ff86a09b000 	C:\Program Files\Android\Android Studio\jbr\bin\management_ext.dll
0x00007ff878330000 - 0x00007ff878348000 	C:\Windows\SYSTEM32\CRYPTSP.dll
0x00007ff877a60000 - 0x00007ff877a94000 	C:\Windows\system32\rsaenh.dll
0x00007ff878f40000 - 0x00007ff878f67000 	C:\Windows\System32\bcrypt.dll
0x00007ff878920000 - 0x00007ff87894e000 	C:\Windows\SYSTEM32\USERENV.dll
0x00007ff878350000 - 0x00007ff87835c000 	C:\Windows\SYSTEM32\CRYPTBASE.dll
0x00007ff877e30000 - 0x00007ff877e6b000 	C:\Windows\SYSTEM32\IPHLPAPI.DLL
0x00007ff8797b0000 - 0x00007ff8797b8000 	C:\Windows\System32\NSI.dll
0x00007ff872a90000 - 0x00007ff872aa7000 	C:\Windows\SYSTEM32\dhcpcsvc6.DLL
0x00007ff872a70000 - 0x00007ff872a8d000 	C:\Windows\SYSTEM32\dhcpcsvc.DLL
0x00007ff877e70000 - 0x00007ff877f3a000 	C:\Windows\SYSTEM32\DNSAPI.dll
0x00007ff86a070000 - 0x00007ff86a087000 	C:\Windows\system32\napinsp.dll
0x00007ff86a050000 - 0x00007ff86a06b000 	C:\Windows\system32\pnrpnsp.dll
0x00007ff85b4b0000 - 0x00007ff85b4c5000 	C:\Windows\system32\wshbth.dll
0x00007ff874470000 - 0x00007ff87448d000 	C:\Windows\system32\NLAapi.dll
0x00007ff86a030000 - 0x00007ff86a042000 	C:\Windows\System32\winrnr.dll
0x00000000500e0000 - 0x0000000050106000 	C:\Program Files\Bonjour\mdnsNSP.dll
0x00007ff8698e0000 - 0x00007ff8698ea000 	C:\Windows\System32\rasadhlp.dll
0x00007ff86b0a0000 - 0x00007ff86b120000 	C:\Windows\System32\fwpuclnt.dll
0x00007ff853c10000 - 0x00007ff853c2e000 	C:\Users\Administrator\AppData\Local\Temp\native-platform11607782781818213482dir\native-platform.dll
0x00007ff859d30000 - 0x00007ff859d37000 	C:\Program Files\Android\Android Studio\jbr\bin\rmi.dll
0x00007ff8651f0000 - 0x00007ff865217000 	C:\Program Files\Android\Android Studio\jbr\bin\sunec.dll

dbghelp: loaded successfully - version: 4.0.5 - missing functions: none
symbol engine: initialized successfully - sym options: 0x614 - pdb path: .;C:\Program Files\Android\Android Studio\jbr\bin;C:\Windows\SYSTEM32;C:\Windows\WinSxS\amd64_microsoft.windows.common-controls_6595b64144ccf1df_6.0.19041.1110_none_60b5254171f9507e;C:\Program Files\Android\Android Studio\jbr\bin\server;C:\Users\Administrator\.gradle\native\e1d6ef7f7dcc3fd88c89a11ec53ec762bb8ba0a96d01ffa2cd45eb1d1d8dd5c5\windows-amd64;C:\Users\Administrator\.gradle\native\0d407fdbe67a94daf76414ababcb853783967236a71b16ec16e742cd7a986fd3\windows-amd64;C:\Program Files\Bonjour;C:\Users\Administrator\AppData\Local\Temp\native-platform11607782781818213482dir

VM Arguments:
jvm_args: --add-opens=java.base/java.util=ALL-UNNAMED --add-opens=java.base/java.lang=ALL-UNNAMED --add-opens=java.base/java.lang.invoke=ALL-UNNAMED --add-opens=java.base/java.util=ALL-UNNAMED --add-opens=java.prefs/java.util.prefs=ALL-UNNAMED --add-opens=java.prefs/java.util.prefs=ALL-UNNAMED --add-opens=java.base/java.nio.charset=ALL-UNNAMED --add-opens=java.base/java.net=ALL-UNNAMED --add-opens=java.base/java.util.concurrent.atomic=ALL-UNNAMED -Xmx2048m -Dfile.encoding=UTF-8 -Duser.country=US -Duser.language=en -Duser.variant 
java_command: org.gradle.launcher.daemon.bootstrap.GradleDaemon 7.5
java_class_path (initial): C:\Users\Administrator\.gradle\wrapper\dists\gradle-7.5-bin\f1w0cc9nuo0eivz97x2xlu9sv\gradle-7.5\lib\gradle-launcher-7.5.jar
Launcher Type: SUN_STANDARD

[Global flags]
     intx CICompilerCount                          = 3                                         {product} {ergonomic}
     uint ConcGCThreads                            = 1                                         {product} {ergonomic}
     uint G1ConcRefinementThreads                  = 4                                         {product} {ergonomic}
   size_t G1HeapRegionSize                         = 1048576                                   {product} {ergonomic}
    uintx GCDrainStackTargetSize                   = 64                                        {product} {ergonomic}
   size_t InitialHeapSize                          = 201326592                                 {product} {ergonomic}
   size_t MarkStackSize                            = 4194304                                   {product} {ergonomic}
   size_t MaxHeapSize                              = 2147483648                                {product} {command line}
   size_t MaxNewSize                               = 1287651328                                {product} {ergonomic}
   size_t MinHeapDeltaBytes                        = 1048576                                   {product} {ergonomic}
    uintx NonNMethodCodeHeapSize                   = 5830732                                {pd product} {ergonomic}
    uintx NonProfiledCodeHeapSize                  = 122913754                              {pd product} {ergonomic}
    uintx ProfiledCodeHeapSize                     = 122913754                              {pd product} {ergonomic}
    uintx ReservedCodeCacheSize                    = 251658240                              {pd product} {ergonomic}
     bool SegmentedCodeCache                       = true                                      {product} {ergonomic}
     bool UseCompressedClassPointers               = true                                 {lp64_product} {ergonomic}
     bool UseCompressedOops                        = true                                 {lp64_product} {ergonomic}
     bool UseG1GC                                  = true                                      {product} {ergonomic}
     bool UseLargePagesIndividualAllocation        = false                                  {pd product} {ergonomic}

Logging:
Log output configuration:
 #0: stdout all=warning uptime,level,tags
 #1: stderr all=off uptime,level,tags

Environment Variables:
PATH=C:\Program Files\Common Files\Oracle\Java\javapath;C:\Windows\system32;C:\Windows;C:\Windows\System32\Wbem;C:\Windows\System32\WindowsPowerShell\v1.0\;C:\Windows\System32\OpenSSH\;C:\Program Files\nodejs\;C:\Program Files (x86)\dotnet\;C:\Program Files\Git\cmd;C:\Users\Administrator\AppData\Local\Microsoft\WindowsApps;D:\Microsoft VS Code\bin;C:\Program Files\Java\jdk-19\bin;C:\Program Files\JetBrains\IntelliJ IDEA Community Edition 2022.3.1\bin;C:\Users\Administrator\AppData\Roaming\npm;C:\Users\Administrator\AppData\Local\JetBrains\Toolbox\scripts;
USERNAME=Administrator
OS=Windows_NT
PROCESSOR_IDENTIFIER=Intel64 Family 6 Model 158 Stepping 9, GenuineIntel



---------------  S Y S T E M  ---------------

OS: Windows 10 , 64 bit Build 19041 (10.0.19041.2364)
OS uptime: 0 days 6:39 hours

CPU:total 4 (initial active 4) (2 cores per cpu, 2 threads per core) family 6 model 158 stepping 9 microcode 0xb4, cmov, cx8, fxsr, mmx, sse, sse2, sse3, ssse3, sse4.1, sse4.2, popcnt, avx, avx2, aes, clmul, erms, 3dnowpref, lzcnt, ht, tsc, tscinvbit, bmi1, bmi2, adx, fma

Memory: 4k page, system-wide physical 12246M (2527M free)
TotalPageFile size 17878M (AvailPageFile size 4696M)
current process WorkingSet (physical memory assigned to process): 614M, peak: 639M
current process commit charge ("private bytes"): 647M, peak: 672M

vm_info: OpenJDK 64-Bit Server VM (11.0.15+0-b2043.56-8887301) for windows-amd64 JRE (11.0.15+0-b2043.56-8887301), built on Jul 29 2022 23:19:47 by "builduser" with unknown MS VC++:1929

END.
