#
# A fatal error has been detected by the Java Runtime Environment:
#
#  EXCEPTION_ACCESS_VIOLATION (0xc0000005) at pc=0x00007ffa3e5388a6, pid=6984, tid=5704
#
# JRE version: OpenJDK Runtime Environment (11.0.15) (build 11.0.15+0-b2043.56-8887301)
# Java VM: OpenJDK 64-Bit Server VM (11.0.15+0-b2043.56-8887301, mixed mode, tiered, compressed oops, g1 gc, windows-amd64)
# Problematic frame:
# V  [jvm.dll+0x1a88a6]
#
# No core dump will be written. Minidumps are not enabled by default on client versions of Windows
#
# If you would like to submit a bug report, please visit:
#   https://bugreport.java.com/bugreport/crash.jsp
#

---------------  S U M M A R Y ------------

Command Line: --add-opens=java.base/java.util=ALL-UNNAMED --add-opens=java.base/java.lang=ALL-UNNAMED --add-opens=java.base/java.lang.invoke=ALL-UNNAMED --add-opens=java.base/java.util=ALL-UNNAMED --add-opens=java.prefs/java.util.prefs=ALL-UNNAMED --add-opens=java.prefs/java.util.prefs=ALL-UNNAMED --add-opens=java.base/java.nio.charset=ALL-UNNAMED --add-opens=java.base/java.net=ALL-UNNAMED --add-opens=java.base/java.util.concurrent.atomic=ALL-UNNAMED -Xmx2048m -Dfile.encoding=UTF-8 -Duser.country=US -Duser.language=en -Duser.variant org.gradle.launcher.daemon.bootstrap.GradleDaemon 7.5

Host: Intel(R) Core(TM) i3-7100 CPU @ 3.90GHz, 4 cores, 11G,  Windows 10 , 64 bit Build 19041 (10.0.19041.2546)
Time: Fri Feb 24 10:18:56 2023 Bangladesh Standard Time elapsed time: 13.248454 seconds (0d 0h 0m 13s)

---------------  T H R E A D  ---------------

Current thread (0x000002918a43c000):  ConcurrentGCThread "G1 Conc#0" [stack: 0x000000b349f00000,0x000000b34a000000] [id=5704]

Stack: [0x000000b349f00000,0x000000b34a000000],  sp=0x000000b349fff758,  free space=1021k
Native frames: (J=compiled Java code, j=interpreted, Vv=VM code, C=native code)
V  [jvm.dll+0x1a88a6]


siginfo: EXCEPTION_ACCESS_VIOLATION (0xc0000005), reading address 0x0000000000000008


Register to memory mapping:

RIP=0x00007ffa3e5388a6 jvm.dll
RAX=0x0004000000a00044 is an unknown value
RBX=0x0004000000a00044 is an unknown value
RCX=0x0000000081b11660 is pointing into object: java.lang.Class 
{0x0000000081b11630} - klass: 'java/lang/Class'
RDX=0x0000000081b11660 is pointing into object: java.lang.Class 
{0x0000000081b11630} - klass: 'java/lang/Class'
RSP=0x000000b349fff758 points into unknown readable memory: 0x00007ffa3e69055d | 5d 05 69 3e fa 7f 00 00
RBP=0x0 is NULL
RSI=0x0000000000001001 is an unknown value
RDI=0x0000000081b11660 is pointing into object: java.lang.Class 
{0x0000000081b11630} - klass: 'java/lang/Class'
R8 =0x0004000000a00044 is an unknown value
R9 =0x0 is NULL
R10=0x000002918a46c9e0 points into unknown readable memory: 0x00007ffa3ec77c40 | 40 7c c7 3e fa 7f 00 00
R11=0x346dc5d63886594b is an unknown value
R12=0x0 is NULL
R13=0x0 is NULL
R14=0x000002919fb8c458 points into unknown readable memory: 0x0004000000a01044 | 44 10 a0 00 00 00 04 00
R15=0x000002918a432040 points into unknown readable memory: 0x000002918a43b000 | 00 b0 43 8a 91 02 00 00


Registers:
RAX=0x0004000000a00044, RBX=0x0004000000a00044, RCX=0x0000000081b11660, RDX=0x0000000081b11660
RSP=0x000000b349fff758, RBP=0x0000000000000000, RSI=0x0000000000001001, RDI=0x0000000081b11660
R8 =0x0004000000a00044, R9 =0x0000000000000000, R10=0x000002918a46c9e0, R11=0x346dc5d63886594b
R12=0x0000000000000000, R13=0x0000000000000000, R14=0x000002919fb8c458, R15=0x000002918a432040
RIP=0x00007ffa3e5388a6, EFLAGS=0x0000000000010246

Top of Stack: (sp=0x000000b349fff758)
0x000000b349fff758:   00007ffa3e69055d 0000000081b116b8
0x000000b349fff768:   0000000100001a68 0000000081b116b8
0x000000b349fff778:   000002918a440370 000002918a43ca01
0x000000b349fff788:   000002918a440370 0000000081b11660
0x000000b349fff798:   00007ffa3e690342 000002918a440230
0x000000b349fff7a8:   0000000100005a28 000002918a432090
0x000000b349fff7b8:   000000b349fff930 0000000081b116b8
0x000000b349fff7c8:   00007ffa3e68965c 000000b349fff930
0x000000b349fff7d8:   000000b349fff930 000000b349fff930
0x000000b349fff7e8:   000002918a432090 0000000100005a28
0x000000b349fff7f8:   00007ffa3e687811 0000000000000005
0x000000b349fff808:   0000000081b116b8 000000b349fff930
0x000000b349fff818:   0000000081b116b8 000002918a440230
0x000000b349fff828:   00007ffa3e69be0e 0000000081b116b8
0x000000b349fff838:   000000b349fff8f0 000000b349fff8f0
0x000000b349fff848:   00000000003622c6 0000000000380000 

Instructions: (pc=0x00007ffa3e5388a6)
0x00007ffa3e5387a6:   eb 04 48 8b 43 08 81 78 08 00 00 00 c0 0f 83 81
0x00007ffa3e5387b6:   00 00 00 48 8b 4f 38 48 8b d3 48 8b 01 ff 50 20
0x00007ffa3e5387c6:   84 c0 75 70 38 05 d1 e7 93 00 74 15 8b 53 08 8b
0x00007ffa3e5387d6:   0d 7d 2f 8f 00 48 d3 e2 48 03 15 6b 2f 8f 00 eb
0x00007ffa3e5387e6:   04 48 8b 53 08 48 8b cb 48 89 5c 24 20 e8 a8 00
0x00007ffa3e5387f6:   00 00 80 7f 30 00 48 63 c8 48 89 4c 24 28 74 1c
0x00007ffa3e538806:   0f 10 44 24 20 0f 11 86 98 03 00 00 48 8b 5c 24
0x00007ffa3e538816:   40 48 8b 74 24 48 48 83 c4 30 5f c3 48 8b 07 48
0x00007ffa3e538826:   8d 54 24 20 48 89 4c 24 28 48 8b cf 48 89 5c 24
0x00007ffa3e538836:   20 ff 50 38 48 8b 5c 24 40 48 8b 74 24 48 48 83
0x00007ffa3e538846:   c4 30 5f c3 cc cc cc cc cc cc 48 8b 49 38 48 8b
0x00007ffa3e538856:   01 48 ff 60 28 cc cc cc cc cc 80 3d 3a e7 93 00
0x00007ffa3e538866:   00 48 8b c1 74 1b 8b 51 08 8b 0d e3 2e 8f 00 48
0x00007ffa3e538876:   d3 e2 48 8b c8 48 03 15 ce 2e 8f 00 e9 19 00 00
0x00007ffa3e538886:   00 48 8b 51 08 48 8b c8 e9 0d 00 00 00 cc cc cc
0x00007ffa3e538896:   cc cc cc cc cc cc cc cc cc cc 4c 8b ca 48 8b d1
0x00007ffa3e5388a6:   45 8b 41 08 45 85 c0 7e 0e 41 f6 c0 01 75 56 41
0x00007ffa3e5388b6:   c1 f8 03 41 8b c0 c3 79 4c 80 3d db e6 93 00 00
0x00007ffa3e5388c6:   b8 0c 00 00 00 b9 10 00 00 00 0f 45 c8 8b 05 9b
0x00007ffa3e5388d6:   5e 8d 00 ff c8 4c 63 c8 48 63 14 11 41 8b c8 83
0x00007ffa3e5388e6:   e1 3f 48 d3 e2 41 8b c8 48 c1 f9 10 0f b6 c1 49
0x00007ffa3e5388f6:   8d 0c 11 49 f7 d1 48 03 c1 49 c1 e9 03 48 c1 e8
0x00007ffa3e538906:   03 41 23 c1 c3 49 8b 01 49 8b c9 48 ff a0 10 01
0x00007ffa3e538916:   00 00 cc cc cc cc cc cc cc cc 48 8b c2 c3 cc cc
0x00007ffa3e538926:   cc cc cc cc cc cc cc cc cc cc 48 83 ec 38 48 8b
0x00007ffa3e538936:   c1 48 8b 49 38 80 79 08 00 74 05 90 48 8b 48 38
0x00007ffa3e538946:   0f 10 02 48 8d 54 24 20 0f 29 44 24 20 e8 28 f0
0x00007ffa3e538956:   ff ff 48 83 c4 38 c3 cc cc cc 48 83 ec 38 0f 10
0x00007ffa3e538966:   02 48 8b 01 48 8d 54 24 20 0f 29 44 24 20 ff 50
0x00007ffa3e538976:   38 48 83 c4 38 c3 cc cc cc cc 48 89 5c 24 08 55
0x00007ffa3e538986:   56 57 41 54 41 55 41 56 41 57 48 8d 6c 24 e0 48
0x00007ffa3e538996:   81 ec 20 01 00 00 48 8b 05 85 b6 90 00 48 33 c4 


Stack slot to memory mapping:
stack at sp + 0 slots: 0x00007ffa3e69055d jvm.dll
stack at sp + 1 slots: 0x0000000081b116b8 is an oop: java.lang.ref.SoftReference 
{0x0000000081b116b8} - klass: 'java/lang/ref/SoftReference'
stack at sp + 2 slots: 0x0000000100001a68 is pointing into metadata
stack at sp + 3 slots: 0x0000000081b116b8 is an oop: java.lang.ref.SoftReference 
{0x0000000081b116b8} - klass: 'java/lang/ref/SoftReference'
stack at sp + 4 slots: 0x000002918a440370 points into unknown readable memory: 0x00007ffa3ecb1ba0 | a0 1b cb 3e fa 7f 00 00
stack at sp + 5 slots: 0x000002918a43ca01 points into unknown readable memory: 00 00 00 00 00 00 00
stack at sp + 6 slots: 0x000002918a440370 points into unknown readable memory: 0x00007ffa3ecb1ba0 | a0 1b cb 3e fa 7f 00 00
stack at sp + 7 slots: 0x0000000081b11660 is pointing into object: java.lang.Class 
{0x0000000081b11630} - klass: 'java/lang/Class'


---------------  P R O C E S S  ---------------

Threads class SMR info:
_java_thread_list=0x00000291aa200a00, length=79, elements={
0x000002918a3ef800, 0x00000291a4041800, 0x00000291a4037800, 0x00000291a4049800,
0x00000291a404b800, 0x00000291a48a1800, 0x00000291a48a4000, 0x00000291a4902800,
0x00000291a4908800, 0x00000291a4a0b800, 0x00000291a7638800, 0x00000291a6b0c000,
0x00000291a6c4c000, 0x00000291a5e2c800, 0x00000291a5e2d000, 0x00000291a616c800,
0x00000291a6002800, 0x00000291a6003000, 0x00000291a627b800, 0x00000291a627c000,
0x00000291a712e000, 0x00000291a712c800, 0x00000291a712a000, 0x00000291a712b800,
0x00000291a7128800, 0x00000291a712b000, 0x00000291a712d800, 0x00000291a712f000,
0x00000291a7129800, 0x00000291a841e000, 0x00000291a841e800, 0x00000291a8420800,
0x00000291a841d000, 0x00000291a841f800, 0x00000291a841c800, 0x00000291aa1ec000,
0x00000291aa1e6000, 0x00000291aa1e9800, 0x00000291aa1ea000, 0x00000291aa1eb000,
0x00000291aa1e7000, 0x00000291aa1e8000, 0x00000291aa1ec800, 0x00000291aa1ed800,
0x00000291aa1ee800, 0x00000291aa1e8800, 0x00000291aa1ef000, 0x00000291aa1f3000,
0x00000291aa1f4000, 0x00000291aa1f2800, 0x00000291aa1f1800, 0x00000291aa1f0000,
0x00000291aa1f5000, 0x00000291aa1f0800, 0x00000291a5422000, 0x00000291a5422800,
0x00000291a5425000, 0x00000291a5426000, 0x00000291a5423800, 0x00000291a5427000,
0x00000291a5424800, 0x00000291a5427800, 0x00000291a5428800, 0x00000291a6b6c000,
0x00000291a6b6d800, 0x00000291a6b6e800, 0x00000291a6b6f800, 0x00000291a6b69800,
0x00000291a6b70000, 0x00000291a6b6d000, 0x00000291a6b6a800, 0x00000291a6b71000,
0x00000291a6b6b000, 0x00000291a6b75000, 0x00000291a6b74000, 0x00000291a6b76000,
0x00000291a6b72800, 0x00000291a6aab000, 0x00000291a6b73800
}

Java Threads: ( => current thread )
  0x000002918a3ef800 JavaThread "main" [_thread_blocked, id=1144, stack(0x000000b349c00000,0x000000b349d00000)]
  0x00000291a4041800 JavaThread "Reference Handler" daemon [_thread_blocked, id=8764, stack(0x000000b34a300000,0x000000b34a400000)]
  0x00000291a4037800 JavaThread "Finalizer" daemon [_thread_blocked, id=5056, stack(0x000000b34a400000,0x000000b34a500000)]
  0x00000291a4049800 JavaThread "Signal Dispatcher" daemon [_thread_blocked, id=6700, stack(0x000000b34a500000,0x000000b34a600000)]
  0x00000291a404b800 JavaThread "Attach Listener" daemon [_thread_blocked, id=1928, stack(0x000000b34a600000,0x000000b34a700000)]
  0x00000291a48a1800 JavaThread "Service Thread" daemon [_thread_blocked, id=8204, stack(0x000000b34a700000,0x000000b34a800000)]
  0x00000291a48a4000 JavaThread "C2 CompilerThread0" daemon [_thread_in_native, id=5220, stack(0x000000b34a800000,0x000000b34a900000)]
  0x00000291a4902800 JavaThread "C1 CompilerThread0" daemon [_thread_blocked, id=10420, stack(0x000000b34a900000,0x000000b34aa00000)]
  0x00000291a4908800 JavaThread "Sweeper thread" daemon [_thread_blocked, id=4248, stack(0x000000b34aa00000,0x000000b34ab00000)]
  0x00000291a4a0b800 JavaThread "Common-Cleaner" daemon [_thread_blocked, id=6320, stack(0x000000b34ab00000,0x000000b34ac00000)]
  0x00000291a7638800 JavaThread "Daemon health stats" [_thread_blocked, id=6520, stack(0x000000b34b100000,0x000000b34b200000)]
  0x00000291a6b0c000 JavaThread "Incoming local TCP Connector on port 64591" [_thread_in_native, id=11676, stack(0x000000b34b200000,0x000000b34b300000)]
  0x00000291a6c4c000 JavaThread "Daemon periodic checks" [_thread_blocked, id=2480, stack(0x000000b34b300000,0x000000b34b400000)]
  0x00000291a5e2c800 JavaThread "Daemon" [_thread_blocked, id=6200, stack(0x000000b34b400000,0x000000b34b500000)]
  0x00000291a5e2d000 JavaThread "Handler for socket connection from /127.0.0.1:64591 to /127.0.0.1:64592" [_thread_in_native, id=7208, stack(0x000000b34b500000,0x000000b34b600000)]
  0x00000291a616c800 JavaThread "Cancel handler" [_thread_blocked, id=11452, stack(0x000000b34b600000,0x000000b34b700000)]
  0x00000291a6002800 JavaThread "Daemon worker" [_thread_blocked, id=7276, stack(0x000000b34b700000,0x000000b34b800000)]
  0x00000291a6003000 JavaThread "Asynchronous log dispatcher for DefaultDaemonConnection: socket connection from /127.0.0.1:64591 to /127.0.0.1:64592" [_thread_blocked, id=12160, stack(0x000000b34b800000,0x000000b34b900000)]
  0x00000291a627b800 JavaThread "Stdin handler" [_thread_blocked, id=8748, stack(0x000000b34b900000,0x000000b34ba00000)]
  0x00000291a627c000 JavaThread "Daemon client event forwarder" [_thread_blocked, id=10192, stack(0x000000b34ba00000,0x000000b34bb00000)]
  0x00000291a712e000 JavaThread "Cache worker for journal cache (C:\Users\Administrator\.gradle\caches\journal-1)" [_thread_blocked, id=7092, stack(0x000000b34ad00000,0x000000b34ae00000)]
  0x00000291a712c800 JavaThread "File lock request listener" [_thread_in_native, id=932, stack(0x000000b34bb00000,0x000000b34bc00000)]
  0x00000291a712a000 JavaThread "Cache worker for file hash cache (C:\Users\Administrator\.gradle\caches\7.5\fileHashes)" [_thread_blocked, id=5528, stack(0x000000b34bc00000,0x000000b34bd00000)]
  0x00000291a712b800 JavaThread "File watcher server" daemon [_thread_in_native, id=10224, stack(0x000000b34be00000,0x000000b34bf00000)]
  0x00000291a7128800 JavaThread "File watcher consumer" daemon [_thread_blocked, id=3956, stack(0x000000b34bf00000,0x000000b34c000000)]
  0x00000291a712b000 JavaThread "Cache worker for checksums cache (P:\SocialMedia\.gradle\7.5\checksums)" [_thread_blocked, id=6500, stack(0x000000b34bd00000,0x000000b34be00000)]
  0x00000291a712d800 JavaThread "Cache worker for cache directory md-rule (C:\Users\Administrator\.gradle\caches\7.5\md-rule)" [_thread_blocked, id=11992, stack(0x000000b34c000000,0x000000b34c100000)]
  0x00000291a712f000 JavaThread "Cache worker for file content cache (C:\Users\Administrator\.gradle\caches\7.5\fileContent)" [_thread_blocked, id=6572, stack(0x000000b34c100000,0x000000b34c200000)]
  0x00000291a7129800 JavaThread "Cache worker for file hash cache (P:\SocialMedia\.gradle\7.5\fileHashes)" [_thread_blocked, id=476, stack(0x000000b34c200000,0x000000b34c300000)]
  0x00000291a841e000 JavaThread "Cache worker for cache directory md-supplier (C:\Users\Administrator\.gradle\caches\7.5\md-supplier)" [_thread_blocked, id=6616, stack(0x000000b34c300000,0x000000b34c400000)]
  0x00000291a841e800 JavaThread "Cache worker for execution history cache (C:\Users\Administrator\.gradle\caches\7.5\executionHistory)" [_thread_blocked, id=6352, stack(0x000000b34c400000,0x000000b34c500000)]
  0x00000291a8420800 JavaThread "jar transforms" [_thread_blocked, id=6396, stack(0x000000b34c500000,0x000000b34c600000)]
  0x00000291a841d000 JavaThread "jar transforms Thread 2" [_thread_blocked, id=3516, stack(0x000000b34c600000,0x000000b34c700000)]
  0x00000291a841f800 JavaThread "jar transforms Thread 3" [_thread_blocked, id=1696, stack(0x000000b34c800000,0x000000b34c900000)]
  0x00000291a841c800 JavaThread "jar transforms Thread 4" [_thread_blocked, id=10212, stack(0x000000b34c900000,0x000000b34ca00000)]
  0x00000291aa1ec000 JavaThread "Cache worker for dependencies-accessors (P:\SocialMedia\.gradle\7.5\dependencies-accessors)" [_thread_blocked, id=2864, stack(0x000000b34ca00000,0x000000b34cb00000)]
  0x00000291aa1e6000 JavaThread "Cache worker for Build Output Cleanup Cache (P:\SocialMedia\.gradle\buildOutputCleanup)" [_thread_blocked, id=1100, stack(0x000000b34c700000,0x000000b34c800000)]
  0x00000291aa1e9800 JavaThread "Unconstrained build operations" [_thread_blocked, id=3084, stack(0x000000b34cb00000,0x000000b34cc00000)]
  0x00000291aa1ea000 JavaThread "Unconstrained build operations Thread 2" [_thread_blocked, id=6424, stack(0x000000b34cc00000,0x000000b34cd00000)]
  0x00000291aa1eb000 JavaThread "Unconstrained build operations Thread 3" [_thread_blocked, id=9876, stack(0x000000b34cd00000,0x000000b34ce00000)]
  0x00000291aa1e7000 JavaThread "Unconstrained build operations Thread 4" [_thread_blocked, id=444, stack(0x000000b34ce00000,0x000000b34cf00000)]
  0x00000291aa1e8000 JavaThread "Unconstrained build operations Thread 5" [_thread_blocked, id=1088, stack(0x000000b34cf00000,0x000000b34d000000)]
  0x00000291aa1ec800 JavaThread "Unconstrained build operations Thread 6" [_thread_blocked, id=11912, stack(0x000000b34d000000,0x000000b34d100000)]
  0x00000291aa1ed800 JavaThread "Unconstrained build operations Thread 7" [_thread_blocked, id=8048, stack(0x000000b34d100000,0x000000b34d200000)]
  0x00000291aa1ee800 JavaThread "Unconstrained build operations Thread 8" [_thread_blocked, id=10876, stack(0x000000b34d200000,0x000000b34d300000)]
  0x00000291aa1e8800 JavaThread "Unconstrained build operations Thread 9" [_thread_blocked, id=192, stack(0x000000b34d300000,0x000000b34d400000)]
  0x00000291aa1ef000 JavaThread "Unconstrained build operations Thread 10" [_thread_blocked, id=5648, stack(0x000000b34d400000,0x000000b34d500000)]
  0x00000291aa1f3000 JavaThread "Unconstrained build operations Thread 11" [_thread_blocked, id=3348, stack(0x000000b34d500000,0x000000b34d600000)]
  0x00000291aa1f4000 JavaThread "Unconstrained build operations Thread 12" [_thread_blocked, id=8372, stack(0x000000b34d600000,0x000000b34d700000)]
  0x00000291aa1f2800 JavaThread "Unconstrained build operations Thread 13" [_thread_blocked, id=10376, stack(0x000000b34d700000,0x000000b34d800000)]
  0x00000291aa1f1800 JavaThread "Unconstrained build operations Thread 14" [_thread_blocked, id=9956, stack(0x000000b34d800000,0x000000b34d900000)]
  0x00000291aa1f0000 JavaThread "Unconstrained build operations Thread 15" [_thread_blocked, id=7612, stack(0x000000b34d900000,0x000000b34da00000)]
  0x00000291aa1f5000 JavaThread "Unconstrained build operations Thread 16" [_thread_blocked, id=436, stack(0x000000b34da00000,0x000000b34db00000)]
  0x00000291aa1f0800 JavaThread "Unconstrained build operations Thread 17" [_thread_blocked, id=4948, stack(0x000000b34db00000,0x000000b34dc00000)]
  0x00000291a5422000 JavaThread "Unconstrained build operations Thread 18" [_thread_blocked, id=2788, stack(0x000000b34dc00000,0x000000b34dd00000)]
  0x00000291a5422800 JavaThread "Unconstrained build operations Thread 19" [_thread_blocked, id=9972, stack(0x000000b34dd00000,0x000000b34de00000)]
  0x00000291a5425000 JavaThread "Unconstrained build operations Thread 20" [_thread_blocked, id=11132, stack(0x000000b34de00000,0x000000b34df00000)]
  0x00000291a5426000 JavaThread "Unconstrained build operations Thread 21" [_thread_blocked, id=8664, stack(0x000000b34df00000,0x000000b34e000000)]
  0x00000291a5423800 JavaThread "Unconstrained build operations Thread 22" [_thread_blocked, id=7544, stack(0x000000b34e000000,0x000000b34e100000)]
  0x00000291a5427000 JavaThread "Unconstrained build operations Thread 23" [_thread_blocked, id=4260, stack(0x000000b34e100000,0x000000b34e200000)]
  0x00000291a5424800 JavaThread "Unconstrained build operations Thread 24" [_thread_blocked, id=5696, stack(0x000000b34e200000,0x000000b34e300000)]
  0x00000291a5427800 JavaThread "Unconstrained build operations Thread 25" [_thread_blocked, id=7876, stack(0x000000b34e300000,0x000000b34e400000)]
  0x00000291a5428800 JavaThread "Unconstrained build operations Thread 26" [_thread_blocked, id=9428, stack(0x000000b34e400000,0x000000b34e500000)]
  0x00000291a6b6c000 JavaThread "Unconstrained build operations Thread 27" [_thread_blocked, id=604, stack(0x000000b34e500000,0x000000b34e600000)]
  0x00000291a6b6d800 JavaThread "Unconstrained build operations Thread 28" [_thread_blocked, id=2544, stack(0x000000b34e600000,0x000000b34e700000)]
  0x00000291a6b6e800 JavaThread "Unconstrained build operations Thread 29" [_thread_blocked, id=3180, stack(0x000000b34e700000,0x000000b34e800000)]
  0x00000291a6b6f800 JavaThread "Unconstrained build operations Thread 30" [_thread_blocked, id=3328, stack(0x000000b34e800000,0x000000b34e900000)]
  0x00000291a6b69800 JavaThread "Unconstrained build operations Thread 31" [_thread_blocked, id=4692, stack(0x000000b34e900000,0x000000b34ea00000)]
  0x00000291a6b70000 JavaThread "Unconstrained build operations Thread 32" [_thread_blocked, id=188, stack(0x000000b34ea00000,0x000000b34eb00000)]
  0x00000291a6b6d000 JavaThread "Unconstrained build operations Thread 33" [_thread_blocked, id=3124, stack(0x000000b34eb00000,0x000000b34ec00000)]
  0x00000291a6b6a800 JavaThread "Unconstrained build operations Thread 34" [_thread_blocked, id=820, stack(0x000000b34ec00000,0x000000b34ed00000)]
  0x00000291a6b71000 JavaThread "Unconstrained build operations Thread 35" [_thread_blocked, id=8680, stack(0x000000b34ed00000,0x000000b34ee00000)]
  0x00000291a6b6b000 JavaThread "Unconstrained build operations Thread 36" [_thread_blocked, id=8880, stack(0x000000b34ee00000,0x000000b34ef00000)]
  0x00000291a6b75000 JavaThread "Unconstrained build operations Thread 37" [_thread_blocked, id=10256, stack(0x000000b34ef00000,0x000000b34f000000)]
  0x00000291a6b74000 JavaThread "Unconstrained build operations Thread 38" [_thread_blocked, id=9192, stack(0x000000b34f000000,0x000000b34f100000)]
  0x00000291a6b76000 JavaThread "Unconstrained build operations Thread 39" [_thread_blocked, id=10800, stack(0x000000b34f100000,0x000000b34f200000)]
  0x00000291a6b72800 JavaThread "Unconstrained build operations Thread 40" [_thread_blocked, id=4256, stack(0x000000b34f200000,0x000000b34f300000)]
  0x00000291a6aab000 JavaThread "C2 CompilerThread1" daemon [_thread_blocked, id=7888, stack(0x000000b34f300000,0x000000b34f400000)]
  0x00000291a6b73800 JavaThread "build event listener" [_thread_blocked, id=3284, stack(0x000000b34f400000,0x000000b34f500000)]

Other Threads:
  0x00000291a4854000 VMThread "VM Thread" [stack: 0x000000b34a200000,0x000000b34a300000] [id=216]
  0x00000291a4a19800 WatcherThread [stack: 0x000000b34ac00000,0x000000b34ad00000] [id=6360]
  0x000002918a40b000 GCTaskThread "GC Thread#0" [stack: 0x000000b349d00000,0x000000b349e00000] [id=1904]
  0x00000291a5547800 GCTaskThread "GC Thread#1" [stack: 0x000000b34ae00000,0x000000b34af00000] [id=9584]
  0x00000291a5193800 GCTaskThread "GC Thread#2" [stack: 0x000000b34af00000,0x000000b34b000000] [id=9928]
  0x00000291a5608000 GCTaskThread "GC Thread#3" [stack: 0x000000b34b000000,0x000000b34b100000] [id=9168]
  0x000002918a43b000 ConcurrentGCThread "G1 Main Marker" [stack: 0x000000b349e00000,0x000000b349f00000] [id=6664]
=>0x000002918a43c000 ConcurrentGCThread "G1 Conc#0" [stack: 0x000000b349f00000,0x000000b34a000000] [id=5704]
  0x00000291a3e84800 ConcurrentGCThread "G1 Refine#0" [stack: 0x000000b34a000000,0x000000b34a100000] [id=11880]
  0x00000291a3e85000 ConcurrentGCThread "G1 Young RemSet Sampling" [stack: 0x000000b34a100000,0x000000b34a200000] [id=4848]

Threads with active compile tasks:
C2 CompilerThread0    13266 6288       4       java.net.URLClassLoader$1::run (5 bytes)

VM state:not at safepoint (normal execution)

VM Mutex/Monitor currently owned by a thread:  ([mutex/lock_event])
[0x000002918a3ec100] Heap_lock - owner thread: 0x00000291a6002800

Heap address: 0x0000000080000000, size: 2048 MB, Compressed Oops mode: 32-bit
Narrow klass base: 0x0000000000000000, Narrow klass shift: 3
Compressed class space size: 1073741824 Address: 0x0000000100000000

Heap:
 garbage-first heap   total 196608K, used 54081K [0x0000000080000000, 0x0000000100000000)
  region size 1024K, 9 young (9216K), 7 survivors (7168K)
 Metaspace       used 58885K, capacity 60393K, committed 60496K, reserved 1101824K
  class space    used 7407K, capacity 8023K, committed 8064K, reserved 1048576K
Heap Regions: E=young(eden), S=young(survivor), O=old, HS=humongous(starts), HC=humongous(continues), CS=collection set, F=free, A=archive, TAMS=top-at-mark-start (previous, next)
|   0|0x0000000080000000, 0x0000000080100000, 0x0000000080100000|100%|HS|  |TAMS 0x0000000080100000, 0x0000000080100000| Complete 
|   1|0x0000000080100000, 0x0000000080200000, 0x0000000080200000|100%|HC|  |TAMS 0x0000000080200000, 0x0000000080200000| Complete 
|   2|0x0000000080200000, 0x0000000080300000, 0x0000000080300000|100%|HC|  |TAMS 0x0000000080300000, 0x0000000080300000| Complete 
|   3|0x0000000080300000, 0x0000000080400000, 0x0000000080400000|100%| O|  |TAMS 0x0000000080400000, 0x0000000080400000| Untracked 
|   4|0x0000000080400000, 0x0000000080500000, 0x0000000080500000|100%| O|  |TAMS 0x0000000080500000, 0x0000000080500000| Untracked 
|   5|0x0000000080500000, 0x0000000080600000, 0x0000000080600000|100%| O|  |TAMS 0x0000000080600000, 0x0000000080600000| Untracked 
|   6|0x0000000080600000, 0x0000000080700000, 0x0000000080700000|100%| O|  |TAMS 0x0000000080700000, 0x0000000080700000| Untracked 
|   7|0x0000000080700000, 0x0000000080800000, 0x0000000080800000|100%| O|  |TAMS 0x0000000080800000, 0x0000000080800000| Untracked 
|   8|0x0000000080800000, 0x0000000080900000, 0x0000000080900000|100%| O|  |TAMS 0x0000000080900000, 0x0000000080900000| Untracked 
|   9|0x0000000080900000, 0x0000000080a00000, 0x0000000080a00000|100%| O|  |TAMS 0x0000000080a00000, 0x0000000080a00000| Untracked 
|  10|0x0000000080a00000, 0x0000000080b00000, 0x0000000080b00000|100%| O|  |TAMS 0x0000000080b00000, 0x0000000080b00000| Untracked 
|  11|0x0000000080b00000, 0x0000000080c00000, 0x0000000080c00000|100%| O|  |TAMS 0x0000000080c00000, 0x0000000080c00000| Untracked 
|  12|0x0000000080c00000, 0x0000000080d00000, 0x0000000080d00000|100%| O|  |TAMS 0x0000000080d00000, 0x0000000080d00000| Untracked 
|  13|0x0000000080d00000, 0x0000000080e00000, 0x0000000080e00000|100%| O|  |TAMS 0x0000000080e00000, 0x0000000080e00000| Untracked 
|  14|0x0000000080e00000, 0x0000000080f00000, 0x0000000080f00000|100%| O|  |TAMS 0x0000000080f00000, 0x0000000080f00000| Untracked 
|  15|0x0000000080f00000, 0x0000000081000000, 0x0000000081000000|100%| O|  |TAMS 0x0000000081000000, 0x0000000081000000| Untracked 
|  16|0x0000000081000000, 0x0000000081100000, 0x0000000081100000|100%| O|  |TAMS 0x0000000081007000, 0x0000000081100000| Untracked 
|  17|0x0000000081100000, 0x0000000081200000, 0x0000000081200000|100%|HS|  |TAMS 0x0000000081100000, 0x0000000081200000| Complete 
|  18|0x0000000081200000, 0x0000000081300000, 0x0000000081300000|100%|HC|  |TAMS 0x0000000081200000, 0x0000000081300000| Complete 
|  19|0x0000000081300000, 0x0000000081400000, 0x0000000081400000|100%|HS|  |TAMS 0x0000000081300000, 0x0000000081400000| Complete 
|  20|0x0000000081400000, 0x0000000081500000, 0x0000000081500000|100%|HS|  |TAMS 0x0000000081400000, 0x0000000081500000| Complete 
|  21|0x0000000081500000, 0x0000000081600000, 0x0000000081600000|100%|HS|  |TAMS 0x0000000081500000, 0x0000000081600000| Complete 
|  22|0x0000000081600000, 0x0000000081700000, 0x0000000081700000|100%|HC|  |TAMS 0x0000000081600000, 0x0000000081700000| Complete 
|  23|0x0000000081700000, 0x0000000081800000, 0x0000000081800000|100%|HC|  |TAMS 0x0000000081700000, 0x0000000081800000| Complete 
|  24|0x0000000081800000, 0x0000000081900000, 0x0000000081900000|100%|HC|  |TAMS 0x0000000081800000, 0x0000000081900000| Complete 
|  25|0x0000000081900000, 0x0000000081a00000, 0x0000000081a00000|100%| O|  |TAMS 0x0000000081900000, 0x0000000081a00000| Untracked 
|  26|0x0000000081a00000, 0x0000000081b00000, 0x0000000081b00000|100%| O|  |TAMS 0x0000000081a00000, 0x0000000081b00000| Untracked 
|  27|0x0000000081b00000, 0x0000000081c00000, 0x0000000081c00000|100%| O|  |TAMS 0x0000000081b00000, 0x0000000081c00000| Untracked 
|  28|0x0000000081c00000, 0x0000000081d00000, 0x0000000081d00000|100%| O|  |TAMS 0x0000000081c00000, 0x0000000081d00000| Untracked 
|  29|0x0000000081d00000, 0x0000000081e00000, 0x0000000081e00000|100%| O|  |TAMS 0x0000000081d00000, 0x0000000081e00000| Untracked 
|  30|0x0000000081e00000, 0x0000000081f00000, 0x0000000081f00000|100%| O|  |TAMS 0x0000000081e00000, 0x0000000081f00000| Untracked 
|  31|0x0000000081f00000, 0x0000000082000000, 0x0000000082000000|100%| O|  |TAMS 0x0000000081f00000, 0x0000000082000000| Untracked 
|  32|0x0000000082000000, 0x0000000082100000, 0x0000000082100000|100%| O|  |TAMS 0x0000000082000000, 0x0000000082100000| Untracked 
|  33|0x0000000082100000, 0x0000000082200000, 0x0000000082200000|100%| O|  |TAMS 0x0000000082100000, 0x0000000082200000| Untracked 
|  34|0x0000000082200000, 0x0000000082300000, 0x0000000082300000|100%| O|  |TAMS 0x0000000082200000, 0x0000000082300000| Untracked 
|  35|0x0000000082300000, 0x0000000082400000, 0x0000000082400000|100%| O|  |TAMS 0x0000000082300000, 0x0000000082400000| Untracked 
|  36|0x0000000082400000, 0x0000000082500000, 0x0000000082500000|100%| O|  |TAMS 0x0000000082400000, 0x0000000082500000| Untracked 
|  37|0x0000000082500000, 0x0000000082500000, 0x0000000082600000|  0%| F|  |TAMS 0x0000000082500000, 0x0000000082500000| Untracked 
|  38|0x0000000082600000, 0x0000000082700000, 0x0000000082700000|100%| O|  |TAMS 0x0000000082600000, 0x0000000082700000| Untracked 
|  39|0x0000000082700000, 0x0000000082800000, 0x0000000082800000|100%| O|  |TAMS 0x0000000082700000, 0x0000000082800000| Untracked 
|  40|0x0000000082800000, 0x0000000082900000, 0x0000000082900000|100%| O|  |TAMS 0x0000000082800000, 0x0000000082900000| Untracked 
|  41|0x0000000082900000, 0x0000000082a00000, 0x0000000082a00000|100%| O|  |TAMS 0x0000000082900000, 0x0000000082a00000| Untracked 
|  42|0x0000000082a00000, 0x0000000082b00000, 0x0000000082b00000|100%| O|  |TAMS 0x0000000082a00000, 0x0000000082b00000| Untracked 
|  43|0x0000000082b00000, 0x0000000082c00000, 0x0000000082c00000|100%| O|  |TAMS 0x0000000082b00000, 0x0000000082c00000| Untracked 
|  44|0x0000000082c00000, 0x0000000082d00000, 0x0000000082d00000|100%| O|  |TAMS 0x0000000082c00000, 0x0000000082d00000| Untracked 
|  45|0x0000000082d00000, 0x0000000082e00000, 0x0000000082e00000|100%| O|  |TAMS 0x0000000082d00000, 0x0000000082e00000| Untracked 
|  46|0x0000000082e00000, 0x0000000082e74600, 0x0000000082f00000| 45%| O|  |TAMS 0x0000000082e00000, 0x0000000082e74600| Untracked 
|  47|0x0000000082f00000, 0x0000000082f00000, 0x0000000083000000|  0%| F|  |TAMS 0x0000000082f00000, 0x0000000082f00000| Untracked 
|  48|0x0000000083000000, 0x0000000083000000, 0x0000000083100000|  0%| F|  |TAMS 0x0000000083000000, 0x0000000083000000| Untracked 
|  49|0x0000000083100000, 0x0000000083100000, 0x0000000083200000|  0%| F|  |TAMS 0x0000000083100000, 0x0000000083100000| Untracked 
|  50|0x0000000083200000, 0x0000000083200000, 0x0000000083300000|  0%| F|  |TAMS 0x0000000083200000, 0x0000000083200000| Untracked 
|  51|0x0000000083300000, 0x0000000083300000, 0x0000000083400000|  0%| F|  |TAMS 0x0000000083300000, 0x0000000083300000| Untracked 
|  52|0x0000000083400000, 0x0000000083400000, 0x0000000083500000|  0%| F|  |TAMS 0x0000000083400000, 0x0000000083400000| Untracked 
|  53|0x0000000083500000, 0x0000000083500000, 0x0000000083600000|  0%| F|  |TAMS 0x0000000083500000, 0x0000000083500000| Untracked 
|  54|0x0000000083600000, 0x0000000083600000, 0x0000000083700000|  0%| F|  |TAMS 0x0000000083600000, 0x0000000083600000| Untracked 
|  55|0x0000000083700000, 0x0000000083700000, 0x0000000083800000|  0%| F|  |TAMS 0x0000000083700000, 0x0000000083700000| Untracked 
|  56|0x0000000083800000, 0x0000000083800000, 0x0000000083900000|  0%| F|  |TAMS 0x0000000083800000, 0x0000000083800000| Untracked 
|  57|0x0000000083900000, 0x0000000083900000, 0x0000000083a00000|  0%| F|  |TAMS 0x0000000083900000, 0x0000000083900000| Untracked 
|  58|0x0000000083a00000, 0x0000000083a00000, 0x0000000083b00000|  0%| F|  |TAMS 0x0000000083a00000, 0x0000000083a00000| Untracked 
|  59|0x0000000083b00000, 0x0000000083b00000, 0x0000000083c00000|  0%| F|  |TAMS 0x0000000083b00000, 0x0000000083b00000| Untracked 
|  60|0x0000000083c00000, 0x0000000083c00000, 0x0000000083d00000|  0%| F|  |TAMS 0x0000000083c00000, 0x0000000083c00000| Untracked 
|  61|0x0000000083d00000, 0x0000000083d00000, 0x0000000083e00000|  0%| F|  |TAMS 0x0000000083d00000, 0x0000000083d00000| Untracked 
|  62|0x0000000083e00000, 0x0000000083e00000, 0x0000000083f00000|  0%| F|  |TAMS 0x0000000083e00000, 0x0000000083e00000| Untracked 
|  63|0x0000000083f00000, 0x0000000083f00000, 0x0000000084000000|  0%| F|  |TAMS 0x0000000083f00000, 0x0000000083f00000| Untracked 
|  64|0x0000000084000000, 0x0000000084000000, 0x0000000084100000|  0%| F|  |TAMS 0x0000000084000000, 0x0000000084000000| Untracked 
|  65|0x0000000084100000, 0x0000000084100000, 0x0000000084200000|  0%| F|  |TAMS 0x0000000084100000, 0x0000000084100000| Untracked 
|  66|0x0000000084200000, 0x0000000084200000, 0x0000000084300000|  0%| F|  |TAMS 0x0000000084200000, 0x0000000084200000| Untracked 
|  67|0x0000000084300000, 0x0000000084300000, 0x0000000084400000|  0%| F|  |TAMS 0x0000000084300000, 0x0000000084300000| Untracked 
|  68|0x0000000084400000, 0x0000000084400000, 0x0000000084500000|  0%| F|  |TAMS 0x0000000084400000, 0x0000000084400000| Untracked 
|  69|0x0000000084500000, 0x0000000084500000, 0x0000000084600000|  0%| F|  |TAMS 0x0000000084500000, 0x0000000084500000| Untracked 
|  70|0x0000000084600000, 0x0000000084600000, 0x0000000084700000|  0%| F|  |TAMS 0x0000000084600000, 0x0000000084600000| Untracked 
|  71|0x0000000084700000, 0x0000000084700000, 0x0000000084800000|  0%| F|  |TAMS 0x0000000084700000, 0x0000000084700000| Untracked 
|  72|0x0000000084800000, 0x0000000084800000, 0x0000000084900000|  0%| F|  |TAMS 0x0000000084800000, 0x0000000084800000| Untracked 
|  73|0x0000000084900000, 0x0000000084900000, 0x0000000084a00000|  0%| F|  |TAMS 0x0000000084900000, 0x0000000084900000| Untracked 
|  74|0x0000000084a00000, 0x0000000084a00000, 0x0000000084b00000|  0%| F|  |TAMS 0x0000000084a00000, 0x0000000084a00000| Untracked 
|  75|0x0000000084b00000, 0x0000000084b00000, 0x0000000084c00000|  0%| F|  |TAMS 0x0000000084b00000, 0x0000000084b00000| Untracked 
|  76|0x0000000084c00000, 0x0000000084c00000, 0x0000000084d00000|  0%| F|  |TAMS 0x0000000084c00000, 0x0000000084c00000| Untracked 
|  77|0x0000000084d00000, 0x0000000084d00000, 0x0000000084e00000|  0%| F|  |TAMS 0x0000000084d00000, 0x0000000084d00000| Untracked 
|  78|0x0000000084e00000, 0x0000000084e00000, 0x0000000084f00000|  0%| F|  |TAMS 0x0000000084e00000, 0x0000000084e00000| Untracked 
|  79|0x0000000084f00000, 0x0000000084f00000, 0x0000000085000000|  0%| F|  |TAMS 0x0000000084f00000, 0x0000000084f00000| Untracked 
|  80|0x0000000085000000, 0x0000000085000000, 0x0000000085100000|  0%| F|  |TAMS 0x0000000085000000, 0x0000000085000000| Untracked 
|  81|0x0000000085100000, 0x0000000085100000, 0x0000000085200000|  0%| F|  |TAMS 0x0000000085100000, 0x0000000085100000| Untracked 
|  82|0x0000000085200000, 0x0000000085200000, 0x0000000085300000|  0%| F|  |TAMS 0x0000000085200000, 0x0000000085200000| Untracked 
|  83|0x0000000085300000, 0x0000000085300000, 0x0000000085400000|  0%| F|  |TAMS 0x0000000085300000, 0x0000000085300000| Untracked 
|  84|0x0000000085400000, 0x0000000085400000, 0x0000000085500000|  0%| F|  |TAMS 0x0000000085400000, 0x0000000085400000| Untracked 
|  85|0x0000000085500000, 0x0000000085500000, 0x0000000085600000|  0%| F|  |TAMS 0x0000000085500000, 0x0000000085500000| Untracked 
|  86|0x0000000085600000, 0x0000000085600000, 0x0000000085700000|  0%| F|  |TAMS 0x0000000085600000, 0x0000000085600000| Untracked 
|  87|0x0000000085700000, 0x0000000085700000, 0x0000000085800000|  0%| F|  |TAMS 0x0000000085700000, 0x0000000085700000| Untracked 
|  88|0x0000000085800000, 0x0000000085800000, 0x0000000085900000|  0%| F|  |TAMS 0x0000000085800000, 0x0000000085800000| Untracked 
|  89|0x0000000085900000, 0x0000000085900000, 0x0000000085a00000|  0%| F|  |TAMS 0x0000000085900000, 0x0000000085900000| Untracked 
|  90|0x0000000085a00000, 0x0000000085a00000, 0x0000000085b00000|  0%| F|  |TAMS 0x0000000085a00000, 0x0000000085a00000| Untracked 
|  91|0x0000000085b00000, 0x0000000085b00000, 0x0000000085c00000|  0%| F|  |TAMS 0x0000000085b00000, 0x0000000085b00000| Untracked 
|  92|0x0000000085c00000, 0x0000000085c00000, 0x0000000085d00000|  0%| F|  |TAMS 0x0000000085c00000, 0x0000000085c00000| Untracked 
|  93|0x0000000085d00000, 0x0000000085d00000, 0x0000000085e00000|  0%| F|  |TAMS 0x0000000085d00000, 0x0000000085d00000| Untracked 
|  94|0x0000000085e00000, 0x0000000085e00000, 0x0000000085f00000|  0%| F|  |TAMS 0x0000000085e00000, 0x0000000085e00000| Untracked 
|  95|0x0000000085f00000, 0x0000000085f00000, 0x0000000086000000|  0%| F|  |TAMS 0x0000000085f00000, 0x0000000085f00000| Untracked 
|  96|0x0000000086000000, 0x0000000086000000, 0x0000000086100000|  0%| F|  |TAMS 0x0000000086000000, 0x0000000086000000| Untracked 
|  97|0x0000000086100000, 0x0000000086100000, 0x0000000086200000|  0%| F|  |TAMS 0x0000000086100000, 0x0000000086100000| Untracked 
|  98|0x0000000086200000, 0x0000000086200000, 0x0000000086300000|  0%| F|  |TAMS 0x0000000086200000, 0x0000000086200000| Untracked 
|  99|0x0000000086300000, 0x0000000086300000, 0x0000000086400000|  0%| F|  |TAMS 0x0000000086300000, 0x0000000086300000| Untracked 
| 100|0x0000000086400000, 0x0000000086400000, 0x0000000086500000|  0%| F|  |TAMS 0x0000000086400000, 0x0000000086400000| Untracked 
| 101|0x0000000086500000, 0x0000000086500000, 0x0000000086600000|  0%| F|  |TAMS 0x0000000086500000, 0x0000000086500000| Untracked 
| 102|0x0000000086600000, 0x0000000086600000, 0x0000000086700000|  0%| F|  |TAMS 0x0000000086600000, 0x0000000086600000| Untracked 
| 103|0x0000000086700000, 0x0000000086700000, 0x0000000086800000|  0%| F|  |TAMS 0x0000000086700000, 0x0000000086700000| Untracked 
| 104|0x0000000086800000, 0x0000000086800000, 0x0000000086900000|  0%| F|  |TAMS 0x0000000086800000, 0x0000000086800000| Untracked 
| 105|0x0000000086900000, 0x0000000086900000, 0x0000000086a00000|  0%| F|  |TAMS 0x0000000086900000, 0x0000000086900000| Untracked 
| 106|0x0000000086a00000, 0x0000000086a00000, 0x0000000086b00000|  0%| F|  |TAMS 0x0000000086a00000, 0x0000000086a00000| Untracked 
| 107|0x0000000086b00000, 0x0000000086b00000, 0x0000000086c00000|  0%| F|  |TAMS 0x0000000086b00000, 0x0000000086b00000| Untracked 
| 108|0x0000000086c00000, 0x0000000086c00000, 0x0000000086d00000|  0%| F|  |TAMS 0x0000000086c00000, 0x0000000086c00000| Untracked 
| 109|0x0000000086d00000, 0x0000000086d00000, 0x0000000086e00000|  0%| F|  |TAMS 0x0000000086d00000, 0x0000000086d00000| Untracked 
| 110|0x0000000086e00000, 0x0000000086e00000, 0x0000000086f00000|  0%| F|  |TAMS 0x0000000086e00000, 0x0000000086e00000| Untracked 
| 111|0x0000000086f00000, 0x0000000086f00000, 0x0000000087000000|  0%| F|  |TAMS 0x0000000086f00000, 0x0000000086f00000| Untracked 
| 112|0x0000000087000000, 0x0000000087000000, 0x0000000087100000|  0%| F|  |TAMS 0x0000000087000000, 0x0000000087000000| Untracked 
| 113|0x0000000087100000, 0x0000000087100000, 0x0000000087200000|  0%| F|  |TAMS 0x0000000087100000, 0x0000000087100000| Untracked 
| 114|0x0000000087200000, 0x0000000087200000, 0x0000000087300000|  0%| F|  |TAMS 0x0000000087200000, 0x0000000087200000| Untracked 
| 115|0x0000000087300000, 0x000000008735c138, 0x0000000087400000| 35%| S|CS|TAMS 0x0000000087300000, 0x0000000087300000| Complete 
| 116|0x0000000087400000, 0x0000000087500000, 0x0000000087500000|100%| S|CS|TAMS 0x0000000087400000, 0x0000000087400000| Complete 
| 117|0x0000000087500000, 0x0000000087600000, 0x0000000087600000|100%| S|CS|TAMS 0x0000000087500000, 0x0000000087500000| Complete 
| 118|0x0000000087600000, 0x0000000087700000, 0x0000000087700000|100%| S|CS|TAMS 0x0000000087600000, 0x0000000087600000| Complete 
| 119|0x0000000087700000, 0x0000000087800000, 0x0000000087800000|100%| S|CS|TAMS 0x0000000087700000, 0x0000000087700000| Complete 
| 120|0x0000000087800000, 0x0000000087900000, 0x0000000087900000|100%| S|CS|TAMS 0x0000000087800000, 0x0000000087800000| Complete 
| 121|0x0000000087900000, 0x0000000087a00000, 0x0000000087a00000|100%| S|CS|TAMS 0x0000000087900000, 0x0000000087900000| Complete 
| 122|0x0000000087a00000, 0x0000000087a00000, 0x0000000087b00000|  0%| F|  |TAMS 0x0000000087a00000, 0x0000000087a00000| Untracked 
| 123|0x0000000087b00000, 0x0000000087b00000, 0x0000000087c00000|  0%| F|  |TAMS 0x0000000087b00000, 0x0000000087b00000| Untracked 
| 124|0x0000000087c00000, 0x0000000087c00000, 0x0000000087d00000|  0%| F|  |TAMS 0x0000000087c00000, 0x0000000087c00000| Untracked 
| 125|0x0000000087d00000, 0x0000000087d00000, 0x0000000087e00000|  0%| F|  |TAMS 0x0000000087d00000, 0x0000000087d00000| Untracked 
| 126|0x0000000087e00000, 0x0000000087e00000, 0x0000000087f00000|  0%| F|  |TAMS 0x0000000087e00000, 0x0000000087e00000| Untracked 
| 127|0x0000000087f00000, 0x0000000087f00000, 0x0000000088000000|  0%| F|  |TAMS 0x0000000087f00000, 0x0000000087f00000| Untracked 
| 128|0x0000000088000000, 0x0000000088000000, 0x0000000088100000|  0%| F|  |TAMS 0x0000000088000000, 0x0000000088000000| Untracked 
| 129|0x0000000088100000, 0x0000000088100000, 0x0000000088200000|  0%| F|  |TAMS 0x0000000088100000, 0x0000000088100000| Untracked 
| 130|0x0000000088200000, 0x0000000088200000, 0x0000000088300000|  0%| F|  |TAMS 0x0000000088200000, 0x0000000088200000| Untracked 
| 131|0x0000000088300000, 0x0000000088300000, 0x0000000088400000|  0%| F|  |TAMS 0x0000000088300000, 0x0000000088300000| Untracked 
| 132|0x0000000088400000, 0x0000000088400000, 0x0000000088500000|  0%| F|  |TAMS 0x0000000088400000, 0x0000000088400000| Untracked 
| 133|0x0000000088500000, 0x0000000088500000, 0x0000000088600000|  0%| F|  |TAMS 0x0000000088500000, 0x0000000088500000| Untracked 
| 134|0x0000000088600000, 0x0000000088600000, 0x0000000088700000|  0%| F|  |TAMS 0x0000000088600000, 0x0000000088600000| Untracked 
| 135|0x0000000088700000, 0x0000000088700000, 0x0000000088800000|  0%| F|  |TAMS 0x0000000088700000, 0x0000000088700000| Untracked 
| 136|0x0000000088800000, 0x0000000088800000, 0x0000000088900000|  0%| F|  |TAMS 0x0000000088800000, 0x0000000088800000| Untracked 
| 137|0x0000000088900000, 0x0000000088900000, 0x0000000088a00000|  0%| F|  |TAMS 0x0000000088900000, 0x0000000088900000| Untracked 
| 138|0x0000000088a00000, 0x0000000088a00000, 0x0000000088b00000|  0%| F|  |TAMS 0x0000000088a00000, 0x0000000088a00000| Untracked 
| 139|0x0000000088b00000, 0x0000000088b00000, 0x0000000088c00000|  0%| F|  |TAMS 0x0000000088b00000, 0x0000000088b00000| Untracked 
| 140|0x0000000088c00000, 0x0000000088c00000, 0x0000000088d00000|  0%| F|  |TAMS 0x0000000088c00000, 0x0000000088c00000| Untracked 
| 141|0x0000000088d00000, 0x0000000088d00000, 0x0000000088e00000|  0%| F|  |TAMS 0x0000000088d00000, 0x0000000088d00000| Untracked 
| 142|0x0000000088e00000, 0x0000000088e00000, 0x0000000088f00000|  0%| F|  |TAMS 0x0000000088e00000, 0x0000000088e00000| Untracked 
| 143|0x0000000088f00000, 0x0000000088f00000, 0x0000000089000000|  0%| F|  |TAMS 0x0000000088f00000, 0x0000000088f00000| Untracked 
| 144|0x0000000089000000, 0x0000000089000000, 0x0000000089100000|  0%| F|  |TAMS 0x0000000089000000, 0x0000000089000000| Untracked 
| 145|0x0000000089100000, 0x0000000089100000, 0x0000000089200000|  0%| F|  |TAMS 0x0000000089100000, 0x0000000089100000| Untracked 
| 146|0x0000000089200000, 0x0000000089200000, 0x0000000089300000|  0%| F|  |TAMS 0x0000000089200000, 0x0000000089200000| Untracked 
| 147|0x0000000089300000, 0x0000000089300000, 0x0000000089400000|  0%| F|  |TAMS 0x0000000089300000, 0x0000000089300000| Untracked 
| 148|0x0000000089400000, 0x0000000089400000, 0x0000000089500000|  0%| F|  |TAMS 0x0000000089400000, 0x0000000089400000| Untracked 
| 149|0x0000000089500000, 0x0000000089500000, 0x0000000089600000|  0%| F|  |TAMS 0x0000000089500000, 0x0000000089500000| Untracked 
| 150|0x0000000089600000, 0x0000000089600000, 0x0000000089700000|  0%| F|  |TAMS 0x0000000089600000, 0x0000000089600000| Untracked 
| 151|0x0000000089700000, 0x0000000089700000, 0x0000000089800000|  0%| F|  |TAMS 0x0000000089700000, 0x0000000089700000| Untracked 
| 152|0x0000000089800000, 0x0000000089800000, 0x0000000089900000|  0%| F|  |TAMS 0x0000000089800000, 0x0000000089800000| Untracked 
| 153|0x0000000089900000, 0x0000000089900000, 0x0000000089a00000|  0%| F|  |TAMS 0x0000000089900000, 0x0000000089900000| Untracked 
| 154|0x0000000089a00000, 0x0000000089a00000, 0x0000000089b00000|  0%| F|  |TAMS 0x0000000089a00000, 0x0000000089a00000| Untracked 
| 155|0x0000000089b00000, 0x0000000089b00000, 0x0000000089c00000|  0%| F|  |TAMS 0x0000000089b00000, 0x0000000089b00000| Untracked 
| 156|0x0000000089c00000, 0x0000000089c00000, 0x0000000089d00000|  0%| F|  |TAMS 0x0000000089c00000, 0x0000000089c00000| Untracked 
| 157|0x0000000089d00000, 0x0000000089d00000, 0x0000000089e00000|  0%| F|  |TAMS 0x0000000089d00000, 0x0000000089d00000| Untracked 
| 158|0x0000000089e00000, 0x0000000089e00000, 0x0000000089f00000|  0%| F|  |TAMS 0x0000000089e00000, 0x0000000089e00000| Untracked 
| 159|0x0000000089f00000, 0x0000000089f00000, 0x000000008a000000|  0%| F|  |TAMS 0x0000000089f00000, 0x0000000089f00000| Untracked 
| 160|0x000000008a000000, 0x000000008a000000, 0x000000008a100000|  0%| F|  |TAMS 0x000000008a000000, 0x000000008a000000| Untracked 
| 161|0x000000008a100000, 0x000000008a100000, 0x000000008a200000|  0%| F|  |TAMS 0x000000008a100000, 0x000000008a100000| Untracked 
| 162|0x000000008a200000, 0x000000008a200000, 0x000000008a300000|  0%| F|  |TAMS 0x000000008a200000, 0x000000008a200000| Untracked 
| 163|0x000000008a300000, 0x000000008a300000, 0x000000008a400000|  0%| F|  |TAMS 0x000000008a300000, 0x000000008a300000| Untracked 
| 164|0x000000008a400000, 0x000000008a400000, 0x000000008a500000|  0%| F|  |TAMS 0x000000008a400000, 0x000000008a400000| Untracked 
| 165|0x000000008a500000, 0x000000008a500000, 0x000000008a600000|  0%| F|  |TAMS 0x000000008a500000, 0x000000008a500000| Untracked 
| 166|0x000000008a600000, 0x000000008a600000, 0x000000008a700000|  0%| F|  |TAMS 0x000000008a600000, 0x000000008a600000| Untracked 
| 167|0x000000008a700000, 0x000000008a700000, 0x000000008a800000|  0%| F|  |TAMS 0x000000008a700000, 0x000000008a700000| Untracked 
| 168|0x000000008a800000, 0x000000008a800000, 0x000000008a900000|  0%| F|  |TAMS 0x000000008a800000, 0x000000008a800000| Untracked 
| 169|0x000000008a900000, 0x000000008a900000, 0x000000008aa00000|  0%| F|  |TAMS 0x000000008a900000, 0x000000008a900000| Untracked 
| 170|0x000000008aa00000, 0x000000008aa00000, 0x000000008ab00000|  0%| F|  |TAMS 0x000000008aa00000, 0x000000008aa00000| Untracked 
| 171|0x000000008ab00000, 0x000000008ab00000, 0x000000008ac00000|  0%| F|  |TAMS 0x000000008ab00000, 0x000000008ab00000| Untracked 
| 172|0x000000008ac00000, 0x000000008ac00000, 0x000000008ad00000|  0%| F|  |TAMS 0x000000008ac00000, 0x000000008ac00000| Untracked 
| 173|0x000000008ad00000, 0x000000008ad00000, 0x000000008ae00000|  0%| F|  |TAMS 0x000000008ad00000, 0x000000008ad00000| Untracked 
| 174|0x000000008ae00000, 0x000000008ae00000, 0x000000008af00000|  0%| F|  |TAMS 0x000000008ae00000, 0x000000008ae00000| Untracked 
| 175|0x000000008af00000, 0x000000008af00000, 0x000000008b000000|  0%| F|  |TAMS 0x000000008af00000, 0x000000008af00000| Untracked 
| 176|0x000000008b000000, 0x000000008b000000, 0x000000008b100000|  0%| F|  |TAMS 0x000000008b000000, 0x000000008b000000| Untracked 
| 177|0x000000008b100000, 0x000000008b100000, 0x000000008b200000|  0%| F|  |TAMS 0x000000008b100000, 0x000000008b100000| Untracked 
| 178|0x000000008b200000, 0x000000008b200000, 0x000000008b300000|  0%| F|  |TAMS 0x000000008b200000, 0x000000008b200000| Untracked 
| 179|0x000000008b300000, 0x000000008b300000, 0x000000008b400000|  0%| F|  |TAMS 0x000000008b300000, 0x000000008b300000| Untracked 
| 180|0x000000008b400000, 0x000000008b400000, 0x000000008b500000|  0%| F|  |TAMS 0x000000008b400000, 0x000000008b400000| Untracked 
| 181|0x000000008b500000, 0x000000008b500000, 0x000000008b600000|  0%| F|  |TAMS 0x000000008b500000, 0x000000008b500000| Untracked 
| 182|0x000000008b600000, 0x000000008b600000, 0x000000008b700000|  0%| F|  |TAMS 0x000000008b600000, 0x000000008b600000| Untracked 
| 183|0x000000008b700000, 0x000000008b700000, 0x000000008b800000|  0%| F|  |TAMS 0x000000008b700000, 0x000000008b700000| Untracked 
| 184|0x000000008b800000, 0x000000008b800000, 0x000000008b900000|  0%| F|  |TAMS 0x000000008b800000, 0x000000008b800000| Untracked 
| 185|0x000000008b900000, 0x000000008b900000, 0x000000008ba00000|  0%| F|  |TAMS 0x000000008b900000, 0x000000008b900000| Untracked 
| 186|0x000000008ba00000, 0x000000008ba00000, 0x000000008bb00000|  0%| F|  |TAMS 0x000000008ba00000, 0x000000008ba00000| Untracked 
| 187|0x000000008bb00000, 0x000000008bb00000, 0x000000008bc00000|  0%| F|  |TAMS 0x000000008bb00000, 0x000000008bb00000| Untracked 
| 188|0x000000008bc00000, 0x000000008bc00000, 0x000000008bd00000|  0%| F|  |TAMS 0x000000008bc00000, 0x000000008bc00000| Untracked 
| 189|0x000000008bd00000, 0x000000008bd00000, 0x000000008be00000|  0%| F|  |TAMS 0x000000008bd00000, 0x000000008bd00000| Untracked 
| 190|0x000000008be00000, 0x000000008be80800, 0x000000008bf00000| 50%| E|  |TAMS 0x000000008be00000, 0x000000008be00000| Complete 
| 191|0x000000008bf00000, 0x000000008c000000, 0x000000008c000000|100%| E|CS|TAMS 0x000000008bf00000, 0x000000008bf00000| Complete 

Card table byte_map: [0x000002919d320000,0x000002919d720000] _byte_map_base: 0x000002919cf20000

Marking Bits (Prev, Next): (CMBitMap*) 0x000002918a432058, (CMBitMap*) 0x000002918a432090
 Prev Bits: [0x000002919db20000, 0x000002919fb20000)
 Next Bits: [0x000002919fb20000, 0x00000291a1b20000)

Polling page: 0x0000029188310000

Metaspace:

Usage:
  Non-class:     51.14 MB capacity,    50.27 MB ( 98%) used,   723.49 KB (  1%) free+waste,   169.25 KB ( <1%) overhead. 
      Class:      7.83 MB capacity,     7.23 MB ( 92%) used,   533.98 KB (  7%) free+waste,    81.19 KB (  1%) overhead. 
       Both:     58.98 MB capacity,    57.50 MB ( 98%) used,     1.23 MB (  2%) free+waste,   250.44 KB ( <1%) overhead. 

Virtual space:
  Non-class space:       52.00 MB reserved,      51.20 MB ( 98%) committed 
      Class space:        1.00 GB reserved,       7.88 MB ( <1%) committed 
             Both:        1.05 GB reserved,      59.08 MB (  5%) committed 

Chunk freelists:
   Non-Class:  30.00 KB
       Class:  9.00 KB
        Both:  39.00 KB

MaxMetaspaceSize: 17179869184.00 GB
CompressedClassSpaceSize: 1.00 GB
Initial GC threshold: 20.80 MB
Current GC threshold: 59.15 MB
CDS: off

CodeHeap 'non-profiled nmethods': size=120064Kb used=3685Kb max_used=3685Kb free=116378Kb
 bounds [0x00000291959e0000, 0x0000029195d80000, 0x000002919cf20000]
CodeHeap 'profiled nmethods': size=120000Kb used=12909Kb max_used=12909Kb free=107091Kb
 bounds [0x000002918e4b0000, 0x000002918f150000, 0x00000291959e0000]
CodeHeap 'non-nmethods': size=5696Kb used=2333Kb max_used=2370Kb free=3362Kb
 bounds [0x000002918df20000, 0x000002918e190000, 0x000002918e4b0000]
 total_blobs=7128 nmethods=6283 adapters=756
 compilation: enabled
              stopped_count=0, restarted_count=0
 full_count=0

Compilation events (20 events):
Event: 13.182 Thread 0x00000291a48a4000 6277       4       sun.invoke.util.VerifyAccess::isTypeVisible (118 bytes)
Event: 13.189 Thread 0x00000291a48a4000 nmethod 6277 0x0000029195d6bd10 code [0x0000029195d6bf00, 0x0000029195d6c2c8]
Event: 13.190 Thread 0x00000291a4902800 6280       3       jdk.internal.loader.URLClassPath$1::next (59 bytes)
Event: 13.190 Thread 0x00000291a4902800 nmethod 6280 0x000002918f143210 code [0x000002918f143400, 0x000002918f1437d8]
Event: 13.215 Thread 0x00000291a48a4000 6281       4       java.lang.invoke.LambdaForm::uncustomize (57 bytes)
Event: 13.215 Thread 0x00000291a4902800 6282       3       java.lang.invoke.MethodHandles::foldArgumentChecks (217 bytes)
Event: 13.216 Thread 0x00000291a48a4000 nmethod 6281 0x0000029195d6c710 code [0x0000029195d6c8a0, 0x0000029195d6c918]
Event: 13.217 Thread 0x00000291a4902800 nmethod 6282 0x000002918f143910 code [0x000002918f143dc0, 0x000002918f145c38]
Event: 13.217 Thread 0x00000291a4902800 6283       3       java.lang.invoke.LambdaFormEditor::foldArgumentsForm (120 bytes)
Event: 13.217 Thread 0x00000291a4902800 nmethod 6283 0x000002918f146890 code [0x000002918f146ac0, 0x000002918f1470e8]
Event: 13.217 Thread 0x00000291a4902800 6284       3       java.util.concurrent.ConcurrentHashMap$ValuesView::iterator (34 bytes)
Event: 13.218 Thread 0x00000291a4902800 nmethod 6284 0x000002918f147390 code [0x000002918f147580, 0x000002918f147918]
Event: 13.219 Thread 0x00000291a48a4000 6285       4       java.lang.Class::getComponentType (14 bytes)
Event: 13.219 Thread 0x00000291a48a4000 nmethod 6285 0x0000029195d6ca10 code [0x0000029195d6cba0, 0x0000029195d6cc18]
Event: 13.220 Thread 0x00000291a4902800 6286       3       org.gradle.internal.isolated.IsolationScheme::parameterTypeFor (115 bytes)
Event: 13.220 Thread 0x00000291a4902800 nmethod 6286 0x000002918f147b10 code [0x000002918f147d80, 0x000002918f148748]
Event: 13.220 Thread 0x00000291a4902800 6287       3       org.gradle.internal.isolated.IsolationScheme::inferParameterType (130 bytes)
Event: 13.222 Thread 0x00000291a4902800 nmethod 6287 0x000002918f148990 code [0x000002918f148d60, 0x000002918f14aad8]
Event: 13.228 Thread 0x00000291a48a4000 6288       4       java.net.URLClassLoader$1::run (5 bytes)
Event: 13.233 Thread 0x00000291a6aab000 nmethod 6206 0x0000029195d6cd10 code [0x0000029195d6df20, 0x0000029195d750d0]

GC Heap History (14 events):
Event: 0.679 GC heap before
{Heap before GC invocations=0 (full 0):
 garbage-first heap   total 196608K, used 17408K [0x0000000080000000, 0x0000000100000000)
  region size 1024K, 14 young (14336K), 0 survivors (0K)
 Metaspace       used 6736K, capacity 6929K, committed 7168K, reserved 1056768K
  class space    used 571K, capacity 650K, committed 768K, reserved 1048576K
}
Event: 0.685 GC heap after
{Heap after GC invocations=1 (full 0):
 garbage-first heap   total 196608K, used 3758K [0x0000000080000000, 0x0000000100000000)
  region size 1024K, 2 young (2048K), 2 survivors (2048K)
 Metaspace       used 6736K, capacity 6929K, committed 7168K, reserved 1056768K
  class space    used 571K, capacity 650K, committed 768K, reserved 1048576K
}
Event: 3.129 GC heap before
{Heap before GC invocations=1 (full 0):
 garbage-first heap   total 196608K, used 116398K [0x0000000080000000, 0x0000000100000000)
  region size 1024K, 110 young (112640K), 2 survivors (2048K)
 Metaspace       used 20810K, capacity 21191K, committed 21296K, reserved 1069056K
  class space    used 2521K, capacity 2685K, committed 2688K, reserved 1048576K
}
Event: 3.137 GC heap after
{Heap after GC invocations=2 (full 0):
 garbage-first heap   total 196608K, used 17310K [0x0000000080000000, 0x0000000100000000)
  region size 1024K, 13 young (13312K), 13 survivors (13312K)
 Metaspace       used 20810K, capacity 21191K, committed 21296K, reserved 1069056K
  class space    used 2521K, capacity 2685K, committed 2688K, reserved 1048576K
}
Event: 4.015 GC heap before
{Heap before GC invocations=3 (full 0):
 garbage-first heap   total 196608K, used 45982K [0x0000000080000000, 0x0000000100000000)
  region size 1024K, 41 young (41984K), 13 survivors (13312K)
 Metaspace       used 23740K, capacity 24289K, committed 24368K, reserved 1071104K
  class space    used 2992K, capacity 3192K, committed 3200K, reserved 1048576K
}
Event: 4.023 GC heap after
{Heap after GC invocations=4 (full 0):
 garbage-first heap   total 196608K, used 18135K [0x0000000080000000, 0x0000000100000000)
  region size 1024K, 2 young (2048K), 2 survivors (2048K)
 Metaspace       used 23740K, capacity 24289K, committed 24368K, reserved 1071104K
  class space    used 2992K, capacity 3192K, committed 3200K, reserved 1048576K
}
Event: 6.547 GC heap before
{Heap before GC invocations=4 (full 0):
 garbage-first heap   total 196608K, used 110295K [0x0000000080000000, 0x0000000100000000)
  region size 1024K, 93 young (95232K), 2 survivors (2048K)
 Metaspace       used 34838K, capacity 35729K, committed 35888K, reserved 1081344K
  class space    used 4546K, capacity 4885K, committed 4992K, reserved 1048576K
}
Event: 6.564 GC heap after
{Heap after GC invocations=5 (full 0):
 garbage-first heap   total 196608K, used 21822K [0x0000000080000000, 0x0000000100000000)
  region size 1024K, 6 young (6144K), 6 survivors (6144K)
 Metaspace       used 34838K, capacity 35729K, committed 35888K, reserved 1081344K
  class space    used 4546K, capacity 4885K, committed 4992K, reserved 1048576K
}
Event: 8.818 GC heap before
{Heap before GC invocations=6 (full 0):
 garbage-first heap   total 196608K, used 135486K [0x0000000080000000, 0x0000000100000000)
  region size 1024K, 114 young (116736K), 6 survivors (6144K)
 Metaspace       used 45152K, capacity 46309K, committed 46512K, reserved 1089536K
  class space    used 5698K, capacity 6114K, committed 6144K, reserved 1048576K
}
Event: 8.831 GC heap after
{Heap after GC invocations=7 (full 0):
 garbage-first heap   total 196608K, used 30195K [0x0000000080000000, 0x0000000100000000)
  region size 1024K, 14 young (14336K), 14 survivors (14336K)
 Metaspace       used 45152K, capacity 46309K, committed 46512K, reserved 1089536K
  class space    used 5698K, capacity 6114K, committed 6144K, reserved 1048576K
}
Event: 11.427 GC heap before
{Heap before GC invocations=7 (full 0):
 garbage-first heap   total 196608K, used 141811K [0x0000000080000000, 0x0000000100000000)
  region size 1024K, 115 young (117760K), 14 survivors (14336K)
 Metaspace       used 50253K, capacity 51632K, committed 51888K, reserved 1093632K
  class space    used 6344K, capacity 6891K, committed 6912K, reserved 1048576K
}
Event: 11.443 GC heap after
{Heap after GC invocations=8 (full 0):
 garbage-first heap   total 196608K, used 46703K [0x0000000080000000, 0x0000000100000000)
  region size 1024K, 9 young (9216K), 9 survivors (9216K)
 Metaspace       used 50253K, capacity 51632K, committed 51888K, reserved 1093632K
  class space    used 6344K, capacity 6891K, committed 6912K, reserved 1048576K
}
Event: 13.192 GC heap before
{Heap before GC invocations=8 (full 0):
 garbage-first heap   total 196608K, used 117359K [0x0000000080000000, 0x0000000100000000)
  region size 1024K, 79 young (80896K), 9 survivors (9216K)
 Metaspace       used 58648K, capacity 60177K, committed 60240K, reserved 1101824K
  class space    used 7375K, capacity 8015K, committed 8064K, reserved 1048576K
}
Event: 13.207 GC heap after
{Heap after GC invocations=9 (full 0):
 garbage-first heap   total 196608K, used 53057K [0x0000000080000000, 0x0000000100000000)
  region size 1024K, 7 young (7168K), 7 survivors (7168K)
 Metaspace       used 58648K, capacity 60177K, committed 60240K, reserved 1101824K
  class space    used 7375K, capacity 8015K, committed 8064K, reserved 1048576K
}

Deoptimization events (20 events):
Event: 12.968 Thread 0x00000291a6002800 Uncommon trap: trap_request=0xffffffd6 fr.pc=0x0000029195d52d30 relative=0x0000000000000350
Event: 12.968 Thread 0x00000291a6002800 Uncommon trap: reason=array_check action=maybe_recompile pc=0x0000029195d52d30 method=java.util.AbstractCollection.toArray([Ljava/lang/Object;)[Ljava/lang/Object; @ 116 c2
Event: 12.968 Thread 0x00000291a6002800 DEOPT PACKING pc=0x0000029195d52d30 sp=0x000000b34b7f5710
Event: 12.968 Thread 0x00000291a6002800 DEOPT UNPACKING pc=0x000002918df6a1af sp=0x000000b34b7f56b0 mode 2
Event: 12.999 Thread 0x00000291a6002800 Uncommon trap: trap_request=0xffffffd6 fr.pc=0x0000029195d52d30 relative=0x0000000000000350
Event: 12.999 Thread 0x00000291a6002800 Uncommon trap: reason=array_check action=maybe_recompile pc=0x0000029195d52d30 method=java.util.AbstractCollection.toArray([Ljava/lang/Object;)[Ljava/lang/Object; @ 116 c2
Event: 12.999 Thread 0x00000291a6002800 DEOPT PACKING pc=0x0000029195d52d30 sp=0x000000b34b7f54d0
Event: 12.999 Thread 0x00000291a6002800 DEOPT UNPACKING pc=0x000002918df6a1af sp=0x000000b34b7f5480 mode 2
Event: 13.019 Thread 0x00000291a6002800 Uncommon trap: trap_request=0xffffffd6 fr.pc=0x0000029195d52d30 relative=0x0000000000000350
Event: 13.019 Thread 0x00000291a6002800 Uncommon trap: reason=array_check action=maybe_recompile pc=0x0000029195d52d30 method=java.util.AbstractCollection.toArray([Ljava/lang/Object;)[Ljava/lang/Object; @ 116 c2
Event: 13.019 Thread 0x00000291a6002800 DEOPT PACKING pc=0x0000029195d52d30 sp=0x000000b34b7f27c0
Event: 13.019 Thread 0x00000291a6002800 DEOPT UNPACKING pc=0x000002918df6a1af sp=0x000000b34b7f2770 mode 2
Event: 13.047 Thread 0x00000291a6002800 Uncommon trap: trap_request=0xffffffd6 fr.pc=0x0000029195d52d30 relative=0x0000000000000350
Event: 13.048 Thread 0x00000291a6002800 Uncommon trap: reason=array_check action=maybe_recompile pc=0x0000029195d52d30 method=java.util.AbstractCollection.toArray([Ljava/lang/Object;)[Ljava/lang/Object; @ 116 c2
Event: 13.050 Thread 0x00000291a6002800 DEOPT PACKING pc=0x0000029195d52d30 sp=0x000000b34b7f4af0
Event: 13.050 Thread 0x00000291a6002800 DEOPT UNPACKING pc=0x000002918df6a1af sp=0x000000b34b7f4a90 mode 2
Event: 13.211 Thread 0x00000291a4a0b800 Uncommon trap: trap_request=0xffffffde fr.pc=0x0000029195b2ed6c relative=0x000000000000052c
Event: 13.211 Thread 0x00000291a4a0b800 Uncommon trap: reason=class_check action=maybe_recompile pc=0x0000029195b2ed6c method=jdk.internal.ref.PhantomCleanable.clean()V @ 12 c2
Event: 13.211 Thread 0x00000291a4a0b800 DEOPT PACKING pc=0x0000029195b2ed6c sp=0x000000b34abfed50
Event: 13.211 Thread 0x00000291a4a0b800 DEOPT UNPACKING pc=0x000002918df6a1af sp=0x000000b34abfed30 mode 2

Classes redefined (0 events):
No events

Internal exceptions (20 events):
Event: 11.718 Thread 0x00000291a6002800 Exception <a 'java/lang/ClassNotFoundException'{0x000000008ba31fa8}: org/gradle/api/internal/plugins/DefaultObjectConfigurationActionBeanInfo> (0x000000008ba31fa8) thrown at [src/hotspot/share/classfile/systemDictionary.cpp, line 230]
Event: 11.719 Thread 0x00000291a6002800 Exception <a 'java/lang/ClassNotFoundException'{0x000000008ba6a108}: org/gradle/api/internal/plugins/DefaultObjectConfigurationActionCustomizer> (0x000000008ba6a108) thrown at [src/hotspot/share/classfile/systemDictionary.cpp, line 230]
Event: 11.951 Thread 0x00000291a6002800 Exception <a 'java/lang/NoSuchMethodError'{0x000000008af75f00}: 'java.lang.Object java.lang.invoke.DirectMethodHandle$Holder.invokeStatic(java.lang.Object, java.lang.Object, java.lang.Object, java.lang.Object, int)'> (0x000000008af75f00) thrown at [src/hotspot/share/interpreter/linkResolver.cpp, line 773]
Event: 11.951 Thread 0x00000291a6002800 Exception <a 'java/lang/NoSuchMethodError'{0x000000008af7a8f8}: 'java.lang.Object java.lang.invoke.DirectMethodHandle$Holder.invokeSpecial(java.lang.Object, java.lang.Object, java.lang.Object, java.lang.Object, java.lang.Object, int)'> (0x000000008af7a8f8) thrown at [src/hotspot/share/interpreter/linkResolver.cpp, line 773]
Event: 11.951 Thread 0x00000291a6002800 Exception <a 'java/lang/NoSuchMethodError'{0x000000008af7ef38}: 'java.lang.Object java.lang.invoke.Invokers$Holder.linkToTargetMethod(java.lang.Object, java.lang.Object, java.lang.Object, int, java.lang.Object)'> (0x000000008af7ef38) thrown at [src/hotspot/share/interpreter/linkResolver.cpp, line 773]
Event: 11.966 Thread 0x00000291a6002800 Exception <a 'java/lang/NoSuchMethodError'{0x000000008ae47a68}: 'java.lang.Object java.lang.invoke.Invokers$Holder.linkToTargetMethod(java.lang.Object, int, int, java.lang.Object)'> (0x000000008ae47a68) thrown at [src/hotspot/share/interpreter/linkResolver.cpp, line 773]
Event: 11.968 Thread 0x00000291a6002800 Exception <a 'java/lang/NoSuchMethodError'{0x000000008ae5f3f0}: 'java.lang.Object java.lang.invoke.DirectMethodHandle$Holder.invokeStatic(java.lang.Object, java.lang.Object, int, int, java.lang.Object, java.lang.Object)'> (0x000000008ae5f3f0) thrown at [src/hotspot/share/interpreter/linkResolver.cpp, line 773]
Event: 11.991 Thread 0x00000291a6002800 Implicit null exception at 0x0000029195d153f8 to 0x0000029195d15578
Event: 12.286 Thread 0x00000291a6002800 Exception <a 'java/lang/NoSuchMethodError'{0x000000008a0b8410}: 'java.lang.Object java.lang.invoke.DirectMethodHandle$Holder.invokeStatic(java.lang.Object, java.lang.Object, java.lang.Object, java.lang.Object, java.lang.Object, java.lang.Object, java.lang.Object, java.lang.Object, java.lang.Object, java.lang.Object, java.lang.Object, java.lang.Object, java.lang.Object, int)'> (0x000000008a0b8410) thrown at [src/hotspot/share/interpreter/linkResolver.cpp, line 773]
Event: 12.287 Thread 0x00000291a6002800 Exception <a 'java/lang/NoSuchMethodError'{0x000000008a0c5df8}: 'java.lang.Object java.lang.invoke.DirectMethodHandle$Holder.invokeStatic(java.lang.Object, java.lang.Object, java.lang.Object, java.lang.Object, java.lang.Object, java.lang.Object, java.lang.Object, java.lang.Object, java.lang.Object, java.lang.Object, java.lang.Object, java.lang.Object, java.lang.Object, int, int)'> (0x000000008a0c5df8) thrown at [src/hotspot/share/interpreter/linkResolver.cpp, line 773]
Event: 12.344 Thread 0x00000291a6002800 Exception <a 'java/lang/NoSuchMethodError'{0x0000000089d1fbd0}: 'int java.lang.invoke.DirectMethodHandle$Holder.invokeInterface(java.lang.Object, java.lang.Object, java.lang.Object, java.lang.Object)'> (0x0000000089d1fbd0) thrown at [src/hotspot/share/interpreter/linkResolver.cpp, line 773]
Event: 12.929 Thread 0x00000291a6002800 Exception <a 'java/lang/NoSuchMethodError'{0x00000000883b2ad0}: 'java.lang.Object java.lang.invoke.DirectMethodHandle$Holder.invokeSpecial(java.lang.Object, java.lang.Object, int, int, int, java.lang.Object, java.lang.Object, java.lang.Object, java.lang.Object)'> (0x00000000883b2ad0) thrown at [src/hotspot/share/interpreter/linkResolver.cpp, line 773]
Event: 12.930 Thread 0x00000291a6002800 Exception <a 'java/lang/NoSuchMethodError'{0x00000000883b7278}: 'java.lang.Object java.lang.invoke.DelegatingMethodHandle$Holder.reinvoke_L(java.lang.Object, int, int, int, java.lang.Object, java.lang.Object, java.lang.Object, java.lang.Object)'> (0x00000000883b7278) thrown at [src/hotspot/share/interpreter/linkResolver.cpp, line 773]
Event: 12.930 Thread 0x00000291a6002800 Exception <a 'java/lang/NoSuchMethodError'{0x00000000883bf928}: 'java.lang.Object java.lang.invoke.DirectMethodHandle$Holder.invokeStatic(java.lang.Object, java.lang.Object, java.lang.Object, java.lang.Object, java.lang.Object, int)'> (0x00000000883bf928) thrown at [src/hotspot/share/interpreter/linkResolver.cpp, line 773]
Event: 13.162 Thread 0x00000291a6002800 Exception <a 'java/lang/NoSuchMethodError'{0x0000000087a726d8}: 'java.lang.Object java.lang.invoke.DirectMethodHandle$Holder.invokeSpecial(java.lang.Object, java.lang.Object, int, int, java.lang.Object, java.lang.Object, java.lang.Object)'> (0x0000000087a726d8) thrown at [src/hotspot/share/interpreter/linkResolver.cpp, line 773]
Event: 13.162 Thread 0x00000291a6002800 Exception <a 'java/lang/NoSuchMethodError'{0x0000000087a771a8}: 'java.lang.Object java.lang.invoke.DelegatingMethodHandle$Holder.reinvoke_L(java.lang.Object, int, int, java.lang.Object, java.lang.Object, java.lang.Object)'> (0x0000000087a771a8) thrown at [src/hotspot/share/interpreter/linkResolver.cpp, line 773]
Event: 13.165 Thread 0x00000291a6002800 Exception <a 'java/lang/NoSuchMethodError'{0x0000000087a8dcc0}: 'java.lang.Object java.lang.invoke.DirectMethodHandle$Holder.invokeStatic(java.lang.Object, java.lang.Object, java.lang.Object, java.lang.Object, int, int)'> (0x0000000087a8dcc0) thrown at [src/hotspot/share/interpreter/linkResolver.cpp, line 773]
Event: 13.166 Thread 0x00000291a6002800 Exception <a 'java/lang/NoSuchMethodError'{0x0000000087aa4338}: 'java.lang.Object java.lang.invoke.DirectMethodHandle$Holder.invokeStatic(java.lang.Object, java.lang.Object, java.lang.Object, java.lang.Object, int, int, java.lang.Object)'> (0x0000000087aa4338) thrown at [src/hotspot/share/interpreter/linkResolver.cpp, line 773]
Event: 13.167 Thread 0x00000291a6002800 Exception <a 'java/lang/NoSuchMethodError'{0x0000000087abc328}: 'java.lang.Object java.lang.invoke.DirectMethodHandle$Holder.invokeStatic(java.lang.Object, java.lang.Object, java.lang.Object, java.lang.Object, int, int, java.lang.Object, java.lang.Object)'> (0x0000000087abc328) thrown at [src/hotspot/share/interpreter/linkResolver.cpp, line 773]
Event: 13.179 Thread 0x00000291a6002800 Exception <a 'java/lang/NoSuchMethodError'{0x0000000087ad58a0}: 'java.lang.Object java.lang.invoke.DirectMethodHandle$Holder.invokeStatic(java.lang.Object, java.lang.Object, java.lang.Object, java.lang.Object, int, int, java.lang.Object, java.lang.Object, java.lang.Object)'> (0x0000000087ad58a0) thrown at [src/hotspot/share/interpreter/linkResolver.cpp, line 773]

Events (20 events):
Event: 13.231 loading class org/gradle/process/internal/health/memory/DefaultMemoryManager done
Event: 13.232 loading class org/gradle/process/internal/health/memory/JvmMemoryStatusListener
Event: 13.232 loading class org/gradle/process/internal/health/memory/JvmMemoryStatusListener done
Event: 13.235 loading class org/gradle/process/internal/health/memory/MBeanAttributeProvider
Event: 13.235 loading class org/gradle/process/internal/health/memory/MBeanAttributeProvider done
Event: 13.235 loading class javax/management/InstanceNotFoundException
Event: 13.235 loading class javax/management/OperationsException
Event: 13.235 loading class javax/management/JMException
Event: 13.235 loading class javax/management/JMException done
Event: 13.235 loading class javax/management/OperationsException done
Event: 13.235 loading class javax/management/InstanceNotFoundException done
Event: 13.235 loading class javax/management/ReflectionException
Event: 13.235 loading class javax/management/ReflectionException done
Event: 13.235 loading class javax/management/MalformedObjectNameException
Event: 13.236 loading class javax/management/MalformedObjectNameException done
Event: 13.236 loading class javax/management/MBeanException
Event: 13.236 loading class javax/management/MBeanException done
Event: 13.236 loading class javax/management/AttributeNotFoundException
Event: 13.237 loading class javax/management/AttributeNotFoundException done
Event: 13.237 loading class javax/management/MBeanServerFactory


Dynamic libraries:
0x00007ff6a4170000 - 0x00007ff6a417a000 	C:\Program Files\Android\Android Studio\jbr\bin\java.exe
0x00007ffa8f7f0000 - 0x00007ffa8f9e8000 	C:\Windows\SYSTEM32\ntdll.dll
0x00007ffa8eba0000 - 0x00007ffa8ec5f000 	C:\Windows\System32\KERNEL32.DLL
0x00007ffa8d2e0000 - 0x00007ffa8d5b2000 	C:\Windows\System32\KERNELBASE.dll
0x00007ffa8d000000 - 0x00007ffa8d100000 	C:\Windows\System32\ucrtbase.dll
0x00007ffa717f0000 - 0x00007ffa71807000 	C:\Program Files\Android\Android Studio\jbr\bin\jli.dll
0x00007ffa8dcf0000 - 0x00007ffa8de91000 	C:\Windows\System32\USER32.dll
0x00007ffa8d150000 - 0x00007ffa8d172000 	C:\Windows\System32\win32u.dll
0x00007ffa8df70000 - 0x00007ffa8df9b000 	C:\Windows\System32\GDI32.dll
0x00007ffa8d650000 - 0x00007ffa8d75f000 	C:\Windows\System32\gdi32full.dll
0x00007ffa8cf60000 - 0x00007ffa8cffd000 	C:\Windows\System32\msvcp_win.dll
0x00007ffa712a0000 - 0x00007ffa712bb000 	C:\Program Files\Android\Android Studio\jbr\bin\VCRUNTIME140.dll
0x00007ffa78350000 - 0x00007ffa785ea000 	C:\Windows\WinSxS\amd64_microsoft.windows.common-controls_6595b64144ccf1df_6.0.19041.1110_none_60b5254171f9507e\COMCTL32.dll
0x00007ffa8dc50000 - 0x00007ffa8dcee000 	C:\Windows\System32\msvcrt.dll
0x00007ffa8dfa0000 - 0x00007ffa8dfd0000 	C:\Windows\System32\IMM32.DLL
0x00007ffa5cad0000 - 0x00007ffa5cb5d000 	C:\Program Files\Android\Android Studio\jbr\bin\msvcp140.dll
0x00007ffa6dd70000 - 0x00007ffa6dd7c000 	C:\Windows\SYSTEM32\VCRUNTIME140_1.dll
0x00007ffa3e390000 - 0x00007ffa3ef4c000 	C:\Program Files\Android\Android Studio\jbr\bin\server\jvm.dll
0x00007ffa8ed90000 - 0x00007ffa8ee3e000 	C:\Windows\System32\ADVAPI32.dll
0x00007ffa8db10000 - 0x00007ffa8dbac000 	C:\Windows\System32\sechost.dll
0x00007ffa8d910000 - 0x00007ffa8da35000 	C:\Windows\System32\RPCRT4.dll
0x00007ffa8eea0000 - 0x00007ffa8eea8000 	C:\Windows\System32\PSAPI.DLL
0x00007ffa86790000 - 0x00007ffa86799000 	C:\Windows\SYSTEM32\WSOCK32.dll
0x00007ffa8dfd0000 - 0x00007ffa8e03b000 	C:\Windows\System32\WS2_32.dll
0x00007ffa82090000 - 0x00007ffa820b7000 	C:\Windows\SYSTEM32\WINMM.dll
0x00007ffa86fb0000 - 0x00007ffa86fba000 	C:\Windows\SYSTEM32\VERSION.dll
0x00007ffa8add0000 - 0x00007ffa8ade2000 	C:\Windows\SYSTEM32\kernel.appcore.dll
0x00007ffa8a7b0000 - 0x00007ffa8a7c0000 	C:\Program Files\Android\Android Studio\jbr\bin\verify.dll
0x00007ffa78a20000 - 0x00007ffa78c04000 	C:\Windows\SYSTEM32\DBGHELP.DLL
0x00007ffa789e0000 - 0x00007ffa78a15000 	C:\Windows\SYSTEM32\dbgcore.DLL
0x00007ffa8d5c0000 - 0x00007ffa8d642000 	C:\Windows\System32\bcryptPrimitives.dll
0x00007ffa7f4b0000 - 0x00007ffa7f4d8000 	C:\Program Files\Android\Android Studio\jbr\bin\java.dll
0x00007ffa7f4a0000 - 0x00007ffa7f4aa000 	C:\Program Files\Android\Android Studio\jbr\bin\jimage.dll
0x00007ffa79cd0000 - 0x00007ffa79ce8000 	C:\Program Files\Android\Android Studio\jbr\bin\zip.dll
0x00007ffa8e330000 - 0x00007ffa8ea75000 	C:\Windows\System32\SHELL32.dll
0x00007ffa8afd0000 - 0x00007ffa8b762000 	C:\Windows\SYSTEM32\windows.storage.dll
0x00007ffa8eeb0000 - 0x00007ffa8f205000 	C:\Windows\System32\combase.dll
0x00007ffa8c870000 - 0x00007ffa8c8a0000 	C:\Windows\SYSTEM32\Wldp.dll
0x00007ffa8ec60000 - 0x00007ffa8ed0d000 	C:\Windows\System32\SHCORE.dll
0x00007ffa8da40000 - 0x00007ffa8da95000 	C:\Windows\System32\shlwapi.dll
0x00007ffa8ce30000 - 0x00007ffa8ce4f000 	C:\Windows\SYSTEM32\profapi.dll
0x00007ffa797d0000 - 0x00007ffa797e9000 	C:\Program Files\Android\Android Studio\jbr\bin\net.dll
0x00007ffa868b0000 - 0x00007ffa869ba000 	C:\Windows\SYSTEM32\WINHTTP.dll
0x00007ffa8c5d0000 - 0x00007ffa8c63a000 	C:\Windows\system32\mswsock.dll
0x00007ffa719a0000 - 0x00007ffa719b3000 	C:\Program Files\Android\Android Studio\jbr\bin\nio.dll
0x00007ffa764b0000 - 0x00007ffa764d7000 	C:\Users\Administrator\.gradle\native\e1d6ef7f7dcc3fd88c89a11ec53ec762bb8ba0a96d01ffa2cd45eb1d1d8dd5c5\windows-amd64\native-platform.dll
0x00007ffa551a0000 - 0x00007ffa552e4000 	C:\Users\Administrator\.gradle\native\0d407fdbe67a94daf76414ababcb853783967236a71b16ec16e742cd7a986fd3\windows-amd64\native-platform-file-events.dll
0x00007ffa7f490000 - 0x00007ffa7f49a000 	C:\Program Files\Android\Android Studio\jbr\bin\management.dll
0x00007ffa79760000 - 0x00007ffa7976b000 	C:\Program Files\Android\Android Studio\jbr\bin\management_ext.dll
0x00007ffa8c7c0000 - 0x00007ffa8c7d8000 	C:\Windows\SYSTEM32\CRYPTSP.dll
0x00007ffa8bef0000 - 0x00007ffa8bf24000 	C:\Windows\system32\rsaenh.dll
0x00007ffa8d760000 - 0x00007ffa8d787000 	C:\Windows\System32\bcrypt.dll
0x00007ffa8cdf0000 - 0x00007ffa8ce1e000 	C:\Windows\SYSTEM32\USERENV.dll
0x00007ffa8c7e0000 - 0x00007ffa8c7ec000 	C:\Windows\SYSTEM32\CRYPTBASE.dll
0x00007ffa8c2c0000 - 0x00007ffa8c2fb000 	C:\Windows\SYSTEM32\IPHLPAPI.DLL
0x00007ffa8dc40000 - 0x00007ffa8dc48000 	C:\Windows\System32\NSI.dll
0x00007ffa87390000 - 0x00007ffa873a7000 	C:\Windows\SYSTEM32\dhcpcsvc6.DLL
0x00007ffa87370000 - 0x00007ffa8738d000 	C:\Windows\SYSTEM32\dhcpcsvc.DLL
0x00007ffa8c300000 - 0x00007ffa8c3cb000 	C:\Windows\SYSTEM32\DNSAPI.dll

dbghelp: loaded successfully - version: 4.0.5 - missing functions: none
symbol engine: initialized successfully - sym options: 0x614 - pdb path: .;C:\Program Files\Android\Android Studio\jbr\bin;C:\Windows\SYSTEM32;C:\Windows\WinSxS\amd64_microsoft.windows.common-controls_6595b64144ccf1df_6.0.19041.1110_none_60b5254171f9507e;C:\Program Files\Android\Android Studio\jbr\bin\server;C:\Users\Administrator\.gradle\native\e1d6ef7f7dcc3fd88c89a11ec53ec762bb8ba0a96d01ffa2cd45eb1d1d8dd5c5\windows-amd64;C:\Users\Administrator\.gradle\native\0d407fdbe67a94daf76414ababcb853783967236a71b16ec16e742cd7a986fd3\windows-amd64

VM Arguments:
jvm_args: --add-opens=java.base/java.util=ALL-UNNAMED --add-opens=java.base/java.lang=ALL-UNNAMED --add-opens=java.base/java.lang.invoke=ALL-UNNAMED --add-opens=java.base/java.util=ALL-UNNAMED --add-opens=java.prefs/java.util.prefs=ALL-UNNAMED --add-opens=java.prefs/java.util.prefs=ALL-UNNAMED --add-opens=java.base/java.nio.charset=ALL-UNNAMED --add-opens=java.base/java.net=ALL-UNNAMED --add-opens=java.base/java.util.concurrent.atomic=ALL-UNNAMED -Xmx2048m -Dfile.encoding=UTF-8 -Duser.country=US -Duser.language=en -Duser.variant 
java_command: org.gradle.launcher.daemon.bootstrap.GradleDaemon 7.5
java_class_path (initial): C:\Users\Administrator\.gradle\wrapper\dists\gradle-7.5-bin\f1w0cc9nuo0eivz97x2xlu9sv\gradle-7.5\lib\gradle-launcher-7.5.jar
Launcher Type: SUN_STANDARD

[Global flags]
     intx CICompilerCount                          = 3                                         {product} {ergonomic}
     uint ConcGCThreads                            = 1                                         {product} {ergonomic}
     uint G1ConcRefinementThreads                  = 4                                         {product} {ergonomic}
   size_t G1HeapRegionSize                         = 1048576                                   {product} {ergonomic}
    uintx GCDrainStackTargetSize                   = 64                                        {product} {ergonomic}
   size_t InitialHeapSize                          = 201326592                                 {product} {ergonomic}
   size_t MarkStackSize                            = 4194304                                   {product} {ergonomic}
   size_t MaxHeapSize                              = 2147483648                                {product} {command line}
   size_t MaxNewSize                               = 1287651328                                {product} {ergonomic}
   size_t MinHeapDeltaBytes                        = 1048576                                   {product} {ergonomic}
    uintx NonNMethodCodeHeapSize                   = 5830732                                {pd product} {ergonomic}
    uintx NonProfiledCodeHeapSize                  = 122913754                              {pd product} {ergonomic}
    uintx ProfiledCodeHeapSize                     = 122913754                              {pd product} {ergonomic}
    uintx ReservedCodeCacheSize                    = 251658240                              {pd product} {ergonomic}
     bool SegmentedCodeCache                       = true                                      {product} {ergonomic}
     bool UseCompressedClassPointers               = true                                 {lp64_product} {ergonomic}
     bool UseCompressedOops                        = true                                 {lp64_product} {ergonomic}
     bool UseG1GC                                  = true                                      {product} {ergonomic}
     bool UseLargePagesIndividualAllocation        = false                                  {pd product} {ergonomic}

Logging:
Log output configuration:
 #0: stdout all=warning uptime,level,tags
 #1: stderr all=off uptime,level,tags

Environment Variables:
PATH=C:\Program Files\Common Files\Oracle\Java\javapath;C:\Windows\system32;C:\Windows;C:\Windows\System32\Wbem;C:\Windows\System32\WindowsPowerShell\v1.0\;C:\Windows\System32\OpenSSH\;C:\Program Files\nodejs\;C:\Program Files (x86)\dotnet\;C:\Program Files\Git\cmd;C:\Users\Administrator\AppData\Local\Microsoft\WindowsApps;D:\Microsoft VS Code\bin;C:\Program Files\Java\jdk-19\bin;C:\Program Files\JetBrains\IntelliJ IDEA Community Edition 2022.3.1\bin;C:\Users\Administrator\AppData\Roaming\npm;C:\Users\Administrator\AppData\Local\JetBrains\Toolbox\scripts;
USERNAME=Administrator
OS=Windows_NT
PROCESSOR_IDENTIFIER=Intel64 Family 6 Model 158 Stepping 9, GenuineIntel



---------------  S Y S T E M  ---------------

OS: Windows 10 , 64 bit Build 19041 (10.0.19041.2546)
OS uptime: 0 days 16:59 hours

CPU:total 4 (initial active 4) (2 cores per cpu, 2 threads per core) family 6 model 158 stepping 9 microcode 0xb4, cmov, cx8, fxsr, mmx, sse, sse2, sse3, ssse3, sse4.1, sse4.2, popcnt, avx, avx2, aes, clmul, erms, 3dnowpref, lzcnt, ht, tsc, tscinvbit, bmi1, bmi2, adx, fma

Memory: 4k page, system-wide physical 12246M (3883M free)
TotalPageFile size 18134M (AvailPageFile size 8947M)
current process WorkingSet (physical memory assigned to process): 358M, peak: 363M
current process commit charge ("private bytes"): 407M, peak: 415M

vm_info: OpenJDK 64-Bit Server VM (11.0.15+0-b2043.56-8887301) for windows-amd64 JRE (11.0.15+0-b2043.56-8887301), built on Jul 29 2022 23:19:47 by "builduser" with unknown MS VC++:1929

END.
