#
# A fatal error has been detected by the Java Runtime Environment:
#
#  EXCEPTION_ACCESS_VIOLATION (0xc0000005) at pc=0x00000139b0bcf76b, pid=1540, tid=10724
#
# JRE version: OpenJDK Runtime Environment (11.0.15) (build 11.0.15+0-b2043.56-8887301)
# Java VM: OpenJDK 64-Bit Server VM (11.0.15+0-b2043.56-8887301, mixed mode, tiered, compressed oops, g1 gc, windows-amd64)
# Problematic frame:
# J 23231 c1 org.gradle.api.internal.tasks.compile.incremental.asm.ClassRelevancyFilter.test(Ljava/lang/String;)Z (38 bytes) @ 0x00000139b0bcf76b [0x00000139b0bcf700+0x000000000000006b]
#
# No core dump will be written. Minidumps are not enabled by default on client versions of Windows
#
# If you would like to submit a bug report, please visit:
#   https://bugreport.java.com/bugreport/crash.jsp
#

---------------  S U M M A R Y ------------

Command Line: --add-opens=java.base/java.util=ALL-UNNAMED --add-opens=java.base/java.lang=ALL-UNNAMED --add-opens=java.base/java.lang.invoke=ALL-UNNAMED --add-opens=java.base/java.util=ALL-UNNAMED --add-opens=java.prefs/java.util.prefs=ALL-UNNAMED --add-opens=java.prefs/java.util.prefs=ALL-UNNAMED --add-opens=java.base/java.nio.charset=ALL-UNNAMED --add-opens=java.base/java.net=ALL-UNNAMED --add-opens=java.base/java.util.concurrent.atomic=ALL-UNNAMED -Xmx2048m -Dfile.encoding=UTF-8 -Duser.country=US -Duser.language=en -Duser.variant org.gradle.launcher.daemon.bootstrap.GradleDaemon 7.5

Host: Intel(R) Core(TM) i3-7100 CPU @ 3.90GHz, 4 cores, 11G,  Windows 10 , 64 bit Build 19041 (10.0.19041.2364)
Time: Mon Feb 13 18:39:18 2023 Bangladesh Standard Time elapsed time: 1054.479988 seconds (0d 0h 17m 34s)

---------------  T H R E A D  ---------------

Current thread (0x00000139ce20e800):  JavaThread "included builds" [_thread_in_Java, id=10724, stack(0x00000012bbe00000,0x00000012bbf00000)]

Stack: [0x00000012bbe00000,0x00000012bbf00000],  sp=0x00000012bbef7b90,  free space=990k
Native frames: (J=compiled Java code, j=interpreted, Vv=VM code, C=native code)
C  0x00000139b0bcf76b


siginfo: EXCEPTION_ACCESS_VIOLATION (0xc0000005), reading address 0xffffffffffffffff


Register to memory mapping:

RIP=0x00000139b0bcf76b is at entry_point+107 in (nmethod*)0x00000139b0bcf510
RAX=0x0000000100def140 is a pointer to class: 
org.gradle.api.internal.tasks.compile.incremental.asm.ClassRelevancyFilter {0x0000000100def148}
RBX=0x0000000100001808 is a pointer to class: 
java.lang.String {0x0000000100001810}
RCX=0x0000000000000072 is an unknown value
RDX=0x000000008d617d40 is an oop: org.gradle.api.internal.tasks.compile.incremental.asm.ClassRelevancyFilter 
{0x000000008d617d40} - klass: 'org/gradle/api/internal/tasks/compile/incremental/asm/ClassRelevancyFilter'
RSP=0x00000012bbef7b90 is pointing into the stack for thread: 0x00000139ce20e800
RBP=0x00000012bbef7da8 is pointing into the stack for thread: 0x00000139ce20e800
RSI=0x00200139d4c5f918 is an unknown value
RDI=0x00000139d4c5f720 is pointing into metadata
R8 =0x000000008d618058 is an oop: java.lang.String 
{0x000000008d618058} - klass: 'java/lang/String'
R9 =0x000000008d618058 is an oop: java.lang.String 
{0x000000008d618058} - klass: 'java/lang/String'
R10=0x0000000100def140 is a pointer to class: 
org.gradle.api.internal.tasks.compile.incremental.asm.ClassRelevancyFilter {0x0000000100def148}
R11=0x000000000000002e is an unknown value
R12=0x0 is NULL
R13=0x000000008d617c18 is an oop: [B 
{0x000000008d617c18} - klass: {type array byte}
 - length: 46
R14=0x000000000000002b is an unknown value
R15=0x00000139ce20e800 is a thread


Registers:
RAX=0x0000000100def140, RBX=0x0000000100001808, RCX=0x0000000000000072, RDX=0x000000008d617d40
RSP=0x00000012bbef7b90, RBP=0x00000012bbef7da8, RSI=0x00200139d4c5f918, RDI=0x00000139d4c5f720
R8 =0x000000008d618058, R9 =0x000000008d618058, R10=0x0000000100def140, R11=0x000000000000002e
R12=0x0000000000000000, R13=0x000000008d617c18, R14=0x000000000000002b, R15=0x00000139ce20e800
RIP=0x00000139b0bcf76b, EFLAGS=0x0000000000010212

Top of Stack: (sp=0x00000012bbef7b90)
0x00000012bbef7b90:   00000012bbef7dc0 00000139af7d178c
0x00000012bbef7ba0:   4008000000000001 00000139ce20e800
0x00000012bbef7bb0:   000000008d613820 00000139a83c3b60
0x00000012bbef7bc0:   00000139ce20e800 000000008d617d40
0x00000012bbef7bd0:   00000012bbef7ee8 00007ff80e52305c
0x00000012bbef7be0:   00000012bbef7da8 00000139b0a36744
0x00000012bbef7bf0:   00000139ca914b30 000000008d617a48
0x00000012bbef7c00:   00000012bbef7c60 00000139ce20e800
0x00000012bbef7c10:   00000012bbef7c40 0000000000000000
0x00000012bbef7c20:   00000012bbef7da8 00000139b066ce44
0x00000012bbef7c30:   00007ff80e829e28 00007ff80e15e42d
0x00000012bbef7c40:   000000008d617a48 00000139a83c3b60
0x00000012bbef7c50:   00000012bbef7dc0 00000139af7d03fc
0x00000012bbef7c60:   00007ff80e8168b8 00000139a83c3b60
0x00000012bbef7c70:   00000139ce20e800 0000000100000238
0x00000012bbef7c80:   0000000000000037 00000101000000d3 

Instructions: (pc=0x00000139b0bcf76b)
0x00000139b0bcf66b:   00 02 00 00 00 00 00 00 00 00 00 00 00 dd 01 00
0x00000139b0bcf67b:   00 ff ff ff ff ff ff ff ff 00 00 00 00 0b 60 21
0x00000139b0bcf68b:   c0 35 c0 12 c0 2d c0 15 10 1a 34 0b c0 44 c0 19
0x00000139b0bcf69b:   34 08 c0 3b 10 0d c0 18 34 08 c0 40 c0 24 b0 04
0x00000139b0bcf6ab:   c0 17 64 0a 64 05 c0 17 64 0a 64 35 64 15 00 01
0x00000139b0bcf6bb:   f8 31 ff 05 50 00 c0 0a 64 01 f8 c9 fe 06 50 00
0x00000139b0bcf6cb:   c0 0a 64 01 f8 61 fe 06 50 00 c0 0a 64 05 64 03
0x00000139b0bcf6db:   f8 80 0e 58 29 f8 7f 05 70 0e 60 01 f8 ae fe 0e
0x00000139b0bcf6eb:   90 0c 64 00 00 00 00 00 00 00 00 00 00 00 00 00
0x00000139b0bcf6fb:   00 00 00 00 00 44 8b 52 08 49 c1 e2 03 4c 3b d0
0x00000139b0bcf70b:   0f 85 6f bc b6 fc 66 66 66 0f 1f 84 00 00 00 00
0x00000139b0bcf71b:   00 66 66 66 90 89 84 24 00 90 ff ff 55 48 83 ec
0x00000139b0bcf72b:   50 49 b9 18 f9 c5 d4 39 01 00 00 41 8b b1 00 01
0x00000139b0bcf73b:   00 00 83 c6 08 41 89 b1 00 01 00 00 81 e6 f8 1f
0x00000139b0bcf74b:   00 00 83 fe 00 0f 84 b9 01 00 00 48 89 54 24 38
0x00000139b0bcf75b:   49 3b 00 4d 8b c8 48 be 18 f9 c5 d4 39 01 20 00
0x00000139b0bcf76b:   48 83 86 40 01 00 00 01 49 b9 a0 45 47 c4 39 01
0x00000139b0bcf77b:   00 00 41 8b b1 00 01 00 00 83 c6 08 41 89 b1 00
0x00000139b0bcf78b:   01 00 00 81 e6 f8 ff 7f 00 83 fe 00 0f 84 98 01
0x00000139b0bcf79b:   00 00 4d 8b c8 48 be a0 45 47 c4 39 01 00 00 48
0x00000139b0bcf7ab:   83 86 40 01 00 00 01 49 8b f0 49 b8 b0 ed de 80
0x00000139b0bcf7bb:   00 00 00 00 41 b9 00 00 00 00 48 8b d6 48 89 74
0x00000139b0bcf7cb:   24 40 66 90 e8 ec fa 63 04 83 e0 01 83 f8 00 49
0x00000139b0bcf7db:   b8 18 f9 c5 d4 39 01 00 00 48 ba 78 01 00 00 00
0x00000139b0bcf7eb:   00 00 00 0f 85 0a 00 00 00 48 ba 88 01 00 00 00
0x00000139b0bcf7fb:   00 00 00 49 8b 34 10 48 8d 76 01 49 89 34 10 0f
0x00000139b0bcf80b:   85 cd 00 00 00 48 8b 54 24 38 8b 52 0c 48 3b 02
0x00000139b0bcf81b:   4c 8b c2 48 be 18 f9 c5 d4 39 01 00 00 48 83 86
0x00000139b0bcf82b:   98 01 00 00 01 4c 8b 44 24 40 66 90 e8 84 7d 60
0x00000139b0bcf83b:   04 83 f8 00 49 b8 18 f9 c5 d4 39 01 00 00 48 ba
0x00000139b0bcf84b:   d0 01 00 00 00 00 00 00 0f 85 0a 00 00 00 48 ba
0x00000139b0bcf85b:   e0 01 00 00 00 00 00 00 49 8b 34 10 48 8d 76 01 


Stack slot to memory mapping:
stack at sp + 0 slots: 0x00000012bbef7dc0 is pointing into the stack for thread: 0x00000139ce20e800
stack at sp + 1 slots: 0x00000139af7d178c is at entry_point+140 in (nmethod*)0x00000139af7d1490
stack at sp + 2 slots: 0x4008000000000001 is an unknown value
stack at sp + 3 slots: 0x00000139ce20e800 is a thread
stack at sp + 4 slots: 0x000000008d613820 is an oop: [B 
{0x000000008d613820} - klass: {type array byte}
 - length: 8192
stack at sp + 5 slots: 0x00000139a83c3b60 points into unknown readable memory: 0x00007ff80e829e28 | 28 9e 82 0e f8 7f 00 00
stack at sp + 6 slots: 0x00000139ce20e800 is a thread
stack at sp + 7 slots: 0x000000008d617d40 is an oop: org.gradle.api.internal.tasks.compile.incremental.asm.ClassRelevancyFilter 
{0x000000008d617d40} - klass: 'org/gradle/api/internal/tasks/compile/incremental/asm/ClassRelevancyFilter'



---------------  P R O C E S S  ---------------

Threads class SMR info:
_java_thread_list=0x00000139c6193ef0, length=118, elements={
0x00000139a83b6000, 0x00000139c3f42800, 0x00000139c3f44800, 0x00000139c3f4a800,
0x00000139c3f4b800, 0x00000139c47a4800, 0x00000139c47a9000, 0x00000139c47aa800,
0x00000139c47b0000, 0x00000139c4910000, 0x00000139c5912000, 0x00000139c732c800,
0x00000139c6c98800, 0x00000139c74b6800, 0x00000139c74ba800, 0x00000139c74b8000,
0x00000139c74b9000, 0x00000139c74b9800, 0x00000139c74bd000, 0x00000139c7a5b800,
0x00000139c7a57000, 0x00000139c7a58000, 0x00000139c7a62800, 0x00000139c7a60000,
0x00000139c822d000, 0x00000139c8230800, 0x00000139cea15000, 0x00000139cea13800,
0x00000139cea12800, 0x00000139cea16800, 0x00000139cea17800, 0x00000139c7a66000,
0x00000139c74bb800, 0x00000139cea0c000, 0x00000139c73bc800, 0x00000139c73b7800,
0x00000139c73b9800, 0x00000139cea10000, 0x00000139cea12000, 0x00000139c73bd800,
0x00000139cea0b800, 0x00000139c73bb000, 0x00000139c73bc000, 0x00000139c7a61000,
0x00000139c85d9800, 0x00000139c73b8800, 0x00000139ce205000, 0x00000139ce209800,
0x00000139c85db000, 0x00000139c7a5d000, 0x00000139cfd53800, 0x00000139c73b3800,
0x00000139c73ba000, 0x00000139cea0d000, 0x00000139cea0d800, 0x00000139cea14800,
0x00000139cea0e800, 0x00000139cea0f800, 0x00000139cea16000, 0x00000139cea18800,
0x00000139cea1a000, 0x00000139cfd52000, 0x00000139cfd56000, 0x00000139cfd50000,
0x00000139cfd51000, 0x00000139cfd52800, 0x00000139cfd5a000, 0x00000139cfd58800,
0x00000139cfd59000, 0x00000139cfd57800, 0x00000139cfd56800, 0x00000139cfd55000,
0x00000139cfd54000, 0x00000139cfd5c800, 0x00000139cfd5b000, 0x00000139cfd5b800,
0x00000139cfd5d000, 0x00000139cfd5e000, 0x00000139cfd5f000, 0x00000139c8227800,
0x00000139c8228000, 0x00000139c8225000, 0x00000139c8229000, 0x00000139c8224000,
0x00000139c8223800, 0x00000139c822a000, 0x00000139c822b800, 0x00000139c8226800,
0x00000139c822a800, 0x00000139c8225800, 0x00000139c822e000, 0x00000139c822c800,
0x00000139c8232000, 0x00000139c822e800, 0x00000139c822f800, 0x00000139c8231000,
0x00000139ce205800, 0x00000139ce204000, 0x00000139ce20a800, 0x00000139ce20c000,
0x00000139ce20b800, 0x00000139ce206800, 0x00000139ce208000, 0x00000139ce20d000,
0x00000139ce209000, 0x00000139ce207000, 0x00000139ce20e000, 0x00000139ce20e800,
0x00000139ce210000, 0x00000139ce211000, 0x00000139ce212000, 0x00000139ce212800,
0x00000139c73b0800, 0x00000139c73b3000, 0x00000139c73b4800, 0x00000139c73af800,
0x00000139c73b2000, 0x00000139c73b7000
}

Java Threads: ( => current thread )
  0x00000139a83b6000 JavaThread "main" [_thread_blocked, id=1520, stack(0x00000012b4c00000,0x00000012b4d00000)]
  0x00000139c3f42800 JavaThread "Reference Handler" daemon [_thread_blocked, id=11736, stack(0x00000012b5300000,0x00000012b5400000)]
  0x00000139c3f44800 JavaThread "Finalizer" daemon [_thread_blocked, id=8668, stack(0x00000012b5400000,0x00000012b5500000)]
  0x00000139c3f4a800 JavaThread "Signal Dispatcher" daemon [_thread_blocked, id=1952, stack(0x00000012b5500000,0x00000012b5600000)]
  0x00000139c3f4b800 JavaThread "Attach Listener" daemon [_thread_blocked, id=4260, stack(0x00000012b5600000,0x00000012b5700000)]
  0x00000139c47a4800 JavaThread "Service Thread" daemon [_thread_blocked, id=8780, stack(0x00000012b5700000,0x00000012b5800000)]
  0x00000139c47a9000 JavaThread "C2 CompilerThread0" daemon [_thread_in_native, id=11876, stack(0x00000012b5800000,0x00000012b5900000)]
  0x00000139c47aa800 JavaThread "C1 CompilerThread0" daemon [_thread_blocked, id=6156, stack(0x00000012b5900000,0x00000012b5a00000)]
  0x00000139c47b0000 JavaThread "Sweeper thread" daemon [_thread_blocked, id=5084, stack(0x00000012b5a00000,0x00000012b5b00000)]
  0x00000139c4910000 JavaThread "Common-Cleaner" daemon [_thread_blocked, id=6060, stack(0x00000012b5b00000,0x00000012b5c00000)]
  0x00000139c5912000 JavaThread "Daemon health stats" [_thread_blocked, id=8036, stack(0x00000012b6100000,0x00000012b6200000)]
  0x00000139c732c800 JavaThread "Incoming local TCP Connector on port 64737" [_thread_in_native, id=8204, stack(0x00000012b6200000,0x00000012b6300000)]
  0x00000139c6c98800 JavaThread "Daemon periodic checks" [_thread_blocked, id=3252, stack(0x00000012b6300000,0x00000012b6400000)]
  0x00000139c74b6800 JavaThread "Cache worker for journal cache (C:\Users\Administrator\.gradle\caches\journal-1)" [_thread_blocked, id=11424, stack(0x00000012b6b00000,0x00000012b6c00000)]
  0x00000139c74ba800 JavaThread "File lock request listener" [_thread_in_native, id=4716, stack(0x00000012b6c00000,0x00000012b6d00000)]
  0x00000139c74b8000 JavaThread "Cache worker for file hash cache (C:\Users\Administrator\.gradle\caches\7.5\fileHashes)" [_thread_blocked, id=10944, stack(0x00000012b6d00000,0x00000012b6e00000)]
  0x00000139c74b9000 JavaThread "File watcher server" daemon [_thread_in_native, id=8644, stack(0x00000012b6e00000,0x00000012b6f00000)]
  0x00000139c74b9800 JavaThread "File watcher consumer" daemon [_thread_blocked, id=8752, stack(0x00000012b6f00000,0x00000012b7000000)]
  0x00000139c74bd000 JavaThread "Cache worker for file content cache (C:\Users\Administrator\.gradle\caches\7.5\fileContent)" [_thread_blocked, id=8060, stack(0x00000012b7200000,0x00000012b7300000)]
  0x00000139c7a5b800 JavaThread "Cache worker for execution history cache (C:\Users\Administrator\.gradle\caches\7.5\executionHistory)" [_thread_blocked, id=5892, stack(0x00000012b7500000,0x00000012b7600000)]
  0x00000139c7a57000 JavaThread "jar transforms" [_thread_blocked, id=11600, stack(0x00000012b7600000,0x00000012b7700000)]
  0x00000139c7a58000 JavaThread "jar transforms Thread 2" [_thread_blocked, id=6076, stack(0x00000012b7700000,0x00000012b7800000)]
  0x00000139c7a62800 JavaThread "jar transforms Thread 3" [_thread_blocked, id=7140, stack(0x00000012b7800000,0x00000012b7900000)]
  0x00000139c7a60000 JavaThread "jar transforms Thread 4" [_thread_blocked, id=8560, stack(0x00000012b7900000,0x00000012b7a00000)]
  0x00000139c822d000 JavaThread "Memory manager" [_thread_blocked, id=1036, stack(0x00000012ba500000,0x00000012ba600000)]
  0x00000139c8230800 JavaThread "pool-3-thread-1" [_thread_blocked, id=9196, stack(0x00000012ba600000,0x00000012ba700000)]
  0x00000139cea15000 JavaThread "RMI Scheduler(0)" daemon [_thread_blocked, id=4752, stack(0x00000012baf00000,0x00000012bb000000)]
  0x00000139cea13800 JavaThread "RMI GC Daemon" daemon [_thread_blocked, id=4416, stack(0x00000012bb100000,0x00000012bb200000)]
  0x00000139cea12800 JavaThread "RMI TCP Accept-0" daemon [_thread_in_native, id=9428, stack(0x00000012bb200000,0x00000012bb300000)]
  0x00000139cea16800 JavaThread "RMI Reaper" [_thread_blocked, id=9080, stack(0x00000012bb300000,0x00000012bb400000)]
  0x00000139cea17800 JavaThread "Cache worker for Java compile cache (C:\Users\Administrator\.gradle\caches\7.5\javaCompile)" [_thread_blocked, id=5068, stack(0x00000012bb500000,0x00000012bb600000)]
  0x00000139c7a66000 JavaThread "pool-7-thread-1" [_thread_blocked, id=11556, stack(0x00000012ba400000,0x00000012ba500000)]
  0x00000139c74bb800 JavaThread "pool-11-thread-1" [_thread_blocked, id=10588, stack(0x00000012ba200000,0x00000012ba300000)]
  0x00000139cea0c000 JavaThread "pool-15-thread-1" [_thread_blocked, id=1116, stack(0x00000012ba900000,0x00000012baa00000)]
  0x00000139c73bc800 JavaThread "pool-18-thread-1" [_thread_blocked, id=3908, stack(0x00000012ba800000,0x00000012ba900000)]
  0x00000139c73b7800 JavaThread "pool-22-thread-1" [_thread_blocked, id=10792, stack(0x00000012ba300000,0x00000012ba400000)]
  0x00000139c73b9800 JavaThread "pool-26-thread-1" [_thread_blocked, id=8620, stack(0x00000012ba700000,0x00000012ba800000)]
  0x00000139cea10000 JavaThread "pool-30-thread-1" [_thread_blocked, id=768, stack(0x00000012baa00000,0x00000012bab00000)]
  0x00000139cea12000 JavaThread "pool-34-thread-1" [_thread_blocked, id=2892, stack(0x00000012bb400000,0x00000012bb500000)]
  0x00000139c73bd800 JavaThread "pool-38-thread-1" [_thread_blocked, id=108, stack(0x00000012bae00000,0x00000012baf00000)]
  0x00000139cea0b800 JavaThread "pool-42-thread-1" [_thread_blocked, id=1352, stack(0x00000012bac00000,0x00000012bad00000)]
  0x00000139c73bb000 JavaThread "pool-46-thread-1" [_thread_blocked, id=4940, stack(0x00000012bab00000,0x00000012bac00000)]
  0x00000139c73bc000 JavaThread "pool-50-thread-1" [_thread_blocked, id=7572, stack(0x00000012bb000000,0x00000012bb100000)]
  0x00000139c7a61000 JavaThread "pool-54-thread-1" [_thread_blocked, id=2780, stack(0x00000012bb600000,0x00000012bb700000)]
  0x00000139c85d9800 JavaThread "ForkJoinPool.commonPool-worker-7" daemon [_thread_blocked, id=8216, stack(0x00000012bbf00000,0x00000012bc000000)]
  0x00000139c73b8800 JavaThread "pool-58-thread-1" [_thread_blocked, id=10848, stack(0x00000012bb700000,0x00000012bb800000)]
  0x00000139ce205000 JavaThread "Daemon Thread 8" [_thread_blocked, id=3364, stack(0x00000012b4900000,0x00000012b4a00000)]
  0x00000139ce209800 JavaThread "Daemon worker Thread 8" [_thread_blocked, id=10732, stack(0x00000012b6400000,0x00000012b6500000)]
  0x00000139c85db000 JavaThread "pool-62-thread-1" [_thread_blocked, id=8552, stack(0x00000012bb900000,0x00000012bba00000)]
  0x00000139c7a5d000 JavaThread "RMI TCP Connection(idle)" daemon [_thread_blocked, id=6588, stack(0x00000012bc400000,0x00000012bc500000)]
  0x00000139cfd53800 JavaThread "ForkJoinPool.commonPool-worker-1" daemon [_thread_blocked, id=1052, stack(0x00000012bcc00000,0x00000012bcd00000)]
  0x00000139c73b3800 JavaThread "pool-66-thread-1" [_thread_blocked, id=3264, stack(0x00000012bba00000,0x00000012bbb00000)]
  0x00000139c73ba000 JavaThread "RMI TCP Connection(30)-127.0.0.1" daemon [_thread_in_native, id=6376, stack(0x00000012bc700000,0x00000012bc800000)]
  0x00000139cea0d000 JavaThread "Handler for socket connection from /127.0.0.1:64737 to /127.0.0.1:49515" [_thread_in_native, id=12028, stack(0x00000012b4b00000,0x00000012b4c00000)]
  0x00000139cea0d800 JavaThread "Cancel handler" [_thread_blocked, id=5536, stack(0x00000012b5d00000,0x00000012b5e00000)]
  0x00000139cea14800 JavaThread "Asynchronous log dispatcher for DefaultDaemonConnection: socket connection from /127.0.0.1:64737 to /127.0.0.1:49515" [_thread_blocked, id=7580, stack(0x00000012b6500000,0x00000012b6600000)]
  0x00000139cea0e800 JavaThread "Stdin handler" [_thread_blocked, id=8608, stack(0x00000012b6600000,0x00000012b6700000)]
  0x00000139cea0f800 JavaThread "Daemon client event forwarder" [_thread_blocked, id=9240, stack(0x00000012b6700000,0x00000012b6800000)]
  0x00000139cea16000 JavaThread "Cache worker for checksums cache (P:\SocialMedia\.gradle\7.5\checksums)" [_thread_blocked, id=11280, stack(0x00000012b6800000,0x00000012b6900000)]
  0x00000139cea18800 JavaThread "Cache worker for cache directory md-rule (C:\Users\Administrator\.gradle\caches\7.5\md-rule)" [_thread_blocked, id=8356, stack(0x00000012b6900000,0x00000012b6a00000)]
  0x00000139cea1a000 JavaThread "Cache worker for file hash cache (P:\SocialMedia\.gradle\7.5\fileHashes)" [_thread_blocked, id=1608, stack(0x00000012b6a00000,0x00000012b6b00000)]
  0x00000139cfd52000 JavaThread "Cache worker for cache directory md-supplier (C:\Users\Administrator\.gradle\caches\7.5\md-supplier)" [_thread_blocked, id=11120, stack(0x00000012b7000000,0x00000012b7100000)]
  0x00000139cfd56000 JavaThread "Cache worker for dependencies-accessors (P:\SocialMedia\.gradle\7.5\dependencies-accessors)" [_thread_blocked, id=7596, stack(0x00000012b7100000,0x00000012b7200000)]
  0x00000139cfd50000 JavaThread "Cache worker for Build Output Cleanup Cache (P:\SocialMedia\.gradle\buildOutputCleanup)" [_thread_blocked, id=2624, stack(0x00000012b7300000,0x00000012b7400000)]
  0x00000139cfd51000 JavaThread "Unconstrained build operations" [_thread_blocked, id=9092, stack(0x00000012b7a00000,0x00000012b7b00000)]
  0x00000139cfd52800 JavaThread "Unconstrained build operations Thread 2" [_thread_blocked, id=5664, stack(0x00000012b7b00000,0x00000012b7c00000)]
  0x00000139cfd5a000 JavaThread "Unconstrained build operations Thread 3" [_thread_blocked, id=3324, stack(0x00000012b7c00000,0x00000012b7d00000)]
  0x00000139cfd58800 JavaThread "Unconstrained build operations Thread 4" [_thread_blocked, id=8820, stack(0x00000012b7d00000,0x00000012b7e00000)]
  0x00000139cfd59000 JavaThread "Unconstrained build operations Thread 5" [_thread_blocked, id=3136, stack(0x00000012b7e00000,0x00000012b7f00000)]
  0x00000139cfd57800 JavaThread "Unconstrained build operations Thread 6" [_thread_blocked, id=7708, stack(0x00000012b7f00000,0x00000012b8000000)]
  0x00000139cfd56800 JavaThread "Unconstrained build operations Thread 7" [_thread_blocked, id=6280, stack(0x00000012b8000000,0x00000012b8100000)]
  0x00000139cfd55000 JavaThread "Unconstrained build operations Thread 8" [_thread_blocked, id=8600, stack(0x00000012b8100000,0x00000012b8200000)]
  0x00000139cfd54000 JavaThread "Unconstrained build operations Thread 9" [_thread_blocked, id=7800, stack(0x00000012b8200000,0x00000012b8300000)]
  0x00000139cfd5c800 JavaThread "Unconstrained build operations Thread 10" [_thread_blocked, id=10348, stack(0x00000012b8300000,0x00000012b8400000)]
  0x00000139cfd5b000 JavaThread "Unconstrained build operations Thread 11" [_thread_blocked, id=848, stack(0x00000012b8400000,0x00000012b8500000)]
  0x00000139cfd5b800 JavaThread "Unconstrained build operations Thread 12" [_thread_blocked, id=3940, stack(0x00000012b8500000,0x00000012b8600000)]
  0x00000139cfd5d000 JavaThread "Unconstrained build operations Thread 13" [_thread_blocked, id=5952, stack(0x00000012b8600000,0x00000012b8700000)]
  0x00000139cfd5e000 JavaThread "Unconstrained build operations Thread 14" [_thread_blocked, id=11932, stack(0x00000012b8700000,0x00000012b8800000)]
  0x00000139cfd5f000 JavaThread "Unconstrained build operations Thread 15" [_thread_blocked, id=6472, stack(0x00000012b8800000,0x00000012b8900000)]
  0x00000139c8227800 JavaThread "Unconstrained build operations Thread 16" [_thread_blocked, id=5800, stack(0x00000012b8900000,0x00000012b8a00000)]
  0x00000139c8228000 JavaThread "Unconstrained build operations Thread 17" [_thread_blocked, id=12032, stack(0x00000012b8a00000,0x00000012b8b00000)]
  0x00000139c8225000 JavaThread "Unconstrained build operations Thread 18" [_thread_blocked, id=1204, stack(0x00000012b8b00000,0x00000012b8c00000)]
  0x00000139c8229000 JavaThread "Unconstrained build operations Thread 19" [_thread_blocked, id=9316, stack(0x00000012b8c00000,0x00000012b8d00000)]
  0x00000139c8224000 JavaThread "Unconstrained build operations Thread 20" [_thread_blocked, id=1408, stack(0x00000012b8d00000,0x00000012b8e00000)]
  0x00000139c8223800 JavaThread "Unconstrained build operations Thread 21" [_thread_blocked, id=3260, stack(0x00000012b8e00000,0x00000012b8f00000)]
  0x00000139c822a000 JavaThread "Unconstrained build operations Thread 22" [_thread_blocked, id=9128, stack(0x00000012b8f00000,0x00000012b9000000)]
  0x00000139c822b800 JavaThread "Unconstrained build operations Thread 23" [_thread_blocked, id=5792, stack(0x00000012b9000000,0x00000012b9100000)]
  0x00000139c8226800 JavaThread "Unconstrained build operations Thread 24" [_thread_blocked, id=5512, stack(0x00000012b9100000,0x00000012b9200000)]
  0x00000139c822a800 JavaThread "Unconstrained build operations Thread 25" [_thread_blocked, id=10000, stack(0x00000012b9200000,0x00000012b9300000)]
  0x00000139c8225800 JavaThread "Unconstrained build operations Thread 26" [_thread_blocked, id=10320, stack(0x00000012b9300000,0x00000012b9400000)]
  0x00000139c822e000 JavaThread "Unconstrained build operations Thread 27" [_thread_blocked, id=2740, stack(0x00000012b9400000,0x00000012b9500000)]
  0x00000139c822c800 JavaThread "Unconstrained build operations Thread 28" [_thread_blocked, id=2728, stack(0x00000012b9500000,0x00000012b9600000)]
  0x00000139c8232000 JavaThread "Unconstrained build operations Thread 29" [_thread_blocked, id=3456, stack(0x00000012b9600000,0x00000012b9700000)]
  0x00000139c822e800 JavaThread "Unconstrained build operations Thread 30" [_thread_blocked, id=11560, stack(0x00000012b9700000,0x00000012b9800000)]
  0x00000139c822f800 JavaThread "Unconstrained build operations Thread 31" [_thread_blocked, id=3016, stack(0x00000012b9800000,0x00000012b9900000)]
  0x00000139c8231000 JavaThread "Unconstrained build operations Thread 32" [_thread_blocked, id=8112, stack(0x00000012b9900000,0x00000012b9a00000)]
  0x00000139ce205800 JavaThread "Unconstrained build operations Thread 33" [_thread_blocked, id=4420, stack(0x00000012b9a00000,0x00000012b9b00000)]
  0x00000139ce204000 JavaThread "Unconstrained build operations Thread 34" [_thread_blocked, id=868, stack(0x00000012b9b00000,0x00000012b9c00000)]
  0x00000139ce20a800 JavaThread "Unconstrained build operations Thread 35" [_thread_blocked, id=7144, stack(0x00000012b9c00000,0x00000012b9d00000)]
  0x00000139ce20c000 JavaThread "Unconstrained build operations Thread 36" [_thread_blocked, id=7492, stack(0x00000012b9d00000,0x00000012b9e00000)]
  0x00000139ce20b800 JavaThread "Unconstrained build operations Thread 37" [_thread_blocked, id=3768, stack(0x00000012b9e00000,0x00000012b9f00000)]
  0x00000139ce206800 JavaThread "Unconstrained build operations Thread 38" [_thread_blocked, id=3944, stack(0x00000012b9f00000,0x00000012ba000000)]
  0x00000139ce208000 JavaThread "Unconstrained build operations Thread 39" [_thread_blocked, id=6688, stack(0x00000012ba000000,0x00000012ba100000)]
  0x00000139ce20d000 JavaThread "Unconstrained build operations Thread 40" [_thread_blocked, id=10224, stack(0x00000012ba100000,0x00000012ba200000)]
  0x00000139ce209000 JavaThread "build event listener" [_thread_blocked, id=1428, stack(0x00000012bb800000,0x00000012bb900000)]
  0x00000139ce207000 JavaThread "pool-70-thread-1" [_thread_blocked, id=7920, stack(0x00000012bbb00000,0x00000012bbc00000)]
  0x00000139ce20e000 JavaThread "build event listener" [_thread_blocked, id=1276, stack(0x00000012bbc00000,0x00000012bbd00000)]
=>0x00000139ce20e800 JavaThread "included builds" [_thread_in_Java, id=10724, stack(0x00000012bbe00000,0x00000012bbf00000)]
  0x00000139ce210000 JavaThread "Execution worker" [_thread_blocked, id=7656, stack(0x00000012bc000000,0x00000012bc100000)]
  0x00000139ce211000 JavaThread "Execution worker Thread 2" [_thread_blocked, id=1852, stack(0x00000012bc100000,0x00000012bc200000)]
  0x00000139ce212000 JavaThread "Execution worker Thread 3" [_thread_blocked, id=4664, stack(0x00000012bc300000,0x00000012bc400000)]
  0x00000139ce212800 JavaThread "Cache worker for execution history cache (P:\SocialMedia\.gradle\7.5\executionHistory)" [_thread_blocked, id=3824, stack(0x00000012bc500000,0x00000012bc600000)]
  0x00000139c73b0800 JavaThread "WorkerExecutor Queue" [_thread_blocked, id=10872, stack(0x00000012bc600000,0x00000012bc700000)]
  0x00000139c73b3000 JavaThread "RMI RenewClean-[127.0.0.1:17931,org.jetbrains.kotlin.daemon.common.LoopbackNetworkInterface$ClientLoopbackSocketFactory@260de197]" daemon [_thread_blocked, id=10064, stack(0x00000012bc800000,0x00000012bc900000)]
  0x00000139c73b4800 JavaThread "Build operations" [_thread_blocked, id=7516, stack(0x00000012b7400000,0x00000012b7500000)]
  0x00000139c73af800 JavaThread "Build operations Thread 2" [_thread_blocked, id=6648, stack(0x00000012bbd00000,0x00000012bbe00000)]
  0x00000139c73b2000 JavaThread "Build operations Thread 3" [_thread_blocked, id=9120, stack(0x00000012bc200000,0x00000012bc300000)]
  0x00000139c73b7000 JavaThread "Build operations Thread 4" [_thread_blocked, id=5104, stack(0x00000012bc900000,0x00000012bca00000)]

Other Threads:
  0x00000139c4756800 VMThread "VM Thread" [stack: 0x00000012b5200000,0x00000012b5300000] [id=2292]
  0x00000139c4913800 WatcherThread [stack: 0x00000012b5c00000,0x00000012b5d00000] [id=11500]
  0x00000139a83cc800 GCTaskThread "GC Thread#0" [stack: 0x00000012b4d00000,0x00000012b4e00000] [id=2032]
  0x00000139c5600000 GCTaskThread "GC Thread#1" [stack: 0x00000012b5e00000,0x00000012b5f00000] [id=2600]
  0x00000139c504d000 GCTaskThread "GC Thread#2" [stack: 0x00000012b5f00000,0x00000012b6000000] [id=11336]
  0x00000139c4c7a800 GCTaskThread "GC Thread#3" [stack: 0x00000012b6000000,0x00000012b6100000] [id=3656]
  0x00000139a83fe800 ConcurrentGCThread "G1 Main Marker" [stack: 0x00000012b4e00000,0x00000012b4f00000] [id=6780]
  0x00000139a8401800 ConcurrentGCThread "G1 Conc#0" [stack: 0x00000012b4f00000,0x00000012b5000000] [id=11716]
  0x00000139a848e000 ConcurrentGCThread "G1 Refine#0" [stack: 0x00000012b5000000,0x00000012b5100000] [id=7928]
  0x00000139ce2a5000 ConcurrentGCThread "G1 Refine#1" [stack: 0x00000012bad00000,0x00000012bae00000] [id=9108]
  0x00000139c3d88800 ConcurrentGCThread "G1 Young RemSet Sampling" [stack: 0x00000012b5100000,0x00000012b5200000] [id=7360]

Threads with active compile tasks:
C2 CompilerThread0  1054506 27351  s    4       org.gradle.execution.plan.ExecutionNodeAccessHierarchy::recordNodeAccessingLocations (59 bytes)

VM state:not at safepoint (normal execution)

VM Mutex/Monitor currently owned by a thread: None

Heap address: 0x0000000080000000, size: 2048 MB, Compressed Oops mode: 32-bit
Narrow klass base: 0x0000000000000000, Narrow klass shift: 3
Compressed class space size: 1073741824 Address: 0x0000000100000000

Heap:
 garbage-first heap   total 284672K, used 219618K [0x0000000080000000, 0x0000000100000000)
  region size 1024K, 64 young (65536K), 2 survivors (2048K)
 Metaspace       used 135218K, capacity 141375K, committed 141520K, reserved 1171456K
  class space    used 16941K, capacity 19163K, committed 19276K, reserved 1048576K
Heap Regions: E=young(eden), S=young(survivor), O=old, HS=humongous(starts), HC=humongous(continues), CS=collection set, F=free, A=archive, TAMS=top-at-mark-start (previous, next)
|   0|0x0000000080000000, 0x0000000080100000, 0x0000000080100000|100%|HS|  |TAMS 0x0000000080100000, 0x0000000080000000| Complete 
|   1|0x0000000080100000, 0x0000000080200000, 0x0000000080200000|100%|HC|  |TAMS 0x0000000080200000, 0x0000000080100000| Complete 
|   2|0x0000000080200000, 0x0000000080300000, 0x0000000080300000|100%|HC|  |TAMS 0x0000000080300000, 0x0000000080200000| Complete 
|   3|0x0000000080300000, 0x0000000080400000, 0x0000000080400000|100%| O|  |TAMS 0x0000000080400000, 0x0000000080300000| Untracked 
|   4|0x0000000080400000, 0x0000000080500000, 0x0000000080500000|100%| O|  |TAMS 0x0000000080500000, 0x0000000080400000| Untracked 
|   5|0x0000000080500000, 0x0000000080600000, 0x0000000080600000|100%| O|  |TAMS 0x0000000080600000, 0x0000000080500000| Untracked 
|   6|0x0000000080600000, 0x0000000080700000, 0x0000000080700000|100%| O|  |TAMS 0x0000000080700000, 0x0000000080600000| Untracked 
|   7|0x0000000080700000, 0x0000000080800000, 0x0000000080800000|100%| O|  |TAMS 0x0000000080800000, 0x0000000080700000| Untracked 
|   8|0x0000000080800000, 0x0000000080900000, 0x0000000080900000|100%| O|  |TAMS 0x0000000080900000, 0x0000000080800000| Untracked 
|   9|0x0000000080900000, 0x0000000080a00000, 0x0000000080a00000|100%| O|  |TAMS 0x0000000080a00000, 0x0000000080900000| Untracked 
|  10|0x0000000080a00000, 0x0000000080b00000, 0x0000000080b00000|100%| O|  |TAMS 0x0000000080b00000, 0x0000000080a00000| Untracked 
|  11|0x0000000080b00000, 0x0000000080c00000, 0x0000000080c00000|100%| O|  |TAMS 0x0000000080c00000, 0x0000000080b00000| Untracked 
|  12|0x0000000080c00000, 0x0000000080d00000, 0x0000000080d00000|100%| O|  |TAMS 0x0000000080d00000, 0x0000000080c00000| Untracked 
|  13|0x0000000080d00000, 0x0000000080e00000, 0x0000000080e00000|100%| O|  |TAMS 0x0000000080e00000, 0x0000000080d00000| Untracked 
|  14|0x0000000080e00000, 0x0000000080f00000, 0x0000000080f00000|100%| O|  |TAMS 0x0000000080f00000, 0x0000000080e00000| Untracked 
|  15|0x0000000080f00000, 0x0000000081000000, 0x0000000081000000|100%| O|  |TAMS 0x0000000081000000, 0x0000000080f00000| Untracked 
|  16|0x0000000081000000, 0x0000000081100000, 0x0000000081100000|100%| O|  |TAMS 0x0000000081100000, 0x0000000081000000| Untracked 
|  17|0x0000000081100000, 0x0000000081200000, 0x0000000081200000|100%|HS|  |TAMS 0x0000000081200000, 0x0000000081100000| Complete 
|  18|0x0000000081200000, 0x0000000081300000, 0x0000000081300000|100%|HC|  |TAMS 0x0000000081300000, 0x0000000081200000| Complete 
|  19|0x0000000081300000, 0x0000000081400000, 0x0000000081400000|100%|HS|  |TAMS 0x0000000081400000, 0x0000000081300000| Complete 
|  20|0x0000000081400000, 0x0000000081500000, 0x0000000081500000|100%|HS|  |TAMS 0x0000000081500000, 0x0000000081400000| Complete 
|  21|0x0000000081500000, 0x0000000081600000, 0x0000000081600000|100%|HS|  |TAMS 0x0000000081600000, 0x0000000081500000| Complete 
|  22|0x0000000081600000, 0x0000000081700000, 0x0000000081700000|100%|HC|  |TAMS 0x0000000081700000, 0x0000000081600000| Complete 
|  23|0x0000000081700000, 0x0000000081800000, 0x0000000081800000|100%|HC|  |TAMS 0x0000000081800000, 0x0000000081700000| Complete 
|  24|0x0000000081800000, 0x0000000081900000, 0x0000000081900000|100%|HC|  |TAMS 0x0000000081900000, 0x0000000081800000| Complete 
|  25|0x0000000081900000, 0x0000000081a00000, 0x0000000081a00000|100%| O|  |TAMS 0x0000000081a00000, 0x0000000081900000| Untracked 
|  26|0x0000000081a00000, 0x0000000081b00000, 0x0000000081b00000|100%| O|  |TAMS 0x0000000081b00000, 0x0000000081a00000| Untracked 
|  27|0x0000000081b00000, 0x0000000081c00000, 0x0000000081c00000|100%| O|  |TAMS 0x0000000081c00000, 0x0000000081b00000| Untracked 
|  28|0x0000000081c00000, 0x0000000081d00000, 0x0000000081d00000|100%| O|  |TAMS 0x0000000081d00000, 0x0000000081c00000| Untracked 
|  29|0x0000000081d00000, 0x0000000081e00000, 0x0000000081e00000|100%| O|  |TAMS 0x0000000081e00000, 0x0000000081d00000| Untracked 
|  30|0x0000000081e00000, 0x0000000081f00000, 0x0000000081f00000|100%| O|  |TAMS 0x0000000081f00000, 0x0000000081e00000| Untracked 
|  31|0x0000000081f00000, 0x0000000082000000, 0x0000000082000000|100%| O|  |TAMS 0x0000000082000000, 0x0000000081f00000| Untracked 
|  32|0x0000000082000000, 0x0000000082100000, 0x0000000082100000|100%| O|  |TAMS 0x0000000082100000, 0x0000000082000000| Untracked 
|  33|0x0000000082100000, 0x0000000082200000, 0x0000000082200000|100%| O|  |TAMS 0x0000000082200000, 0x0000000082100000| Untracked 
|  34|0x0000000082200000, 0x0000000082300000, 0x0000000082300000|100%| O|  |TAMS 0x0000000082300000, 0x0000000082200000| Untracked 
|  35|0x0000000082300000, 0x0000000082400000, 0x0000000082400000|100%| O|  |TAMS 0x0000000082400000, 0x0000000082300000| Untracked 
|  36|0x0000000082400000, 0x0000000082500000, 0x0000000082500000|100%| O|  |TAMS 0x0000000082500000, 0x0000000082400000| Untracked 
|  37|0x0000000082500000, 0x0000000082600000, 0x0000000082600000|100%| O|  |TAMS 0x0000000082600000, 0x0000000082500000| Untracked 
|  38|0x0000000082600000, 0x0000000082700000, 0x0000000082700000|100%| O|  |TAMS 0x0000000082700000, 0x0000000082600000| Untracked 
|  39|0x0000000082700000, 0x0000000082800000, 0x0000000082800000|100%| O|  |TAMS 0x0000000082800000, 0x0000000082700000| Untracked 
|  40|0x0000000082800000, 0x0000000082900000, 0x0000000082900000|100%| O|  |TAMS 0x0000000082900000, 0x0000000082800000| Untracked 
|  41|0x0000000082900000, 0x0000000082a00000, 0x0000000082a00000|100%| O|  |TAMS 0x0000000082a00000, 0x0000000082900000| Untracked 
|  42|0x0000000082a00000, 0x0000000082b00000, 0x0000000082b00000|100%| O|  |TAMS 0x0000000082b00000, 0x0000000082a00000| Untracked 
|  43|0x0000000082b00000, 0x0000000082c00000, 0x0000000082c00000|100%| O|  |TAMS 0x0000000082c00000, 0x0000000082b00000| Untracked 
|  44|0x0000000082c00000, 0x0000000082d00000, 0x0000000082d00000|100%| O|  |TAMS 0x0000000082d00000, 0x0000000082c00000| Untracked 
|  45|0x0000000082d00000, 0x0000000082e00000, 0x0000000082e00000|100%| O|  |TAMS 0x0000000082e00000, 0x0000000082d00000| Untracked 
|  46|0x0000000082e00000, 0x0000000082f00000, 0x0000000082f00000|100%| O|  |TAMS 0x0000000082f00000, 0x0000000082e00000| Untracked 
|  47|0x0000000082f00000, 0x0000000083000000, 0x0000000083000000|100%| O|  |TAMS 0x0000000083000000, 0x0000000082f00000| Untracked 
|  48|0x0000000083000000, 0x0000000083100000, 0x0000000083100000|100%| O|  |TAMS 0x0000000083100000, 0x0000000083000000| Untracked 
|  49|0x0000000083100000, 0x0000000083200000, 0x0000000083200000|100%| O|  |TAMS 0x0000000083200000, 0x0000000083100000| Untracked 
|  50|0x0000000083200000, 0x0000000083300000, 0x0000000083300000|100%| O|  |TAMS 0x0000000083300000, 0x0000000083200000| Untracked 
|  51|0x0000000083300000, 0x0000000083400000, 0x0000000083400000|100%| O|  |TAMS 0x0000000083400000, 0x0000000083300000| Untracked 
|  52|0x0000000083400000, 0x0000000083500000, 0x0000000083500000|100%| O|  |TAMS 0x0000000083400000, 0x0000000083400000| Untracked 
|  53|0x0000000083500000, 0x0000000083500000, 0x0000000083600000|  0%| F|  |TAMS 0x0000000083500000, 0x0000000083500000| Untracked 
|  54|0x0000000083600000, 0x0000000083700000, 0x0000000083700000|100%| O|  |TAMS 0x0000000083700000, 0x0000000083600000| Untracked 
|  55|0x0000000083700000, 0x0000000083800000, 0x0000000083800000|100%| O|  |TAMS 0x0000000083800000, 0x0000000083700000| Untracked 
|  56|0x0000000083800000, 0x0000000083900000, 0x0000000083900000|100%| O|  |TAMS 0x0000000083900000, 0x0000000083800000| Untracked 
|  57|0x0000000083900000, 0x0000000083a00000, 0x0000000083a00000|100%| O|  |TAMS 0x0000000083900000, 0x0000000083900000| Untracked 
|  58|0x0000000083a00000, 0x0000000083b00000, 0x0000000083b00000|100%| O|  |TAMS 0x0000000083b00000, 0x0000000083a00000| Untracked 
|  59|0x0000000083b00000, 0x0000000083c00000, 0x0000000083c00000|100%| O|  |TAMS 0x0000000083c00000, 0x0000000083b00000| Untracked 
|  60|0x0000000083c00000, 0x0000000083d00000, 0x0000000083d00000|100%| O|  |TAMS 0x0000000083d00000, 0x0000000083c00000| Untracked 
|  61|0x0000000083d00000, 0x0000000083e00000, 0x0000000083e00000|100%| O|  |TAMS 0x0000000083e00000, 0x0000000083d00000| Untracked 
|  62|0x0000000083e00000, 0x0000000083f00000, 0x0000000083f00000|100%| O|  |TAMS 0x0000000083f00000, 0x0000000083e00000| Untracked 
|  63|0x0000000083f00000, 0x0000000084000000, 0x0000000084000000|100%| O|  |TAMS 0x0000000084000000, 0x0000000083f00000| Untracked 
|  64|0x0000000084000000, 0x0000000084100000, 0x0000000084100000|100%| O|  |TAMS 0x0000000084100000, 0x0000000084000000| Untracked 
|  65|0x0000000084100000, 0x0000000084200000, 0x0000000084200000|100%| O|  |TAMS 0x0000000084200000, 0x0000000084100000| Untracked 
|  66|0x0000000084200000, 0x0000000084300000, 0x0000000084300000|100%| O|  |TAMS 0x0000000084300000, 0x0000000084200000| Untracked 
|  67|0x0000000084300000, 0x0000000084400000, 0x0000000084400000|100%| O|  |TAMS 0x0000000084400000, 0x0000000084300000| Untracked 
|  68|0x0000000084400000, 0x0000000084500000, 0x0000000084500000|100%| O|  |TAMS 0x0000000084500000, 0x0000000084400000| Untracked 
|  69|0x0000000084500000, 0x0000000084600000, 0x0000000084600000|100%| O|  |TAMS 0x0000000084600000, 0x0000000084500000| Untracked 
|  70|0x0000000084600000, 0x0000000084700000, 0x0000000084700000|100%| O|  |TAMS 0x0000000084700000, 0x0000000084600000| Untracked 
|  71|0x0000000084700000, 0x0000000084800000, 0x0000000084800000|100%| O|  |TAMS 0x0000000084800000, 0x0000000084700000| Untracked 
|  72|0x0000000084800000, 0x0000000084900000, 0x0000000084900000|100%| O|  |TAMS 0x0000000084900000, 0x0000000084800000| Untracked 
|  73|0x0000000084900000, 0x0000000084a00000, 0x0000000084a00000|100%| O|  |TAMS 0x0000000084a00000, 0x0000000084900000| Untracked 
|  74|0x0000000084a00000, 0x0000000084b00000, 0x0000000084b00000|100%| O|  |TAMS 0x0000000084b00000, 0x0000000084a00000| Untracked 
|  75|0x0000000084b00000, 0x0000000084c00000, 0x0000000084c00000|100%| O|  |TAMS 0x0000000084c00000, 0x0000000084b00000| Untracked 
|  76|0x0000000084c00000, 0x0000000084d00000, 0x0000000084d00000|100%| O|  |TAMS 0x0000000084d00000, 0x0000000084c00000| Untracked 
|  77|0x0000000084d00000, 0x0000000084e00000, 0x0000000084e00000|100%| O|  |TAMS 0x0000000084e00000, 0x0000000084d00000| Untracked 
|  78|0x0000000084e00000, 0x0000000084f00000, 0x0000000084f00000|100%| O|  |TAMS 0x0000000084f00000, 0x0000000084e00000| Untracked 
|  79|0x0000000084f00000, 0x0000000085000000, 0x0000000085000000|100%| O|  |TAMS 0x0000000085000000, 0x0000000084f00000| Untracked 
|  80|0x0000000085000000, 0x0000000085100000, 0x0000000085100000|100%| O|  |TAMS 0x0000000085100000, 0x0000000085000000| Untracked 
|  81|0x0000000085100000, 0x0000000085200000, 0x0000000085200000|100%| O|  |TAMS 0x0000000085200000, 0x0000000085100000| Untracked 
|  82|0x0000000085200000, 0x0000000085300000, 0x0000000085300000|100%| O|  |TAMS 0x0000000085300000, 0x0000000085200000| Untracked 
|  83|0x0000000085300000, 0x0000000085400000, 0x0000000085400000|100%| O|  |TAMS 0x0000000085400000, 0x0000000085300000| Untracked 
|  84|0x0000000085400000, 0x0000000085500000, 0x0000000085500000|100%| O|  |TAMS 0x0000000085500000, 0x0000000085400000| Untracked 
|  85|0x0000000085500000, 0x0000000085600000, 0x0000000085600000|100%| O|  |TAMS 0x0000000085600000, 0x0000000085500000| Untracked 
|  86|0x0000000085600000, 0x0000000085700000, 0x0000000085700000|100%| O|  |TAMS 0x0000000085700000, 0x0000000085600000| Untracked 
|  87|0x0000000085700000, 0x0000000085800000, 0x0000000085800000|100%| O|  |TAMS 0x0000000085800000, 0x0000000085700000| Untracked 
|  88|0x0000000085800000, 0x0000000085900000, 0x0000000085900000|100%| O|  |TAMS 0x0000000085900000, 0x0000000085800000| Untracked 
|  89|0x0000000085900000, 0x0000000085a00000, 0x0000000085a00000|100%| O|  |TAMS 0x0000000085900000, 0x0000000085900000| Untracked 
|  90|0x0000000085a00000, 0x0000000085b00000, 0x0000000085b00000|100%| O|  |TAMS 0x0000000085a00000, 0x0000000085a00000| Untracked 
|  91|0x0000000085b00000, 0x0000000085c00000, 0x0000000085c00000|100%| O|  |TAMS 0x0000000085c00000, 0x0000000085b00000| Untracked 
|  92|0x0000000085c00000, 0x0000000085d00000, 0x0000000085d00000|100%| O|  |TAMS 0x0000000085d00000, 0x0000000085c00000| Untracked 
|  93|0x0000000085d00000, 0x0000000085e00000, 0x0000000085e00000|100%| O|  |TAMS 0x0000000085e00000, 0x0000000085d00000| Untracked 
|  94|0x0000000085e00000, 0x0000000085e00000, 0x0000000085f00000|  0%| F|  |TAMS 0x0000000085e00000, 0x0000000085e00000| Untracked 
|  95|0x0000000085f00000, 0x0000000086000000, 0x0000000086000000|100%| O|  |TAMS 0x0000000086000000, 0x0000000085f00000| Untracked 
|  96|0x0000000086000000, 0x0000000086100000, 0x0000000086100000|100%| O|  |TAMS 0x0000000086100000, 0x0000000086000000| Untracked 
|  97|0x0000000086100000, 0x0000000086200000, 0x0000000086200000|100%| O|  |TAMS 0x0000000086200000, 0x0000000086100000| Untracked 
|  98|0x0000000086200000, 0x0000000086300000, 0x0000000086300000|100%| O|  |TAMS 0x0000000086300000, 0x0000000086200000| Untracked 
|  99|0x0000000086300000, 0x0000000086400000, 0x0000000086400000|100%| O|  |TAMS 0x0000000086400000, 0x0000000086300000| Untracked 
| 100|0x0000000086400000, 0x0000000086500000, 0x0000000086500000|100%| O|  |TAMS 0x0000000086500000, 0x0000000086400000| Untracked 
| 101|0x0000000086500000, 0x0000000086600000, 0x0000000086600000|100%| O|  |TAMS 0x0000000086600000, 0x0000000086500000| Untracked 
| 102|0x0000000086600000, 0x0000000086700000, 0x0000000086700000|100%| O|  |TAMS 0x0000000086700000, 0x0000000086600000| Untracked 
| 103|0x0000000086700000, 0x0000000086800000, 0x0000000086800000|100%| O|  |TAMS 0x0000000086800000, 0x0000000086700000| Untracked 
| 104|0x0000000086800000, 0x0000000086900000, 0x0000000086900000|100%| O|  |TAMS 0x0000000086900000, 0x0000000086800000| Untracked 
| 105|0x0000000086900000, 0x0000000086a00000, 0x0000000086a00000|100%| O|  |TAMS 0x0000000086a00000, 0x0000000086900000| Untracked 
| 106|0x0000000086a00000, 0x0000000086b00000, 0x0000000086b00000|100%| O|  |TAMS 0x0000000086b00000, 0x0000000086a00000| Untracked 
| 107|0x0000000086b00000, 0x0000000086c00000, 0x0000000086c00000|100%| O|  |TAMS 0x0000000086c00000, 0x0000000086b00000| Untracked 
| 108|0x0000000086c00000, 0x0000000086d00000, 0x0000000086d00000|100%| O|  |TAMS 0x0000000086d00000, 0x0000000086c00000| Untracked 
| 109|0x0000000086d00000, 0x0000000086e00000, 0x0000000086e00000|100%| O|  |TAMS 0x0000000086e00000, 0x0000000086d00000| Untracked 
| 110|0x0000000086e00000, 0x0000000086f00000, 0x0000000086f00000|100%| O|  |TAMS 0x0000000086e00000, 0x0000000086e00000| Untracked 
| 111|0x0000000086f00000, 0x0000000087000000, 0x0000000087000000|100%| O|  |TAMS 0x0000000087000000, 0x0000000086f00000| Untracked 
| 112|0x0000000087000000, 0x0000000087100000, 0x0000000087100000|100%| O|  |TAMS 0x0000000087100000, 0x0000000087000000| Untracked 
| 113|0x0000000087100000, 0x0000000087200000, 0x0000000087200000|100%| O|  |TAMS 0x0000000087200000, 0x0000000087100000| Untracked 
| 114|0x0000000087200000, 0x0000000087300000, 0x0000000087300000|100%| O|  |TAMS 0x0000000087300000, 0x0000000087200000| Untracked 
| 115|0x0000000087300000, 0x0000000087400000, 0x0000000087400000|100%| O|  |TAMS 0x0000000087400000, 0x0000000087300000| Untracked 
| 116|0x0000000087400000, 0x0000000087500000, 0x0000000087500000|100%| O|  |TAMS 0x0000000087500000, 0x0000000087400000| Untracked 
| 117|0x0000000087500000, 0x0000000087600000, 0x0000000087600000|100%| O|  |TAMS 0x0000000087600000, 0x0000000087500000| Untracked 
| 118|0x0000000087600000, 0x0000000087700000, 0x0000000087700000|100%| O|  |TAMS 0x0000000087700000, 0x0000000087600000| Untracked 
| 119|0x0000000087700000, 0x0000000087800000, 0x0000000087800000|100%| O|  |TAMS 0x0000000087800000, 0x0000000087700000| Untracked 
| 120|0x0000000087800000, 0x0000000087900000, 0x0000000087900000|100%| O|  |TAMS 0x0000000087900000, 0x0000000087800000| Untracked 
| 121|0x0000000087900000, 0x0000000087a00000, 0x0000000087a00000|100%| O|  |TAMS 0x0000000087a00000, 0x0000000087900000| Untracked 
| 122|0x0000000087a00000, 0x0000000087b00000, 0x0000000087b00000|100%| O|  |TAMS 0x0000000087b00000, 0x0000000087a00000| Untracked 
| 123|0x0000000087b00000, 0x0000000087c00000, 0x0000000087c00000|100%| O|  |TAMS 0x0000000087c00000, 0x0000000087b00000| Untracked 
| 124|0x0000000087c00000, 0x0000000087d00000, 0x0000000087d00000|100%| O|  |TAMS 0x0000000087d00000, 0x0000000087c00000| Untracked 
| 125|0x0000000087d00000, 0x0000000087e00000, 0x0000000087e00000|100%| O|  |TAMS 0x0000000087e00000, 0x0000000087d00000| Untracked 
| 126|0x0000000087e00000, 0x0000000087f00000, 0x0000000087f00000|100%| O|  |TAMS 0x0000000087f00000, 0x0000000087e00000| Untracked 
| 127|0x0000000087f00000, 0x0000000088000000, 0x0000000088000000|100%| O|  |TAMS 0x0000000088000000, 0x0000000087f00000| Untracked 
| 128|0x0000000088000000, 0x0000000088100000, 0x0000000088100000|100%| O|  |TAMS 0x0000000088100000, 0x0000000088000000| Untracked 
| 129|0x0000000088100000, 0x0000000088200000, 0x0000000088200000|100%| O|  |TAMS 0x0000000088200000, 0x0000000088100000| Untracked 
| 130|0x0000000088200000, 0x0000000088300000, 0x0000000088300000|100%| O|  |TAMS 0x0000000088300000, 0x0000000088200000| Untracked 
| 131|0x0000000088300000, 0x0000000088400000, 0x0000000088400000|100%| O|  |TAMS 0x0000000088300000, 0x0000000088300000| Untracked 
| 132|0x0000000088400000, 0x0000000088500000, 0x0000000088500000|100%| O|  |TAMS 0x0000000088500000, 0x0000000088400000| Untracked 
| 133|0x0000000088500000, 0x0000000088600000, 0x0000000088600000|100%| O|  |TAMS 0x0000000088600000, 0x0000000088500000| Untracked 
| 134|0x0000000088600000, 0x0000000088700000, 0x0000000088700000|100%| O|  |TAMS 0x0000000088700000, 0x0000000088600000| Untracked 
| 135|0x0000000088700000, 0x0000000088800000, 0x0000000088800000|100%| O|  |TAMS 0x0000000088800000, 0x0000000088700000| Untracked 
| 136|0x0000000088800000, 0x0000000088900000, 0x0000000088900000|100%| O|  |TAMS 0x0000000088900000, 0x0000000088800000| Untracked 
| 137|0x0000000088900000, 0x0000000088900000, 0x0000000088a00000|  0%| F|  |TAMS 0x0000000088900000, 0x0000000088900000| Untracked 
| 138|0x0000000088a00000, 0x0000000088b00000, 0x0000000088b00000|100%| O|  |TAMS 0x0000000088a00000, 0x0000000088a00000| Untracked 
| 139|0x0000000088b00000, 0x0000000088b00000, 0x0000000088c00000|  0%| F|  |TAMS 0x0000000088b00000, 0x0000000088b00000| Untracked 
| 140|0x0000000088c00000, 0x0000000088d00000, 0x0000000088d00000|100%| O|  |TAMS 0x0000000088c00000, 0x0000000088c00000| Untracked 
| 141|0x0000000088d00000, 0x0000000088e00000, 0x0000000088e00000|100%| O|  |TAMS 0x0000000088d00000, 0x0000000088d00000| Untracked 
| 142|0x0000000088e00000, 0x0000000088f00000, 0x0000000088f00000|100%| O|  |TAMS 0x0000000088e00000, 0x0000000088e00000| Untracked 
| 143|0x0000000088f00000, 0x0000000089000000, 0x0000000089000000|100%| O|  |TAMS 0x0000000089000000, 0x0000000088f00000| Untracked 
| 144|0x0000000089000000, 0x0000000089000000, 0x0000000089100000|  0%| F|  |TAMS 0x0000000089000000, 0x0000000089000000| Untracked 
| 145|0x0000000089100000, 0x0000000089200000, 0x0000000089200000|100%| O|  |TAMS 0x0000000089100000, 0x0000000089100000| Untracked 
| 146|0x0000000089200000, 0x0000000089200000, 0x0000000089300000|  0%| F|  |TAMS 0x0000000089200000, 0x0000000089200000| Untracked 
| 147|0x0000000089300000, 0x0000000089300000, 0x0000000089400000|  0%| F|  |TAMS 0x0000000089300000, 0x0000000089300000| Untracked 
| 148|0x0000000089400000, 0x0000000089500000, 0x0000000089500000|100%| O|  |TAMS 0x0000000089500000, 0x0000000089400000| Untracked 
| 149|0x0000000089500000, 0x0000000089500000, 0x0000000089600000|  0%| F|  |TAMS 0x0000000089500000, 0x0000000089500000| Untracked 
| 150|0x0000000089600000, 0x0000000089600000, 0x0000000089700000|  0%| F|  |TAMS 0x0000000089600000, 0x0000000089600000| Untracked 
| 151|0x0000000089700000, 0x0000000089800000, 0x0000000089800000|100%| O|  |TAMS 0x0000000089700000, 0x0000000089700000| Untracked 
| 152|0x0000000089800000, 0x0000000089900000, 0x0000000089900000|100%| O|  |TAMS 0x0000000089800000, 0x0000000089800000| Untracked 
| 153|0x0000000089900000, 0x0000000089a00000, 0x0000000089a00000|100%| O|  |TAMS 0x0000000089a00000, 0x0000000089900000| Untracked 
| 154|0x0000000089a00000, 0x0000000089b00000, 0x0000000089b00000|100%| O|  |TAMS 0x0000000089b00000, 0x0000000089a00000| Untracked 
| 155|0x0000000089b00000, 0x0000000089c00000, 0x0000000089c00000|100%| O|  |TAMS 0x0000000089c00000, 0x0000000089b00000| Untracked 
| 156|0x0000000089c00000, 0x0000000089d00000, 0x0000000089d00000|100%| O|  |TAMS 0x0000000089d00000, 0x0000000089c00000| Untracked 
| 157|0x0000000089d00000, 0x0000000089e00000, 0x0000000089e00000|100%| O|  |TAMS 0x0000000089e00000, 0x0000000089d00000| Untracked 
| 158|0x0000000089e00000, 0x0000000089f00000, 0x0000000089f00000|100%| O|  |TAMS 0x0000000089f00000, 0x0000000089e00000| Untracked 
| 159|0x0000000089f00000, 0x0000000089f00000, 0x000000008a000000|  0%| F|  |TAMS 0x0000000089f00000, 0x0000000089f00000| Untracked 
| 160|0x000000008a000000, 0x000000008a078800, 0x000000008a100000| 47%| O|  |TAMS 0x000000008a000000, 0x000000008a000000| Untracked 
| 161|0x000000008a100000, 0x000000008a100000, 0x000000008a200000|  0%| F|  |TAMS 0x000000008a100000, 0x000000008a100000| Untracked 
| 162|0x000000008a200000, 0x000000008a200000, 0x000000008a300000|  0%| F|  |TAMS 0x000000008a200000, 0x000000008a200000| Untracked 
| 163|0x000000008a300000, 0x000000008a300000, 0x000000008a400000|  0%| F|  |TAMS 0x000000008a300000, 0x000000008a300000| Untracked 
| 164|0x000000008a400000, 0x000000008a400000, 0x000000008a500000|  0%| F|  |TAMS 0x000000008a400000, 0x000000008a400000| Untracked 
| 165|0x000000008a500000, 0x000000008a500000, 0x000000008a600000|  0%| F|  |TAMS 0x000000008a500000, 0x000000008a500000| Untracked 
| 166|0x000000008a600000, 0x000000008a600000, 0x000000008a700000|  0%| F|  |TAMS 0x000000008a600000, 0x000000008a600000| Untracked 
| 167|0x000000008a700000, 0x000000008a800000, 0x000000008a800000|100%| O|  |TAMS 0x000000008a800000, 0x000000008a700000| Untracked 
| 168|0x000000008a800000, 0x000000008a900000, 0x000000008a900000|100%| O|  |TAMS 0x000000008a881600, 0x000000008a800000| Untracked 
| 169|0x000000008a900000, 0x000000008a900000, 0x000000008aa00000|  0%| F|  |TAMS 0x000000008a900000, 0x000000008a900000| Untracked 
| 170|0x000000008aa00000, 0x000000008aa00000, 0x000000008ab00000|  0%| F|  |TAMS 0x000000008aa00000, 0x000000008aa00000| Untracked 
| 171|0x000000008ab00000, 0x000000008ab00000, 0x000000008ac00000|  0%| F|  |TAMS 0x000000008ab00000, 0x000000008ab00000| Untracked 
| 172|0x000000008ac00000, 0x000000008ac00000, 0x000000008ad00000|  0%| F|  |TAMS 0x000000008ac00000, 0x000000008ac00000| Untracked 
| 173|0x000000008ad00000, 0x000000008ad00000, 0x000000008ae00000|  0%| F|  |TAMS 0x000000008ad00000, 0x000000008ad00000| Untracked 
| 174|0x000000008ae00000, 0x000000008ae00000, 0x000000008af00000|  0%| F|  |TAMS 0x000000008ae00000, 0x000000008ae00000| Untracked 
| 175|0x000000008af00000, 0x000000008af00000, 0x000000008b000000|  0%| F|  |TAMS 0x000000008af00000, 0x000000008af00000| Untracked 
| 176|0x000000008b000000, 0x000000008b000000, 0x000000008b100000|  0%| F|  |TAMS 0x000000008b000000, 0x000000008b000000| Untracked 
| 177|0x000000008b100000, 0x000000008b100000, 0x000000008b200000|  0%| F|  |TAMS 0x000000008b100000, 0x000000008b100000| Untracked 
| 178|0x000000008b200000, 0x000000008b200000, 0x000000008b300000|  0%| F|  |TAMS 0x000000008b200000, 0x000000008b200000| Untracked 
| 179|0x000000008b300000, 0x000000008b300000, 0x000000008b400000|  0%| F|  |TAMS 0x000000008b300000, 0x000000008b300000| Untracked 
| 180|0x000000008b400000, 0x000000008b400000, 0x000000008b500000|  0%| F|  |TAMS 0x000000008b400000, 0x000000008b400000| Untracked 
| 181|0x000000008b500000, 0x000000008b500000, 0x000000008b600000|  0%| F|  |TAMS 0x000000008b500000, 0x000000008b500000| Untracked 
| 182|0x000000008b600000, 0x000000008b600000, 0x000000008b700000|  0%| F|  |TAMS 0x000000008b600000, 0x000000008b600000| Untracked 
| 183|0x000000008b700000, 0x000000008b700000, 0x000000008b800000|  0%| F|  |TAMS 0x000000008b700000, 0x000000008b700000| Untracked 
| 184|0x000000008b800000, 0x000000008b800000, 0x000000008b900000|  0%| F|  |TAMS 0x000000008b800000, 0x000000008b800000| Untracked 
| 185|0x000000008b900000, 0x000000008b900000, 0x000000008ba00000|  0%| F|  |TAMS 0x000000008b900000, 0x000000008b900000| Untracked 
| 186|0x000000008ba00000, 0x000000008ba00000, 0x000000008bb00000|  0%| F|  |TAMS 0x000000008ba00000, 0x000000008ba00000| Untracked 
| 187|0x000000008bb00000, 0x000000008bb00000, 0x000000008bc00000|  0%| F|  |TAMS 0x000000008bb00000, 0x000000008bb00000| Untracked 
| 188|0x000000008bc00000, 0x000000008bc00000, 0x000000008bd00000|  0%| F|  |TAMS 0x000000008bc00000, 0x000000008bc00000| Untracked 
| 189|0x000000008bd00000, 0x000000008bd00000, 0x000000008be00000|  0%| F|  |TAMS 0x000000008bd00000, 0x000000008bd00000| Untracked 
| 190|0x000000008be00000, 0x000000008be00000, 0x000000008bf00000|  0%| F|  |TAMS 0x000000008be00000, 0x000000008be00000| Untracked 
| 191|0x000000008bf00000, 0x000000008bf00000, 0x000000008c000000|  0%| F|  |TAMS 0x000000008bf00000, 0x000000008bf00000| Untracked 
| 192|0x000000008c000000, 0x000000008c000000, 0x000000008c100000|  0%| F|  |TAMS 0x000000008c000000, 0x000000008c000000| Untracked 
| 193|0x000000008c100000, 0x000000008c100000, 0x000000008c200000|  0%| F|  |TAMS 0x000000008c100000, 0x000000008c100000| Untracked 
| 194|0x000000008c200000, 0x000000008c200000, 0x000000008c300000|  0%| F|  |TAMS 0x000000008c200000, 0x000000008c200000| Untracked 
| 195|0x000000008c300000, 0x000000008c300000, 0x000000008c400000|  0%| F|  |TAMS 0x000000008c300000, 0x000000008c300000| Untracked 
| 196|0x000000008c400000, 0x000000008c400000, 0x000000008c500000|  0%| F|  |TAMS 0x000000008c400000, 0x000000008c400000| Untracked 
| 197|0x000000008c500000, 0x000000008c500000, 0x000000008c600000|  0%| F|  |TAMS 0x000000008c500000, 0x000000008c500000| Untracked 
| 198|0x000000008c600000, 0x000000008c600000, 0x000000008c700000|  0%| F|  |TAMS 0x000000008c600000, 0x000000008c600000| Untracked 
| 199|0x000000008c700000, 0x000000008c700000, 0x000000008c800000|  0%| F|  |TAMS 0x000000008c700000, 0x000000008c700000| Untracked 
| 200|0x000000008c800000, 0x000000008c800000, 0x000000008c900000|  0%| F|  |TAMS 0x000000008c800000, 0x000000008c800000| Untracked 
| 201|0x000000008c900000, 0x000000008c900000, 0x000000008ca00000|  0%| F|  |TAMS 0x000000008c900000, 0x000000008c900000| Untracked 
| 202|0x000000008ca00000, 0x000000008ca00000, 0x000000008cb00000|  0%| F|  |TAMS 0x000000008ca00000, 0x000000008ca00000| Untracked 
| 203|0x000000008cb00000, 0x000000008cb00000, 0x000000008cc00000|  0%| F|  |TAMS 0x000000008cb00000, 0x000000008cb00000| Untracked 
| 204|0x000000008cc00000, 0x000000008cc00000, 0x000000008cd00000|  0%| F|  |TAMS 0x000000008cc00000, 0x000000008cc00000| Untracked 
| 205|0x000000008cd00000, 0x000000008cd00000, 0x000000008ce00000|  0%| F|  |TAMS 0x000000008cd00000, 0x000000008cd00000| Untracked 
| 206|0x000000008ce00000, 0x000000008ce00000, 0x000000008cf00000|  0%| F|  |TAMS 0x000000008ce00000, 0x000000008ce00000| Untracked 
| 207|0x000000008cf00000, 0x000000008cf00000, 0x000000008d000000|  0%| F|  |TAMS 0x000000008cf00000, 0x000000008cf00000| Untracked 
| 208|0x000000008d000000, 0x000000008d000000, 0x000000008d100000|  0%| F|  |TAMS 0x000000008d000000, 0x000000008d000000| Untracked 
| 209|0x000000008d100000, 0x000000008d100000, 0x000000008d200000|  0%| F|  |TAMS 0x000000008d100000, 0x000000008d100000| Untracked 
| 210|0x000000008d200000, 0x000000008d200000, 0x000000008d300000|  0%| F|  |TAMS 0x000000008d200000, 0x000000008d200000| Untracked 
| 211|0x000000008d300000, 0x000000008d300000, 0x000000008d400000|  0%| F|  |TAMS 0x000000008d300000, 0x000000008d300000| Untracked 
| 212|0x000000008d400000, 0x000000008d400000, 0x000000008d500000|  0%| F|  |TAMS 0x000000008d400000, 0x000000008d400000| Untracked 
| 213|0x000000008d500000, 0x000000008d500000, 0x000000008d600000|  0%| F|  |TAMS 0x000000008d500000, 0x000000008d500000| Untracked 
| 214|0x000000008d600000, 0x000000008d6b1bb0, 0x000000008d700000| 69%| E|  |TAMS 0x000000008d600000, 0x000000008d600000| Complete 
| 215|0x000000008d700000, 0x000000008d800000, 0x000000008d800000|100%| E|CS|TAMS 0x000000008d700000, 0x000000008d700000| Complete 
| 216|0x000000008d800000, 0x000000008d900000, 0x000000008d900000|100%| E|CS|TAMS 0x000000008d800000, 0x000000008d800000| Complete 
| 217|0x000000008d900000, 0x000000008da00000, 0x000000008da00000|100%| E|CS|TAMS 0x000000008d900000, 0x000000008d900000| Complete 
| 218|0x000000008da00000, 0x000000008db00000, 0x000000008db00000|100%| E|CS|TAMS 0x000000008da00000, 0x000000008da00000| Complete 
| 219|0x000000008db00000, 0x000000008dc00000, 0x000000008dc00000|100%| E|  |TAMS 0x000000008db00000, 0x000000008db00000| Complete 
| 220|0x000000008dc00000, 0x000000008dd00000, 0x000000008dd00000|100%| E|CS|TAMS 0x000000008dc00000, 0x000000008dc00000| Complete 
| 221|0x000000008dd00000, 0x000000008de00000, 0x000000008de00000|100%| E|CS|TAMS 0x000000008dd00000, 0x000000008dd00000| Complete 
| 222|0x000000008de00000, 0x000000008df00000, 0x000000008df00000|100%| E|CS|TAMS 0x000000008de00000, 0x000000008de00000| Complete 
| 223|0x000000008df00000, 0x000000008e000000, 0x000000008e000000|100%| E|CS|TAMS 0x000000008df00000, 0x000000008df00000| Complete 
| 224|0x000000008e000000, 0x000000008e100000, 0x000000008e100000|100%| E|CS|TAMS 0x000000008e000000, 0x000000008e000000| Complete 
| 225|0x000000008e100000, 0x000000008e200000, 0x000000008e200000|100%| E|CS|TAMS 0x000000008e100000, 0x000000008e100000| Complete 
| 226|0x000000008e200000, 0x000000008e300000, 0x000000008e300000|100%| E|CS|TAMS 0x000000008e200000, 0x000000008e200000| Complete 
| 227|0x000000008e300000, 0x000000008e400000, 0x000000008e400000|100%| E|CS|TAMS 0x000000008e300000, 0x000000008e300000| Complete 
| 228|0x000000008e400000, 0x000000008e500000, 0x000000008e500000|100%| E|CS|TAMS 0x000000008e400000, 0x000000008e400000| Complete 
| 229|0x000000008e500000, 0x000000008e600000, 0x000000008e600000|100%| E|CS|TAMS 0x000000008e500000, 0x000000008e500000| Complete 
| 230|0x000000008e600000, 0x000000008e700000, 0x000000008e700000|100%| E|CS|TAMS 0x000000008e600000, 0x000000008e600000| Complete 
| 231|0x000000008e700000, 0x000000008e800000, 0x000000008e800000|100%| E|CS|TAMS 0x000000008e700000, 0x000000008e700000| Complete 
| 232|0x000000008e800000, 0x000000008e900000, 0x000000008e900000|100%| E|CS|TAMS 0x000000008e800000, 0x000000008e800000| Complete 
| 233|0x000000008e900000, 0x000000008ea00000, 0x000000008ea00000|100%| E|CS|TAMS 0x000000008e900000, 0x000000008e900000| Complete 
| 234|0x000000008ea00000, 0x000000008eb00000, 0x000000008eb00000|100%| E|CS|TAMS 0x000000008ea00000, 0x000000008ea00000| Complete 
| 235|0x000000008eb00000, 0x000000008ec00000, 0x000000008ec00000|100%| E|CS|TAMS 0x000000008eb00000, 0x000000008eb00000| Complete 
| 236|0x000000008ec00000, 0x000000008ed00000, 0x000000008ed00000|100%| E|CS|TAMS 0x000000008ec00000, 0x000000008ec00000| Complete 
| 237|0x000000008ed00000, 0x000000008ee00000, 0x000000008ee00000|100%| E|CS|TAMS 0x000000008ed00000, 0x000000008ed00000| Complete 
| 238|0x000000008ee00000, 0x000000008ef00000, 0x000000008ef00000|100%| E|CS|TAMS 0x000000008ee00000, 0x000000008ee00000| Complete 
| 239|0x000000008ef00000, 0x000000008f000000, 0x000000008f000000|100%| E|CS|TAMS 0x000000008ef00000, 0x000000008ef00000| Complete 
| 240|0x000000008f000000, 0x000000008f100000, 0x000000008f100000|100%| E|CS|TAMS 0x000000008f000000, 0x000000008f000000| Complete 
| 241|0x000000008f100000, 0x000000008f200000, 0x000000008f200000|100%| E|CS|TAMS 0x000000008f100000, 0x000000008f100000| Complete 
| 242|0x000000008f200000, 0x000000008f300000, 0x000000008f300000|100%| E|CS|TAMS 0x000000008f200000, 0x000000008f200000| Complete 
| 243|0x000000008f300000, 0x000000008f400000, 0x000000008f400000|100%| E|CS|TAMS 0x000000008f300000, 0x000000008f300000| Complete 
| 244|0x000000008f400000, 0x000000008f500000, 0x000000008f500000|100%| E|CS|TAMS 0x000000008f400000, 0x000000008f400000| Complete 
| 245|0x000000008f500000, 0x000000008f600000, 0x000000008f600000|100%| E|CS|TAMS 0x000000008f500000, 0x000000008f500000| Complete 
| 246|0x000000008f600000, 0x000000008f700000, 0x000000008f700000|100%| E|CS|TAMS 0x000000008f600000, 0x000000008f600000| Complete 
| 247|0x000000008f700000, 0x000000008f800000, 0x000000008f800000|100%| E|CS|TAMS 0x000000008f700000, 0x000000008f700000| Complete 
| 248|0x000000008f800000, 0x000000008f900000, 0x000000008f900000|100%| E|CS|TAMS 0x000000008f800000, 0x000000008f800000| Complete 
| 249|0x000000008f900000, 0x000000008fa00000, 0x000000008fa00000|100%| E|CS|TAMS 0x000000008f900000, 0x000000008f900000| Complete 
| 250|0x000000008fa00000, 0x000000008fb00000, 0x000000008fb00000|100%| E|CS|TAMS 0x000000008fa00000, 0x000000008fa00000| Complete 
| 251|0x000000008fb00000, 0x000000008fc00000, 0x000000008fc00000|100%| E|CS|TAMS 0x000000008fb00000, 0x000000008fb00000| Complete 
| 252|0x000000008fc00000, 0x000000008fd00000, 0x000000008fd00000|100%| E|CS|TAMS 0x000000008fc00000, 0x000000008fc00000| Complete 
| 253|0x000000008fd00000, 0x000000008fe00000, 0x000000008fe00000|100%| E|CS|TAMS 0x000000008fd00000, 0x000000008fd00000| Complete 
| 254|0x000000008fe00000, 0x000000008ff00000, 0x000000008ff00000|100%| E|CS|TAMS 0x000000008fe00000, 0x000000008fe00000| Complete 
| 255|0x000000008ff00000, 0x0000000090000000, 0x0000000090000000|100%| E|CS|TAMS 0x000000008ff00000, 0x000000008ff00000| Complete 
| 256|0x0000000090000000, 0x0000000090100000, 0x0000000090100000|100%| E|CS|TAMS 0x0000000090000000, 0x0000000090000000| Complete 
| 257|0x0000000090100000, 0x0000000090200000, 0x0000000090200000|100%| E|CS|TAMS 0x0000000090100000, 0x0000000090100000| Complete 
| 258|0x0000000090200000, 0x0000000090300000, 0x0000000090300000|100%| E|CS|TAMS 0x0000000090200000, 0x0000000090200000| Complete 
| 259|0x0000000090300000, 0x0000000090400000, 0x0000000090400000|100%| E|CS|TAMS 0x0000000090300000, 0x0000000090300000| Complete 
| 260|0x0000000090400000, 0x0000000090500000, 0x0000000090500000|100%| E|CS|TAMS 0x0000000090400000, 0x0000000090400000| Complete 
| 261|0x0000000090500000, 0x0000000090600000, 0x0000000090600000|100%| E|CS|TAMS 0x0000000090500000, 0x0000000090500000| Complete 
| 262|0x0000000090600000, 0x0000000090700000, 0x0000000090700000|100%| E|CS|TAMS 0x0000000090600000, 0x0000000090600000| Complete 
| 263|0x0000000090700000, 0x0000000090800000, 0x0000000090800000|100%| E|CS|TAMS 0x0000000090700000, 0x0000000090700000| Complete 
| 264|0x0000000090800000, 0x0000000090900000, 0x0000000090900000|100%| E|CS|TAMS 0x0000000090800000, 0x0000000090800000| Complete 
| 265|0x0000000090900000, 0x0000000090a00000, 0x0000000090a00000|100%| E|CS|TAMS 0x0000000090900000, 0x0000000090900000| Complete 
| 266|0x0000000090a00000, 0x0000000090b00000, 0x0000000090b00000|100%| E|CS|TAMS 0x0000000090a00000, 0x0000000090a00000| Complete 
| 267|0x0000000090b00000, 0x0000000090c00000, 0x0000000090c00000|100%| E|CS|TAMS 0x0000000090b00000, 0x0000000090b00000| Complete 
| 268|0x0000000090c00000, 0x0000000090d00000, 0x0000000090d00000|100%| E|CS|TAMS 0x0000000090c00000, 0x0000000090c00000| Complete 
| 269|0x0000000090d00000, 0x0000000090e00000, 0x0000000090e00000|100%| E|CS|TAMS 0x0000000090d00000, 0x0000000090d00000| Complete 
| 270|0x0000000090e00000, 0x0000000090f00000, 0x0000000090f00000|100%| E|CS|TAMS 0x0000000090e00000, 0x0000000090e00000| Complete 
| 271|0x0000000090f00000, 0x0000000091000000, 0x0000000091000000|100%| E|CS|TAMS 0x0000000090f00000, 0x0000000090f00000| Complete 
| 272|0x0000000091000000, 0x0000000091100000, 0x0000000091100000|100%| S|CS|TAMS 0x0000000091000000, 0x0000000091000000| Complete 
| 273|0x0000000091100000, 0x0000000091200000, 0x0000000091200000|100%| S|CS|TAMS 0x0000000091100000, 0x0000000091100000| Complete 
| 274|0x0000000091200000, 0x0000000091300000, 0x0000000091300000|100%| E|CS|TAMS 0x0000000091200000, 0x0000000091200000| Complete 
| 275|0x0000000091300000, 0x0000000091400000, 0x0000000091400000|100%| E|CS|TAMS 0x0000000091300000, 0x0000000091300000| Complete 
| 276|0x0000000091400000, 0x0000000091500000, 0x0000000091500000|100%| E|CS|TAMS 0x0000000091400000, 0x0000000091400000| Complete 
| 277|0x0000000091500000, 0x0000000091600000, 0x0000000091600000|100%| E|CS|TAMS 0x0000000091500000, 0x0000000091500000| Complete 

Card table byte_map: [0x00000139bd110000,0x00000139bd510000] _byte_map_base: 0x00000139bcd10000

Marking Bits (Prev, Next): (CMBitMap*) 0x00000139a83f5db8, (CMBitMap*) 0x00000139a83f5df0
 Prev Bits: [0x00000139bd910000, 0x00000139bf910000)
 Next Bits: [0x00000139bf910000, 0x00000139c1910000)

Polling page: 0x00000139a8260000

Metaspace:

Usage:
  Non-class:    119.35 MB capacity,   115.50 MB ( 97%) used,     3.17 MB (  3%) free+waste,   688.94 KB ( <1%) overhead. 
      Class:     18.71 MB capacity,    16.54 MB ( 88%) used,     1.87 MB ( 10%) free+waste,   311.19 KB (  2%) overhead. 
       Both:    138.06 MB capacity,   132.05 MB ( 96%) used,     5.04 MB (  4%) free+waste,  1000.12 KB ( <1%) overhead. 

Virtual space:
  Non-class space:      120.00 MB reserved,     119.38 MB (>99%) committed 
      Class space:        1.00 GB reserved,      18.82 MB (  2%) committed 
             Both:        1.12 GB reserved,     138.20 MB ( 12%) committed 

Chunk freelists:
   Non-Class:  32.00 KB
       Class:  0 bytes
        Both:  32.00 KB

MaxMetaspaceSize: 17179869184.00 GB
CompressedClassSpaceSize: 1.00 GB
Initial GC threshold: 20.80 MB
Current GC threshold: 230.34 MB
CDS: off

CodeHeap 'non-profiled nmethods': size=120064Kb used=18942Kb max_used=19236Kb free=101121Kb
 bounds [0x00000139b51b0000, 0x00000139b64c0000, 0x00000139bc6f0000]
CodeHeap 'profiled nmethods': size=120000Kb used=52699Kb max_used=55772Kb free=67300Kb
 bounds [0x00000139adc80000, 0x00000139b1360000, 0x00000139b51b0000]
CodeHeap 'non-nmethods': size=5696Kb used=2475Kb max_used=2562Kb free=3220Kb
 bounds [0x00000139ad6f0000, 0x00000139ad980000, 0x00000139adc80000]
 total_blobs=24635 nmethods=23623 adapters=923
 compilation: enabled
              stopped_count=0, restarted_count=0
 full_count=0

Compilation events (20 events):
Event: 1054.439 Thread 0x00000139c47aa800 nmethod 27342 0x00000139aec95010 code [0x00000139aec951e0, 0x00000139aec95488]
Event: 1054.447 Thread 0x00000139c47a9000 27343       4       com.esotericsoftware.kryo.io.Output::writeString_slow (238 bytes)
Event: 1054.447 Thread 0x00000139c47aa800 27344       3       com.google.wireless.android.sdk.stats.GradleBuildProfileSpan$Builder::setType (37 bytes)
Event: 1054.448 Thread 0x00000139c47aa800 nmethod 27344 0x00000139ae5ee490 code [0x00000139ae5ee680, 0x00000139ae5eea38]
Event: 1054.455 Thread 0x00000139c47a9000 nmethod 27343 0x00000139b5ad2290 code [0x00000139b5ad2460, 0x00000139b5ad2a68]
Event: 1054.456 Thread 0x00000139c47aa800 27345       3       org.objectweb.asm.MethodWriter::visitMaxs (60 bytes)
Event: 1054.456 Thread 0x00000139c47aa800 nmethod 27345 0x00000139af0e8390 code [0x00000139af0e8560, 0x00000139af0e87d8]
Event: 1054.458 Thread 0x00000139c47aa800 27346       3       org.objectweb.asm.AnnotationVisitor::visitEnd (15 bytes)
Event: 1054.458 Thread 0x00000139c47aa800 nmethod 27346 0x00000139aed02f10 code [0x00000139aed030c0, 0x00000139aed032a8]
Event: 1054.458 Thread 0x00000139c47a9000 27347       4       org.objectweb.asm.MethodVisitor::visitVarInsn (17 bytes)
Event: 1054.460 Thread 0x00000139c47aa800 27348       3       org.gradle.internal.normalization.java.impl.ApiMemberSelector::isCandidateApiMember (31 bytes)
Event: 1054.460 Thread 0x00000139c47aa800 nmethod 27348 0x00000139ae65a310 code [0x00000139ae65a4e0, 0x00000139ae65a8f8]
Event: 1054.460 Thread 0x00000139c47aa800 27349       1       org.gradle.internal.normalization.java.impl.InnerClassMember::getOuterName (5 bytes)
Event: 1054.460 Thread 0x00000139c47aa800 nmethod 27349 0x00000139b56c5f10 code [0x00000139b56c60c0, 0x00000139b56c6178]
Event: 1054.460 Thread 0x00000139c47aa800 27350       1       org.gradle.internal.normalization.java.impl.InnerClassMember::getInnerName (5 bytes)
Event: 1054.460 Thread 0x00000139c47aa800 nmethod 27350 0x00000139b5913690 code [0x00000139b5913840, 0x00000139b59138f8]
Event: 1054.463 Thread 0x00000139c47aa800 27352       3       org.gradle.internal.snapshot.AbstractListChildMap$1::withRemovedChild (12 bytes)
Event: 1054.463 Thread 0x00000139c47aa800 nmethod 27352 0x00000139ae098010 code [0x00000139ae098220, 0x00000139ae0987d8]
Event: 1054.464 Thread 0x00000139c47a9000 nmethod 27347 0x00000139b57ecc90 code [0x00000139b57ece80, 0x00000139b57ed408]
Event: 1054.464 Thread 0x00000139c47a9000 27351  s    4       org.gradle.execution.plan.ExecutionNodeAccessHierarchy::recordNodeAccessingLocations (59 bytes)

GC Heap History (20 events):
Event: 870.367 GC heap before
{Heap before GC invocations=84 (full 0):
 garbage-first heap   total 284672K, used 169876K [0x0000000080000000, 0x0000000100000000)
  region size 1024K, 13 young (13312K), 8 survivors (8192K)
 Metaspace       used 132372K, capacity 137383K, committed 137680K, reserved 1169408K
  class space    used 16551K, capacity 18445K, committed 18508K, reserved 1048576K
}
Event: 870.382 GC heap after
{Heap after GC invocations=85 (full 0):
 garbage-first heap   total 284672K, used 158128K [0x0000000080000000, 0x0000000100000000)
  region size 1024K, 2 young (2048K), 2 survivors (2048K)
 Metaspace       used 132372K, capacity 137383K, committed 137680K, reserved 1169408K
  class space    used 16551K, capacity 18445K, committed 18508K, reserved 1048576K
}
Event: 871.891 GC heap before
{Heap before GC invocations=85 (full 0):
 garbage-first heap   total 284672K, used 232880K [0x0000000080000000, 0x0000000100000000)
  region size 1024K, 76 young (77824K), 2 survivors (2048K)
 Metaspace       used 132481K, capacity 137533K, committed 137680K, reserved 1169408K
  class space    used 16566K, capacity 18472K, committed 18508K, reserved 1048576K
}
Event: 871.900 GC heap after
{Heap after GC invocations=86 (full 0):
 garbage-first heap   total 284672K, used 161095K [0x0000000080000000, 0x0000000100000000)
  region size 1024K, 5 young (5120K), 5 survivors (5120K)
 Metaspace       used 132481K, capacity 137533K, committed 137680K, reserved 1169408K
  class space    used 16566K, capacity 18472K, committed 18508K, reserved 1048576K
}
Event: 972.048 GC heap before
{Heap before GC invocations=87 (full 0):
 garbage-first heap   total 284672K, used 259399K [0x0000000080000000, 0x0000000100000000)
  region size 1024K, 79 young (80896K), 5 survivors (5120K)
 Metaspace       used 134355K, capacity 140281K, committed 140624K, reserved 1171456K
  class space    used 16878K, capacity 19050K, committed 19148K, reserved 1048576K
}
Event: 972.072 GC heap after
{Heap after GC invocations=88 (full 0):
 garbage-first heap   total 284672K, used 168258K [0x0000000080000000, 0x0000000100000000)
  region size 1024K, 10 young (10240K), 10 survivors (10240K)
 Metaspace       used 134355K, capacity 140281K, committed 140624K, reserved 1171456K
  class space    used 16878K, capacity 19050K, committed 19148K, reserved 1048576K
}
Event: 972.082 GC heap before
{Heap before GC invocations=88 (full 0):
 garbage-first heap   total 284672K, used 171330K [0x0000000080000000, 0x0000000100000000)
  region size 1024K, 13 young (13312K), 10 survivors (10240K)
 Metaspace       used 134355K, capacity 140281K, committed 140624K, reserved 1171456K
  class space    used 16878K, capacity 19050K, committed 19148K, reserved 1048576K
}
Event: 972.106 GC heap after
{Heap after GC invocations=89 (full 0):
 garbage-first heap   total 284672K, used 160503K [0x0000000080000000, 0x0000000100000000)
  region size 1024K, 2 young (2048K), 2 survivors (2048K)
 Metaspace       used 134355K, capacity 140281K, committed 140624K, reserved 1171456K
  class space    used 16878K, capacity 19050K, committed 19148K, reserved 1048576K
}
Event: 973.568 GC heap before
{Heap before GC invocations=89 (full 0):
 garbage-first heap   total 284672K, used 234231K [0x0000000080000000, 0x0000000100000000)
  region size 1024K, 75 young (76800K), 2 survivors (2048K)
 Metaspace       used 134569K, capacity 140655K, committed 140880K, reserved 1171456K
  class space    used 16907K, capacity 19103K, committed 19148K, reserved 1048576K
}
Event: 973.582 GC heap after
{Heap after GC invocations=90 (full 0):
 garbage-first heap   total 284672K, used 163727K [0x0000000080000000, 0x0000000100000000)
  region size 1024K, 6 young (6144K), 6 survivors (6144K)
 Metaspace       used 134569K, capacity 140655K, committed 140880K, reserved 1171456K
  class space    used 16907K, capacity 19103K, committed 19148K, reserved 1048576K
}
Event: 991.448 GC heap before
{Heap before GC invocations=91 (full 0):
 garbage-first heap   total 284672K, used 259983K [0x0000000080000000, 0x0000000100000000)
  region size 1024K, 77 young (78848K), 6 survivors (6144K)
 Metaspace       used 134864K, capacity 140853K, committed 141136K, reserved 1171456K
  class space    used 16917K, capacity 19119K, committed 19148K, reserved 1048576K
}
Event: 991.462 GC heap after
{Heap after GC invocations=92 (full 0):
 garbage-first heap   total 284672K, used 169567K [0x0000000080000000, 0x0000000100000000)
  region size 1024K, 10 young (10240K), 10 survivors (10240K)
 Metaspace       used 134864K, capacity 140853K, committed 141136K, reserved 1171456K
  class space    used 16917K, capacity 19119K, committed 19148K, reserved 1048576K
}
Event: 991.493 GC heap before
{Heap before GC invocations=92 (full 0):
 garbage-first heap   total 284672K, used 172639K [0x0000000080000000, 0x0000000100000000)
  region size 1024K, 13 young (13312K), 10 survivors (10240K)
 Metaspace       used 134864K, capacity 140853K, committed 141136K, reserved 1171456K
  class space    used 16917K, capacity 19119K, committed 19148K, reserved 1048576K
}
Event: 991.509 GC heap after
{Heap after GC invocations=93 (full 0):
 garbage-first heap   total 284672K, used 156605K [0x0000000080000000, 0x0000000100000000)
  region size 1024K, 2 young (2048K), 2 survivors (2048K)
 Metaspace       used 134864K, capacity 140853K, committed 141136K, reserved 1171456K
  class space    used 16917K, capacity 19119K, committed 19148K, reserved 1048576K
}
Event: 993.007 GC heap before
{Heap before GC invocations=93 (full 0):
 garbage-first heap   total 284672K, used 232381K [0x0000000080000000, 0x0000000100000000)
  region size 1024K, 77 young (78848K), 2 survivors (2048K)
 Metaspace       used 135003K, capacity 141094K, committed 141264K, reserved 1171456K
  class space    used 16933K, capacity 19149K, committed 19276K, reserved 1048576K
}
Event: 993.026 GC heap after
{Heap after GC invocations=94 (full 0):
 garbage-first heap   total 284672K, used 161814K [0x0000000080000000, 0x0000000100000000)
  region size 1024K, 7 young (7168K), 7 survivors (7168K)
 Metaspace       used 135003K, capacity 141094K, committed 141264K, reserved 1171456K
  class space    used 16933K, capacity 19149K, committed 19276K, reserved 1048576K
}
Event: 1052.090 GC heap before
{Heap before GC invocations=95 (full 0):
 garbage-first heap   total 284672K, used 258070K [0x0000000080000000, 0x0000000100000000)
  region size 1024K, 79 young (80896K), 7 survivors (7168K)
 Metaspace       used 135192K, capacity 141374K, committed 141520K, reserved 1171456K
  class space    used 16941K, capacity 19163K, committed 19276K, reserved 1048576K
}
Event: 1052.107 GC heap after
{Heap after GC invocations=96 (full 0):
 garbage-first heap   total 284672K, used 169361K [0x0000000080000000, 0x0000000100000000)
  region size 1024K, 9 young (9216K), 9 survivors (9216K)
 Metaspace       used 135192K, capacity 141374K, committed 141520K, reserved 1171456K
  class space    used 16941K, capacity 19163K, committed 19276K, reserved 1048576K
}
Event: 1052.120 GC heap before
{Heap before GC invocations=96 (full 0):
 garbage-first heap   total 284672K, used 172433K [0x0000000080000000, 0x0000000100000000)
  region size 1024K, 13 young (13312K), 9 survivors (9216K)
 Metaspace       used 135192K, capacity 141374K, committed 141520K, reserved 1171456K
  class space    used 16941K, capacity 19163K, committed 19276K, reserved 1048576K
}
Event: 1052.133 GC heap after
{Heap after GC invocations=97 (full 0):
 garbage-first heap   total 284672K, used 158178K [0x0000000080000000, 0x0000000100000000)
  region size 1024K, 2 young (2048K), 2 survivors (2048K)
 Metaspace       used 135192K, capacity 141374K, committed 141520K, reserved 1171456K
  class space    used 16941K, capacity 19163K, committed 19276K, reserved 1048576K
}

Deoptimization events (20 events):
Event: 973.545 Thread 0x00000139c85d8000 DEOPT PACKING pc=0x00000139b0868db5 sp=0x00000012bbcfa050
Event: 973.545 Thread 0x00000139c85d8000 DEOPT UNPACKING pc=0x00000139ad73a95e sp=0x00000012bbcf9628 mode 0
Event: 973.673 Thread 0x00000139c74b7800 DEOPT PACKING pc=0x00000139b03f7967 sp=0x00000012bc8fd4a0
Event: 973.673 Thread 0x00000139c74b7800 DEOPT UNPACKING pc=0x00000139ad73a95e sp=0x00000012bc8fc9b0 mode 0
Event: 991.805 Thread 0x00000139c73b0800 Uncommon trap: trap_request=0xffffff4d fr.pc=0x00000139b5ed87f4 relative=0x00000000000003b4
Event: 991.806 Thread 0x00000139c73b0800 Uncommon trap: reason=unstable_if action=reinterpret pc=0x00000139b5ed87f4 method=java.io.BufferedOutputStream.write(I)V @ 9 c2
Event: 991.806 Thread 0x00000139c73b0800 DEOPT PACKING pc=0x00000139b5ed87f4 sp=0x00000012bc0fa5e0
Event: 991.806 Thread 0x00000139c73b0800 DEOPT UNPACKING pc=0x00000139ad73a1af sp=0x00000012bc0fa520 mode 2
Event: 992.925 Thread 0x00000139cea0e800 Uncommon trap: trap_request=0xffffff4d fr.pc=0x00000139b62e4f34 relative=0x0000000000001754
Event: 992.926 Thread 0x00000139cea0e800 Uncommon trap: reason=unstable_if action=reinterpret pc=0x00000139b62e4f34 method=com.android.tools.r8.internal.ug.e(Ljava/lang/String;)[Ljava/lang/String; @ 27 c2
Event: 992.926 Thread 0x00000139cea0e800 DEOPT PACKING pc=0x00000139b62e4f34 sp=0x00000012bcbfbda0
Event: 992.926 Thread 0x00000139cea0e800 DEOPT UNPACKING pc=0x00000139ad73a1af sp=0x00000012bcbfbd80 mode 2
Event: 993.090 Thread 0x00000139cea0e800 Uncommon trap: trap_request=0xffffff4d fr.pc=0x00000139b51feb04 relative=0x0000000000000644
Event: 993.090 Thread 0x00000139cea0e800 Uncommon trap: reason=unstable_if action=reinterpret pc=0x00000139b51feb04 method=java.util.HashMap.putVal(ILjava/lang/Object;Ljava/lang/Object;ZZ)Ljava/lang/Object; @ 162 c2
Event: 993.090 Thread 0x00000139cea0e800 DEOPT PACKING pc=0x00000139b51feb04 sp=0x00000012bcbfd130
Event: 993.090 Thread 0x00000139cea0e800 DEOPT UNPACKING pc=0x00000139ad73a1af sp=0x00000012bcbfcfe8 mode 2
Event: 1052.309 Thread 0x00000139ce211000 DEOPT PACKING pc=0x00000139aeffc1bd sp=0x00000012bc1fa3e0
Event: 1052.309 Thread 0x00000139ce211000 DEOPT UNPACKING pc=0x00000139ad73a95e sp=0x00000012bc1f99b8 mode 0
Event: 1054.447 Thread 0x00000139ce212800 DEOPT PACKING pc=0x00000139ae2f2717 sp=0x00000012bc5fdfe0
Event: 1054.447 Thread 0x00000139ce212800 DEOPT UNPACKING pc=0x00000139ad73a95e sp=0x00000012bc5fd4a0 mode 0

Classes redefined (0 events):
No events

Internal exceptions (20 events):
Event: 991.318 Thread 0x00000139ce209800 Exception <a 'sun/nio/fs/WindowsException'{0x000000008d8cf5e8}> (0x000000008d8cf5e8) thrown at [src/hotspot/share/prims/jni.cpp, line 617]
Event: 991.318 Thread 0x00000139ce209800 Exception <a 'sun/nio/fs/WindowsException'{0x000000008d8d08b8}> (0x000000008d8d08b8) thrown at [src/hotspot/share/prims/jni.cpp, line 617]
Event: 991.318 Thread 0x00000139ce209800 Exception <a 'sun/nio/fs/WindowsException'{0x000000008d8d1b88}> (0x000000008d8d1b88) thrown at [src/hotspot/share/prims/jni.cpp, line 617]
Event: 991.371 Thread 0x00000139ce209800 Exception <a 'sun/nio/fs/WindowsException'{0x000000008d256698}> (0x000000008d256698) thrown at [src/hotspot/share/prims/jni.cpp, line 617]
Event: 992.081 Thread 0x00000139c73be000 Exception <a 'java/lang/InterruptedException'{0x000000008d5d9160}> (0x000000008d5d9160) thrown at [src/hotspot/share/runtime/objectMonitor.cpp, line 1635]
Event: 992.918 Thread 0x00000139cea0e800 Exception <a 'sun/nio/fs/WindowsException'{0x000000008cb17eb0}> (0x000000008cb17eb0) thrown at [src/hotspot/share/prims/jni.cpp, line 617]
Event: 993.091 Thread 0x00000139cea0e800 Exception <a 'sun/nio/fs/WindowsException'{0x000000009153bde8}> (0x000000009153bde8) thrown at [src/hotspot/share/prims/jni.cpp, line 617]
Event: 993.135 Thread 0x00000139cea14800 Exception <a 'sun/nio/fs/WindowsException'{0x00000000913a2ff0}> (0x00000000913a2ff0) thrown at [src/hotspot/share/prims/jni.cpp, line 617]
Event: 993.170 Thread 0x00000139cea14800 Exception <a 'sun/nio/fs/WindowsException'{0x0000000091165e90}> (0x0000000091165e90) thrown at [src/hotspot/share/prims/jni.cpp, line 617]
Event: 993.431 Thread 0x00000139ce209800 Exception <a 'sun/nio/fs/WindowsException'{0x0000000090afab00}> (0x0000000090afab00) thrown at [src/hotspot/share/prims/jni.cpp, line 617]
Event: 993.431 Thread 0x00000139ce209800 Exception <a 'sun/nio/fs/WindowsException'{0x0000000090afab88}> (0x0000000090afab88) thrown at [src/hotspot/share/prims/jni.cpp, line 617]
Event: 993.431 Thread 0x00000139ce209800 Exception <a 'sun/nio/fs/WindowsException'{0x0000000090afc3e8}> (0x0000000090afc3e8) thrown at [src/hotspot/share/prims/jni.cpp, line 617]
Event: 993.432 Thread 0x00000139cea0f800 Exception <a 'sun/nio/fs/WindowsException'{0x0000000090901538}> (0x0000000090901538) thrown at [src/hotspot/share/prims/jni.cpp, line 617]
Event: 1051.739 Thread 0x00000139ce209800 Exception <a 'sun/nio/fs/WindowsException'{0x000000008eaa5930}> (0x000000008eaa5930) thrown at [src/hotspot/share/prims/jni.cpp, line 617]
Event: 1051.855 Thread 0x00000139ce209800 Exception <a 'sun/nio/fs/WindowsException'{0x000000008dd43438}> (0x000000008dd43438) thrown at [src/hotspot/share/prims/jni.cpp, line 617]
Event: 1051.861 Thread 0x00000139ce209800 Exception <a 'sun/nio/fs/WindowsException'{0x000000008dddf230}> (0x000000008dddf230) thrown at [src/hotspot/share/prims/jni.cpp, line 617]
Event: 1051.861 Thread 0x00000139ce209800 Exception <a 'sun/nio/fs/WindowsException'{0x000000008dde04b0}> (0x000000008dde04b0) thrown at [src/hotspot/share/prims/jni.cpp, line 617]
Event: 1051.862 Thread 0x00000139ce209800 Exception <a 'sun/nio/fs/WindowsException'{0x000000008dde1780}> (0x000000008dde1780) thrown at [src/hotspot/share/prims/jni.cpp, line 617]
Event: 1051.862 Thread 0x00000139ce209800 Exception <a 'sun/nio/fs/WindowsException'{0x000000008dde2a50}> (0x000000008dde2a50) thrown at [src/hotspot/share/prims/jni.cpp, line 617]
Event: 1051.976 Thread 0x00000139ce209800 Exception <a 'sun/nio/fs/WindowsException'{0x000000008d761b38}> (0x000000008d761b38) thrown at [src/hotspot/share/prims/jni.cpp, line 617]

Events (20 events):
Event: 1052.524 Thread 0x00000139c73b3000 Thread added: 0x00000139c73b3000
Event: 1052.528 Executing VM operation: RevokeBias
Event: 1052.528 Executing VM operation: RevokeBias done
Event: 1052.552 Executing VM operation: RevokeBias
Event: 1052.553 Executing VM operation: RevokeBias done
Event: 1052.588 Executing VM operation: RevokeBias
Event: 1052.588 Executing VM operation: RevokeBias done
Event: 1052.669 Executing VM operation: RevokeBias
Event: 1052.669 Executing VM operation: RevokeBias done
Event: 1053.523 Executing VM operation: RevokeBias
Event: 1053.526 Executing VM operation: RevokeBias done
Event: 1053.526 Thread 0x00000139c7a5f800 Thread exited: 0x00000139c7a5f800
Event: 1053.558 Thread 0x00000139c73b4800 Thread exited: 0x00000139c73b4800
Event: 1054.387 Thread 0x00000139ca7fa800 Thread exited: 0x00000139ca7fa800
Event: 1054.435 Executing VM operation: RevokeBias
Event: 1054.435 Executing VM operation: RevokeBias done
Event: 1054.469 Thread 0x00000139c73b4800 Thread added: 0x00000139c73b4800
Event: 1054.469 Thread 0x00000139c73af800 Thread added: 0x00000139c73af800
Event: 1054.469 Thread 0x00000139c73b2000 Thread added: 0x00000139c73b2000
Event: 1054.470 Thread 0x00000139c73b7000 Thread added: 0x00000139c73b7000


Dynamic libraries:
0x00007ff7cedd0000 - 0x00007ff7cedda000 	C:\Program Files\Android\Android Studio\jbr\bin\java.exe
0x00007ff87b370000 - 0x00007ff87b568000 	C:\Windows\SYSTEM32\ntdll.dll
0x00007ff8797c0000 - 0x00007ff87987f000 	C:\Windows\System32\KERNEL32.DLL
0x00007ff878f70000 - 0x00007ff879242000 	C:\Windows\System32\KERNELBASE.dll
0x00007ff878d00000 - 0x00007ff878e00000 	C:\Windows\System32\ucrtbase.dll
0x00007ff853c30000 - 0x00007ff853c4b000 	C:\Program Files\Android\Android Studio\jbr\bin\VCRUNTIME140.dll
0x00007ff861c30000 - 0x00007ff861c47000 	C:\Program Files\Android\Android Studio\jbr\bin\jli.dll
0x00007ff87a290000 - 0x00007ff87a431000 	C:\Windows\System32\USER32.dll
0x00007ff878e00000 - 0x00007ff878e22000 	C:\Windows\System32\win32u.dll
0x00007ff863db0000 - 0x00007ff86404a000 	C:\Windows\WinSxS\amd64_microsoft.windows.common-controls_6595b64144ccf1df_6.0.19041.1110_none_60b5254171f9507e\COMCTL32.dll
0x00007ff87a440000 - 0x00007ff87a46b000 	C:\Windows\System32\GDI32.dll
0x00007ff879f80000 - 0x00007ff87a01e000 	C:\Windows\System32\msvcrt.dll
0x00007ff878ba0000 - 0x00007ff878caf000 	C:\Windows\System32\gdi32full.dll
0x00007ff878e30000 - 0x00007ff878ecd000 	C:\Windows\System32\msvcp_win.dll
0x00007ff879770000 - 0x00007ff8797a2000 	C:\Windows\System32\IMM32.DLL
0x00007ff845d80000 - 0x00007ff845e0d000 	C:\Program Files\Android\Android Studio\jbr\bin\msvcp140.dll
0x00007ff82ec00000 - 0x00007ff82ec0c000 	C:\Windows\SYSTEM32\VCRUNTIME140_1.dll
0x00007ff80df50000 - 0x00007ff80eb0c000 	C:\Program Files\Android\Android Studio\jbr\bin\server\jvm.dll
0x00007ff87a470000 - 0x00007ff87a51e000 	C:\Windows\System32\ADVAPI32.dll
0x00007ff879cf0000 - 0x00007ff879d8c000 	C:\Windows\System32\sechost.dll
0x00007ff879da0000 - 0x00007ff879ec5000 	C:\Windows\System32\RPCRT4.dll
0x00007ff879d90000 - 0x00007ff879d98000 	C:\Windows\System32\PSAPI.DLL
0x00007ff86e850000 - 0x00007ff86e877000 	C:\Windows\SYSTEM32\WINMM.dll
0x00007ff82ec30000 - 0x00007ff82ec39000 	C:\Windows\SYSTEM32\WSOCK32.dll
0x00007ff872a60000 - 0x00007ff872a6a000 	C:\Windows\SYSTEM32\VERSION.dll
0x00007ff87a020000 - 0x00007ff87a08b000 	C:\Windows\System32\WS2_32.dll
0x00007ff876940000 - 0x00007ff876952000 	C:\Windows\SYSTEM32\kernel.appcore.dll
0x00007ff874540000 - 0x00007ff874550000 	C:\Program Files\Android\Android Studio\jbr\bin\verify.dll
0x00007ff864d20000 - 0x00007ff864f04000 	C:\Windows\SYSTEM32\DBGHELP.DLL
0x00007ff864a00000 - 0x00007ff864a35000 	C:\Windows\SYSTEM32\dbgcore.DLL
0x00007ff878a60000 - 0x00007ff878ae2000 	C:\Windows\System32\bcryptPrimitives.dll
0x00007ff874510000 - 0x00007ff874538000 	C:\Program Files\Android\Android Studio\jbr\bin\java.dll
0x00007ff874500000 - 0x00007ff87450a000 	C:\Program Files\Android\Android Studio\jbr\bin\jimage.dll
0x00007ff8744e0000 - 0x00007ff8744f8000 	C:\Program Files\Android\Android Studio\jbr\bin\zip.dll
0x00007ff87a6d0000 - 0x00007ff87ae14000 	C:\Windows\System32\SHELL32.dll
0x00007ff876b40000 - 0x00007ff8772d2000 	C:\Windows\SYSTEM32\windows.storage.dll
0x00007ff879410000 - 0x00007ff879765000 	C:\Windows\System32\combase.dll
0x00007ff8783e0000 - 0x00007ff878410000 	C:\Windows\SYSTEM32\Wldp.dll
0x00007ff879ed0000 - 0x00007ff879f7d000 	C:\Windows\System32\SHCORE.dll
0x00007ff87b060000 - 0x00007ff87b0b5000 	C:\Windows\System32\shlwapi.dll
0x00007ff8789a0000 - 0x00007ff8789bf000 	C:\Windows\SYSTEM32\profapi.dll
0x00007ff86a0c0000 - 0x00007ff86a0d9000 	C:\Program Files\Android\Android Studio\jbr\bin\net.dll
0x00007ff871d90000 - 0x00007ff871e9c000 	C:\Windows\SYSTEM32\WINHTTP.dll
0x00007ff878140000 - 0x00007ff8781aa000 	C:\Windows\system32\mswsock.dll
0x00007ff86a0a0000 - 0x00007ff86a0b3000 	C:\Program Files\Android\Android Studio\jbr\bin\nio.dll
0x00007ff8534c0000 - 0x00007ff8534e7000 	C:\Users\Administrator\.gradle\native\e1d6ef7f7dcc3fd88c89a11ec53ec762bb8ba0a96d01ffa2cd45eb1d1d8dd5c5\windows-amd64\native-platform.dll
0x00007ff850e00000 - 0x00007ff850f44000 	C:\Users\Administrator\.gradle\native\0d407fdbe67a94daf76414ababcb853783967236a71b16ec16e742cd7a986fd3\windows-amd64\native-platform-file-events.dll
0x00007ff873eb0000 - 0x00007ff873eba000 	C:\Program Files\Android\Android Studio\jbr\bin\management.dll
0x00007ff86a090000 - 0x00007ff86a09b000 	C:\Program Files\Android\Android Studio\jbr\bin\management_ext.dll
0x00007ff878330000 - 0x00007ff878348000 	C:\Windows\SYSTEM32\CRYPTSP.dll
0x00007ff877a60000 - 0x00007ff877a94000 	C:\Windows\system32\rsaenh.dll
0x00007ff878f40000 - 0x00007ff878f67000 	C:\Windows\System32\bcrypt.dll
0x00007ff878920000 - 0x00007ff87894e000 	C:\Windows\SYSTEM32\USERENV.dll
0x00007ff878350000 - 0x00007ff87835c000 	C:\Windows\SYSTEM32\CRYPTBASE.dll
0x00007ff877e30000 - 0x00007ff877e6b000 	C:\Windows\SYSTEM32\IPHLPAPI.DLL
0x00007ff8797b0000 - 0x00007ff8797b8000 	C:\Windows\System32\NSI.dll
0x00007ff872a90000 - 0x00007ff872aa7000 	C:\Windows\SYSTEM32\dhcpcsvc6.DLL
0x00007ff872a70000 - 0x00007ff872a8d000 	C:\Windows\SYSTEM32\dhcpcsvc.DLL
0x00007ff877e70000 - 0x00007ff877f3a000 	C:\Windows\SYSTEM32\DNSAPI.dll
0x00007ff86a070000 - 0x00007ff86a087000 	C:\Windows\system32\napinsp.dll
0x00007ff86a050000 - 0x00007ff86a06b000 	C:\Windows\system32\pnrpnsp.dll
0x00007ff85b4b0000 - 0x00007ff85b4c5000 	C:\Windows\system32\wshbth.dll
0x00007ff874470000 - 0x00007ff87448d000 	C:\Windows\system32\NLAapi.dll
0x00007ff86a030000 - 0x00007ff86a042000 	C:\Windows\System32\winrnr.dll
0x00000000500e0000 - 0x0000000050106000 	C:\Program Files\Bonjour\mdnsNSP.dll
0x00007ff8698e0000 - 0x00007ff8698ea000 	C:\Windows\System32\rasadhlp.dll
0x00007ff86b0a0000 - 0x00007ff86b120000 	C:\Windows\System32\fwpuclnt.dll
0x00007ff859d30000 - 0x00007ff859d37000 	C:\Program Files\Android\Android Studio\jbr\bin\rmi.dll
0x00007ff8651f0000 - 0x00007ff865217000 	C:\Program Files\Android\Android Studio\jbr\bin\sunec.dll

dbghelp: loaded successfully - version: 4.0.5 - missing functions: none
symbol engine: initialized successfully - sym options: 0x614 - pdb path: .;C:\Program Files\Android\Android Studio\jbr\bin;C:\Windows\SYSTEM32;C:\Windows\WinSxS\amd64_microsoft.windows.common-controls_6595b64144ccf1df_6.0.19041.1110_none_60b5254171f9507e;C:\Program Files\Android\Android Studio\jbr\bin\server;C:\Users\Administrator\.gradle\native\e1d6ef7f7dcc3fd88c89a11ec53ec762bb8ba0a96d01ffa2cd45eb1d1d8dd5c5\windows-amd64;C:\Users\Administrator\.gradle\native\0d407fdbe67a94daf76414ababcb853783967236a71b16ec16e742cd7a986fd3\windows-amd64;C:\Program Files\Bonjour

VM Arguments:
jvm_args: --add-opens=java.base/java.util=ALL-UNNAMED --add-opens=java.base/java.lang=ALL-UNNAMED --add-opens=java.base/java.lang.invoke=ALL-UNNAMED --add-opens=java.base/java.util=ALL-UNNAMED --add-opens=java.prefs/java.util.prefs=ALL-UNNAMED --add-opens=java.prefs/java.util.prefs=ALL-UNNAMED --add-opens=java.base/java.nio.charset=ALL-UNNAMED --add-opens=java.base/java.net=ALL-UNNAMED --add-opens=java.base/java.util.concurrent.atomic=ALL-UNNAMED -Xmx2048m -Dfile.encoding=UTF-8 -Duser.country=US -Duser.language=en -Duser.variant 
java_command: org.gradle.launcher.daemon.bootstrap.GradleDaemon 7.5
java_class_path (initial): C:\Users\Administrator\.gradle\wrapper\dists\gradle-7.5-bin\f1w0cc9nuo0eivz97x2xlu9sv\gradle-7.5\lib\gradle-launcher-7.5.jar
Launcher Type: SUN_STANDARD

[Global flags]
     intx CICompilerCount                          = 3                                         {product} {ergonomic}
     uint ConcGCThreads                            = 1                                         {product} {ergonomic}
     uint G1ConcRefinementThreads                  = 4                                         {product} {ergonomic}
   size_t G1HeapRegionSize                         = 1048576                                   {product} {ergonomic}
    uintx GCDrainStackTargetSize                   = 64                                        {product} {ergonomic}
   size_t InitialHeapSize                          = 201326592                                 {product} {ergonomic}
   size_t MarkStackSize                            = 4194304                                   {product} {ergonomic}
   size_t MaxHeapSize                              = 2147483648                                {product} {command line}
   size_t MaxNewSize                               = 1287651328                                {product} {ergonomic}
   size_t MinHeapDeltaBytes                        = 1048576                                   {product} {ergonomic}
    uintx NonNMethodCodeHeapSize                   = 5830732                                {pd product} {ergonomic}
    uintx NonProfiledCodeHeapSize                  = 122913754                              {pd product} {ergonomic}
    uintx ProfiledCodeHeapSize                     = 122913754                              {pd product} {ergonomic}
    uintx ReservedCodeCacheSize                    = 251658240                              {pd product} {ergonomic}
     bool SegmentedCodeCache                       = true                                      {product} {ergonomic}
     bool UseCompressedClassPointers               = true                                 {lp64_product} {ergonomic}
     bool UseCompressedOops                        = true                                 {lp64_product} {ergonomic}
     bool UseG1GC                                  = true                                      {product} {ergonomic}
     bool UseLargePagesIndividualAllocation        = false                                  {pd product} {ergonomic}

Logging:
Log output configuration:
 #0: stdout all=warning uptime,level,tags
 #1: stderr all=off uptime,level,tags

Environment Variables:
PATH=C:\Program Files\Common Files\Oracle\Java\javapath;C:\Windows\system32;C:\Windows;C:\Windows\System32\Wbem;C:\Windows\System32\WindowsPowerShell\v1.0\;C:\Windows\System32\OpenSSH\;C:\Program Files\nodejs\;C:\Program Files (x86)\dotnet\;C:\Program Files\Git\cmd;C:\Users\Administrator\AppData\Local\Microsoft\WindowsApps;D:\Microsoft VS Code\bin;C:\Program Files\Java\jdk-19\bin;C:\Program Files\JetBrains\IntelliJ IDEA Community Edition 2022.3.1\bin;C:\Users\Administrator\AppData\Roaming\npm;C:\Users\Administrator\AppData\Local\JetBrains\Toolbox\scripts;
USERNAME=Administrator
OS=Windows_NT
PROCESSOR_IDENTIFIER=Intel64 Family 6 Model 158 Stepping 9, GenuineIntel



---------------  S Y S T E M  ---------------

OS: Windows 10 , 64 bit Build 19041 (10.0.19041.2364)
OS uptime: 0 days 6:57 hours

CPU:total 4 (initial active 4) (2 cores per cpu, 2 threads per core) family 6 model 158 stepping 9 microcode 0xb4, cmov, cx8, fxsr, mmx, sse, sse2, sse3, ssse3, sse4.1, sse4.2, popcnt, avx, avx2, aes, clmul, erms, 3dnowpref, lzcnt, ht, tsc, tscinvbit, bmi1, bmi2, adx, fma

Memory: 4k page, system-wide physical 12246M (2435M free)
TotalPageFile size 17878M (AvailPageFile size 4482M)
current process WorkingSet (physical memory assigned to process): 669M, peak: 673M
current process commit charge ("private bytes"): 701M, peak: 706M

vm_info: OpenJDK 64-Bit Server VM (11.0.15+0-b2043.56-8887301) for windows-amd64 JRE (11.0.15+0-b2043.56-8887301), built on Jul 29 2022 23:19:47 by "builduser" with unknown MS VC++:1929

END.
