#
# A fatal error has been detected by the Java Runtime Environment:
#
#  EXCEPTION_ACCESS_VIOLATION (0xc0000005) at pc=0x00007ffa743ec521, pid=7480, tid=10268
#
# JRE version: OpenJDK Runtime Environment (11.0.15) (build 11.0.15+0-b2043.56-8887301)
# Java VM: OpenJDK 64-Bit Server VM (11.0.15+0-b2043.56-8887301, mixed mode, tiered, compressed oops, g1 gc, windows-amd64)
# Problematic frame:
# V  [jvm.dll+0x37c521]
#
# No core dump will be written. Minidumps are not enabled by default on client versions of Windows
#
# If you would like to submit a bug report, please visit:
#   https://bugreport.java.com/bugreport/crash.jsp
#

---------------  S U M M A R Y ------------

Command Line: --add-opens=java.base/java.util=ALL-UNNAMED --add-opens=java.base/java.lang=ALL-UNNAMED --add-opens=java.base/java.lang.invoke=ALL-UNNAMED --add-opens=java.base/java.util=ALL-UNNAMED --add-opens=java.prefs/java.util.prefs=ALL-UNNAMED --add-opens=java.prefs/java.util.prefs=ALL-UNNAMED --add-opens=java.base/java.nio.charset=ALL-UNNAMED --add-opens=java.base/java.net=ALL-UNNAMED --add-opens=java.base/java.util.concurrent.atomic=ALL-UNNAMED -Xmx2048m -Dfile.encoding=UTF-8 -Duser.country=US -Duser.language=en -Duser.variant org.gradle.launcher.daemon.bootstrap.GradleDaemon 7.5

Host: Intel(R) Core(TM) i3-7100 CPU @ 3.90GHz, 4 cores, 11G,  Windows 10 , 64 bit Build 19041 (10.0.19041.2364)
Time: Sun Feb 12 08:15:24 2023 Bangladesh Standard Time elapsed time: 17.215613 seconds (0d 0h 0m 17s)

---------------  T H R E A D  ---------------

Current thread (0x0000024fe6f96800):  JavaThread "C2 CompilerThread0" daemon [_thread_in_native, id=10268, stack(0x000000d733300000,0x000000d733400000)]


Current CompileTask:
C2:  17215 7650       4       java.lang.invoke.LambdaForm::prepare (112 bytes)

Stack: [0x000000d733300000,0x000000d733400000],  sp=0x000000d7333fb650,  free space=1005k
Native frames: (J=compiled Java code, j=interpreted, Vv=VM code, C=native code)
V  [jvm.dll+0x37c521]
V  [jvm.dll+0x531a47]
V  [jvm.dll+0x3424c4]
V  [jvm.dll+0x34186a]
V  [jvm.dll+0x2214bd]
V  [jvm.dll+0x220498]
V  [jvm.dll+0x19e851]
V  [jvm.dll+0x230479]
V  [jvm.dll+0x22e5ef]
V  [jvm.dll+0x794de1]
V  [jvm.dll+0x78dc24]
V  [jvm.dll+0x6400f6]
C  [ucrtbase.dll+0x21bb2]
C  [KERNEL32.DLL+0x17614]
C  [ntdll.dll+0x526a1]


siginfo: EXCEPTION_ACCESS_VIOLATION (0xc0000005), writing address 0x00007f7a74b57a40


Register to memory mapping:

RIP=0x00007ffa743ec521 jvm.dll
RAX=0x000000d7333fe260 is pointing into the stack for thread: 0x0000024fe6f96800
RBX=0x00007f7a74b57a40 is an unknown value
RCX=0x0000024fef51c160 points into unknown readable memory: 0x0000024fef51c140 | 40 c1 51 ef 4f 02 00 00
RDX=0x0000000000000002 is an unknown value
RSP=0x000000d7333fb650 is pointing into the stack for thread: 0x0000024fe6f96800
RBP=0x0000024fe6734af0 points into unknown readable memory: 0x0000000000000000 | 00 00 00 00 00 00 00 00
RSI=0x0000000000000048 is an unknown value
RDI=0x0000024ff00657b0 points into unknown readable memory: 0x0000000000000000 | 00 00 00 00 00 00 00 00
R8 =0x0000000000000001 is an unknown value
R9 =0x000000d7333fb6d8 is pointing into the stack for thread: 0x0000024fe6f96800
R10=0x00007ffa74b57a40 jvm.dll
R11=0x000000d7333fb688 is pointing into the stack for thread: 0x0000024fe6f96800
R12=0x0000024fe66f0660 points into unknown readable memory: 0x0000024fe6734af0 | f0 4a 73 e6 4f 02 00 00
R13=0x0000024fe6734af0 points into unknown readable memory: 0x0000000000000000 | 00 00 00 00 00 00 00 00
R14=0x0000000000000010 is an unknown value
R15=0x0000000000000008 is an unknown value


Registers:
RAX=0x000000d7333fe260, RBX=0x00007f7a74b57a40, RCX=0x0000024fef51c160, RDX=0x0000000000000002
RSP=0x000000d7333fb650, RBP=0x0000024fe6734af0, RSI=0x0000000000000048, RDI=0x0000024ff00657b0
R8 =0x0000000000000001, R9 =0x000000d7333fb6d8, R10=0x00007ffa74b57a40, R11=0x000000d7333fb688
R12=0x0000024fe66f0660, R13=0x0000024fe6734af0, R14=0x0000000000000010, R15=0x0000000000000008
RIP=0x00007ffa743ec521, EFLAGS=0x0000000000010202

Top of Stack: (sp=0x000000d7333fb650)
0x000000d7333fb650:   0000024fef8c0b00 0000024fed89d2b0
0x000000d7333fb660:   00000000000000a0 0000000000000015
0x000000d7333fb670:   0000000000000008 0000024fed89d2b0
0x000000d7333fb680:   0000024ff00657b0 00007ffa745a1a47
0x000000d7333fb690:   0000000000000009 000000000000017a
0x000000d7333fb6a0:   000000d7333fba30 000000d7333fb6d8
0x000000d7333fb6b0:   0000024fed89d2b0 0000000000000008
0x000000d7333fb6c0:   0000000000000010 0000024fe66f0660
0x000000d7333fb6d0:   0000024fe6732710 00007ffa7499c7f8
0x000000d7333fb6e0:   0000024fe6732710 000000d700000010
0x000000d7333fb6f0:   0000024fed89e820 0000024feee6a660
0x000000d7333fb700:   00000000000d3a68 0000024feee6f6a0
0x000000d7333fb710:   0000024feee72648 0000000000000000
0x000000d7333fb720:   0000000000063d80 0000024fe72a9f20
0x000000d7333fb730:   0000000000000000 0000024fe72a9f30
0x000000d7333fb740:   00000000000003d8 000000d7333fbc70 

Instructions: (pc=0x00007ffa743ec521)
0x00007ffa743ec421:   00 75 05 e8 1b 90 48 00 b8 08 00 00 00 48 8b 04
0x00007ffa743ec431:   18 48 8b 88 e8 04 00 00 48 8b 99 80 00 00 00 48
0x00007ffa743ec441:   8b 83 b0 08 00 00 48 85 c0 75 0c e8 4f 0a 00 00
0x00007ffa743ec451:   48 8b 83 b0 08 00 00 48 8b 08 0f 57 c0 48 89 8b
0x00007ffa743ec461:   b0 08 00 00 0f 11 00 0f 11 40 10 48 83 c4 20 5b
0x00007ffa743ec471:   c3 cc cc cc cc cc cc cc cc cc cc cc cc cc cc 48
0x00007ffa743ec481:   89 5c 24 08 57 48 83 ec 20 8b da 48 8b f9 e8 6c
0x00007ffa743ec491:   ff ff ff 48 8b 4f 08 48 c1 eb 08 48 89 04 d9 48
0x00007ffa743ec4a1:   8b 5c 24 30 48 83 c4 20 5f c3 cc cc cc cc cc 48
0x00007ffa743ec4b1:   89 5c 24 08 48 89 6c 24 10 48 89 74 24 18 57 41
0x00007ffa743ec4c1:   56 41 57 48 83 ec 20 8b c2 48 8b f9 8b 15 15 74
0x00007ffa743ec4d1:   7a 00 41 be 10 00 00 00 48 8d 34 c5 00 00 00 00
0x00007ffa743ec4e1:   48 8b 41 08 48 8b 1c 06 65 48 8b 04 25 58 00 00
0x00007ffa743ec4f1:   00 48 8b 2c d0 41 80 3c 2e 00 75 05 e8 42 8f 48
0x00007ffa743ec501:   00 41 bf 08 00 00 00 49 8b 04 2f 48 8b 88 e8 04
0x00007ffa743ec511:   00 00 48 8b 81 80 00 00 00 48 8b 88 b0 08 00 00
0x00007ffa743ec521:   48 89 0b 41 80 3c 2e 00 75 05 e8 14 8f 48 00 49
0x00007ffa743ec531:   8b 04 2f 48 8b 6c 24 48 48 8b 88 e8 04 00 00 48
0x00007ffa743ec541:   8b 81 80 00 00 00 48 8d 0d f2 b4 76 00 48 89 98
0x00007ffa743ec551:   b0 08 00 00 48 8b 47 08 48 8b 5c 24 40 48 89 0c
0x00007ffa743ec561:   06 48 8b 74 24 50 48 83 c4 20 41 5f 41 5e 5f c3
0x00007ffa743ec571:   cc cc cc cc cc cc cc cc cc cc cc cc cc cc cc 48
0x00007ffa743ec581:   89 5c 24 18 57 48 83 ec 20 81 c2 ff 00 00 00 33
0x00007ffa743ec591:   db c1 ea 08 48 8b f9 89 19 89 91 90 00 00 00 83
0x00007ffa743ec5a1:   fa 10 77 09 48 83 c1 10 e9 a6 00 00 00 65 48 8b
0x00007ffa743ec5b1:   04 25 58 00 00 00 8b 0d 2b 73 7a 00 48 89 6c 24
0x00007ffa743ec5c1:   30 48 89 74 24 38 48 8b 34 c8 b8 10 00 00 00 38
0x00007ffa743ec5d1:   1c 30 75 0b e8 6a 8e 48 00 8b 97 90 00 00 00 b8
0x00007ffa743ec5e1:   08 00 00 00 8b ea 48 c1 e5 03 48 8b 04 30 48 8b
0x00007ffa743ec5f1:   88 e8 04 00 00 48 8b 81 80 00 00 00 48 8b b0 a8
0x00007ffa743ec601:   08 00 00 48 8b c5 48 f7 d0 48 8b 4e 18 48 3b c1
0x00007ffa743ec611:   73 16 4c 8d 05 36 e4 51 00 48 8b d5 48 8b ce e8 


Stack slot to memory mapping:
stack at sp + 0 slots: 0x0000024fef8c0b00 points into unknown readable memory: 0x00007ffa749149d8 | d8 49 91 74 fa 7f 00 00
stack at sp + 1 slots: 0x0000024fed89d2b0 points into unknown readable memory: 0xffffffff00000000 | 00 00 00 00 ff ff ff ff
stack at sp + 2 slots: 0x00000000000000a0 is an unknown value
stack at sp + 3 slots: 0x0000000000000015 is an unknown value
stack at sp + 4 slots: 0x0000000000000008 is an unknown value
stack at sp + 5 slots: 0x0000024fed89d2b0 points into unknown readable memory: 0xffffffff00000000 | 00 00 00 00 ff ff ff ff
stack at sp + 6 slots: 0x0000024ff00657b0 points into unknown readable memory: 0x0000000000000000 | 00 00 00 00 00 00 00 00
stack at sp + 7 slots: 0x00007ffa745a1a47 jvm.dll


---------------  P R O C E S S  ---------------

Threads class SMR info:
_java_thread_list=0x0000024fedabac00, length=80, elements={
0x0000024fccae3800, 0x0000024fe6731800, 0x0000024fe672d000, 0x0000024fe6738000,
0x0000024fe6739000, 0x0000024fe673b000, 0x0000024fe6f96800, 0x0000024fe6f9d800,
0x0000024fe6f9e800, 0x0000024fe7101000, 0x0000024fe8e74000, 0x0000024fe91ca000,
0x0000024fe975b800, 0x0000024fe8b73800, 0x0000024fe9323800, 0x0000024fe9343800,
0x0000024fe8495800, 0x0000024fe8c08800, 0x0000024fe8c09800, 0x0000024fe9122000,
0x0000024fe91e0800, 0x0000024fe91de000, 0x0000024fe91db800, 0x0000024fe91dc800,
0x0000024fe91df800, 0x0000024fe91db000, 0x0000024fe91dd000, 0x0000024fe91e1800,
0x0000024fe91df000, 0x0000024feaaa2000, 0x0000024feaaa1800, 0x0000024feaaa3000,
0x0000024feaa9e000, 0x0000024feaa9f000, 0x0000024feaa9d800, 0x0000024feaaa4000,
0x0000024feaaa4800, 0x0000024feaaa5800, 0x0000024feaa9f800, 0x0000024feaaa7000,
0x0000024feaaa8000, 0x0000024feaaa8800, 0x0000024feaaa9800, 0x0000024feaaaa800,
0x0000024feaaab000, 0x0000024feaaac000, 0x0000024feaaa6800, 0x0000024feab25000,
0x0000024feab20000, 0x0000024feab24800, 0x0000024feab22000, 0x0000024feab26000,
0x0000024feab23800, 0x0000024feab26800, 0x0000024feab21000, 0x0000024feab27800,
0x0000024feab28800, 0x0000024feab22800, 0x0000024feab29000, 0x0000024feab2f000,
0x0000024feab2d000, 0x0000024feab2a000, 0x0000024feab2e000, 0x0000024feab2b800,
0x0000024feab2b000, 0x0000024feab2c800, 0x0000024fea6d7800, 0x0000024fea6d9000,
0x0000024fea6d3800, 0x0000024fea6d4800, 0x0000024fea6d6000, 0x0000024fea6d8800,
0x0000024fea6d6800, 0x0000024fea6da000, 0x0000024fea6d5000, 0x0000024fea6de000,
0x0000024fea6e0800, 0x0000024fe9c1f000, 0x0000024fea6db000, 0x0000024fea6dc800
}

Java Threads: ( => current thread )
  0x0000024fccae3800 JavaThread "main" [_thread_blocked, id=9816, stack(0x000000d732700000,0x000000d732800000)]
  0x0000024fe6731800 JavaThread "Reference Handler" daemon [_thread_blocked, id=2568, stack(0x000000d732e00000,0x000000d732f00000)]
  0x0000024fe672d000 JavaThread "Finalizer" daemon [_thread_blocked, id=7812, stack(0x000000d732f00000,0x000000d733000000)]
  0x0000024fe6738000 JavaThread "Signal Dispatcher" daemon [_thread_blocked, id=9820, stack(0x000000d733000000,0x000000d733100000)]
  0x0000024fe6739000 JavaThread "Attach Listener" daemon [_thread_blocked, id=5004, stack(0x000000d733100000,0x000000d733200000)]
  0x0000024fe673b000 JavaThread "Service Thread" daemon [_thread_blocked, id=2248, stack(0x000000d733200000,0x000000d733300000)]
=>0x0000024fe6f96800 JavaThread "C2 CompilerThread0" daemon [_thread_in_native, id=10268, stack(0x000000d733300000,0x000000d733400000)]
  0x0000024fe6f9d800 JavaThread "C1 CompilerThread0" daemon [_thread_in_vm, id=5052, stack(0x000000d733400000,0x000000d733500000)]
  0x0000024fe6f9e800 JavaThread "Sweeper thread" daemon [_thread_blocked, id=9188, stack(0x000000d733500000,0x000000d733600000)]
  0x0000024fe7101000 JavaThread "Common-Cleaner" daemon [_thread_blocked, id=8488, stack(0x000000d733600000,0x000000d733700000)]
  0x0000024fe8e74000 JavaThread "Daemon health stats" [_thread_blocked, id=12228, stack(0x000000d733c00000,0x000000d733d00000)]
  0x0000024fe91ca000 JavaThread "Incoming local TCP Connector on port 51933" [_thread_in_native, id=3416, stack(0x000000d733d00000,0x000000d733e00000)]
  0x0000024fe975b800 JavaThread "Daemon periodic checks" [_thread_blocked, id=2028, stack(0x000000d733e00000,0x000000d733f00000)]
  0x0000024fe8b73800 JavaThread "Daemon" [_thread_blocked, id=1480, stack(0x000000d733f00000,0x000000d734000000)]
  0x0000024fe9323800 JavaThread "Handler for socket connection from /127.0.0.1:51933 to /127.0.0.1:51934" [_thread_in_native, id=6428, stack(0x000000d734000000,0x000000d734100000)]
  0x0000024fe9343800 JavaThread "Cancel handler" [_thread_blocked, id=4172, stack(0x000000d734100000,0x000000d734200000)]
  0x0000024fe8495800 JavaThread "Daemon worker" [_thread_in_vm, id=5876, stack(0x000000d734200000,0x000000d734300000)]
  0x0000024fe8c08800 JavaThread "Asynchronous log dispatcher for DefaultDaemonConnection: socket connection from /127.0.0.1:51933 to /127.0.0.1:51934" [_thread_blocked, id=7408, stack(0x000000d734300000,0x000000d734400000)]
  0x0000024fe8c09800 JavaThread "Stdin handler" [_thread_blocked, id=8568, stack(0x000000d734400000,0x000000d734500000)]
  0x0000024fe9122000 JavaThread "Daemon client event forwarder" [_thread_blocked, id=1020, stack(0x000000d734500000,0x000000d734600000)]
  0x0000024fe91e0800 JavaThread "Cache worker for journal cache (C:\Users\Administrator\.gradle\caches\journal-1)" [_thread_blocked, id=540, stack(0x000000d734600000,0x000000d734700000)]
  0x0000024fe91de000 JavaThread "File lock request listener" [_thread_in_native, id=8720, stack(0x000000d734700000,0x000000d734800000)]
  0x0000024fe91db800 JavaThread "Cache worker for file hash cache (C:\Users\Administrator\.gradle\caches\7.5\fileHashes)" [_thread_blocked, id=9436, stack(0x000000d734800000,0x000000d734900000)]
  0x0000024fe91dc800 JavaThread "File watcher server" daemon [_thread_in_native, id=8460, stack(0x000000d734900000,0x000000d734a00000)]
  0x0000024fe91df800 JavaThread "File watcher consumer" daemon [_thread_blocked, id=5700, stack(0x000000d734a00000,0x000000d734b00000)]
  0x0000024fe91db000 JavaThread "Cache worker for checksums cache (P:\SocialMedia\.gradle\7.5\checksums)" [_thread_blocked, id=8208, stack(0x000000d734b00000,0x000000d734c00000)]
  0x0000024fe91dd000 JavaThread "Cache worker for cache directory md-rule (C:\Users\Administrator\.gradle\caches\7.5\md-rule)" [_thread_blocked, id=9172, stack(0x000000d734c00000,0x000000d734d00000)]
  0x0000024fe91e1800 JavaThread "Cache worker for file content cache (C:\Users\Administrator\.gradle\caches\7.5\fileContent)" [_thread_blocked, id=12016, stack(0x000000d734d00000,0x000000d734e00000)]
  0x0000024fe91df000 JavaThread "Cache worker for file hash cache (P:\SocialMedia\.gradle\7.5\fileHashes)" [_thread_blocked, id=4148, stack(0x000000d733800000,0x000000d733900000)]
  0x0000024feaaa2000 JavaThread "Cache worker for cache directory md-supplier (C:\Users\Administrator\.gradle\caches\7.5\md-supplier)" [_thread_blocked, id=5604, stack(0x000000d734e00000,0x000000d734f00000)]
  0x0000024feaaa1800 JavaThread "Cache worker for execution history cache (C:\Users\Administrator\.gradle\caches\7.5\executionHistory)" [_thread_blocked, id=8964, stack(0x000000d734f00000,0x000000d735000000)]
  0x0000024feaaa3000 JavaThread "jar transforms" [_thread_blocked, id=10512, stack(0x000000d735000000,0x000000d735100000)]
  0x0000024feaa9e000 JavaThread "jar transforms Thread 2" [_thread_blocked, id=8820, stack(0x000000d735100000,0x000000d735200000)]
  0x0000024feaa9f000 JavaThread "jar transforms Thread 3" [_thread_blocked, id=8060, stack(0x000000d735300000,0x000000d735400000)]
  0x0000024feaa9d800 JavaThread "jar transforms Thread 4" [_thread_blocked, id=8972, stack(0x000000d735400000,0x000000d735500000)]
  0x0000024feaaa4000 JavaThread "Cache worker for dependencies-accessors (P:\SocialMedia\.gradle\7.5\dependencies-accessors)" [_thread_blocked, id=11000, stack(0x000000d735500000,0x000000d735600000)]
  0x0000024feaaa4800 JavaThread "Cache worker for Build Output Cleanup Cache (P:\SocialMedia\.gradle\buildOutputCleanup)" [_thread_blocked, id=11068, stack(0x000000d735200000,0x000000d735300000)]
  0x0000024feaaa5800 JavaThread "Unconstrained build operations" [_thread_blocked, id=8936, stack(0x000000d735700000,0x000000d735800000)]
  0x0000024feaa9f800 JavaThread "Unconstrained build operations Thread 2" [_thread_blocked, id=10284, stack(0x000000d735800000,0x000000d735900000)]
  0x0000024feaaa7000 JavaThread "Unconstrained build operations Thread 3" [_thread_blocked, id=11956, stack(0x000000d735900000,0x000000d735a00000)]
  0x0000024feaaa8000 JavaThread "Unconstrained build operations Thread 4" [_thread_blocked, id=3156, stack(0x000000d735a00000,0x000000d735b00000)]
  0x0000024feaaa8800 JavaThread "Unconstrained build operations Thread 5" [_thread_blocked, id=8260, stack(0x000000d735b00000,0x000000d735c00000)]
  0x0000024feaaa9800 JavaThread "Unconstrained build operations Thread 6" [_thread_blocked, id=856, stack(0x000000d735c00000,0x000000d735d00000)]
  0x0000024feaaaa800 JavaThread "Unconstrained build operations Thread 7" [_thread_blocked, id=7120, stack(0x000000d735d00000,0x000000d735e00000)]
  0x0000024feaaab000 JavaThread "Unconstrained build operations Thread 8" [_thread_blocked, id=9368, stack(0x000000d735e00000,0x000000d735f00000)]
  0x0000024feaaac000 JavaThread "Unconstrained build operations Thread 9" [_thread_blocked, id=8956, stack(0x000000d735f00000,0x000000d736000000)]
  0x0000024feaaa6800 JavaThread "Unconstrained build operations Thread 10" [_thread_blocked, id=1380, stack(0x000000d736000000,0x000000d736100000)]
  0x0000024feab25000 JavaThread "Unconstrained build operations Thread 11" [_thread_blocked, id=1512, stack(0x000000d736100000,0x000000d736200000)]
  0x0000024feab20000 JavaThread "Unconstrained build operations Thread 12" [_thread_blocked, id=11396, stack(0x000000d736200000,0x000000d736300000)]
  0x0000024feab24800 JavaThread "Unconstrained build operations Thread 13" [_thread_blocked, id=8592, stack(0x000000d736300000,0x000000d736400000)]
  0x0000024feab22000 JavaThread "Unconstrained build operations Thread 14" [_thread_blocked, id=11348, stack(0x000000d736400000,0x000000d736500000)]
  0x0000024feab26000 JavaThread "Unconstrained build operations Thread 15" [_thread_blocked, id=12108, stack(0x000000d736500000,0x000000d736600000)]
  0x0000024feab23800 JavaThread "Unconstrained build operations Thread 16" [_thread_blocked, id=584, stack(0x000000d736600000,0x000000d736700000)]
  0x0000024feab26800 JavaThread "Unconstrained build operations Thread 17" [_thread_blocked, id=2848, stack(0x000000d736700000,0x000000d736800000)]
  0x0000024feab21000 JavaThread "Unconstrained build operations Thread 18" [_thread_blocked, id=8780, stack(0x000000d736800000,0x000000d736900000)]
  0x0000024feab27800 JavaThread "Unconstrained build operations Thread 19" [_thread_blocked, id=10884, stack(0x000000d736900000,0x000000d736a00000)]
  0x0000024feab28800 JavaThread "Unconstrained build operations Thread 20" [_thread_blocked, id=8640, stack(0x000000d736a00000,0x000000d736b00000)]
  0x0000024feab22800 JavaThread "Unconstrained build operations Thread 21" [_thread_blocked, id=220, stack(0x000000d736b00000,0x000000d736c00000)]
  0x0000024feab29000 JavaThread "Unconstrained build operations Thread 22" [_thread_blocked, id=7300, stack(0x000000d736c00000,0x000000d736d00000)]
  0x0000024feab2f000 JavaThread "Unconstrained build operations Thread 23" [_thread_blocked, id=10732, stack(0x000000d736d00000,0x000000d736e00000)]
  0x0000024feab2d000 JavaThread "Unconstrained build operations Thread 24" [_thread_blocked, id=6628, stack(0x000000d736e00000,0x000000d736f00000)]
  0x0000024feab2a000 JavaThread "Unconstrained build operations Thread 25" [_thread_blocked, id=7996, stack(0x000000d736f00000,0x000000d737000000)]
  0x0000024feab2e000 JavaThread "Unconstrained build operations Thread 26" [_thread_blocked, id=10840, stack(0x000000d737000000,0x000000d737100000)]
  0x0000024feab2b800 JavaThread "Unconstrained build operations Thread 27" [_thread_blocked, id=6324, stack(0x000000d737100000,0x000000d737200000)]
  0x0000024feab2b000 JavaThread "Unconstrained build operations Thread 28" [_thread_blocked, id=8604, stack(0x000000d737200000,0x000000d737300000)]
  0x0000024feab2c800 JavaThread "Unconstrained build operations Thread 29" [_thread_blocked, id=7428, stack(0x000000d737300000,0x000000d737400000)]
  0x0000024fea6d7800 JavaThread "Unconstrained build operations Thread 30" [_thread_blocked, id=12024, stack(0x000000d737400000,0x000000d737500000)]
  0x0000024fea6d9000 JavaThread "Unconstrained build operations Thread 31" [_thread_blocked, id=1820, stack(0x000000d737500000,0x000000d737600000)]
  0x0000024fea6d3800 JavaThread "Unconstrained build operations Thread 32" [_thread_blocked, id=8620, stack(0x000000d737600000,0x000000d737700000)]
  0x0000024fea6d4800 JavaThread "Unconstrained build operations Thread 33" [_thread_blocked, id=10864, stack(0x000000d737700000,0x000000d737800000)]
  0x0000024fea6d6000 JavaThread "Unconstrained build operations Thread 34" [_thread_blocked, id=8464, stack(0x000000d737800000,0x000000d737900000)]
  0x0000024fea6d8800 JavaThread "Unconstrained build operations Thread 35" [_thread_blocked, id=5060, stack(0x000000d737900000,0x000000d737a00000)]
  0x0000024fea6d6800 JavaThread "Unconstrained build operations Thread 36" [_thread_blocked, id=7180, stack(0x000000d737a00000,0x000000d737b00000)]
  0x0000024fea6da000 JavaThread "Unconstrained build operations Thread 37" [_thread_blocked, id=7752, stack(0x000000d737b00000,0x000000d737c00000)]
  0x0000024fea6d5000 JavaThread "Unconstrained build operations Thread 38" [_thread_blocked, id=8600, stack(0x000000d737c00000,0x000000d737d00000)]
  0x0000024fea6de000 JavaThread "Unconstrained build operations Thread 39" [_thread_blocked, id=10064, stack(0x000000d737d00000,0x000000d737e00000)]
  0x0000024fea6e0800 JavaThread "Unconstrained build operations Thread 40" [_thread_blocked, id=10808, stack(0x000000d737e00000,0x000000d737f00000)]
  0x0000024fe9c1f000 JavaThread "C2 CompilerThread1" daemon [_thread_in_native, id=4280, stack(0x000000d735600000,0x000000d735700000)]
  0x0000024fea6db000 JavaThread "build event listener" [_thread_blocked, id=8756, stack(0x000000d737f00000,0x000000d738000000)]
  0x0000024fea6dc800 JavaThread "Memory manager" [_thread_blocked, id=10404, stack(0x000000d738000000,0x000000d738100000)]

Other Threads:
  0x0000024fe6f46000 VMThread "VM Thread" [stack: 0x000000d732d00000,0x000000d732e00000] [id=6752]
  0x0000024fe713c800 WatcherThread [stack: 0x000000d733700000,0x000000d733800000] [id=4576]
  0x0000024fccafd000 GCTaskThread "GC Thread#0" [stack: 0x000000d732800000,0x000000d732900000] [id=11528]
  0x0000024fe7c30000 GCTaskThread "GC Thread#1" [stack: 0x000000d733900000,0x000000d733a00000] [id=4192]
  0x0000024fe7c31000 GCTaskThread "GC Thread#2" [stack: 0x000000d733a00000,0x000000d733b00000] [id=5472]
  0x0000024fe7a42800 GCTaskThread "GC Thread#3" [stack: 0x000000d733b00000,0x000000d733c00000] [id=5012]
  0x0000024fccb2c800 ConcurrentGCThread "G1 Main Marker" [stack: 0x000000d732900000,0x000000d732a00000] [id=9740]
  0x0000024fccb2f000 ConcurrentGCThread "G1 Conc#0" [stack: 0x000000d732a00000,0x000000d732b00000] [id=10868]
  0x0000024fccbbd800 ConcurrentGCThread "G1 Refine#0" [stack: 0x000000d732b00000,0x000000d732c00000] [id=8868]
  0x0000024fe6576800 ConcurrentGCThread "G1 Young RemSet Sampling" [stack: 0x000000d732c00000,0x000000d732d00000] [id=4184]

Threads with active compile tasks:
C2 CompilerThread0    17250 7650       4       java.lang.invoke.LambdaForm::prepare (112 bytes)
C2 CompilerThread1    17250 7616       4       java.lang.invoke.InvokerBytecodeGenerator::emitImplicitConversion (159 bytes)

VM state:not at safepoint (normal execution)

VM Mutex/Monitor currently owned by a thread: None

Heap address: 0x0000000080000000, size: 2048 MB, Compressed Oops mode: 32-bit
Narrow klass base: 0x0000000000000000, Narrow klass shift: 3
Compressed class space size: 1073741824 Address: 0x0000000100000000

Heap:
 garbage-first heap   total 196608K, used 107520K [0x0000000080000000, 0x0000000100000000)
  region size 1024K, 48 young (49152K), 6 survivors (6144K)
 Metaspace       used 75541K, capacity 77448K, committed 77660K, reserved 1116160K
  class space    used 9733K, capacity 10454K, committed 10520K, reserved 1048576K
Heap Regions: E=young(eden), S=young(survivor), O=old, HS=humongous(starts), HC=humongous(continues), CS=collection set, F=free, A=archive, TAMS=top-at-mark-start (previous, next)
|   0|0x0000000080000000, 0x0000000080100000, 0x0000000080100000|100%|HS|  |TAMS 0x0000000080100000, 0x0000000080000000| Complete 
|   1|0x0000000080100000, 0x0000000080200000, 0x0000000080200000|100%|HC|  |TAMS 0x0000000080200000, 0x0000000080100000| Complete 
|   2|0x0000000080200000, 0x0000000080300000, 0x0000000080300000|100%|HC|  |TAMS 0x0000000080300000, 0x0000000080200000| Complete 
|   3|0x0000000080300000, 0x0000000080400000, 0x0000000080400000|100%| O|  |TAMS 0x0000000080400000, 0x0000000080300000| Untracked 
|   4|0x0000000080400000, 0x0000000080500000, 0x0000000080500000|100%| O|  |TAMS 0x0000000080500000, 0x0000000080400000| Untracked 
|   5|0x0000000080500000, 0x0000000080600000, 0x0000000080600000|100%| O|  |TAMS 0x0000000080600000, 0x0000000080500000| Untracked 
|   6|0x0000000080600000, 0x0000000080700000, 0x0000000080700000|100%| O|  |TAMS 0x0000000080700000, 0x0000000080600000| Untracked 
|   7|0x0000000080700000, 0x0000000080800000, 0x0000000080800000|100%| O|  |TAMS 0x0000000080800000, 0x0000000080700000| Untracked 
|   8|0x0000000080800000, 0x0000000080900000, 0x0000000080900000|100%| O|  |TAMS 0x0000000080900000, 0x0000000080800000| Untracked 
|   9|0x0000000080900000, 0x0000000080a00000, 0x0000000080a00000|100%| O|  |TAMS 0x0000000080a00000, 0x0000000080900000| Untracked 
|  10|0x0000000080a00000, 0x0000000080b00000, 0x0000000080b00000|100%| O|  |TAMS 0x0000000080b00000, 0x0000000080a00000| Untracked 
|  11|0x0000000080b00000, 0x0000000080c00000, 0x0000000080c00000|100%| O|  |TAMS 0x0000000080c00000, 0x0000000080b00000| Untracked 
|  12|0x0000000080c00000, 0x0000000080d00000, 0x0000000080d00000|100%| O|  |TAMS 0x0000000080d00000, 0x0000000080c00000| Untracked 
|  13|0x0000000080d00000, 0x0000000080e00000, 0x0000000080e00000|100%| O|  |TAMS 0x0000000080e00000, 0x0000000080d00000| Untracked 
|  14|0x0000000080e00000, 0x0000000080f00000, 0x0000000080f00000|100%| O|  |TAMS 0x0000000080f00000, 0x0000000080e00000| Untracked 
|  15|0x0000000080f00000, 0x0000000081000000, 0x0000000081000000|100%| O|  |TAMS 0x0000000081000000, 0x0000000080f00000| Untracked 
|  16|0x0000000081000000, 0x0000000081100000, 0x0000000081100000|100%| O|  |TAMS 0x0000000081100000, 0x0000000081000000| Untracked 
|  17|0x0000000081100000, 0x0000000081200000, 0x0000000081200000|100%|HS|  |TAMS 0x0000000081200000, 0x0000000081100000| Complete 
|  18|0x0000000081200000, 0x0000000081300000, 0x0000000081300000|100%| O|  |TAMS 0x0000000081300000, 0x0000000081200000| Untracked 
|  19|0x0000000081300000, 0x0000000081400000, 0x0000000081400000|100%| O|  |TAMS 0x0000000081400000, 0x0000000081300000| Untracked 
|  20|0x0000000081400000, 0x0000000081500000, 0x0000000081500000|100%| O|  |TAMS 0x0000000081500000, 0x0000000081400000| Untracked 
|  21|0x0000000081500000, 0x0000000081600000, 0x0000000081600000|100%| O|  |TAMS 0x0000000081600000, 0x0000000081500000| Untracked 
|  22|0x0000000081600000, 0x0000000081700000, 0x0000000081700000|100%| O|  |TAMS 0x0000000081700000, 0x0000000081600000| Untracked 
|  23|0x0000000081700000, 0x0000000081800000, 0x0000000081800000|100%| O|  |TAMS 0x0000000081800000, 0x0000000081700000| Untracked 
|  24|0x0000000081800000, 0x0000000081900000, 0x0000000081900000|100%| O|  |TAMS 0x0000000081900000, 0x0000000081800000| Untracked 
|  25|0x0000000081900000, 0x0000000081a00000, 0x0000000081a00000|100%| O|  |TAMS 0x0000000081a00000, 0x0000000081900000| Untracked 
|  26|0x0000000081a00000, 0x0000000081b00000, 0x0000000081b00000|100%| O|  |TAMS 0x0000000081b00000, 0x0000000081a00000| Untracked 
|  27|0x0000000081b00000, 0x0000000081c00000, 0x0000000081c00000|100%| O|  |TAMS 0x0000000081c00000, 0x0000000081b00000| Untracked 
|  28|0x0000000081c00000, 0x0000000081d00000, 0x0000000081d00000|100%| O|  |TAMS 0x0000000081d00000, 0x0000000081c00000| Untracked 
|  29|0x0000000081d00000, 0x0000000081e00000, 0x0000000081e00000|100%| O|  |TAMS 0x0000000081e00000, 0x0000000081d00000| Untracked 
|  30|0x0000000081e00000, 0x0000000081f00000, 0x0000000081f00000|100%|HS|  |TAMS 0x0000000081f00000, 0x0000000081e00000| Complete 
|  31|0x0000000081f00000, 0x0000000082000000, 0x0000000082000000|100%|HC|  |TAMS 0x0000000082000000, 0x0000000081f00000| Complete 
|  32|0x0000000082000000, 0x0000000082100000, 0x0000000082100000|100%|HS|  |TAMS 0x0000000082100000, 0x0000000082000000| Complete 
|  33|0x0000000082100000, 0x0000000082200000, 0x0000000082200000|100%|HS|  |TAMS 0x0000000082200000, 0x0000000082100000| Complete 
|  34|0x0000000082200000, 0x0000000082300000, 0x0000000082300000|100%|HC|  |TAMS 0x0000000082300000, 0x0000000082200000| Complete 
|  35|0x0000000082300000, 0x0000000082400000, 0x0000000082400000|100%|HC|  |TAMS 0x0000000082400000, 0x0000000082300000| Complete 
|  36|0x0000000082400000, 0x0000000082500000, 0x0000000082500000|100%|HC|  |TAMS 0x0000000082500000, 0x0000000082400000| Complete 
|  37|0x0000000082500000, 0x0000000082600000, 0x0000000082600000|100%| O|  |TAMS 0x0000000082500000, 0x0000000082500000| Untracked 
|  38|0x0000000082600000, 0x0000000082700000, 0x0000000082700000|100%| O|  |TAMS 0x0000000082700000, 0x0000000082600000| Untracked 
|  39|0x0000000082700000, 0x0000000082800000, 0x0000000082800000|100%| O|  |TAMS 0x0000000082700000, 0x0000000082700000| Untracked 
|  40|0x0000000082800000, 0x0000000082900000, 0x0000000082900000|100%| O|  |TAMS 0x0000000082800000, 0x0000000082800000| Untracked 
|  41|0x0000000082900000, 0x0000000082a00000, 0x0000000082a00000|100%| O|  |TAMS 0x0000000082900000, 0x0000000082900000| Untracked 
|  42|0x0000000082a00000, 0x0000000082b00000, 0x0000000082b00000|100%| O|  |TAMS 0x0000000082a00000, 0x0000000082a00000| Untracked 
|  43|0x0000000082b00000, 0x0000000082c00000, 0x0000000082c00000|100%| O|  |TAMS 0x0000000082b00000, 0x0000000082b00000| Untracked 
|  44|0x0000000082c00000, 0x0000000082d00000, 0x0000000082d00000|100%| O|  |TAMS 0x0000000082c00000, 0x0000000082c00000| Untracked 
|  45|0x0000000082d00000, 0x0000000082d00000, 0x0000000082e00000|  0%| F|  |TAMS 0x0000000082d00000, 0x0000000082d00000| Untracked 
|  46|0x0000000082e00000, 0x0000000082f00000, 0x0000000082f00000|100%| O|  |TAMS 0x0000000082f00000, 0x0000000082e00000| Untracked 
|  47|0x0000000082f00000, 0x0000000083000000, 0x0000000083000000|100%| O|  |TAMS 0x0000000083000000, 0x0000000082f00000| Untracked 
|  48|0x0000000083000000, 0x0000000083100000, 0x0000000083100000|100%| O|  |TAMS 0x0000000083100000, 0x0000000083000000| Untracked 
|  49|0x0000000083100000, 0x0000000083200000, 0x0000000083200000|100%| O|  |TAMS 0x0000000083200000, 0x0000000083100000| Untracked 
|  50|0x0000000083200000, 0x0000000083300000, 0x0000000083300000|100%| O|  |TAMS 0x0000000083300000, 0x0000000083200000| Untracked 
|  51|0x0000000083300000, 0x0000000083400000, 0x0000000083400000|100%| O|  |TAMS 0x0000000083400000, 0x0000000083300000| Untracked 
|  52|0x0000000083400000, 0x0000000083500000, 0x0000000083500000|100%| O|  |TAMS 0x0000000083500000, 0x0000000083400000| Untracked 
|  53|0x0000000083500000, 0x0000000083600000, 0x0000000083600000|100%| O|  |TAMS 0x0000000083600000, 0x0000000083500000| Untracked 
|  54|0x0000000083600000, 0x0000000083700000, 0x0000000083700000|100%| O|  |TAMS 0x0000000083700000, 0x0000000083600000| Untracked 
|  55|0x0000000083700000, 0x0000000083800000, 0x0000000083800000|100%| O|  |TAMS 0x0000000083800000, 0x0000000083700000| Untracked 
|  56|0x0000000083800000, 0x0000000083900000, 0x0000000083900000|100%| O|  |TAMS 0x0000000083900000, 0x0000000083800000| Untracked 
|  57|0x0000000083900000, 0x0000000083a00000, 0x0000000083a00000|100%| O|  |TAMS 0x0000000083a00000, 0x0000000083900000| Untracked 
|  58|0x0000000083a00000, 0x0000000083b00000, 0x0000000083b00000|100%| O|  |TAMS 0x0000000083ade600, 0x0000000083a00000| Untracked 
|  59|0x0000000083b00000, 0x0000000083b00000, 0x0000000083c00000|  0%| F|  |TAMS 0x0000000083b00000, 0x0000000083b00000| Untracked 
|  60|0x0000000083c00000, 0x0000000083c00000, 0x0000000083d00000|  0%| F|  |TAMS 0x0000000083c00000, 0x0000000083c00000| Untracked 
|  61|0x0000000083d00000, 0x0000000083d00000, 0x0000000083e00000|  0%| F|  |TAMS 0x0000000083d00000, 0x0000000083d00000| Untracked 
|  62|0x0000000083e00000, 0x0000000083e00000, 0x0000000083f00000|  0%| F|  |TAMS 0x0000000083e00000, 0x0000000083e00000| Untracked 
|  63|0x0000000083f00000, 0x0000000083f00000, 0x0000000084000000|  0%| F|  |TAMS 0x0000000083f00000, 0x0000000083f00000| Untracked 
|  64|0x0000000084000000, 0x0000000084000000, 0x0000000084100000|  0%| F|  |TAMS 0x0000000084000000, 0x0000000084000000| Untracked 
|  65|0x0000000084100000, 0x0000000084100000, 0x0000000084200000|  0%| F|  |TAMS 0x0000000084100000, 0x0000000084100000| Untracked 
|  66|0x0000000084200000, 0x0000000084200000, 0x0000000084300000|  0%| F|  |TAMS 0x0000000084200000, 0x0000000084200000| Untracked 
|  67|0x0000000084300000, 0x0000000084300000, 0x0000000084400000|  0%| F|  |TAMS 0x0000000084300000, 0x0000000084300000| Untracked 
|  68|0x0000000084400000, 0x0000000084400000, 0x0000000084500000|  0%| F|  |TAMS 0x0000000084400000, 0x0000000084400000| Untracked 
|  69|0x0000000084500000, 0x0000000084500000, 0x0000000084600000|  0%| F|  |TAMS 0x0000000084500000, 0x0000000084500000| Untracked 
|  70|0x0000000084600000, 0x0000000084600000, 0x0000000084700000|  0%| F|  |TAMS 0x0000000084600000, 0x0000000084600000| Untracked 
|  71|0x0000000084700000, 0x0000000084700000, 0x0000000084800000|  0%| F|  |TAMS 0x0000000084700000, 0x0000000084700000| Untracked 
|  72|0x0000000084800000, 0x0000000084800000, 0x0000000084900000|  0%| F|  |TAMS 0x0000000084800000, 0x0000000084800000| Untracked 
|  73|0x0000000084900000, 0x0000000084900000, 0x0000000084a00000|  0%| F|  |TAMS 0x0000000084900000, 0x0000000084900000| Untracked 
|  74|0x0000000084a00000, 0x0000000084a00000, 0x0000000084b00000|  0%| F|  |TAMS 0x0000000084a00000, 0x0000000084a00000| Untracked 
|  75|0x0000000084b00000, 0x0000000084b00000, 0x0000000084c00000|  0%| F|  |TAMS 0x0000000084b00000, 0x0000000084b00000| Untracked 
|  76|0x0000000084c00000, 0x0000000084c00000, 0x0000000084d00000|  0%| F|  |TAMS 0x0000000084c00000, 0x0000000084c00000| Untracked 
|  77|0x0000000084d00000, 0x0000000084d00000, 0x0000000084e00000|  0%| F|  |TAMS 0x0000000084d00000, 0x0000000084d00000| Untracked 
|  78|0x0000000084e00000, 0x0000000084e00000, 0x0000000084f00000|  0%| F|  |TAMS 0x0000000084e00000, 0x0000000084e00000| Untracked 
|  79|0x0000000084f00000, 0x0000000084f00000, 0x0000000085000000|  0%| F|  |TAMS 0x0000000084f00000, 0x0000000084f00000| Untracked 
|  80|0x0000000085000000, 0x0000000085000000, 0x0000000085100000|  0%| F|  |TAMS 0x0000000085000000, 0x0000000085000000| Untracked 
|  81|0x0000000085100000, 0x0000000085100000, 0x0000000085200000|  0%| F|  |TAMS 0x0000000085100000, 0x0000000085100000| Untracked 
|  82|0x0000000085200000, 0x0000000085200000, 0x0000000085300000|  0%| F|  |TAMS 0x0000000085200000, 0x0000000085200000| Untracked 
|  83|0x0000000085300000, 0x0000000085300000, 0x0000000085400000|  0%| F|  |TAMS 0x0000000085300000, 0x0000000085300000| Untracked 
|  84|0x0000000085400000, 0x0000000085400000, 0x0000000085500000|  0%| F|  |TAMS 0x0000000085400000, 0x0000000085400000| Untracked 
|  85|0x0000000085500000, 0x0000000085500000, 0x0000000085600000|  0%| F|  |TAMS 0x0000000085500000, 0x0000000085500000| Untracked 
|  86|0x0000000085600000, 0x0000000085600000, 0x0000000085700000|  0%| F|  |TAMS 0x0000000085600000, 0x0000000085600000| Untracked 
|  87|0x0000000085700000, 0x0000000085700000, 0x0000000085800000|  0%| F|  |TAMS 0x0000000085700000, 0x0000000085700000| Untracked 
|  88|0x0000000085800000, 0x0000000085800000, 0x0000000085900000|  0%| F|  |TAMS 0x0000000085800000, 0x0000000085800000| Untracked 
|  89|0x0000000085900000, 0x0000000085900000, 0x0000000085a00000|  0%| F|  |TAMS 0x0000000085900000, 0x0000000085900000| Untracked 
|  90|0x0000000085a00000, 0x0000000085a00000, 0x0000000085b00000|  0%| F|  |TAMS 0x0000000085a00000, 0x0000000085a00000| Untracked 
|  91|0x0000000085b00000, 0x0000000085b00000, 0x0000000085c00000|  0%| F|  |TAMS 0x0000000085b00000, 0x0000000085b00000| Untracked 
|  92|0x0000000085c00000, 0x0000000085c00000, 0x0000000085d00000|  0%| F|  |TAMS 0x0000000085c00000, 0x0000000085c00000| Untracked 
|  93|0x0000000085d00000, 0x0000000085d00000, 0x0000000085e00000|  0%| F|  |TAMS 0x0000000085d00000, 0x0000000085d00000| Untracked 
|  94|0x0000000085e00000, 0x0000000085e00000, 0x0000000085f00000|  0%| F|  |TAMS 0x0000000085e00000, 0x0000000085e00000| Untracked 
|  95|0x0000000085f00000, 0x0000000085f00000, 0x0000000086000000|  0%| F|  |TAMS 0x0000000085f00000, 0x0000000085f00000| Untracked 
|  96|0x0000000086000000, 0x0000000086000000, 0x0000000086100000|  0%| F|  |TAMS 0x0000000086000000, 0x0000000086000000| Untracked 
|  97|0x0000000086100000, 0x0000000086100000, 0x0000000086200000|  0%| F|  |TAMS 0x0000000086100000, 0x0000000086100000| Untracked 
|  98|0x0000000086200000, 0x0000000086200000, 0x0000000086300000|  0%| F|  |TAMS 0x0000000086200000, 0x0000000086200000| Untracked 
|  99|0x0000000086300000, 0x0000000086300000, 0x0000000086400000|  0%| F|  |TAMS 0x0000000086300000, 0x0000000086300000| Untracked 
| 100|0x0000000086400000, 0x0000000086400000, 0x0000000086500000|  0%| F|  |TAMS 0x0000000086400000, 0x0000000086400000| Untracked 
| 101|0x0000000086500000, 0x0000000086600000, 0x0000000086600000|100%| S|CS|TAMS 0x0000000086500000, 0x0000000086500000| Complete 
| 102|0x0000000086600000, 0x0000000086700000, 0x0000000086700000|100%| S|CS|TAMS 0x0000000086600000, 0x0000000086600000| Complete 
| 103|0x0000000086700000, 0x0000000086700000, 0x0000000086800000|  0%| F|  |TAMS 0x0000000086700000, 0x0000000086700000| Untracked 
| 104|0x0000000086800000, 0x0000000086900000, 0x0000000086900000|100%| S|CS|TAMS 0x0000000086800000, 0x0000000086800000| Complete 
| 105|0x0000000086900000, 0x0000000086a00000, 0x0000000086a00000|100%| S|CS|TAMS 0x0000000086900000, 0x0000000086900000| Complete 
| 106|0x0000000086a00000, 0x0000000086b00000, 0x0000000086b00000|100%| S|CS|TAMS 0x0000000086a00000, 0x0000000086a00000| Complete 
| 107|0x0000000086b00000, 0x0000000086c00000, 0x0000000086c00000|100%| S|CS|TAMS 0x0000000086b00000, 0x0000000086b00000| Complete 
| 108|0x0000000086c00000, 0x0000000086c00000, 0x0000000086d00000|  0%| F|  |TAMS 0x0000000086c00000, 0x0000000086c00000| Untracked 
| 109|0x0000000086d00000, 0x0000000086d00000, 0x0000000086e00000|  0%| F|  |TAMS 0x0000000086d00000, 0x0000000086d00000| Untracked 
| 110|0x0000000086e00000, 0x0000000086e00000, 0x0000000086f00000|  0%| F|  |TAMS 0x0000000086e00000, 0x0000000086e00000| Untracked 
| 111|0x0000000086f00000, 0x0000000086f00000, 0x0000000087000000|  0%| F|  |TAMS 0x0000000086f00000, 0x0000000086f00000| Untracked 
| 112|0x0000000087000000, 0x0000000087000000, 0x0000000087100000|  0%| F|  |TAMS 0x0000000087000000, 0x0000000087000000| Untracked 
| 113|0x0000000087100000, 0x0000000087100000, 0x0000000087200000|  0%| F|  |TAMS 0x0000000087100000, 0x0000000087100000| Untracked 
| 114|0x0000000087200000, 0x0000000087200000, 0x0000000087300000|  0%| F|  |TAMS 0x0000000087200000, 0x0000000087200000| Untracked 
| 115|0x0000000087300000, 0x0000000087300000, 0x0000000087400000|  0%| F|  |TAMS 0x0000000087300000, 0x0000000087300000| Untracked 
| 116|0x0000000087400000, 0x0000000087400000, 0x0000000087500000|  0%| F|  |TAMS 0x0000000087400000, 0x0000000087400000| Untracked 
| 117|0x0000000087500000, 0x0000000087500000, 0x0000000087600000|  0%| F|  |TAMS 0x0000000087500000, 0x0000000087500000| Untracked 
| 118|0x0000000087600000, 0x0000000087600000, 0x0000000087700000|  0%| F|  |TAMS 0x0000000087600000, 0x0000000087600000| Untracked 
| 119|0x0000000087700000, 0x0000000087700000, 0x0000000087800000|  0%| F|  |TAMS 0x0000000087700000, 0x0000000087700000| Untracked 
| 120|0x0000000087800000, 0x0000000087800000, 0x0000000087900000|  0%| F|  |TAMS 0x0000000087800000, 0x0000000087800000| Untracked 
| 121|0x0000000087900000, 0x0000000087900000, 0x0000000087a00000|  0%| F|  |TAMS 0x0000000087900000, 0x0000000087900000| Untracked 
| 122|0x0000000087a00000, 0x0000000087a00000, 0x0000000087b00000|  0%| F|  |TAMS 0x0000000087a00000, 0x0000000087a00000| Untracked 
| 123|0x0000000087b00000, 0x0000000087b00000, 0x0000000087c00000|  0%| F|  |TAMS 0x0000000087b00000, 0x0000000087b00000| Untracked 
| 124|0x0000000087c00000, 0x0000000087c00000, 0x0000000087d00000|  0%| F|  |TAMS 0x0000000087c00000, 0x0000000087c00000| Untracked 
| 125|0x0000000087d00000, 0x0000000087d00000, 0x0000000087e00000|  0%| F|  |TAMS 0x0000000087d00000, 0x0000000087d00000| Untracked 
| 126|0x0000000087e00000, 0x0000000087e00000, 0x0000000087f00000|  0%| F|  |TAMS 0x0000000087e00000, 0x0000000087e00000| Untracked 
| 127|0x0000000087f00000, 0x0000000087f00000, 0x0000000088000000|  0%| F|  |TAMS 0x0000000087f00000, 0x0000000087f00000| Untracked 
| 128|0x0000000088000000, 0x0000000088000000, 0x0000000088100000|  0%| F|  |TAMS 0x0000000088000000, 0x0000000088000000| Untracked 
| 129|0x0000000088100000, 0x0000000088100000, 0x0000000088200000|  0%| F|  |TAMS 0x0000000088100000, 0x0000000088100000| Untracked 
| 130|0x0000000088200000, 0x0000000088200000, 0x0000000088300000|  0%| F|  |TAMS 0x0000000088200000, 0x0000000088200000| Untracked 
| 131|0x0000000088300000, 0x0000000088300000, 0x0000000088400000|  0%| F|  |TAMS 0x0000000088300000, 0x0000000088300000| Untracked 
| 132|0x0000000088400000, 0x0000000088400000, 0x0000000088500000|  0%| F|  |TAMS 0x0000000088400000, 0x0000000088400000| Untracked 
| 133|0x0000000088500000, 0x0000000088500000, 0x0000000088600000|  0%| F|  |TAMS 0x0000000088500000, 0x0000000088500000| Untracked 
| 134|0x0000000088600000, 0x0000000088600000, 0x0000000088700000|  0%| F|  |TAMS 0x0000000088600000, 0x0000000088600000| Untracked 
| 135|0x0000000088700000, 0x0000000088700000, 0x0000000088800000|  0%| F|  |TAMS 0x0000000088700000, 0x0000000088700000| Untracked 
| 136|0x0000000088800000, 0x0000000088800000, 0x0000000088900000|  0%| F|  |TAMS 0x0000000088800000, 0x0000000088800000| Untracked 
| 137|0x0000000088900000, 0x0000000088900000, 0x0000000088a00000|  0%| F|  |TAMS 0x0000000088900000, 0x0000000088900000| Untracked 
| 138|0x0000000088a00000, 0x0000000088a00000, 0x0000000088b00000|  0%| F|  |TAMS 0x0000000088a00000, 0x0000000088a00000| Untracked 
| 139|0x0000000088b00000, 0x0000000088b00000, 0x0000000088c00000|  0%| F|  |TAMS 0x0000000088b00000, 0x0000000088b00000| Untracked 
| 140|0x0000000088c00000, 0x0000000088c00000, 0x0000000088d00000|  0%| F|  |TAMS 0x0000000088c00000, 0x0000000088c00000| Untracked 
| 141|0x0000000088d00000, 0x0000000088d00000, 0x0000000088e00000|  0%| F|  |TAMS 0x0000000088d00000, 0x0000000088d00000| Untracked 
| 142|0x0000000088e00000, 0x0000000088e00000, 0x0000000088f00000|  0%| F|  |TAMS 0x0000000088e00000, 0x0000000088e00000| Untracked 
| 143|0x0000000088f00000, 0x0000000088f00000, 0x0000000089000000|  0%| F|  |TAMS 0x0000000088f00000, 0x0000000088f00000| Untracked 
| 144|0x0000000089000000, 0x0000000089000000, 0x0000000089100000|  0%| F|  |TAMS 0x0000000089000000, 0x0000000089000000| Untracked 
| 145|0x0000000089100000, 0x0000000089100000, 0x0000000089200000|  0%| F|  |TAMS 0x0000000089100000, 0x0000000089100000| Untracked 
| 146|0x0000000089200000, 0x0000000089200000, 0x0000000089300000|  0%| F|  |TAMS 0x0000000089200000, 0x0000000089200000| Untracked 
| 147|0x0000000089300000, 0x0000000089300000, 0x0000000089400000|  0%| F|  |TAMS 0x0000000089300000, 0x0000000089300000| Untracked 
| 148|0x0000000089400000, 0x0000000089400000, 0x0000000089500000|  0%| F|  |TAMS 0x0000000089400000, 0x0000000089400000| Untracked 
| 149|0x0000000089500000, 0x0000000089500000, 0x0000000089600000|  0%| F|  |TAMS 0x0000000089500000, 0x0000000089500000| Untracked 
| 150|0x0000000089600000, 0x0000000089680800, 0x0000000089700000| 50%| E|  |TAMS 0x0000000089600000, 0x0000000089600000| Complete 
| 151|0x0000000089700000, 0x0000000089800000, 0x0000000089800000|100%| E|CS|TAMS 0x0000000089700000, 0x0000000089700000| Complete 
| 152|0x0000000089800000, 0x0000000089900000, 0x0000000089900000|100%| E|CS|TAMS 0x0000000089800000, 0x0000000089800000| Complete 
| 153|0x0000000089900000, 0x0000000089a00000, 0x0000000089a00000|100%| E|CS|TAMS 0x0000000089900000, 0x0000000089900000| Complete 
| 154|0x0000000089a00000, 0x0000000089b00000, 0x0000000089b00000|100%| E|CS|TAMS 0x0000000089a00000, 0x0000000089a00000| Complete 
| 155|0x0000000089b00000, 0x0000000089c00000, 0x0000000089c00000|100%| E|CS|TAMS 0x0000000089b00000, 0x0000000089b00000| Complete 
| 156|0x0000000089c00000, 0x0000000089d00000, 0x0000000089d00000|100%| E|CS|TAMS 0x0000000089c00000, 0x0000000089c00000| Complete 
| 157|0x0000000089d00000, 0x0000000089e00000, 0x0000000089e00000|100%| E|CS|TAMS 0x0000000089d00000, 0x0000000089d00000| Complete 
| 158|0x0000000089e00000, 0x0000000089f00000, 0x0000000089f00000|100%| E|CS|TAMS 0x0000000089e00000, 0x0000000089e00000| Complete 
| 159|0x0000000089f00000, 0x000000008a000000, 0x000000008a000000|100%| E|CS|TAMS 0x0000000089f00000, 0x0000000089f00000| Complete 
| 160|0x000000008a000000, 0x000000008a100000, 0x000000008a100000|100%| E|CS|TAMS 0x000000008a000000, 0x000000008a000000| Complete 
| 161|0x000000008a100000, 0x000000008a200000, 0x000000008a200000|100%| E|CS|TAMS 0x000000008a100000, 0x000000008a100000| Complete 
| 162|0x000000008a200000, 0x000000008a300000, 0x000000008a300000|100%| E|CS|TAMS 0x000000008a200000, 0x000000008a200000| Complete 
| 163|0x000000008a300000, 0x000000008a400000, 0x000000008a400000|100%| E|CS|TAMS 0x000000008a300000, 0x000000008a300000| Complete 
| 164|0x000000008a400000, 0x000000008a500000, 0x000000008a500000|100%| E|CS|TAMS 0x000000008a400000, 0x000000008a400000| Complete 
| 165|0x000000008a500000, 0x000000008a600000, 0x000000008a600000|100%| E|CS|TAMS 0x000000008a500000, 0x000000008a500000| Complete 
| 166|0x000000008a600000, 0x000000008a700000, 0x000000008a700000|100%| E|CS|TAMS 0x000000008a600000, 0x000000008a600000| Complete 
| 167|0x000000008a700000, 0x000000008a800000, 0x000000008a800000|100%| E|CS|TAMS 0x000000008a700000, 0x000000008a700000| Complete 
| 168|0x000000008a800000, 0x000000008a900000, 0x000000008a900000|100%| E|CS|TAMS 0x000000008a800000, 0x000000008a800000| Complete 
| 169|0x000000008a900000, 0x000000008aa00000, 0x000000008aa00000|100%| E|CS|TAMS 0x000000008a900000, 0x000000008a900000| Complete 
| 170|0x000000008aa00000, 0x000000008ab00000, 0x000000008ab00000|100%| E|CS|TAMS 0x000000008aa00000, 0x000000008aa00000| Complete 
| 171|0x000000008ab00000, 0x000000008ac00000, 0x000000008ac00000|100%| E|CS|TAMS 0x000000008ab00000, 0x000000008ab00000| Complete 
| 172|0x000000008ac00000, 0x000000008ad00000, 0x000000008ad00000|100%| E|CS|TAMS 0x000000008ac00000, 0x000000008ac00000| Complete 
| 173|0x000000008ad00000, 0x000000008ae00000, 0x000000008ae00000|100%| E|CS|TAMS 0x000000008ad00000, 0x000000008ad00000| Complete 
| 174|0x000000008ae00000, 0x000000008af00000, 0x000000008af00000|100%| E|CS|TAMS 0x000000008ae00000, 0x000000008ae00000| Complete 
| 175|0x000000008af00000, 0x000000008b000000, 0x000000008b000000|100%| E|CS|TAMS 0x000000008af00000, 0x000000008af00000| Complete 
| 176|0x000000008b000000, 0x000000008b100000, 0x000000008b100000|100%| E|CS|TAMS 0x000000008b000000, 0x000000008b000000| Complete 
| 177|0x000000008b100000, 0x000000008b200000, 0x000000008b200000|100%| E|CS|TAMS 0x000000008b100000, 0x000000008b100000| Complete 
| 178|0x000000008b200000, 0x000000008b300000, 0x000000008b300000|100%| E|CS|TAMS 0x000000008b200000, 0x000000008b200000| Complete 
| 179|0x000000008b300000, 0x000000008b400000, 0x000000008b400000|100%| E|CS|TAMS 0x000000008b300000, 0x000000008b300000| Complete 
| 180|0x000000008b400000, 0x000000008b500000, 0x000000008b500000|100%| E|CS|TAMS 0x000000008b400000, 0x000000008b400000| Complete 
| 181|0x000000008b500000, 0x000000008b600000, 0x000000008b600000|100%| E|CS|TAMS 0x000000008b500000, 0x000000008b500000| Complete 
| 182|0x000000008b600000, 0x000000008b700000, 0x000000008b700000|100%| E|CS|TAMS 0x000000008b600000, 0x000000008b600000| Complete 
| 183|0x000000008b700000, 0x000000008b800000, 0x000000008b800000|100%| E|CS|TAMS 0x000000008b700000, 0x000000008b700000| Complete 
| 184|0x000000008b800000, 0x000000008b900000, 0x000000008b900000|100%| E|CS|TAMS 0x000000008b800000, 0x000000008b800000| Complete 
| 185|0x000000008b900000, 0x000000008ba00000, 0x000000008ba00000|100%| E|CS|TAMS 0x000000008b900000, 0x000000008b900000| Complete 
| 186|0x000000008ba00000, 0x000000008bb00000, 0x000000008bb00000|100%| E|CS|TAMS 0x000000008ba00000, 0x000000008ba00000| Complete 
| 187|0x000000008bb00000, 0x000000008bc00000, 0x000000008bc00000|100%| E|CS|TAMS 0x000000008bb00000, 0x000000008bb00000| Complete 
| 188|0x000000008bc00000, 0x000000008bd00000, 0x000000008bd00000|100%| E|CS|TAMS 0x000000008bc00000, 0x000000008bc00000| Complete 
| 189|0x000000008bd00000, 0x000000008be00000, 0x000000008be00000|100%| E|CS|TAMS 0x000000008bd00000, 0x000000008bd00000| Complete 
| 190|0x000000008be00000, 0x000000008bf00000, 0x000000008bf00000|100%| E|CS|TAMS 0x000000008be00000, 0x000000008be00000| Complete 
| 191|0x000000008bf00000, 0x000000008c000000, 0x000000008c000000|100%| E|CS|TAMS 0x000000008bf00000, 0x000000008bf00000| Complete 

Card table byte_map: [0x0000024fdfa10000,0x0000024fdfe10000] _byte_map_base: 0x0000024fdf610000

Marking Bits (Prev, Next): (CMBitMap*) 0x0000024fccb23e28, (CMBitMap*) 0x0000024fccb23e60
 Prev Bits: [0x0000024fe0210000, 0x0000024fe2210000)
 Next Bits: [0x0000024fe2210000, 0x0000024fe4210000)

Polling page: 0x0000024fca980000

Metaspace:

Usage:
  Non-class:     65.43 MB capacity,    64.28 MB ( 98%) used,   982.43 KB (  1%) free+waste,   199.44 KB ( <1%) overhead. 
      Class:     10.21 MB capacity,     9.51 MB ( 93%) used,   627.92 KB (  6%) free+waste,    93.19 KB ( <1%) overhead. 
       Both:     75.64 MB capacity,    73.79 MB ( 98%) used,     1.57 MB (  2%) free+waste,   292.62 KB ( <1%) overhead. 

Virtual space:
  Non-class space:       66.00 MB reserved,      65.57 MB (>99%) committed 
      Class space:        1.00 GB reserved,      10.27 MB (  1%) committed 
             Both:        1.06 GB reserved,      75.84 MB (  7%) committed 

Chunk freelists:
   Non-Class:  8.00 KB
       Class:  8.00 KB
        Both:  16.00 KB

MaxMetaspaceSize: 17179869184.00 GB
CompressedClassSpaceSize: 1.00 GB
Initial GC threshold: 20.80 MB
Current GC threshold: 113.07 MB
CDS: off

CodeHeap 'non-profiled nmethods': size=120064Kb used=4870Kb max_used=4870Kb free=115193Kb
 bounds [0x0000024fd80d0000, 0x0000024fd85a0000, 0x0000024fdf610000]
CodeHeap 'profiled nmethods': size=120000Kb used=16326Kb max_used=16326Kb free=103673Kb
 bounds [0x0000024fd0ba0000, 0x0000024fd1ba0000, 0x0000024fd80d0000]
CodeHeap 'non-nmethods': size=5696Kb used=2364Kb max_used=2419Kb free=3331Kb
 bounds [0x0000024fd0610000, 0x0000024fd0880000, 0x0000024fd0ba0000]
 total_blobs=8547 nmethods=7663 adapters=796
 compilation: enabled
              stopped_count=0, restarted_count=0
 full_count=0

Compilation events (20 events):
Event: 17.168 Thread 0x0000024fe6f96800 nmethod 7642 0x0000024fd858ea10 code [0x0000024fd858ec60, 0x0000024fd85907a0]
Event: 17.168 Thread 0x0000024fe6f9d800 7652       3       com.android.build.api.component.impl.ComponentImpl::getName (10 bytes)
Event: 17.168 Thread 0x0000024fe6f96800 7650       4       java.lang.invoke.LambdaForm::prepare (112 bytes)
Event: 17.168 Thread 0x0000024fe6f9d800 nmethod 7652 0x0000024fd1b7f990 code [0x0000024fd1b7fb40, 0x0000024fd1b7fd08]
Event: 17.168 Thread 0x0000024fe6f9d800 7653       3       org.gradle.api.internal.model.DefaultObjectFactory::fileProperty (10 bytes)
Event: 17.168 Thread 0x0000024fe6f9d800 nmethod 7653 0x0000024fd1b7fe10 code [0x0000024fd1b80000, 0x0000024fd1b80388]
Event: 17.173 Thread 0x0000024fe6f9d800 7654       3       org.gradle.internal.serialization.Cached::of (9 bytes)
Event: 17.174 Thread 0x0000024fe6f9d800 nmethod 7654 0x0000024fd1b80590 code [0x0000024fd1b80760, 0x0000024fd1b80a18]
Event: 17.174 Thread 0x0000024fe6f9d800 7655       3       org.gradle.internal.serialization.Cached$Deferred::<init> (10 bytes)
Event: 17.174 Thread 0x0000024fe6f9d800 nmethod 7655 0x0000024fd1b80b10 code [0x0000024fd1b80cc0, 0x0000024fd1b80ed8]
Event: 17.174 Thread 0x0000024fe6f9d800 7656       3       org.gradle.internal.serialization.Cached::<init> (5 bytes)
Event: 17.174 Thread 0x0000024fe6f9d800 nmethod 7656 0x0000024fd1b81010 code [0x0000024fd1b811c0, 0x0000024fd1b81318]
Event: 17.194 Thread 0x0000024fe6f9d800 7657       3       org.gradle.internal.instantiation.generator.ManagedObjectFactory::cachedOwnerDisplayNameOf (10 bytes)
Event: 17.194 Thread 0x0000024fe6f9d800 nmethod 7657 0x0000024fd1b81410 code [0x0000024fd1b81620, 0x0000024fd1b81dd8]
Event: 17.194 Thread 0x0000024fe6f9d800 7658       3       org.gradle.internal.instantiation.generator.ManagedObjectFactory$ManagedPropertyName::<init> (15 bytes)
Event: 17.194 Thread 0x0000024fe6f9d800 nmethod 7658 0x0000024fd1b82090 code [0x0000024fd1b82240, 0x0000024fd1b82458]
Event: 17.194 Thread 0x0000024fe6f9d800 7660       3       org.gradle.internal.instantiation.generator.ManagedObjectFactory::displayNameFor (73 bytes)
Event: 17.195 Thread 0x0000024fe6f9d800 nmethod 7660 0x0000024fd1b82510 code [0x0000024fd1b82860, 0x0000024fd1b83dd8]
Event: 17.195 Thread 0x0000024fe6f9d800 7659       3       org.gradle.api.internal.provider.AbstractProperty::attachOwner (6 bytes)
Event: 17.196 Thread 0x0000024fe6f9d800 nmethod 7659 0x0000024fd1b84510 code [0x0000024fd1b846c0, 0x0000024fd1b84818]

GC Heap History (20 events):
Event: 0.432 GC heap before
{Heap before GC invocations=0 (full 0):
 garbage-first heap   total 196608K, used 17408K [0x0000000080000000, 0x0000000100000000)
  region size 1024K, 14 young (14336K), 0 survivors (0K)
 Metaspace       used 6731K, capacity 6925K, committed 7168K, reserved 1056768K
  class space    used 571K, capacity 650K, committed 768K, reserved 1048576K
}
Event: 0.435 GC heap after
{Heap after GC invocations=1 (full 0):
 garbage-first heap   total 196608K, used 4082K [0x0000000080000000, 0x0000000100000000)
  region size 1024K, 2 young (2048K), 2 survivors (2048K)
 Metaspace       used 6731K, capacity 6925K, committed 7168K, reserved 1056768K
  class space    used 571K, capacity 650K, committed 768K, reserved 1048576K
}
Event: 2.141 GC heap before
{Heap before GC invocations=1 (full 0):
 garbage-first heap   total 196608K, used 108530K [0x0000000080000000, 0x0000000100000000)
  region size 1024K, 101 young (103424K), 2 survivors (2048K)
 Metaspace       used 20231K, capacity 20625K, committed 20864K, reserved 1067008K
  class space    used 2432K, capacity 2584K, committed 2688K, reserved 1048576K
}
Event: 2.148 GC heap after
{Heap after GC invocations=2 (full 0):
 garbage-first heap   total 196608K, used 17005K [0x0000000080000000, 0x0000000100000000)
  region size 1024K, 12 young (12288K), 12 survivors (12288K)
 Metaspace       used 20231K, capacity 20625K, committed 20864K, reserved 1067008K
  class space    used 2432K, capacity 2584K, committed 2688K, reserved 1048576K
}
Event: 2.209 GC heap before
{Heap before GC invocations=2 (full 0):
 garbage-first heap   total 196608K, used 24173K [0x0000000080000000, 0x0000000100000000)
  region size 1024K, 20 young (20480K), 12 survivors (12288K)
 Metaspace       used 20762K, capacity 21187K, committed 21296K, reserved 1069056K
  class space    used 2521K, capacity 2685K, committed 2688K, reserved 1048576K
}
Event: 2.216 GC heap after
{Heap after GC invocations=3 (full 0):
 garbage-first heap   total 196608K, used 17417K [0x0000000080000000, 0x0000000100000000)
  region size 1024K, 1 young (1024K), 1 survivors (1024K)
 Metaspace       used 20762K, capacity 21187K, committed 21296K, reserved 1069056K
  class space    used 2521K, capacity 2685K, committed 2688K, reserved 1048576K
}
Event: 3.136 GC heap before
{Heap before GC invocations=4 (full 0):
 garbage-first heap   total 196608K, used 70665K [0x0000000080000000, 0x0000000100000000)
  region size 1024K, 53 young (54272K), 1 survivors (1024K)
 Metaspace       used 26471K, capacity 27090K, committed 27260K, reserved 1073152K
  class space    used 3451K, capacity 3688K, committed 3788K, reserved 1048576K
}
Event: 3.141 GC heap after
{Heap after GC invocations=5 (full 0):
 garbage-first heap   total 196608K, used 19049K [0x0000000080000000, 0x0000000100000000)
  region size 1024K, 3 young (3072K), 3 survivors (3072K)
 Metaspace       used 26471K, capacity 27090K, committed 27260K, reserved 1073152K
  class space    used 3451K, capacity 3688K, committed 3788K, reserved 1048576K
}
Event: 5.314 GC heap before
{Heap before GC invocations=5 (full 0):
 garbage-first heap   total 196608K, used 86633K [0x0000000080000000, 0x0000000100000000)
  region size 1024K, 70 young (71680K), 3 survivors (3072K)
 Metaspace       used 35085K, capacity 35953K, committed 36048K, reserved 1081344K
  class space    used 4568K, capacity 4921K, committed 4940K, reserved 1048576K
}
Event: 5.326 GC heap after
{Heap after GC invocations=6 (full 0):
 garbage-first heap   total 196608K, used 22536K [0x0000000080000000, 0x0000000100000000)
  region size 1024K, 6 young (6144K), 6 survivors (6144K)
 Metaspace       used 35085K, capacity 35953K, committed 36048K, reserved 1081344K
  class space    used 4568K, capacity 4921K, committed 4940K, reserved 1048576K
}
Event: 8.953 GC heap before
{Heap before GC invocations=7 (full 0):
 garbage-first heap   total 196608K, used 121864K [0x0000000080000000, 0x0000000100000000)
  region size 1024K, 100 young (102400K), 6 survivors (6144K)
 Metaspace       used 43737K, capacity 44802K, committed 45084K, reserved 1089536K
  class space    used 5614K, capacity 6000K, committed 6040K, reserved 1048576K
}
Event: 8.968 GC heap after
{Heap after GC invocations=8 (full 0):
 garbage-first heap   total 196608K, used 29385K [0x0000000080000000, 0x0000000100000000)
  region size 1024K, 13 young (13312K), 13 survivors (13312K)
 Metaspace       used 43737K, capacity 44802K, committed 45084K, reserved 1089536K
  class space    used 5614K, capacity 6000K, committed 6040K, reserved 1048576K
}
Event: 11.297 GC heap before
{Heap before GC invocations=8 (full 0):
 garbage-first heap   total 196608K, used 126665K [0x0000000080000000, 0x0000000100000000)
  region size 1024K, 108 young (110592K), 13 survivors (13312K)
 Metaspace       used 49533K, capacity 50850K, committed 51100K, reserved 1093632K
  class space    used 6280K, capacity 6817K, committed 6936K, reserved 1048576K
}
Event: 11.327 GC heap after
{Heap after GC invocations=9 (full 0):
 garbage-first heap   total 196608K, used 34011K [0x0000000080000000, 0x0000000100000000)
  region size 1024K, 5 young (5120K), 5 survivors (5120K)
 Metaspace       used 49533K, capacity 50850K, committed 51100K, reserved 1093632K
  class space    used 6280K, capacity 6817K, committed 6936K, reserved 1048576K
}
Event: 13.556 GC heap before
{Heap before GC invocations=9 (full 0):
 garbage-first heap   total 196608K, used 132315K [0x0000000080000000, 0x0000000100000000)
  region size 1024K, 94 young (96256K), 5 survivors (5120K)
 Metaspace       used 58950K, capacity 60520K, committed 60636K, reserved 1101824K
  class space    used 7418K, capacity 8023K, committed 8088K, reserved 1048576K
}
Event: 13.569 GC heap after
{Heap after GC invocations=10 (full 0):
 garbage-first heap   total 196608K, used 52059K [0x0000000080000000, 0x0000000100000000)
  region size 1024K, 13 young (13312K), 13 survivors (13312K)
 Metaspace       used 58950K, capacity 60520K, committed 60636K, reserved 1101824K
  class space    used 7418K, capacity 8023K, committed 8088K, reserved 1048576K
}
Event: 14.869 GC heap before
{Heap before GC invocations=11 (full 0):
 garbage-first heap   total 196608K, used 150363K [0x0000000080000000, 0x0000000100000000)
  region size 1024K, 101 young (103424K), 13 survivors (13312K)
 Metaspace       used 67077K, capacity 68833K, committed 69212K, reserved 1110016K
  class space    used 8431K, capacity 9110K, committed 9240K, reserved 1048576K
}
Event: 14.886 GC heap after
{Heap after GC invocations=12 (full 0):
 garbage-first heap   total 196608K, used 59670K [0x0000000080000000, 0x0000000100000000)
  region size 1024K, 8 young (8192K), 8 survivors (8192K)
 Metaspace       used 67077K, capacity 68833K, committed 69212K, reserved 1110016K
  class space    used 8431K, capacity 9110K, committed 9240K, reserved 1048576K
}
Event: 16.382 GC heap before
{Heap before GC invocations=13 (full 0):
 garbage-first heap   total 196608K, used 145686K [0x0000000080000000, 0x0000000100000000)
  region size 1024K, 92 young (94208K), 8 survivors (8192K)
 Metaspace       used 70574K, capacity 72395K, committed 72668K, reserved 1112064K
  class space    used 8884K, capacity 9564K, committed 9624K, reserved 1048576K
}
Event: 16.397 GC heap after
{Heap after GC invocations=14 (full 0):
 garbage-first heap   total 196608K, used 65536K [0x0000000080000000, 0x0000000100000000)
  region size 1024K, 6 young (6144K), 6 survivors (6144K)
 Metaspace       used 70574K, capacity 72395K, committed 72668K, reserved 1112064K
  class space    used 8884K, capacity 9564K, committed 9624K, reserved 1048576K
}

Deoptimization events (20 events):
Event: 15.966 Thread 0x0000024fe8495800 Uncommon trap: trap_request=0xfffffff4 fr.pc=0x0000024fd853630c relative=0x00000000000009ec
Event: 15.966 Thread 0x0000024fe8495800 Uncommon trap: reason=null_check action=make_not_entrant pc=0x0000024fd853630c method=com.sun.beans.introspect.MethodInfo$MethodOrder.compare(Ljava/lang/reflect/Method;Ljava/lang/reflect/Method;)I @ 133 c2
Event: 15.966 Thread 0x0000024fe8495800 DEOPT PACKING pc=0x0000024fd853630c sp=0x000000d7342f2100
Event: 15.966 Thread 0x0000024fe8495800 DEOPT UNPACKING pc=0x0000024fd065a1af sp=0x000000d7342f2030 mode 2
Event: 16.146 Thread 0x0000024fe8495800 Uncommon trap: trap_request=0xfffffff4 fr.pc=0x0000024fd83913b0 relative=0x0000000000000730
Event: 16.146 Thread 0x0000024fe8495800 Uncommon trap: reason=null_check action=make_not_entrant pc=0x0000024fd83913b0 method=org.gradle.util.internal.SimpleMapInterner.intern(Ljava/lang/Object;)Ljava/lang/Object; @ 2 c2
Event: 16.146 Thread 0x0000024fe8495800 DEOPT PACKING pc=0x0000024fd83913b0 sp=0x000000d7342f7190
Event: 16.146 Thread 0x0000024fe8495800 DEOPT UNPACKING pc=0x0000024fd065a1af sp=0x000000d7342f7158 mode 2
Event: 16.146 Thread 0x0000024fe8495800 Uncommon trap: trap_request=0xffffff4d fr.pc=0x0000024fd83922e0 relative=0x0000000000000700
Event: 16.146 Thread 0x0000024fe8495800 Uncommon trap: reason=unstable_if action=reinterpret pc=0x0000024fd83922e0 method=org.gradle.util.internal.SimpleMapInterner.intern(Ljava/lang/String;)Ljava/lang/String; @ 1 c2
Event: 16.146 Thread 0x0000024fe8495800 DEOPT PACKING pc=0x0000024fd83922e0 sp=0x000000d7342f7120
Event: 16.146 Thread 0x0000024fe8495800 DEOPT UNPACKING pc=0x0000024fd065a1af sp=0x000000d7342f70e8 mode 2
Event: 16.518 Thread 0x0000024fe8495800 DEOPT PACKING pc=0x0000024fd1833a56 sp=0x000000d7342f86c0
Event: 16.518 Thread 0x0000024fe8495800 DEOPT UNPACKING pc=0x0000024fd065a95e sp=0x000000d7342f7c60 mode 0
Event: 16.612 Thread 0x0000024fe8495800 DEOPT PACKING pc=0x0000024fd18fc927 sp=0x000000d7342f8530
Event: 16.612 Thread 0x0000024fe8495800 DEOPT UNPACKING pc=0x0000024fd065a95e sp=0x000000d7342f79e0 mode 0
Event: 16.910 Thread 0x0000024fe8495800 Uncommon trap: trap_request=0xffffff4d fr.pc=0x0000024fd83b7fc8 relative=0x0000000000000268
Event: 16.910 Thread 0x0000024fe8495800 Uncommon trap: reason=unstable_if action=reinterpret pc=0x0000024fd83b7fc8 method=java.io.WinNTFileSystem.prefixLength(Ljava/lang/String;)I @ 11 c2
Event: 16.910 Thread 0x0000024fe8495800 DEOPT PACKING pc=0x0000024fd83b7fc8 sp=0x000000d7342f9130
Event: 16.910 Thread 0x0000024fe8495800 DEOPT UNPACKING pc=0x0000024fd065a1af sp=0x000000d7342f90b0 mode 2

Classes redefined (0 events):
No events

Internal exceptions (20 events):
Event: 15.984 Thread 0x0000024fe8495800 Exception <a 'java/lang/ClassNotFoundException'{0x000000008787e090}: build_cjzby2jpc3c9ht4tx6em3wul$_run_closure1BeanInfo> (0x000000008787e090) thrown at [src/hotspot/share/classfile/systemDictionary.cpp, line 230]
Event: 16.000 Thread 0x0000024fe8495800 Exception <a 'java/lang/ClassNotFoundException'{0x0000000087892900}: build_cjzby2jpc3c9ht4tx6em3wul$_run_closure1Customizer> (0x0000000087892900) thrown at [src/hotspot/share/classfile/systemDictionary.cpp, line 230]
Event: 16.041 Thread 0x0000024fe8495800 Exception <a 'java/lang/ClassNotFoundException'{0x00000000878fab30}: org/gradle/api/JavaVersionBeanInfo> (0x00000000878fab30) thrown at [src/hotspot/share/classfile/systemDictionary.cpp, line 230]
Event: 16.042 Thread 0x0000024fe8495800 Exception <a 'java/lang/ClassNotFoundException'{0x000000008772ccf8}: org/gradle/api/JavaVersionCustomizer> (0x000000008772ccf8) thrown at [src/hotspot/share/classfile/systemDictionary.cpp, line 230]
Event: 16.093 Thread 0x0000024fe8495800 Exception <a 'java/lang/ClassNotFoundException'{0x00000000877a0ce0}: com/android/build/gradle/internal/CompileOptions$AgpDecorated_DecoratedBeanInfo> (0x00000000877a0ce0) thrown at [src/hotspot/share/classfile/systemDictionary.cpp, line 230]
Event: 16.094 Thread 0x0000024fe8495800 Exception <a 'java/lang/ClassNotFoundException'{0x00000000877c34b0}: com/android/build/gradle/internal/CompileOptions$AgpDecoratedBeanInfo> (0x00000000877c34b0) thrown at [src/hotspot/share/classfile/systemDictionary.cpp, line 230]
Event: 16.095 Thread 0x0000024fe8495800 Exception <a 'java/lang/ClassNotFoundException'{0x00000000877e2e28}: com/android/build/gradle/internal/CompileOptionsBeanInfo> (0x00000000877e2e28) thrown at [src/hotspot/share/classfile/systemDictionary.cpp, line 230]
Event: 16.096 Thread 0x0000024fe8495800 Exception <a 'java/lang/ClassNotFoundException'{0x0000000087603668}: com/android/build/gradle/internal/CompileOptionsCustomizer> (0x0000000087603668) thrown at [src/hotspot/share/classfile/systemDictionary.cpp, line 230]
Event: 16.096 Thread 0x0000024fe8495800 Exception <a 'java/lang/ClassNotFoundException'{0x0000000087632310}: com/android/build/gradle/internal/CompileOptions$AgpDecoratedCustomizer> (0x0000000087632310) thrown at [src/hotspot/share/classfile/systemDictionary.cpp, line 230]
Event: 16.098 Thread 0x0000024fe8495800 Exception <a 'java/lang/ClassNotFoundException'{0x0000000087664d38}: com/android/build/gradle/internal/CompileOptions$AgpDecorated_DecoratedCustomizer> (0x0000000087664d38) thrown at [src/hotspot/share/classfile/systemDictionary.cpp, line 230]
Event: 16.107 Thread 0x0000024fe8495800 Exception <a 'java/lang/ClassNotFoundException'{0x00000000876f1928}: org/jetbrains/kotlin/gradle/plugin/AndroidProjectHandler$configureTarget$kotlinOptions$1BeanInfo> (0x00000000876f1928) thrown at [src/hotspot/share/classfile/systemDictionary.cpp, line 230]
Event: 16.108 Thread 0x0000024fe8495800 Exception <a 'java/lang/ClassNotFoundException'{0x0000000087518ef0}: org/jetbrains/kotlin/gradle/plugin/AndroidProjectHandler$configureTarget$kotlinOptions$1Customizer> (0x0000000087518ef0) thrown at [src/hotspot/share/classfile/systemDictionary.cpp, line 230]
Event: 16.117 Thread 0x0000024fe8495800 Exception <a 'java/lang/ClassNotFoundException'{0x00000000875ca3b0}: com/android/build/gradle/internal/dsl/ApplicationBuildFeaturesImpl_DecoratedBeanInfo> (0x00000000875ca3b0) thrown at [src/hotspot/share/classfile/systemDictionary.cpp, line 230]
Event: 16.118 Thread 0x0000024fe8495800 Exception <a 'java/lang/ClassNotFoundException'{0x00000000875ed7e0}: com/android/build/gradle/internal/dsl/ApplicationBuildFeaturesImplBeanInfo> (0x00000000875ed7e0) thrown at [src/hotspot/share/classfile/systemDictionary.cpp, line 230]
Event: 16.119 Thread 0x0000024fe8495800 Exception <a 'java/lang/ClassNotFoundException'{0x000000008740f038}: com/android/build/gradle/internal/dsl/BuildFeaturesImplBeanInfo> (0x000000008740f038) thrown at [src/hotspot/share/classfile/systemDictionary.cpp, line 230]
Event: 16.120 Thread 0x0000024fe8495800 Exception <a 'java/lang/ClassNotFoundException'{0x0000000087430390}: com/android/build/gradle/internal/dsl/BuildFeaturesImplCustomizer> (0x0000000087430390) thrown at [src/hotspot/share/classfile/systemDictionary.cpp, line 230]
Event: 16.121 Thread 0x0000024fe8495800 Exception <a 'java/lang/ClassNotFoundException'{0x000000008745f468}: com/android/build/gradle/internal/dsl/ApplicationBuildFeaturesImplCustomizer> (0x000000008745f468) thrown at [src/hotspot/share/classfile/systemDictionary.cpp, line 230]
Event: 16.126 Thread 0x0000024fe8495800 Exception <a 'java/lang/ClassNotFoundException'{0x000000008748af38}: com/android/build/gradle/internal/dsl/ApplicationBuildFeaturesImpl_DecoratedCustomizer> (0x000000008748af38) thrown at [src/hotspot/share/classfile/systemDictionary.cpp, line 230]
Event: 16.146 Thread 0x0000024fe8495800 Implicit null exception at 0x0000024fd8390cb1 to 0x0000024fd839139c
Event: 16.146 Thread 0x0000024fe8495800 Implicit null exception at 0x0000024fd8391c16 to 0x0000024fd83922cc

Events (20 events):
Event: 17.191 loading class com/android/build/gradle/internal/attribution/CheckJetifierBuildService$Parameters
Event: 17.191 loading class com/android/build/gradle/internal/attribution/CheckJetifierBuildService$Parameters done
Event: 17.194 loading class com/android/build/gradle/internal/tasks/CheckJetifierTask$CreationAction
Event: 17.194 loading class com/android/build/gradle/internal/tasks/CheckJetifierTask$CreationAction done
Event: 17.195 loading class com/android/build/gradle/internal/tasks/CheckJetifierTask
Event: 17.195 loading class com/android/build/gradle/internal/tasks/CheckJetifierTask done
Event: 17.199 loading class com/android/build/gradle/internal/SdkComponentsBuildService$VersionedNdkHandler
Event: 17.199 loading class com/android/build/gradle/internal/SdkComponentsBuildService$VersionedNdkHandler done
Event: 17.200 loading class com/android/build/gradle/internal/ndk/NdkHandler
Event: 17.200 loading class com/android/build/gradle/internal/ndk/NdkHandler done
Event: 17.200 loading class com/android/build/gradle/internal/NdkHandlerInput
Event: 17.200 loading class com/android/build/gradle/internal/NdkHandlerInput done
Event: 17.201 loading class com/android/build/gradle/internal/SdkHandler
Event: 17.201 loading class com/android/build/gradle/internal/SdkHandler done
Event: 17.201 loading class com/android/build/gradle/internal/SdkComponentsBuildService$VersionedSdkLoader
Event: 17.201 loading class com/android/build/gradle/internal/SdkComponentsBuildService$VersionedSdkLoader done
Event: 17.202 loading class com/android/build/gradle/internal/SdkLocationSourceSet
Event: 17.202 loading class com/android/build/gradle/internal/SdkLocationSourceSet done
Event: 17.202 loading class com/android/build/gradle/internal/cxx/configure/NdkLocator
Event: 17.202 loading class com/android/build/gradle/internal/cxx/configure/NdkLocator done


Dynamic libraries:
0x00007ff60ab20000 - 0x00007ff60ab2a000 	C:\Program Files\Android\Android Studio\jbr\bin\java.exe
0x00007ffa8f590000 - 0x00007ffa8f788000 	C:\Windows\SYSTEM32\ntdll.dll
0x00007ffa8f490000 - 0x00007ffa8f54f000 	C:\Windows\System32\KERNEL32.DLL
0x00007ffa8cec0000 - 0x00007ffa8d192000 	C:\Windows\System32\KERNELBASE.dll
0x00007ffa8ccf0000 - 0x00007ffa8cdf0000 	C:\Windows\System32\ucrtbase.dll
0x00007ffa72f10000 - 0x00007ffa72f2b000 	C:\Program Files\Android\Android Studio\jbr\bin\VCRUNTIME140.dll
0x00007ffa887d0000 - 0x00007ffa887e7000 	C:\Program Files\Android\Android Studio\jbr\bin\jli.dll
0x00007ffa8f1c0000 - 0x00007ffa8f361000 	C:\Windows\System32\USER32.dll
0x00007ffa8cdf0000 - 0x00007ffa8ce12000 	C:\Windows\System32\win32u.dll
0x00007ffa76d30000 - 0x00007ffa76fca000 	C:\Windows\WinSxS\amd64_microsoft.windows.common-controls_6595b64144ccf1df_6.0.19041.1110_none_60b5254171f9507e\COMCTL32.dll
0x00007ffa8d700000 - 0x00007ffa8d72b000 	C:\Windows\System32\GDI32.dll
0x00007ffa8d860000 - 0x00007ffa8d8fe000 	C:\Windows\System32\msvcrt.dll
0x00007ffa8d360000 - 0x00007ffa8d46f000 	C:\Windows\System32\gdi32full.dll
0x00007ffa8ce20000 - 0x00007ffa8cebd000 	C:\Windows\System32\msvcp_win.dll
0x00007ffa8f3a0000 - 0x00007ffa8f3d2000 	C:\Windows\System32\IMM32.DLL
0x00007ffa5ea40000 - 0x00007ffa5eacd000 	C:\Program Files\Android\Android Studio\jbr\bin\msvcp140.dll
0x00007ffa82280000 - 0x00007ffa8228c000 	C:\Windows\SYSTEM32\VCRUNTIME140_1.dll
0x00007ffa74070000 - 0x00007ffa74c2c000 	C:\Program Files\Android\Android Studio\jbr\bin\server\jvm.dll
0x00007ffa8f3e0000 - 0x00007ffa8f48e000 	C:\Windows\System32\ADVAPI32.dll
0x00007ffa8d5d0000 - 0x00007ffa8d66c000 	C:\Windows\System32\sechost.dll
0x00007ffa8f090000 - 0x00007ffa8f1b5000 	C:\Windows\System32\RPCRT4.dll
0x00007ffa8f390000 - 0x00007ffa8f398000 	C:\Windows\System32\PSAPI.DLL
0x00007ffa83420000 - 0x00007ffa83447000 	C:\Windows\SYSTEM32\WINMM.dll
0x00007ffa83220000 - 0x00007ffa83229000 	C:\Windows\SYSTEM32\WSOCK32.dll
0x00007ffa86b60000 - 0x00007ffa86b6a000 	C:\Windows\SYSTEM32\VERSION.dll
0x00007ffa8f020000 - 0x00007ffa8f08b000 	C:\Windows\System32\WS2_32.dll
0x00007ffa8ab60000 - 0x00007ffa8ab72000 	C:\Windows\SYSTEM32\kernel.appcore.dll
0x00007ffa84880000 - 0x00007ffa84890000 	C:\Program Files\Android\Android Studio\jbr\bin\verify.dll
0x00007ffa78c20000 - 0x00007ffa78e04000 	C:\Windows\SYSTEM32\DBGHELP.DLL
0x00007ffa78b60000 - 0x00007ffa78b95000 	C:\Windows\SYSTEM32\dbgcore.DLL
0x00007ffa8d1a0000 - 0x00007ffa8d222000 	C:\Windows\System32\bcryptPrimitives.dll
0x00007ffa768e0000 - 0x00007ffa76908000 	C:\Program Files\Android\Android Studio\jbr\bin\java.dll
0x00007ffa77f00000 - 0x00007ffa77f0a000 	C:\Program Files\Android\Android Studio\jbr\bin\jimage.dll
0x00007ffa768c0000 - 0x00007ffa768d8000 	C:\Program Files\Android\Android Studio\jbr\bin\zip.dll
0x00007ffa8e080000 - 0x00007ffa8e7c4000 	C:\Windows\System32\SHELL32.dll
0x00007ffa8ad60000 - 0x00007ffa8b4f2000 	C:\Windows\SYSTEM32\windows.storage.dll
0x00007ffa8d900000 - 0x00007ffa8dc55000 	C:\Windows\System32\combase.dll
0x00007ffa8c600000 - 0x00007ffa8c630000 	C:\Windows\SYSTEM32\Wldp.dll
0x00007ffa8e8a0000 - 0x00007ffa8e94d000 	C:\Windows\System32\SHCORE.dll
0x00007ffa8e7d0000 - 0x00007ffa8e825000 	C:\Windows\System32\shlwapi.dll
0x00007ffa8cbc0000 - 0x00007ffa8cbdf000 	C:\Windows\SYSTEM32\profapi.dll
0x00007ffa768a0000 - 0x00007ffa768b9000 	C:\Program Files\Android\Android Studio\jbr\bin\net.dll
0x00007ffa86530000 - 0x00007ffa8663c000 	C:\Windows\SYSTEM32\WINHTTP.dll
0x00007ffa8c360000 - 0x00007ffa8c3ca000 	C:\Windows\system32\mswsock.dll
0x00007ffa76880000 - 0x00007ffa76893000 	C:\Program Files\Android\Android Studio\jbr\bin\nio.dll
0x00007ffa84900000 - 0x00007ffa84927000 	C:\Users\Administrator\.gradle\native\e1d6ef7f7dcc3fd88c89a11ec53ec762bb8ba0a96d01ffa2cd45eb1d1d8dd5c5\windows-amd64\native-platform.dll
0x00007ffa5df70000 - 0x00007ffa5e0b4000 	C:\Users\Administrator\.gradle\native\0d407fdbe67a94daf76414ababcb853783967236a71b16ec16e742cd7a986fd3\windows-amd64\native-platform-file-events.dll
0x00007ffa77e60000 - 0x00007ffa77e6a000 	C:\Program Files\Android\Android Studio\jbr\bin\management.dll
0x00007ffa77c30000 - 0x00007ffa77c3b000 	C:\Program Files\Android\Android Studio\jbr\bin\management_ext.dll
0x00007ffa8c550000 - 0x00007ffa8c568000 	C:\Windows\SYSTEM32\CRYPTSP.dll
0x00007ffa8bc80000 - 0x00007ffa8bcb4000 	C:\Windows\system32\rsaenh.dll
0x00007ffa8d330000 - 0x00007ffa8d357000 	C:\Windows\System32\bcrypt.dll
0x00007ffa8cb40000 - 0x00007ffa8cb6e000 	C:\Windows\SYSTEM32\USERENV.dll
0x00007ffa8c570000 - 0x00007ffa8c57c000 	C:\Windows\SYSTEM32\CRYPTBASE.dll
0x00007ffa8c050000 - 0x00007ffa8c08b000 	C:\Windows\SYSTEM32\IPHLPAPI.DLL
0x00007ffa8e890000 - 0x00007ffa8e898000 	C:\Windows\System32\NSI.dll
0x00007ffa86c90000 - 0x00007ffa86ca7000 	C:\Windows\SYSTEM32\dhcpcsvc6.DLL
0x00007ffa86c70000 - 0x00007ffa86c8d000 	C:\Windows\SYSTEM32\dhcpcsvc.DLL
0x00007ffa8c090000 - 0x00007ffa8c15a000 	C:\Windows\SYSTEM32\DNSAPI.dll

dbghelp: loaded successfully - version: 4.0.5 - missing functions: none
symbol engine: initialized successfully - sym options: 0x614 - pdb path: .;C:\Program Files\Android\Android Studio\jbr\bin;C:\Windows\SYSTEM32;C:\Windows\WinSxS\amd64_microsoft.windows.common-controls_6595b64144ccf1df_6.0.19041.1110_none_60b5254171f9507e;C:\Program Files\Android\Android Studio\jbr\bin\server;C:\Users\Administrator\.gradle\native\e1d6ef7f7dcc3fd88c89a11ec53ec762bb8ba0a96d01ffa2cd45eb1d1d8dd5c5\windows-amd64;C:\Users\Administrator\.gradle\native\0d407fdbe67a94daf76414ababcb853783967236a71b16ec16e742cd7a986fd3\windows-amd64

VM Arguments:
jvm_args: --add-opens=java.base/java.util=ALL-UNNAMED --add-opens=java.base/java.lang=ALL-UNNAMED --add-opens=java.base/java.lang.invoke=ALL-UNNAMED --add-opens=java.base/java.util=ALL-UNNAMED --add-opens=java.prefs/java.util.prefs=ALL-UNNAMED --add-opens=java.prefs/java.util.prefs=ALL-UNNAMED --add-opens=java.base/java.nio.charset=ALL-UNNAMED --add-opens=java.base/java.net=ALL-UNNAMED --add-opens=java.base/java.util.concurrent.atomic=ALL-UNNAMED -Xmx2048m -Dfile.encoding=UTF-8 -Duser.country=US -Duser.language=en -Duser.variant 
java_command: org.gradle.launcher.daemon.bootstrap.GradleDaemon 7.5
java_class_path (initial): C:\Users\Administrator\.gradle\wrapper\dists\gradle-7.5-bin\f1w0cc9nuo0eivz97x2xlu9sv\gradle-7.5\lib\gradle-launcher-7.5.jar
Launcher Type: SUN_STANDARD

[Global flags]
     intx CICompilerCount                          = 3                                         {product} {ergonomic}
     uint ConcGCThreads                            = 1                                         {product} {ergonomic}
     uint G1ConcRefinementThreads                  = 4                                         {product} {ergonomic}
   size_t G1HeapRegionSize                         = 1048576                                   {product} {ergonomic}
    uintx GCDrainStackTargetSize                   = 64                                        {product} {ergonomic}
   size_t InitialHeapSize                          = 201326592                                 {product} {ergonomic}
   size_t MarkStackSize                            = 4194304                                   {product} {ergonomic}
   size_t MaxHeapSize                              = 2147483648                                {product} {command line}
   size_t MaxNewSize                               = 1287651328                                {product} {ergonomic}
   size_t MinHeapDeltaBytes                        = 1048576                                   {product} {ergonomic}
    uintx NonNMethodCodeHeapSize                   = 5830732                                {pd product} {ergonomic}
    uintx NonProfiledCodeHeapSize                  = 122913754                              {pd product} {ergonomic}
    uintx ProfiledCodeHeapSize                     = 122913754                              {pd product} {ergonomic}
    uintx ReservedCodeCacheSize                    = 251658240                              {pd product} {ergonomic}
     bool SegmentedCodeCache                       = true                                      {product} {ergonomic}
     bool UseCompressedClassPointers               = true                                 {lp64_product} {ergonomic}
     bool UseCompressedOops                        = true                                 {lp64_product} {ergonomic}
     bool UseG1GC                                  = true                                      {product} {ergonomic}
     bool UseLargePagesIndividualAllocation        = false                                  {pd product} {ergonomic}

Logging:
Log output configuration:
 #0: stdout all=warning uptime,level,tags
 #1: stderr all=off uptime,level,tags

Environment Variables:
PATH=C:\Program Files\Common Files\Oracle\Java\javapath;C:\Windows\system32;C:\Windows;C:\Windows\System32\Wbem;C:\Windows\System32\WindowsPowerShell\v1.0\;C:\Windows\System32\OpenSSH\;C:\Program Files\nodejs\;C:\Program Files (x86)\dotnet\;C:\Program Files\Git\cmd;C:\Users\Administrator\AppData\Local\Microsoft\WindowsApps;D:\Microsoft VS Code\bin;C:\Program Files\Java\jdk-19\bin;C:\Program Files\JetBrains\IntelliJ IDEA Community Edition 2022.3.1\bin;C:\Users\Administrator\AppData\Roaming\npm;C:\Users\Administrator\AppData\Local\JetBrains\Toolbox\scripts;
USERNAME=Administrator
OS=Windows_NT
PROCESSOR_IDENTIFIER=Intel64 Family 6 Model 158 Stepping 9, GenuineIntel



---------------  S Y S T E M  ---------------

OS: Windows 10 , 64 bit Build 19041 (10.0.19041.2364)
OS uptime: 0 days 2:09 hours

CPU:total 4 (initial active 4) (2 cores per cpu, 2 threads per core) family 6 model 158 stepping 9 microcode 0xb4, cmov, cx8, fxsr, mmx, sse, sse2, sse3, ssse3, sse4.1, sse4.2, popcnt, avx, avx2, aes, clmul, erms, 3dnowpref, lzcnt, ht, tsc, tscinvbit, bmi1, bmi2, adx, fma

Memory: 4k page, system-wide physical 12246M (2632M free)
TotalPageFile size 17878M (AvailPageFile size 5445M)
current process WorkingSet (physical memory assigned to process): 408M, peak: 412M
current process commit charge ("private bytes"): 460M, peak: 465M

vm_info: OpenJDK 64-Bit Server VM (11.0.15+0-b2043.56-8887301) for windows-amd64 JRE (11.0.15+0-b2043.56-8887301), built on Jul 29 2022 23:19:47 by "builduser" with unknown MS VC++:1929

END.
