#
# A fatal error has been detected by the Java Runtime Environment:
#
#  EXCEPTION_ACCESS_VIOLATION (0xc0000005) at pc=0x00007ff89fd90465, pid=944, tid=972
#
# JRE version: OpenJDK Runtime Environment (11.0.15) (build 11.0.15+0-b2043.56-8887301)
# Java VM: OpenJDK 64-Bit Server VM (11.0.15+0-b2043.56-8887301, mixed mode, tiered, compressed oops, g1 gc, windows-amd64)
# Problematic frame:
# V  [jvm.dll+0x300465]
#
# No core dump will be written. Minidumps are not enabled by default on client versions of Windows
#
# If you would like to submit a bug report, please visit:
#   https://bugreport.java.com/bugreport/crash.jsp
#

---------------  S U M M A R Y ------------

Command Line: --add-opens=java.base/java.util=ALL-UNNAMED --add-opens=java.base/java.lang=ALL-UNNAMED --add-opens=java.base/java.lang.invoke=ALL-UNNAMED --add-opens=java.base/java.util=ALL-UNNAMED --add-opens=java.prefs/java.util.prefs=ALL-UNNAMED --add-opens=java.prefs/java.util.prefs=ALL-UNNAMED --add-opens=java.base/java.nio.charset=ALL-UNNAMED --add-opens=java.base/java.net=ALL-UNNAMED --add-opens=java.base/java.util.concurrent.atomic=ALL-UNNAMED -Xmx2048m -Dfile.encoding=UTF-8 -Duser.country=US -Duser.language=en -Duser.variant org.gradle.launcher.daemon.bootstrap.GradleDaemon 7.5

Host: Intel(R) Core(TM) i3-7100 CPU @ 3.90GHz, 4 cores, 11G,  Windows 10 , 64 bit Build 19041 (10.0.19041.2364)
Time: Tue Feb  7 05:27:46 2023 Bangladesh Standard Time elapsed time: 4.616609 seconds (0d 0h 0m 4s)

---------------  T H R E A D  ---------------

Current thread (0x000002bdcfa9e800):  ConcurrentGCThread "G1 Conc#0" [stack: 0x000000e9bdd00000,0x000000e9bde00000] [id=972]

Stack: [0x000000e9bdd00000,0x000000e9bde00000],  sp=0x000000e9bddffb10,  free space=1022k
Native frames: (J=compiled Java code, j=interpreted, Vv=VM code, C=native code)
V  [jvm.dll+0x300465]
V  [jvm.dll+0x304f3a]
V  [jvm.dll+0x30d374]
V  [jvm.dll+0x802c20]
V  [jvm.dll+0x78dc24]
V  [jvm.dll+0x6400f6]
C  [ucrtbase.dll+0x21bb2]
C  [KERNEL32.DLL+0x17614]
C  [ntdll.dll+0x526a1]


siginfo: EXCEPTION_ACCESS_VIOLATION (0xc0000005), reading address 0x0000000400000164


Register to memory mapping:

RIP=0x00007ff89fd90465 jvm.dll
RAX=0x000002bdcfa7cc80 points into unknown readable memory: 0x0000000000000000 | 00 00 00 00 00 00 00 00
RBX=0x0000000084daa5ec is pointing into object: java.util.HashMap 
{0x0000000084daa5c8} - klass: 'java/util/HashMap'
RCX=0x0000000000000014 is an unknown value
RDX=0x0 is NULL
RSP=0x000000e9bddffb10 points into unknown readable memory: 0x0000000084eb4210 | 10 42 eb 84 00 00 00 00
RBP=0x0 is NULL
RSI=0x0000000100018e10 is pointing into metadata
RDI=0x000000006f6f7264 is an unknown value
R8 =0x000000006f6f7264 is an unknown value
R9 =0x0 is NULL
R10=0x0000000400000004 is an unknown value
R11=0x0000000000000246 is an unknown value
R12=0x0 is NULL
R13=0x00007ff8a050e2e0 jvm.dll
R14=0x0000000100018e18 is a pointer to class: 
java.util.concurrent.ConcurrentMap {0x0000000100018e20}
R15=0x000002bdcfa94670 points into unknown readable memory: 0x000002bdcfa9d000 | 00 d0 a9 cf bd 02 00 00


Registers:
RAX=0x000002bdcfa7cc80, RBX=0x0000000084daa5ec, RCX=0x0000000000000014, RDX=0x0000000000000000
RSP=0x000000e9bddffb10, RBP=0x0000000000000000, RSI=0x0000000100018e10, RDI=0x000000006f6f7264
R8 =0x000000006f6f7264, R9 =0x0000000000000000, R10=0x0000000400000004, R11=0x0000000000000246
R12=0x0000000000000000, R13=0x00007ff8a050e2e0, R14=0x0000000100018e18, R15=0x000002bdcfa94670
RIP=0x00007ff89fd90465, EFLAGS=0x0000000000010207

Top of Stack: (sp=0x000000e9bddffb10)
0x000000e9bddffb10:   0000000084eb4210 00007ff89fd9055d
0x000000e9bddffb20:   0000000100005c58 0000000084f00000
0x000000e9bddffb30:   0000000084daa5c8 0000000000000000
0x000000e9bddffb40:   0000000084daa5f4 00007ff89fd94f3a
0x000000e9bddffb50:   0000000100018a28 0000000084daa5c8
0x000000e9bddffb60:   0000000100031650 000000e9bddffbb0
0x000000e9bddffb70:   000000e9bdcff6d0 000002bdcfa94718
0x000000e9bddffb80:   0000000084daa5c8 00007ff89fd9d374
0x000000e9bddffb90:   0000000000000006 0000000100018a28
0x000000e9bddffba0:   0000000084e00000 0000000000000000
0x000000e9bddffbb0:   00007ff8a036bc18 0000000000000000
0x000000e9bddffbc0:   000002bdcfa60d60 000002bdcfa94670
0x000000e9bddffbd0:   0000000000000000 00007ff8a029314b
0x000000e9bddffbe0:   0000000000000000 00000000000075a3
0x000000e9bddffbf0:   0000000000000000 000002bdcfa9e800
0x000000e9bddffc00:   0000000000000000 00007ff8a0292c20 

Instructions: (pc=0x00007ff89fd90465)
0x00007ff89fd90365:   c0 74 12 48 3b f8 72 16 48 3b bb a0 00 00 00 0f
0x00007ff89fd90375:   82 9b 00 00 00 48 3b f9 0f 83 92 00 00 00 80 3d
0x00007ff89fd90385:   17 6c 7e 00 00 74 15 8b 47 08 8b 0d c3 b3 79 00
0x00007ff89fd90395:   48 d3 e0 48 03 05 b1 b3 79 00 eb 04 48 8b 47 08
0x00007ff89fd903a5:   81 78 08 00 00 00 c0 72 35 48 8b 83 b0 00 00 00
0x00007ff89fd903b5:   48 39 83 a8 00 00 00 73 10 48 8b 83 c8 00 00 00
0x00007ff89fd903c5:   48 39 83 c0 00 00 00 72 47 48 8b cb e8 7a a6 00
0x00007ff89fd903d5:   00 b0 01 48 8b 5c 24 38 48 83 c4 20 5f c3 48 8b
0x00007ff89fd903e5:   4b 30 48 8d 54 24 30 48 89 7c 24 30 e8 fa 1b 00
0x00007ff89fd903f5:   00 84 c0 75 1b 48 8b cb e8 0e 99 00 00 48 8b 4b
0x00007ff89fd90405:   30 48 8d 54 24 30 48 89 7c 24 30 e8 db 1b 00 00
0x00007ff89fd90415:   48 8b 5c 24 38 b0 01 48 83 c4 20 5f c3 cc cc cc
0x00007ff89fd90425:   cc cc cc cc cc cc cc cc cc cc cc 48 89 6c 24 20
0x00007ff89fd90435:   57 41 54 41 57 48 83 ec 20 48 8b 41 08 4c 8b f9
0x00007ff89fd90445:   4d 8b d0 44 8b e2 49 8b e9 49 8b f8 8b 88 c0 02
0x00007ff89fd90455:   00 00 48 8b 80 b0 02 00 00 49 d3 ea 4e 8b 14 d0
0x00007ff89fd90465:   4d 3b 82 60 01 00 00 72 11 32 c0 48 8b 6c 24 58
0x00007ff89fd90475:   48 83 c4 20 41 5f 41 5c 5f c3 49 8b 87 90 00 00
0x00007ff89fd90485:   00 48 8b d7 48 89 5c 24 40 48 89 74 24 48 be 01
0x00007ff89fd90495:   00 00 00 4c 89 74 24 50 48 2b 10 8b 48 10 48 8b
0x00007ff89fd904a5:   40 18 48 c1 ea 03 48 d3 ea 48 8b ca 48 c1 e9 06
0x00007ff89fd904b5:   48 8b 1c c8 4c 8d 34 c8 0f b6 ca 48 8b c3 80 e1
0x00007ff89fd904c5:   3f 48 d3 e6 48 0b c6 48 3b c3 74 35 0f 1f 40 00
0x00007ff89fd904d5:   66 66 66 0f 1f 84 00 00 00 00 00 4c 8b 0d e1 85
0x00007ff89fd904e5:   79 00 4c 8b c3 49 8b d6 48 8b c8 41 ff d1 48 8b
0x00007ff89fd904f5:   c8 48 3b c3 74 30 48 8b d8 48 0b c6 48 3b c3 75
0x00007ff89fd90505:   da 40 32 f6 4c 8b 74 24 50 40 0f b6 c6 48 8b 74
0x00007ff89fd90515:   24 48 48 8b 5c 24 40 48 8b 6c 24 58 48 83 c4 20
0x00007ff89fd90525:   41 5f 41 5c 5f c3 40 b6 01 48 85 ed 75 2d 40 38
0x00007ff89fd90535:   2d 67 6a 7e 00 74 15 8b 57 08 8b 0d 13 b2 79 00
0x00007ff89fd90545:   48 d3 e2 48 03 15 01 b2 79 00 eb 04 48 8b 57 08
0x00007ff89fd90555:   48 8b cf e8 43 83 ea ff 48 63 e8 49 8b 87 f0 02 


Stack slot to memory mapping:
stack at sp + 0 slots: 0x0000000084eb4210 is an oop: org.codehaus.groovy.util.ReferenceType$WeakRef 
{0x0000000084eb4210} - klass: 'org/codehaus/groovy/util/ReferenceType$WeakRef'
stack at sp + 1 slots: 0x00007ff89fd9055d jvm.dll
stack at sp + 2 slots: 0x0000000100005c58 is a pointer to class: 
java.lang.ref.WeakReference {0x0000000100005c60}
stack at sp + 3 slots: 0x0000000084f00000 is an oop: [Ljava.lang.Object; 
{0x0000000084f00000} - klass: 'java/lang/Object'[]
 - length: 10
stack at sp + 4 slots: 0x0000000084daa5c8 is an oop: java.util.HashMap 
{0x0000000084daa5c8} - klass: 'java/util/HashMap'
stack at sp + 5 slots: 0x0 is NULL
stack at sp + 6 slots: 0x0000000084daa5f4 is pointing into object: java.util.HashMap 
{0x0000000084daa5c8} - klass: 'java/util/HashMap'
stack at sp + 7 slots: 0x00007ff89fd94f3a jvm.dll


---------------  P R O C E S S  ---------------

Threads class SMR info:
_java_thread_list=0x000002bdef724010, length=37, elements={
0x000002bdcfa53000, 0x000002bde969f000, 0x000002bde96a0800, 0x000002bde96a2800,
0x000002bde9f07800, 0x000002bde9f0b800, 0x000002bde9f0d800, 0x000002bde9f11800,
0x000002bde9f17800, 0x000002bdea075800, 0x000002bdea4b1800, 0x000002bdec4e8000,
0x000002bdec4e6800, 0x000002bdec4e9000, 0x000002bdec4e7000, 0x000002bdec4e9800,
0x000002bdec4e5800, 0x000002bdec4ea800, 0x000002bdec4e4800, 0x000002bdec4eb000,
0x000002bdec9ad000, 0x000002bdec9b1000, 0x000002bdec9ae000, 0x000002bdec9b0800,
0x000002bdec9af800, 0x000002bdec9b2000, 0x000002bdec9ae800, 0x000002bdec9ac800,
0x000002bdec9b8800, 0x000002bdec9b7800, 0x000002bdec9b5800, 0x000002bdec9b3000,
0x000002bdec9b7000, 0x000002bdec9b9800, 0x000002bdec9ba000, 0x000002bdec9b4800,
0x000002bdec9bb000
}

Java Threads: ( => current thread )
  0x000002bdcfa53000 JavaThread "main" [_thread_blocked, id=7312, stack(0x000000e9bda00000,0x000000e9bdb00000)]
  0x000002bde969f000 JavaThread "Reference Handler" daemon [_thread_blocked, id=1480, stack(0x000000e9be100000,0x000000e9be200000)]
  0x000002bde96a0800 JavaThread "Finalizer" daemon [_thread_blocked, id=6248, stack(0x000000e9be200000,0x000000e9be300000)]
  0x000002bde96a2800 JavaThread "Signal Dispatcher" daemon [_thread_blocked, id=6408, stack(0x000000e9be300000,0x000000e9be400000)]
  0x000002bde9f07800 JavaThread "Attach Listener" daemon [_thread_blocked, id=1496, stack(0x000000e9be400000,0x000000e9be500000)]
  0x000002bde9f0b800 JavaThread "Service Thread" daemon [_thread_blocked, id=5860, stack(0x000000e9be500000,0x000000e9be600000)]
  0x000002bde9f0d800 JavaThread "C2 CompilerThread0" daemon [_thread_in_native, id=3404, stack(0x000000e9be600000,0x000000e9be700000)]
  0x000002bde9f11800 JavaThread "C1 CompilerThread0" daemon [_thread_in_vm, id=3084, stack(0x000000e9be700000,0x000000e9be800000)]
  0x000002bde9f17800 JavaThread "Sweeper thread" daemon [_thread_blocked, id=7228, stack(0x000000e9be800000,0x000000e9be900000)]
  0x000002bdea075800 JavaThread "Common-Cleaner" daemon [_thread_blocked, id=10464, stack(0x000000e9be900000,0x000000e9bea00000)]
  0x000002bdea4b1800 JavaThread "C2 CompilerThread1" daemon [_thread_blocked, id=4228, stack(0x000000e9beb00000,0x000000e9bec00000)]
  0x000002bdec4e8000 JavaThread "Daemon health stats" [_thread_blocked, id=1104, stack(0x000000e9bef00000,0x000000e9bf000000)]
  0x000002bdec4e6800 JavaThread "Incoming local TCP Connector on port 54371" [_thread_in_native, id=7508, stack(0x000000e9bf000000,0x000000e9bf100000)]
  0x000002bdec4e9000 JavaThread "Daemon periodic checks" [_thread_blocked, id=6012, stack(0x000000e9bf100000,0x000000e9bf200000)]
  0x000002bdec4e7000 JavaThread "Daemon" [_thread_blocked, id=6064, stack(0x000000e9bf200000,0x000000e9bf300000)]
  0x000002bdec4e9800 JavaThread "Handler for socket connection from /127.0.0.1:54371 to /127.0.0.1:54372" [_thread_in_native, id=10624, stack(0x000000e9bf300000,0x000000e9bf400000)]
  0x000002bdec4e5800 JavaThread "Cancel handler" [_thread_blocked, id=5988, stack(0x000000e9bf400000,0x000000e9bf500000)]
  0x000002bdec4ea800 JavaThread "Daemon worker" [_thread_in_Java, id=4392, stack(0x000000e9bf500000,0x000000e9bf600000)]
  0x000002bdec4e4800 JavaThread "Asynchronous log dispatcher for DefaultDaemonConnection: socket connection from /127.0.0.1:54371 to /127.0.0.1:54372" [_thread_blocked, id=11228, stack(0x000000e9bf600000,0x000000e9bf700000)]
  0x000002bdec4eb000 JavaThread "Stdin handler" [_thread_blocked, id=7580, stack(0x000000e9bf700000,0x000000e9bf800000)]
  0x000002bdec9ad000 JavaThread "Daemon client event forwarder" [_thread_blocked, id=5872, stack(0x000000e9bf800000,0x000000e9bf900000)]
  0x000002bdec9b1000 JavaThread "Cache worker for journal cache (C:\Users\Administrator\.gradle\caches\journal-1)" [_thread_blocked, id=6796, stack(0x000000e9bf900000,0x000000e9bfa00000)]
  0x000002bdec9ae000 JavaThread "File lock request listener" [_thread_in_native, id=6072, stack(0x000000e9bfa00000,0x000000e9bfb00000)]
  0x000002bdec9b0800 JavaThread "Cache worker for file hash cache (C:\Users\Administrator\.gradle\caches\7.5\fileHashes)" [_thread_in_Java, id=6956, stack(0x000000e9bfb00000,0x000000e9bfc00000)]
  0x000002bdec9af800 JavaThread "File watcher server" daemon [_thread_in_native, id=8068, stack(0x000000e9bfc00000,0x000000e9bfd00000)]
  0x000002bdec9b2000 JavaThread "File watcher consumer" daemon [_thread_blocked, id=11236, stack(0x000000e9bfd00000,0x000000e9bfe00000)]
  0x000002bdec9ae800 JavaThread "Cache worker for checksums cache (P:\SocialMedia\.gradle\7.5\checksums)" [_thread_blocked, id=1376, stack(0x000000e9bfe00000,0x000000e9bff00000)]
  0x000002bdec9ac800 JavaThread "Cache worker for cache directory md-rule (C:\Users\Administrator\.gradle\caches\7.5\md-rule)" [_thread_blocked, id=10704, stack(0x000000e9bff00000,0x000000e9c0000000)]
  0x000002bdec9b8800 JavaThread "Cache worker for file content cache (C:\Users\Administrator\.gradle\caches\7.5\fileContent)" [_thread_blocked, id=9312, stack(0x000000e9c0000000,0x000000e9c0100000)]
  0x000002bdec9b7800 JavaThread "Cache worker for file hash cache (P:\SocialMedia\.gradle\7.5\fileHashes)" [_thread_blocked, id=964, stack(0x000000e9c0100000,0x000000e9c0200000)]
  0x000002bdec9b5800 JavaThread "Cache worker for cache directory md-supplier (C:\Users\Administrator\.gradle\caches\7.5\md-supplier)" [_thread_blocked, id=10724, stack(0x000000e9c0200000,0x000000e9c0300000)]
  0x000002bdec9b3000 JavaThread "Cache worker for execution history cache (C:\Users\Administrator\.gradle\caches\7.5\executionHistory)" [_thread_blocked, id=11036, stack(0x000000e9c0300000,0x000000e9c0400000)]
  0x000002bdec9b7000 JavaThread "jar transforms" [_thread_blocked, id=8748, stack(0x000000e9c0400000,0x000000e9c0500000)]
  0x000002bdec9b9800 JavaThread "jar transforms Thread 2" [_thread_blocked, id=5536, stack(0x000000e9c0500000,0x000000e9c0600000)]
  0x000002bdec9ba000 JavaThread "jar transforms Thread 3" [_thread_blocked, id=6272, stack(0x000000e9c0600000,0x000000e9c0700000)]
  0x000002bdec9b4800 JavaThread "jar transforms Thread 4" [_thread_blocked, id=8568, stack(0x000000e9c0700000,0x000000e9c0800000)]
  0x000002bdec9bb000 JavaThread "Cache worker for dependencies-accessors (P:\SocialMedia\.gradle\7.5\dependencies-accessors)" [_thread_blocked, id=6324, stack(0x000000e9c0800000,0x000000e9c0900000)]

Other Threads:
  0x000002bde9eb6000 VMThread "VM Thread" [stack: 0x000000e9be000000,0x000000e9be100000] [id=2440]
  0x000002bdea081000 WatcherThread [stack: 0x000000e9bea00000,0x000000e9beb00000] [id=7940]
  0x000002bdcfa6b800 GCTaskThread "GC Thread#0" [stack: 0x000000e9bdb00000,0x000000e9bdc00000] [id=3200]
  0x000002bdea97e800 GCTaskThread "GC Thread#1" [stack: 0x000000e9bec00000,0x000000e9bed00000] [id=1892]
  0x000002bdea973000 GCTaskThread "GC Thread#2" [stack: 0x000000e9bed00000,0x000000e9bee00000] [id=864]
  0x000002bdea974000 GCTaskThread "GC Thread#3" [stack: 0x000000e9bee00000,0x000000e9bef00000] [id=5620]
  0x000002bdcfa9d000 ConcurrentGCThread "G1 Main Marker" [stack: 0x000000e9bdc00000,0x000000e9bdd00000] [id=5992]
=>0x000002bdcfa9e800 ConcurrentGCThread "G1 Conc#0" [stack: 0x000000e9bdd00000,0x000000e9bde00000] [id=972]
  0x000002bde94e4800 ConcurrentGCThread "G1 Refine#0" [stack: 0x000000e9bde00000,0x000000e9bdf00000] [id=7236]
  0x000002bde94e5000 ConcurrentGCThread "G1 Young RemSet Sampling" [stack: 0x000000e9bdf00000,0x000000e9be000000] [id=8476]

Threads with active compile tasks:
C2 CompilerThread0     4637 3820       4       org.objectweb.asm.Frame::execute (2318 bytes)

VM state:not at safepoint (normal execution)

VM Mutex/Monitor currently owned by a thread: None

Heap address: 0x0000000080000000, size: 2048 MB, Compressed Oops mode: 32-bit
Narrow klass base: 0x0000000000000000, Narrow klass shift: 3
Compressed class space size: 1073741824 Address: 0x0000000100000000

Heap:
 garbage-first heap   total 196608K, used 31745K [0x0000000080000000, 0x0000000100000000)
  region size 1024K, 15 young (15360K), 13 survivors (13312K)
 Metaspace       used 44780K, capacity 45856K, committed 45904K, reserved 1089536K
  class space    used 5657K, capacity 6071K, committed 6092K, reserved 1048576K
Heap Regions: E=young(eden), S=young(survivor), O=old, HS=humongous(starts), HC=humongous(continues), CS=collection set, F=free, A=archive, TAMS=top-at-mark-start (previous, next)
|   0|0x0000000080000000, 0x0000000080100000, 0x0000000080100000|100%|HS|  |TAMS 0x0000000080100000, 0x0000000080100000| Complete 
|   1|0x0000000080100000, 0x0000000080200000, 0x0000000080200000|100%|HC|  |TAMS 0x0000000080200000, 0x0000000080200000| Complete 
|   2|0x0000000080200000, 0x0000000080300000, 0x0000000080300000|100%|HC|  |TAMS 0x0000000080300000, 0x0000000080300000| Complete 
|   3|0x0000000080300000, 0x0000000080400000, 0x0000000080400000|100%| O|  |TAMS 0x0000000080400000, 0x0000000080400000| Untracked 
|   4|0x0000000080400000, 0x0000000080500000, 0x0000000080500000|100%| O|  |TAMS 0x0000000080500000, 0x0000000080500000| Untracked 
|   5|0x0000000080500000, 0x0000000080600000, 0x0000000080600000|100%| O|  |TAMS 0x0000000080600000, 0x0000000080600000| Untracked 
|   6|0x0000000080600000, 0x0000000080700000, 0x0000000080700000|100%| O|  |TAMS 0x0000000080700000, 0x0000000080700000| Untracked 
|   7|0x0000000080700000, 0x0000000080800000, 0x0000000080800000|100%| O|  |TAMS 0x0000000080800000, 0x0000000080800000| Untracked 
|   8|0x0000000080800000, 0x0000000080900000, 0x0000000080900000|100%| O|  |TAMS 0x0000000080900000, 0x0000000080900000| Untracked 
|   9|0x0000000080900000, 0x0000000080a00000, 0x0000000080a00000|100%| O|  |TAMS 0x0000000080a00000, 0x0000000080a00000| Untracked 
|  10|0x0000000080a00000, 0x0000000080b00000, 0x0000000080b00000|100%| O|  |TAMS 0x0000000080b00000, 0x0000000080b00000| Untracked 
|  11|0x0000000080b00000, 0x0000000080c00000, 0x0000000080c00000|100%| O|  |TAMS 0x0000000080c00000, 0x0000000080c00000| Untracked 
|  12|0x0000000080c00000, 0x0000000080d00000, 0x0000000080d00000|100%| O|  |TAMS 0x0000000080d00000, 0x0000000080d00000| Untracked 
|  13|0x0000000080d00000, 0x0000000080e00000, 0x0000000080e00000|100%| O|  |TAMS 0x0000000080e00000, 0x0000000080e00000| Untracked 
|  14|0x0000000080e00000, 0x0000000080f00000, 0x0000000080f00000|100%| O|  |TAMS 0x0000000080f00000, 0x0000000080f00000| Untracked 
|  15|0x0000000080f00000, 0x0000000081000000, 0x0000000081000000|100%| O|  |TAMS 0x0000000081000000, 0x0000000081000000| Untracked 
|  16|0x0000000081000000, 0x0000000081013c00, 0x0000000081100000|  7%| O|  |TAMS 0x0000000081013c00, 0x0000000081013c00| Untracked 
|  17|0x0000000081100000, 0x0000000081100000, 0x0000000081200000|  0%| F|  |TAMS 0x0000000081100000, 0x0000000081100000| Untracked 
|  18|0x0000000081200000, 0x0000000081200000, 0x0000000081300000|  0%| F|  |TAMS 0x0000000081200000, 0x0000000081200000| Untracked 
|  19|0x0000000081300000, 0x0000000081300000, 0x0000000081400000|  0%| F|  |TAMS 0x0000000081300000, 0x0000000081300000| Untracked 
|  20|0x0000000081400000, 0x0000000081500000, 0x0000000081500000|100%|HS|  |TAMS 0x0000000081400000, 0x0000000081500000| Complete 
|  21|0x0000000081500000, 0x0000000081500000, 0x0000000081600000|  0%| F|  |TAMS 0x0000000081500000, 0x0000000081500000| Untracked 
|  22|0x0000000081600000, 0x0000000081600000, 0x0000000081700000|  0%| F|  |TAMS 0x0000000081600000, 0x0000000081600000| Untracked 
|  23|0x0000000081700000, 0x0000000081700000, 0x0000000081800000|  0%| F|  |TAMS 0x0000000081700000, 0x0000000081700000| Untracked 
|  24|0x0000000081800000, 0x0000000081800000, 0x0000000081900000|  0%| F|  |TAMS 0x0000000081800000, 0x0000000081800000| Untracked 
|  25|0x0000000081900000, 0x0000000081900000, 0x0000000081a00000|  0%| F|  |TAMS 0x0000000081900000, 0x0000000081900000| Untracked 
|  26|0x0000000081a00000, 0x0000000081a00000, 0x0000000081b00000|  0%| F|  |TAMS 0x0000000081a00000, 0x0000000081a00000| Untracked 
|  27|0x0000000081b00000, 0x0000000081b00000, 0x0000000081c00000|  0%| F|  |TAMS 0x0000000081b00000, 0x0000000081b00000| Untracked 
|  28|0x0000000081c00000, 0x0000000081c00000, 0x0000000081d00000|  0%| F|  |TAMS 0x0000000081c00000, 0x0000000081c00000| Untracked 
|  29|0x0000000081d00000, 0x0000000081d00000, 0x0000000081e00000|  0%| F|  |TAMS 0x0000000081d00000, 0x0000000081d00000| Untracked 
|  30|0x0000000081e00000, 0x0000000081e00000, 0x0000000081f00000|  0%| F|  |TAMS 0x0000000081e00000, 0x0000000081e00000| Untracked 
|  31|0x0000000081f00000, 0x0000000081f00000, 0x0000000082000000|  0%| F|  |TAMS 0x0000000081f00000, 0x0000000081f00000| Untracked 
|  32|0x0000000082000000, 0x0000000082000000, 0x0000000082100000|  0%| F|  |TAMS 0x0000000082000000, 0x0000000082000000| Untracked 
|  33|0x0000000082100000, 0x0000000082100000, 0x0000000082200000|  0%| F|  |TAMS 0x0000000082100000, 0x0000000082100000| Untracked 
|  34|0x0000000082200000, 0x0000000082200000, 0x0000000082300000|  0%| F|  |TAMS 0x0000000082200000, 0x0000000082200000| Untracked 
|  35|0x0000000082300000, 0x0000000082300000, 0x0000000082400000|  0%| F|  |TAMS 0x0000000082300000, 0x0000000082300000| Untracked 
|  36|0x0000000082400000, 0x0000000082400000, 0x0000000082500000|  0%| F|  |TAMS 0x0000000082400000, 0x0000000082400000| Untracked 
|  37|0x0000000082500000, 0x0000000082500000, 0x0000000082600000|  0%| F|  |TAMS 0x0000000082500000, 0x0000000082500000| Untracked 
|  38|0x0000000082600000, 0x0000000082600000, 0x0000000082700000|  0%| F|  |TAMS 0x0000000082600000, 0x0000000082600000| Untracked 
|  39|0x0000000082700000, 0x0000000082700000, 0x0000000082800000|  0%| F|  |TAMS 0x0000000082700000, 0x0000000082700000| Untracked 
|  40|0x0000000082800000, 0x0000000082800000, 0x0000000082900000|  0%| F|  |TAMS 0x0000000082800000, 0x0000000082800000| Untracked 
|  41|0x0000000082900000, 0x0000000082900000, 0x0000000082a00000|  0%| F|  |TAMS 0x0000000082900000, 0x0000000082900000| Untracked 
|  42|0x0000000082a00000, 0x0000000082a00000, 0x0000000082b00000|  0%| F|  |TAMS 0x0000000082a00000, 0x0000000082a00000| Untracked 
|  43|0x0000000082b00000, 0x0000000082b00000, 0x0000000082c00000|  0%| F|  |TAMS 0x0000000082b00000, 0x0000000082b00000| Untracked 
|  44|0x0000000082c00000, 0x0000000082c00000, 0x0000000082d00000|  0%| F|  |TAMS 0x0000000082c00000, 0x0000000082c00000| Untracked 
|  45|0x0000000082d00000, 0x0000000082d00000, 0x0000000082e00000|  0%| F|  |TAMS 0x0000000082d00000, 0x0000000082d00000| Untracked 
|  46|0x0000000082e00000, 0x0000000082e00000, 0x0000000082f00000|  0%| F|  |TAMS 0x0000000082e00000, 0x0000000082e00000| Untracked 
|  47|0x0000000082f00000, 0x0000000082f00000, 0x0000000083000000|  0%| F|  |TAMS 0x0000000082f00000, 0x0000000082f00000| Untracked 
|  48|0x0000000083000000, 0x0000000083000000, 0x0000000083100000|  0%| F|  |TAMS 0x0000000083000000, 0x0000000083000000| Untracked 
|  49|0x0000000083100000, 0x0000000083100000, 0x0000000083200000|  0%| F|  |TAMS 0x0000000083100000, 0x0000000083100000| Untracked 
|  50|0x0000000083200000, 0x0000000083200000, 0x0000000083300000|  0%| F|  |TAMS 0x0000000083200000, 0x0000000083200000| Untracked 
|  51|0x0000000083300000, 0x0000000083300000, 0x0000000083400000|  0%| F|  |TAMS 0x0000000083300000, 0x0000000083300000| Untracked 
|  52|0x0000000083400000, 0x0000000083400000, 0x0000000083500000|  0%| F|  |TAMS 0x0000000083400000, 0x0000000083400000| Untracked 
|  53|0x0000000083500000, 0x0000000083500000, 0x0000000083600000|  0%| F|  |TAMS 0x0000000083500000, 0x0000000083500000| Untracked 
|  54|0x0000000083600000, 0x0000000083600000, 0x0000000083700000|  0%| F|  |TAMS 0x0000000083600000, 0x0000000083600000| Untracked 
|  55|0x0000000083700000, 0x0000000083700000, 0x0000000083800000|  0%| F|  |TAMS 0x0000000083700000, 0x0000000083700000| Untracked 
|  56|0x0000000083800000, 0x0000000083800000, 0x0000000083900000|  0%| F|  |TAMS 0x0000000083800000, 0x0000000083800000| Untracked 
|  57|0x0000000083900000, 0x0000000083900000, 0x0000000083a00000|  0%| F|  |TAMS 0x0000000083900000, 0x0000000083900000| Untracked 
|  58|0x0000000083a00000, 0x0000000083a00000, 0x0000000083b00000|  0%| F|  |TAMS 0x0000000083a00000, 0x0000000083a00000| Untracked 
|  59|0x0000000083b00000, 0x0000000083b00000, 0x0000000083c00000|  0%| F|  |TAMS 0x0000000083b00000, 0x0000000083b00000| Untracked 
|  60|0x0000000083c00000, 0x0000000083c00000, 0x0000000083d00000|  0%| F|  |TAMS 0x0000000083c00000, 0x0000000083c00000| Untracked 
|  61|0x0000000083d00000, 0x0000000083d00000, 0x0000000083e00000|  0%| F|  |TAMS 0x0000000083d00000, 0x0000000083d00000| Untracked 
|  62|0x0000000083e00000, 0x0000000083e00000, 0x0000000083f00000|  0%| F|  |TAMS 0x0000000083e00000, 0x0000000083e00000| Untracked 
|  63|0x0000000083f00000, 0x0000000083f00000, 0x0000000084000000|  0%| F|  |TAMS 0x0000000083f00000, 0x0000000083f00000| Untracked 
|  64|0x0000000084000000, 0x0000000084000000, 0x0000000084100000|  0%| F|  |TAMS 0x0000000084000000, 0x0000000084000000| Untracked 
|  65|0x0000000084100000, 0x0000000084100000, 0x0000000084200000|  0%| F|  |TAMS 0x0000000084100000, 0x0000000084100000| Untracked 
|  66|0x0000000084200000, 0x0000000084200000, 0x0000000084300000|  0%| F|  |TAMS 0x0000000084200000, 0x0000000084200000| Untracked 
|  67|0x0000000084300000, 0x0000000084300000, 0x0000000084400000|  0%| F|  |TAMS 0x0000000084300000, 0x0000000084300000| Untracked 
|  68|0x0000000084400000, 0x0000000084400000, 0x0000000084500000|  0%| F|  |TAMS 0x0000000084400000, 0x0000000084400000| Untracked 
|  69|0x0000000084500000, 0x0000000084500000, 0x0000000084600000|  0%| F|  |TAMS 0x0000000084500000, 0x0000000084500000| Untracked 
|  70|0x0000000084600000, 0x0000000084600000, 0x0000000084700000|  0%| F|  |TAMS 0x0000000084600000, 0x0000000084600000| Untracked 
|  71|0x0000000084700000, 0x0000000084700000, 0x0000000084800000|  0%| F|  |TAMS 0x0000000084700000, 0x0000000084700000| Untracked 
|  72|0x0000000084800000, 0x0000000084800000, 0x0000000084900000|  0%| F|  |TAMS 0x0000000084800000, 0x0000000084800000| Untracked 
|  73|0x0000000084900000, 0x00000000849ecb98, 0x0000000084a00000| 92%| S|CS|TAMS 0x0000000084900000, 0x0000000084900000| Complete 
|  74|0x0000000084a00000, 0x0000000084b00000, 0x0000000084b00000|100%| S|CS|TAMS 0x0000000084a00000, 0x0000000084a00000| Complete 
|  75|0x0000000084b00000, 0x0000000084c00000, 0x0000000084c00000|100%| S|CS|TAMS 0x0000000084b00000, 0x0000000084b00000| Complete 
|  76|0x0000000084c00000, 0x0000000084d00000, 0x0000000084d00000|100%| S|CS|TAMS 0x0000000084c00000, 0x0000000084c00000| Complete 
|  77|0x0000000084d00000, 0x0000000084e00000, 0x0000000084e00000|100%| S|CS|TAMS 0x0000000084d00000, 0x0000000084d00000| Complete 
|  78|0x0000000084e00000, 0x0000000084f00000, 0x0000000084f00000|100%| S|CS|TAMS 0x0000000084e00000, 0x0000000084e00000| Complete 
|  79|0x0000000084f00000, 0x0000000085000000, 0x0000000085000000|100%| S|CS|TAMS 0x0000000084f00000, 0x0000000084f00000| Complete 
|  80|0x0000000085000000, 0x0000000085100000, 0x0000000085100000|100%| S|CS|TAMS 0x0000000085000000, 0x0000000085000000| Complete 
|  81|0x0000000085100000, 0x0000000085200000, 0x0000000085200000|100%| S|CS|TAMS 0x0000000085100000, 0x0000000085100000| Complete 
|  82|0x0000000085200000, 0x0000000085300000, 0x0000000085300000|100%| S|CS|TAMS 0x0000000085200000, 0x0000000085200000| Complete 
|  83|0x0000000085300000, 0x0000000085400000, 0x0000000085400000|100%| S|CS|TAMS 0x0000000085300000, 0x0000000085300000| Complete 
|  84|0x0000000085400000, 0x0000000085500000, 0x0000000085500000|100%| S|CS|TAMS 0x0000000085400000, 0x0000000085400000| Complete 
|  85|0x0000000085500000, 0x0000000085600000, 0x0000000085600000|100%| S|CS|TAMS 0x0000000085500000, 0x0000000085500000| Complete 
|  86|0x0000000085600000, 0x0000000085600000, 0x0000000085700000|  0%| F|  |TAMS 0x0000000085600000, 0x0000000085600000| Untracked 
|  87|0x0000000085700000, 0x0000000085700000, 0x0000000085800000|  0%| F|  |TAMS 0x0000000085700000, 0x0000000085700000| Untracked 
|  88|0x0000000085800000, 0x0000000085800000, 0x0000000085900000|  0%| F|  |TAMS 0x0000000085800000, 0x0000000085800000| Untracked 
|  89|0x0000000085900000, 0x0000000085900000, 0x0000000085a00000|  0%| F|  |TAMS 0x0000000085900000, 0x0000000085900000| Untracked 
|  90|0x0000000085a00000, 0x0000000085a00000, 0x0000000085b00000|  0%| F|  |TAMS 0x0000000085a00000, 0x0000000085a00000| Untracked 
|  91|0x0000000085b00000, 0x0000000085b00000, 0x0000000085c00000|  0%| F|  |TAMS 0x0000000085b00000, 0x0000000085b00000| Untracked 
|  92|0x0000000085c00000, 0x0000000085c00000, 0x0000000085d00000|  0%| F|  |TAMS 0x0000000085c00000, 0x0000000085c00000| Untracked 
|  93|0x0000000085d00000, 0x0000000085d00000, 0x0000000085e00000|  0%| F|  |TAMS 0x0000000085d00000, 0x0000000085d00000| Untracked 
|  94|0x0000000085e00000, 0x0000000085e00000, 0x0000000085f00000|  0%| F|  |TAMS 0x0000000085e00000, 0x0000000085e00000| Untracked 
|  95|0x0000000085f00000, 0x0000000085f00000, 0x0000000086000000|  0%| F|  |TAMS 0x0000000085f00000, 0x0000000085f00000| Untracked 
|  96|0x0000000086000000, 0x0000000086000000, 0x0000000086100000|  0%| F|  |TAMS 0x0000000086000000, 0x0000000086000000| Untracked 
|  97|0x0000000086100000, 0x0000000086100000, 0x0000000086200000|  0%| F|  |TAMS 0x0000000086100000, 0x0000000086100000| Untracked 
|  98|0x0000000086200000, 0x0000000086200000, 0x0000000086300000|  0%| F|  |TAMS 0x0000000086200000, 0x0000000086200000| Untracked 
|  99|0x0000000086300000, 0x0000000086300000, 0x0000000086400000|  0%| F|  |TAMS 0x0000000086300000, 0x0000000086300000| Untracked 
| 100|0x0000000086400000, 0x0000000086400000, 0x0000000086500000|  0%| F|  |TAMS 0x0000000086400000, 0x0000000086400000| Untracked 
| 101|0x0000000086500000, 0x0000000086500000, 0x0000000086600000|  0%| F|  |TAMS 0x0000000086500000, 0x0000000086500000| Untracked 
| 102|0x0000000086600000, 0x0000000086600000, 0x0000000086700000|  0%| F|  |TAMS 0x0000000086600000, 0x0000000086600000| Untracked 
| 103|0x0000000086700000, 0x0000000086700000, 0x0000000086800000|  0%| F|  |TAMS 0x0000000086700000, 0x0000000086700000| Untracked 
| 104|0x0000000086800000, 0x0000000086800000, 0x0000000086900000|  0%| F|  |TAMS 0x0000000086800000, 0x0000000086800000| Untracked 
| 105|0x0000000086900000, 0x0000000086900000, 0x0000000086a00000|  0%| F|  |TAMS 0x0000000086900000, 0x0000000086900000| Untracked 
| 106|0x0000000086a00000, 0x0000000086a00000, 0x0000000086b00000|  0%| F|  |TAMS 0x0000000086a00000, 0x0000000086a00000| Untracked 
| 107|0x0000000086b00000, 0x0000000086b00000, 0x0000000086c00000|  0%| F|  |TAMS 0x0000000086b00000, 0x0000000086b00000| Untracked 
| 108|0x0000000086c00000, 0x0000000086c00000, 0x0000000086d00000|  0%| F|  |TAMS 0x0000000086c00000, 0x0000000086c00000| Untracked 
| 109|0x0000000086d00000, 0x0000000086d00000, 0x0000000086e00000|  0%| F|  |TAMS 0x0000000086d00000, 0x0000000086d00000| Untracked 
| 110|0x0000000086e00000, 0x0000000086e00000, 0x0000000086f00000|  0%| F|  |TAMS 0x0000000086e00000, 0x0000000086e00000| Untracked 
| 111|0x0000000086f00000, 0x0000000086f00000, 0x0000000087000000|  0%| F|  |TAMS 0x0000000086f00000, 0x0000000086f00000| Untracked 
| 112|0x0000000087000000, 0x0000000087000000, 0x0000000087100000|  0%| F|  |TAMS 0x0000000087000000, 0x0000000087000000| Untracked 
| 113|0x0000000087100000, 0x0000000087100000, 0x0000000087200000|  0%| F|  |TAMS 0x0000000087100000, 0x0000000087100000| Untracked 
| 114|0x0000000087200000, 0x0000000087200000, 0x0000000087300000|  0%| F|  |TAMS 0x0000000087200000, 0x0000000087200000| Untracked 
| 115|0x0000000087300000, 0x0000000087300000, 0x0000000087400000|  0%| F|  |TAMS 0x0000000087300000, 0x0000000087300000| Untracked 
| 116|0x0000000087400000, 0x0000000087400000, 0x0000000087500000|  0%| F|  |TAMS 0x0000000087400000, 0x0000000087400000| Untracked 
| 117|0x0000000087500000, 0x0000000087500000, 0x0000000087600000|  0%| F|  |TAMS 0x0000000087500000, 0x0000000087500000| Untracked 
| 118|0x0000000087600000, 0x0000000087600000, 0x0000000087700000|  0%| F|  |TAMS 0x0000000087600000, 0x0000000087600000| Untracked 
| 119|0x0000000087700000, 0x0000000087700000, 0x0000000087800000|  0%| F|  |TAMS 0x0000000087700000, 0x0000000087700000| Untracked 
| 120|0x0000000087800000, 0x0000000087800000, 0x0000000087900000|  0%| F|  |TAMS 0x0000000087800000, 0x0000000087800000| Untracked 
| 121|0x0000000087900000, 0x0000000087900000, 0x0000000087a00000|  0%| F|  |TAMS 0x0000000087900000, 0x0000000087900000| Untracked 
| 122|0x0000000087a00000, 0x0000000087a00000, 0x0000000087b00000|  0%| F|  |TAMS 0x0000000087a00000, 0x0000000087a00000| Untracked 
| 123|0x0000000087b00000, 0x0000000087b00000, 0x0000000087c00000|  0%| F|  |TAMS 0x0000000087b00000, 0x0000000087b00000| Untracked 
| 124|0x0000000087c00000, 0x0000000087c00000, 0x0000000087d00000|  0%| F|  |TAMS 0x0000000087c00000, 0x0000000087c00000| Untracked 
| 125|0x0000000087d00000, 0x0000000087d00000, 0x0000000087e00000|  0%| F|  |TAMS 0x0000000087d00000, 0x0000000087d00000| Untracked 
| 126|0x0000000087e00000, 0x0000000087e00000, 0x0000000087f00000|  0%| F|  |TAMS 0x0000000087e00000, 0x0000000087e00000| Untracked 
| 127|0x0000000087f00000, 0x0000000087f00000, 0x0000000088000000|  0%| F|  |TAMS 0x0000000087f00000, 0x0000000087f00000| Untracked 
| 128|0x0000000088000000, 0x0000000088000000, 0x0000000088100000|  0%| F|  |TAMS 0x0000000088000000, 0x0000000088000000| Untracked 
| 129|0x0000000088100000, 0x0000000088100000, 0x0000000088200000|  0%| F|  |TAMS 0x0000000088100000, 0x0000000088100000| Untracked 
| 130|0x0000000088200000, 0x0000000088200000, 0x0000000088300000|  0%| F|  |TAMS 0x0000000088200000, 0x0000000088200000| Untracked 
| 131|0x0000000088300000, 0x0000000088300000, 0x0000000088400000|  0%| F|  |TAMS 0x0000000088300000, 0x0000000088300000| Untracked 
| 132|0x0000000088400000, 0x0000000088400000, 0x0000000088500000|  0%| F|  |TAMS 0x0000000088400000, 0x0000000088400000| Untracked 
| 133|0x0000000088500000, 0x0000000088500000, 0x0000000088600000|  0%| F|  |TAMS 0x0000000088500000, 0x0000000088500000| Untracked 
| 134|0x0000000088600000, 0x0000000088600000, 0x0000000088700000|  0%| F|  |TAMS 0x0000000088600000, 0x0000000088600000| Untracked 
| 135|0x0000000088700000, 0x0000000088700000, 0x0000000088800000|  0%| F|  |TAMS 0x0000000088700000, 0x0000000088700000| Untracked 
| 136|0x0000000088800000, 0x0000000088800000, 0x0000000088900000|  0%| F|  |TAMS 0x0000000088800000, 0x0000000088800000| Untracked 
| 137|0x0000000088900000, 0x0000000088900000, 0x0000000088a00000|  0%| F|  |TAMS 0x0000000088900000, 0x0000000088900000| Untracked 
| 138|0x0000000088a00000, 0x0000000088a00000, 0x0000000088b00000|  0%| F|  |TAMS 0x0000000088a00000, 0x0000000088a00000| Untracked 
| 139|0x0000000088b00000, 0x0000000088b00000, 0x0000000088c00000|  0%| F|  |TAMS 0x0000000088b00000, 0x0000000088b00000| Untracked 
| 140|0x0000000088c00000, 0x0000000088c00000, 0x0000000088d00000|  0%| F|  |TAMS 0x0000000088c00000, 0x0000000088c00000| Untracked 
| 141|0x0000000088d00000, 0x0000000088d00000, 0x0000000088e00000|  0%| F|  |TAMS 0x0000000088d00000, 0x0000000088d00000| Untracked 
| 142|0x0000000088e00000, 0x0000000088e00000, 0x0000000088f00000|  0%| F|  |TAMS 0x0000000088e00000, 0x0000000088e00000| Untracked 
| 143|0x0000000088f00000, 0x0000000088f00000, 0x0000000089000000|  0%| F|  |TAMS 0x0000000088f00000, 0x0000000088f00000| Untracked 
| 144|0x0000000089000000, 0x0000000089000000, 0x0000000089100000|  0%| F|  |TAMS 0x0000000089000000, 0x0000000089000000| Untracked 
| 145|0x0000000089100000, 0x0000000089100000, 0x0000000089200000|  0%| F|  |TAMS 0x0000000089100000, 0x0000000089100000| Untracked 
| 146|0x0000000089200000, 0x0000000089200000, 0x0000000089300000|  0%| F|  |TAMS 0x0000000089200000, 0x0000000089200000| Untracked 
| 147|0x0000000089300000, 0x0000000089300000, 0x0000000089400000|  0%| F|  |TAMS 0x0000000089300000, 0x0000000089300000| Untracked 
| 148|0x0000000089400000, 0x0000000089400000, 0x0000000089500000|  0%| F|  |TAMS 0x0000000089400000, 0x0000000089400000| Untracked 
| 149|0x0000000089500000, 0x0000000089500000, 0x0000000089600000|  0%| F|  |TAMS 0x0000000089500000, 0x0000000089500000| Untracked 
| 150|0x0000000089600000, 0x0000000089600000, 0x0000000089700000|  0%| F|  |TAMS 0x0000000089600000, 0x0000000089600000| Untracked 
| 151|0x0000000089700000, 0x0000000089700000, 0x0000000089800000|  0%| F|  |TAMS 0x0000000089700000, 0x0000000089700000| Untracked 
| 152|0x0000000089800000, 0x0000000089800000, 0x0000000089900000|  0%| F|  |TAMS 0x0000000089800000, 0x0000000089800000| Untracked 
| 153|0x0000000089900000, 0x0000000089900000, 0x0000000089a00000|  0%| F|  |TAMS 0x0000000089900000, 0x0000000089900000| Untracked 
| 154|0x0000000089a00000, 0x0000000089a00000, 0x0000000089b00000|  0%| F|  |TAMS 0x0000000089a00000, 0x0000000089a00000| Untracked 
| 155|0x0000000089b00000, 0x0000000089b00000, 0x0000000089c00000|  0%| F|  |TAMS 0x0000000089b00000, 0x0000000089b00000| Untracked 
| 156|0x0000000089c00000, 0x0000000089c00000, 0x0000000089d00000|  0%| F|  |TAMS 0x0000000089c00000, 0x0000000089c00000| Untracked 
| 157|0x0000000089d00000, 0x0000000089d00000, 0x0000000089e00000|  0%| F|  |TAMS 0x0000000089d00000, 0x0000000089d00000| Untracked 
| 158|0x0000000089e00000, 0x0000000089e00000, 0x0000000089f00000|  0%| F|  |TAMS 0x0000000089e00000, 0x0000000089e00000| Untracked 
| 159|0x0000000089f00000, 0x0000000089f00000, 0x000000008a000000|  0%| F|  |TAMS 0x0000000089f00000, 0x0000000089f00000| Untracked 
| 160|0x000000008a000000, 0x000000008a000000, 0x000000008a100000|  0%| F|  |TAMS 0x000000008a000000, 0x000000008a000000| Untracked 
| 161|0x000000008a100000, 0x000000008a100000, 0x000000008a200000|  0%| F|  |TAMS 0x000000008a100000, 0x000000008a100000| Untracked 
| 162|0x000000008a200000, 0x000000008a200000, 0x000000008a300000|  0%| F|  |TAMS 0x000000008a200000, 0x000000008a200000| Untracked 
| 163|0x000000008a300000, 0x000000008a300000, 0x000000008a400000|  0%| F|  |TAMS 0x000000008a300000, 0x000000008a300000| Untracked 
| 164|0x000000008a400000, 0x000000008a400000, 0x000000008a500000|  0%| F|  |TAMS 0x000000008a400000, 0x000000008a400000| Untracked 
| 165|0x000000008a500000, 0x000000008a500000, 0x000000008a600000|  0%| F|  |TAMS 0x000000008a500000, 0x000000008a500000| Untracked 
| 166|0x000000008a600000, 0x000000008a600000, 0x000000008a700000|  0%| F|  |TAMS 0x000000008a600000, 0x000000008a600000| Untracked 
| 167|0x000000008a700000, 0x000000008a700000, 0x000000008a800000|  0%| F|  |TAMS 0x000000008a700000, 0x000000008a700000| Untracked 
| 168|0x000000008a800000, 0x000000008a800000, 0x000000008a900000|  0%| F|  |TAMS 0x000000008a800000, 0x000000008a800000| Untracked 
| 169|0x000000008a900000, 0x000000008a900000, 0x000000008aa00000|  0%| F|  |TAMS 0x000000008a900000, 0x000000008a900000| Untracked 
| 170|0x000000008aa00000, 0x000000008aa00000, 0x000000008ab00000|  0%| F|  |TAMS 0x000000008aa00000, 0x000000008aa00000| Untracked 
| 171|0x000000008ab00000, 0x000000008ab00000, 0x000000008ac00000|  0%| F|  |TAMS 0x000000008ab00000, 0x000000008ab00000| Untracked 
| 172|0x000000008ac00000, 0x000000008ac00000, 0x000000008ad00000|  0%| F|  |TAMS 0x000000008ac00000, 0x000000008ac00000| Untracked 
| 173|0x000000008ad00000, 0x000000008ad00000, 0x000000008ae00000|  0%| F|  |TAMS 0x000000008ad00000, 0x000000008ad00000| Untracked 
| 174|0x000000008ae00000, 0x000000008ae00000, 0x000000008af00000|  0%| F|  |TAMS 0x000000008ae00000, 0x000000008ae00000| Untracked 
| 175|0x000000008af00000, 0x000000008af00000, 0x000000008b000000|  0%| F|  |TAMS 0x000000008af00000, 0x000000008af00000| Untracked 
| 176|0x000000008b000000, 0x000000008b000000, 0x000000008b100000|  0%| F|  |TAMS 0x000000008b000000, 0x000000008b000000| Untracked 
| 177|0x000000008b100000, 0x000000008b100000, 0x000000008b200000|  0%| F|  |TAMS 0x000000008b100000, 0x000000008b100000| Untracked 
| 178|0x000000008b200000, 0x000000008b200000, 0x000000008b300000|  0%| F|  |TAMS 0x000000008b200000, 0x000000008b200000| Untracked 
| 179|0x000000008b300000, 0x000000008b300000, 0x000000008b400000|  0%| F|  |TAMS 0x000000008b300000, 0x000000008b300000| Untracked 
| 180|0x000000008b400000, 0x000000008b400000, 0x000000008b500000|  0%| F|  |TAMS 0x000000008b400000, 0x000000008b400000| Untracked 
| 181|0x000000008b500000, 0x000000008b500000, 0x000000008b600000|  0%| F|  |TAMS 0x000000008b500000, 0x000000008b500000| Untracked 
| 182|0x000000008b600000, 0x000000008b600000, 0x000000008b700000|  0%| F|  |TAMS 0x000000008b600000, 0x000000008b600000| Untracked 
| 183|0x000000008b700000, 0x000000008b700000, 0x000000008b800000|  0%| F|  |TAMS 0x000000008b700000, 0x000000008b700000| Untracked 
| 184|0x000000008b800000, 0x000000008b800000, 0x000000008b900000|  0%| F|  |TAMS 0x000000008b800000, 0x000000008b800000| Untracked 
| 185|0x000000008b900000, 0x000000008b900000, 0x000000008ba00000|  0%| F|  |TAMS 0x000000008b900000, 0x000000008b900000| Untracked 
| 186|0x000000008ba00000, 0x000000008ba00000, 0x000000008bb00000|  0%| F|  |TAMS 0x000000008ba00000, 0x000000008ba00000| Untracked 
| 187|0x000000008bb00000, 0x000000008bb00000, 0x000000008bc00000|  0%| F|  |TAMS 0x000000008bb00000, 0x000000008bb00000| Untracked 
| 188|0x000000008bc00000, 0x000000008bc00000, 0x000000008bd00000|  0%| F|  |TAMS 0x000000008bc00000, 0x000000008bc00000| Untracked 
| 189|0x000000008bd00000, 0x000000008bd00000, 0x000000008be00000|  0%| F|  |TAMS 0x000000008bd00000, 0x000000008bd00000| Untracked 
| 190|0x000000008be00000, 0x000000008befa8a0, 0x000000008bf00000| 97%| E|  |TAMS 0x000000008be00000, 0x000000008be00000| Complete 
| 191|0x000000008bf00000, 0x000000008c000000, 0x000000008c000000|100%| E|CS|TAMS 0x000000008bf00000, 0x000000008bf00000| Complete 

Card table byte_map: [0x000002bde2980000,0x000002bde2d80000] _byte_map_base: 0x000002bde2580000

Marking Bits (Prev, Next): (CMBitMap*) 0x000002bdcfa94688, (CMBitMap*) 0x000002bdcfa946c0
 Prev Bits: [0x000002bde3180000, 0x000002bde5180000)
 Next Bits: [0x000002bde5180000, 0x000002bde7180000)

Polling page: 0x000002bdcd850000

Metaspace:

Usage:
  Non-class:     38.85 MB capacity,    38.21 MB ( 98%) used,   549.56 KB (  1%) free+waste,   110.56 KB ( <1%) overhead. 
      Class:      5.93 MB capacity,     5.53 MB ( 93%) used,   360.16 KB (  6%) free+waste,    53.06 KB ( <1%) overhead. 
       Both:     44.78 MB capacity,    43.73 MB ( 98%) used,   909.73 KB (  2%) free+waste,   163.62 KB ( <1%) overhead. 

Virtual space:
  Non-class space:       40.00 MB reserved,      38.88 MB ( 97%) committed 
      Class space:        1.00 GB reserved,       5.95 MB ( <1%) committed 
             Both:        1.04 GB reserved,      44.83 MB (  4%) committed 

Chunk freelists:
   Non-Class:  23.00 KB
       Class:  7.00 KB
        Both:  30.00 KB

MaxMetaspaceSize: 17179869184.00 GB
CompressedClassSpaceSize: 1.00 GB
Initial GC threshold: 20.80 MB
Current GC threshold: 60.13 MB
CDS: off

CodeHeap 'non-profiled nmethods': size=120064Kb used=2075Kb max_used=2075Kb free=117988Kb
 bounds [0x000002bddb040000, 0x000002bddb2b0000, 0x000002bde2580000]
CodeHeap 'profiled nmethods': size=120000Kb used=8122Kb max_used=8122Kb free=111877Kb
 bounds [0x000002bdd3b10000, 0x000002bdd4300000, 0x000002bddb040000]
CodeHeap 'non-nmethods': size=5696Kb used=2280Kb max_used=2320Kb free=3415Kb
 bounds [0x000002bdd3580000, 0x000002bdd37f0000, 0x000002bdd3b10000]
 total_blobs=4644 nmethods=3867 adapters=689
 compilation: enabled
              stopped_count=0, restarted_count=0
 full_count=0

Compilation events (20 events):
Event: 4.554 Thread 0x000002bde9f11800 3839       3       org.objectweb.asm.ClassReader::createDebugLabel (23 bytes)
Event: 4.554 Thread 0x000002bde9f11800 nmethod 3839 0x000002bdd42f2c90 code [0x000002bdd42f2e80, 0x000002bdd42f3338]
Event: 4.554 Thread 0x000002bde9f11800 3840       3       org.objectweb.asm.ClassReader::readClass (7 bytes)
Event: 4.554 Thread 0x000002bde9f11800 nmethod 3840 0x000002bdd42f3510 code [0x000002bdd42f3700, 0x000002bdd42f3b48]
Event: 4.554 Thread 0x000002bde9f11800 3841       3       org.objectweb.asm.ClassReader::readStringish (16 bytes)
Event: 4.555 Thread 0x000002bde9f11800 nmethod 3841 0x000002bdd42f3d90 code [0x000002bdd42f3f80, 0x000002bdd42f4368]
Event: 4.555 Thread 0x000002bde9f11800 3838       3       sun.net.www.protocol.file.Handler::createFileURLConnection (10 bytes)
Event: 4.555 Thread 0x000002bde9f11800 nmethod 3838 0x000002bdd42f4590 code [0x000002bdd42f4740, 0x000002bdd42f48e8]
Event: 4.555 Thread 0x000002bde9f11800 3843       3       org.objectweb.asm.Label::accept (65 bytes)
Event: 4.556 Thread 0x000002bde9f11800 nmethod 3843 0x000002bdd42f4990 code [0x000002bdd42f4b80, 0x000002bdd42f50a8]
Event: 4.556 Thread 0x000002bde9f11800 3844       3       org.objectweb.asm.Label::addLineNumber (89 bytes)
Event: 4.556 Thread 0x000002bde9f11800 nmethod 3844 0x000002bdd42f5290 code [0x000002bdd42f5480, 0x000002bdd42f5988]
Event: 4.556 Thread 0x000002bde9f11800 3845       3       org.objectweb.asm.MethodWriter::visitLineNumber (50 bytes)
Event: 4.556 Thread 0x000002bde9f11800 nmethod 3845 0x000002bdd42f5b10 code [0x000002bdd42f5d00, 0x000002bdd42f6178]
Event: 4.562 Thread 0x000002bdea4b1800 nmethod 3826 0x000002bddb240890 code [0x000002bddb240aa0, 0x000002bddb241358]
Event: 4.562 Thread 0x000002bdea4b1800 3842 %     4       java.io.WinNTFileSystem::normalize @ 58 (224 bytes)
Event: 4.585 Thread 0x000002bdea4b1800 nmethod 3842% 0x000002bddb241a10 code [0x000002bddb241ca0, 0x000002bddb243188]
Event: 4.585 Thread 0x000002bdea4b1800 3818       4       java.util.Collections$UnmodifiableCollection$1::next (10 bytes)
Event: 4.585 Thread 0x000002bdea4b1800 nmethod 3818 0x000002bddb243c90 code [0x000002bddb243e20, 0x000002bddb243eb8]
Event: 4.613 Thread 0x000002bde9f11800 3846       1       com.google.common.cache.LocalCache$2::peek (2 bytes)

GC Heap History (10 events):
Event: 0.364 GC heap before
{Heap before GC invocations=0 (full 0):
 garbage-first heap   total 196608K, used 17408K [0x0000000080000000, 0x0000000100000000)
  region size 1024K, 14 young (14336K), 0 survivors (0K)
 Metaspace       used 6742K, capacity 6925K, committed 7168K, reserved 1056768K
  class space    used 571K, capacity 650K, committed 768K, reserved 1048576K
}
Event: 0.366 GC heap after
{Heap after GC invocations=1 (full 0):
 garbage-first heap   total 196608K, used 3725K [0x0000000080000000, 0x0000000100000000)
  region size 1024K, 2 young (2048K), 2 survivors (2048K)
 Metaspace       used 6742K, capacity 6925K, committed 7168K, reserved 1056768K
  class space    used 571K, capacity 650K, committed 768K, reserved 1048576K
}
Event: 2.036 GC heap before
{Heap before GC invocations=1 (full 0):
 garbage-first heap   total 196608K, used 115341K [0x0000000080000000, 0x0000000100000000)
  region size 1024K, 109 young (111616K), 2 survivors (2048K)
 Metaspace       used 20747K, capacity 21187K, committed 21296K, reserved 1069056K
  class space    used 2519K, capacity 2685K, committed 2688K, reserved 1048576K
}
Event: 2.045 GC heap after
{Heap after GC invocations=2 (full 0):
 garbage-first heap   total 196608K, used 17276K [0x0000000080000000, 0x0000000100000000)
  region size 1024K, 13 young (13312K), 13 survivors (13312K)
 Metaspace       used 20747K, capacity 21187K, committed 21296K, reserved 1069056K
  class space    used 2519K, capacity 2685K, committed 2688K, reserved 1048576K
}
Event: 2.613 GC heap before
{Heap before GC invocations=3 (full 0):
 garbage-first heap   total 196608K, used 72572K [0x0000000080000000, 0x0000000100000000)
  region size 1024K, 67 young (68608K), 13 survivors (13312K)
 Metaspace       used 26767K, capacity 27384K, committed 27516K, reserved 1073152K
  class space    used 3470K, capacity 3701K, committed 3788K, reserved 1048576K
}
Event: 2.623 GC heap after
{Heap after GC invocations=4 (full 0):
 garbage-first heap   total 196608K, used 19474K [0x0000000080000000, 0x0000000100000000)
  region size 1024K, 3 young (3072K), 3 survivors (3072K)
 Metaspace       used 26767K, capacity 27384K, committed 27516K, reserved 1073152K
  class space    used 3470K, capacity 3701K, committed 3788K, reserved 1048576K
}
Event: 3.504 GC heap before
{Heap before GC invocations=4 (full 0):
 garbage-first heap   total 196608K, used 85010K [0x0000000080000000, 0x0000000100000000)
  region size 1024K, 68 young (69632K), 3 survivors (3072K)
 Metaspace       used 35072K, capacity 35953K, committed 36048K, reserved 1081344K
  class space    used 4565K, capacity 4921K, committed 4940K, reserved 1048576K
}
Event: 3.513 GC heap after
{Heap after GC invocations=5 (full 0):
 garbage-first heap   total 196608K, used 22182K [0x0000000080000000, 0x0000000100000000)
  region size 1024K, 6 young (6144K), 6 survivors (6144K)
 Metaspace       used 35072K, capacity 35953K, committed 36048K, reserved 1081344K
  class space    used 4565K, capacity 4921K, committed 4940K, reserved 1048576K
}
Event: 4.592 GC heap before
{Heap before GC invocations=6 (full 0):
 garbage-first heap   total 196608K, used 128678K [0x0000000080000000, 0x0000000100000000)
  region size 1024K, 106 young (108544K), 6 survivors (6144K)
 Metaspace       used 44654K, capacity 45696K, committed 45904K, reserved 1089536K
  class space    used 5637K, capacity 6064K, committed 6092K, reserved 1048576K
}
Event: 4.606 GC heap after
{Heap after GC invocations=7 (full 0):
 garbage-first heap   total 196608K, used 30721K [0x0000000080000000, 0x0000000100000000)
  region size 1024K, 13 young (13312K), 13 survivors (13312K)
 Metaspace       used 44654K, capacity 45696K, committed 45904K, reserved 1089536K
  class space    used 5637K, capacity 6064K, committed 6092K, reserved 1048576K
}

Deoptimization events (20 events):
Event: 4.483 Thread 0x000002bdec4ea800 DEOPT PACKING pc=0x000002bddb123a04 sp=0x000000e9bf5f8180
Event: 4.483 Thread 0x000002bdec4ea800 DEOPT UNPACKING pc=0x000002bdd35ca1af sp=0x000000e9bf5f8108 mode 2
Event: 4.483 Thread 0x000002bdec4ea800 Uncommon trap: trap_request=0xffffff4d fr.pc=0x000002bddb229794 relative=0x0000000000000714
Event: 4.483 Thread 0x000002bdec4ea800 Uncommon trap: reason=unstable_if action=reinterpret pc=0x000002bddb229794 method=java.util.HashMap.putVal(ILjava/lang/Object;Ljava/lang/Object;ZZ)Ljava/lang/Object; @ 85 c2
Event: 4.483 Thread 0x000002bdec4ea800 DEOPT PACKING pc=0x000002bddb229794 sp=0x000000e9bf5f81c0
Event: 4.483 Thread 0x000002bdec4ea800 DEOPT UNPACKING pc=0x000002bdd35ca1af sp=0x000000e9bf5f80f0 mode 2
Event: 4.485 Thread 0x000002bdec4ea800 Uncommon trap: trap_request=0xffffff4d fr.pc=0x000002bddb1975f8 relative=0x0000000000000318
Event: 4.485 Thread 0x000002bdec4ea800 Uncommon trap: reason=unstable_if action=reinterpret pc=0x000002bddb1975f8 method=org.gradle.internal.reflect.PropertyAccessorType.isGetGetterName(Ljava/lang/String;)Z @ 14 c2
Event: 4.485 Thread 0x000002bdec4ea800 DEOPT PACKING pc=0x000002bddb1975f8 sp=0x000000e9bf5f8cd0
Event: 4.485 Thread 0x000002bdec4ea800 DEOPT UNPACKING pc=0x000002bdd35ca1af sp=0x000000e9bf5f8c28 mode 2
Event: 4.507 Thread 0x000002bdec4ea800 Uncommon trap: trap_request=0xffffff4d fr.pc=0x000002bddb191b88 relative=0x00000000000000e8
Event: 4.507 Thread 0x000002bdec4ea800 Uncommon trap: reason=unstable_if action=reinterpret pc=0x000002bddb191b88 method=org.objectweb.asm.ByteVector.putShort(I)Lorg/objectweb/asm/ByteVector; @ 13 c2
Event: 4.507 Thread 0x000002bdec4ea800 DEOPT PACKING pc=0x000002bddb191b88 sp=0x000000e9bf5f87d0
Event: 4.507 Thread 0x000002bdec4ea800 DEOPT UNPACKING pc=0x000002bdd35ca1af sp=0x000000e9bf5f8768 mode 2
Event: 4.539 Thread 0x000002bdec4ea800 Uncommon trap: trap_request=0xffffff4d fr.pc=0x000002bddb1f7280 relative=0x0000000000001a80
Event: 4.539 Thread 0x000002bdec4ea800 Uncommon trap: reason=unstable_if action=reinterpret pc=0x000002bddb1f7280 method=java.util.concurrent.ConcurrentHashMap.computeIfAbsent(Ljava/lang/Object;Ljava/util/function/Function;)Ljava/lang/Object; @ 123 c2
Event: 4.539 Thread 0x000002bdec4ea800 DEOPT PACKING pc=0x000002bddb1f7280 sp=0x000000e9bf5f9b90
Event: 4.539 Thread 0x000002bdec4ea800 DEOPT UNPACKING pc=0x000002bdd35ca1af sp=0x000000e9bf5f9b20 mode 2
Event: 4.551 Thread 0x000002bdec4ea800 DEOPT PACKING pc=0x000002bdd41d16f4 sp=0x000000e9bf5f5fd0
Event: 4.551 Thread 0x000002bdec4ea800 DEOPT UNPACKING pc=0x000002bdd35ca95e sp=0x000000e9bf5f5570 mode 0

Classes redefined (0 events):
No events

Internal exceptions (20 events):
Event: 4.213 Thread 0x000002bdec4ea800 Exception <a 'java/lang/ClassNotFoundException'{0x0000000087d0d9c0}: org/gradle/internal/management/DefaultDependencyResolutionManagement_DecoratedCustomizer> (0x0000000087d0d9c0) thrown at [src/hotspot/share/classfile/systemDictionary.cpp, line 230]
Event: 4.218 Thread 0x000002bdec4ea800 Exception <a 'java/lang/ClassNotFoundException'{0x0000000087d9be20}: org/gradle/api/initialization/resolve/RepositoriesModeBeanInfo> (0x0000000087d9be20) thrown at [src/hotspot/share/classfile/systemDictionary.cpp, line 230]
Event: 4.218 Thread 0x000002bdec4ea800 Exception <a 'java/lang/ClassNotFoundException'{0x0000000087da0ce8}: java/lang/EnumBeanInfo> (0x0000000087da0ce8) thrown at [src/hotspot/share/classfile/systemDictionary.cpp, line 230]
Event: 4.218 Thread 0x000002bdec4ea800 Exception <a 'java/lang/ClassNotFoundException'{0x0000000087da5bd0}: java/lang/EnumCustomizer> (0x0000000087da5bd0) thrown at [src/hotspot/share/classfile/systemDictionary.cpp, line 230]
Event: 4.220 Thread 0x000002bdec4ea800 Exception <a 'java/lang/ClassNotFoundException'{0x0000000087dd55c0}: org/gradle/api/initialization/resolve/RepositoriesModeCustomizer> (0x0000000087dd55c0) thrown at [src/hotspot/share/classfile/systemDictionary.cpp, line 230]
Event: 4.224 Thread 0x000002bdec4ea800 Exception <a 'java/lang/ClassNotFoundException'{0x0000000087c63890}: org/gradle/api/internal/provider/DefaultPropertyBeanInfo> (0x0000000087c63890) thrown at [src/hotspot/share/classfile/systemDictionary.cpp, line 230]
Event: 4.225 Thread 0x000002bdec4ea800 Exception <a 'java/lang/ClassNotFoundException'{0x0000000087c8ad08}: org/gradle/api/internal/provider/AbstractPropertyBeanInfo> (0x0000000087c8ad08) thrown at [src/hotspot/share/classfile/systemDictionary.cpp, line 230]
Event: 4.225 Thread 0x000002bdec4ea800 Exception <a 'java/lang/ClassNotFoundException'{0x0000000087cb4a10}: org/gradle/api/internal/provider/AbstractMinimalProviderBeanInfo> (0x0000000087cb4a10) thrown at [src/hotspot/share/classfile/systemDictionary.cpp, line 230]
Event: 4.226 Thread 0x000002bdec4ea800 Exception <a 'java/lang/ClassNotFoundException'{0x0000000087cdea18}: org/gradle/api/internal/provider/AbstractMinimalProviderCustomizer> (0x0000000087cdea18) thrown at [src/hotspot/share/classfile/systemDictionary.cpp, line 230]
Event: 4.229 Thread 0x000002bdec4ea800 Exception <a 'java/lang/ClassNotFoundException'{0x0000000087542730}: org/gradle/api/internal/provider/AbstractPropertyCustomizer> (0x0000000087542730) thrown at [src/hotspot/share/classfile/systemDictionary.cpp, line 230]
Event: 4.230 Thread 0x000002bdec4ea800 Exception <a 'java/lang/ClassNotFoundException'{0x0000000087576060}: org/gradle/api/internal/provider/DefaultPropertyCustomizer> (0x0000000087576060) thrown at [src/hotspot/share/classfile/systemDictionary.cpp, line 230]
Event: 4.239 Thread 0x000002bdec4ea800 Exception <a 'java/lang/ClassNotFoundException'{0x000000008740b5f8}: org/gradle/initialization/DefaultProjectDescriptorBeanInfo> (0x000000008740b5f8) thrown at [src/hotspot/share/classfile/systemDictionary.cpp, line 230]
Event: 4.239 Thread 0x000002bdec4ea800 Exception <a 'java/lang/ClassNotFoundException'{0x0000000087432518}: org/gradle/initialization/DefaultProjectDescriptorCustomizer> (0x0000000087432518) thrown at [src/hotspot/share/classfile/systemDictionary.cpp, line 230]
Event: 4.242 Thread 0x000002bdec4ea800 Implicit null exception at 0x000002bddb1c10ef to 0x000002bddb1c1198
Event: 4.374 Thread 0x000002bdec9ad000 Exception <a 'java/lang/NoSuchMethodError'{0x000000008bf8ea98}: <clinit>> (0x000000008bf8ea98) thrown at [src/hotspot/share/prims/jni.cpp, line 1367]
Event: 4.374 Thread 0x000002bdec9ad000 Exception <a 'java/lang/NoSuchMethodError'{0x000000008bf90188}: <clinit>> (0x000000008bf90188) thrown at [src/hotspot/share/prims/jni.cpp, line 1367]
Event: 4.377 Thread 0x000002bdec9ad000 Exception <a 'java/lang/NoSuchMethodError'{0x0000000086807b20}: <clinit>> (0x0000000086807b20) thrown at [src/hotspot/share/prims/jni.cpp, line 1367]
Event: 4.378 Thread 0x000002bdec9ad000 Exception <a 'java/lang/NoSuchMethodError'{0x0000000086809ea8}: <clinit>> (0x0000000086809ea8) thrown at [src/hotspot/share/prims/jni.cpp, line 1367]
Event: 4.380 Thread 0x000002bdec9ad000 Exception <a 'java/lang/NoSuchMethodError'{0x0000000086899b38}: <clinit>> (0x0000000086899b38) thrown at [src/hotspot/share/prims/jni.cpp, line 1367]
Event: 4.483 Thread 0x000002bdec4ea800 Implicit null exception at 0x000002bddb12e9f4 to 0x000002bddb12ec04

Events (20 events):
Event: 4.581 loading class kotlin/collections/ArraysKt
Event: 4.581 loading class kotlin/collections/ArraysKt done
Event: 4.582 loading class kotlin/collections/ArraysKt___ArraysKt
Event: 4.582 loading class kotlin/collections/ArraysKt___ArraysKt done
Event: 4.590 loading class kotlin/collections/ArraysKt___ArraysJvmKt
Event: 4.590 loading class kotlin/collections/ArraysKt___ArraysJvmKt done
Event: 4.591 loading class kotlin/collections/ArraysKt__ArraysKt
Event: 4.591 loading class kotlin/collections/ArraysKt__ArraysKt done
Event: 4.592 Executing VM operation: G1CollectForAllocation
Event: 4.606 Executing VM operation: G1CollectForAllocation done
Event: 4.607 Executing VM operation: RevokeBias
Event: 4.608 Executing VM operation: RevokeBias done
Event: 4.608 loading class kotlin/collections/ArraysKt__ArraysJVMKt
Event: 4.608 loading class kotlin/collections/ArraysKt__ArraysJVMKt done
Event: 4.610 loading class kotlin/collections/ArraysUtilJVM
Event: 4.610 loading class kotlin/collections/ArraysUtilJVM done
Event: 4.611 loading class org/gradle/kotlin/dsl/tooling/builders/KotlinDslScriptsModelBuilder
Event: 4.611 loading class org/gradle/kotlin/dsl/tooling/builders/KotlinDslScriptsModelBuilder done
Event: 4.613 loading class org/gradle/buildinit/plugins/BuildInitPlugin
Event: 4.613 loading class org/gradle/buildinit/plugins/BuildInitPlugin done


Dynamic libraries:
0x00007ff79b780000 - 0x00007ff79b78a000 	C:\Program Files\Android\Android Studio\jbr\bin\java.exe
0x00007ff902310000 - 0x00007ff902508000 	C:\Windows\SYSTEM32\ntdll.dll
0x00007ff900ec0000 - 0x00007ff900f7f000 	C:\Windows\System32\KERNEL32.DLL
0x00007ff8fff20000 - 0x00007ff9001f2000 	C:\Windows\System32\KERNELBASE.dll
0x00007ff8ffc20000 - 0x00007ff8ffd20000 	C:\Windows\System32\ucrtbase.dll
0x00007ff8e57f0000 - 0x00007ff8e5807000 	C:\Program Files\Android\Android Studio\jbr\bin\jli.dll
0x00007ff8dfcb0000 - 0x00007ff8dfccb000 	C:\Program Files\Android\Android Studio\jbr\bin\VCRUNTIME140.dll
0x00007ff900f80000 - 0x00007ff901121000 	C:\Windows\System32\USER32.dll
0x00007ff8fed90000 - 0x00007ff8ff02a000 	C:\Windows\WinSxS\amd64_microsoft.windows.common-controls_6595b64144ccf1df_6.0.19041.1110_none_60b5254171f9507e\COMCTL32.dll
0x00007ff8ffa00000 - 0x00007ff8ffa22000 	C:\Windows\System32\win32u.dll
0x00007ff901770000 - 0x00007ff90180e000 	C:\Windows\System32\msvcrt.dll
0x00007ff900b80000 - 0x00007ff900bab000 	C:\Windows\System32\GDI32.dll
0x00007ff8ffa30000 - 0x00007ff8ffb3f000 	C:\Windows\System32\gdi32full.dll
0x00007ff8ffd20000 - 0x00007ff8ffdbd000 	C:\Windows\System32\msvcp_win.dll
0x00007ff901730000 - 0x00007ff901762000 	C:\Windows\System32\IMM32.DLL
0x00007ff8dfc20000 - 0x00007ff8dfcad000 	C:\Program Files\Android\Android Studio\jbr\bin\msvcp140.dll
0x00007ff8ec080000 - 0x00007ff8ec08c000 	C:\Windows\SYSTEM32\VCRUNTIME140_1.dll
0x00007ff89fa90000 - 0x00007ff8a064c000 	C:\Program Files\Android\Android Studio\jbr\bin\server\jvm.dll
0x00007ff900ca0000 - 0x00007ff900d4e000 	C:\Windows\System32\ADVAPI32.dll
0x00007ff9012c0000 - 0x00007ff90135c000 	C:\Windows\System32\sechost.dll
0x00007ff901130000 - 0x00007ff901255000 	C:\Windows\System32\RPCRT4.dll
0x00007ff900d50000 - 0x00007ff900d58000 	C:\Windows\System32\PSAPI.DLL
0x00007ff8edad0000 - 0x00007ff8edad9000 	C:\Windows\SYSTEM32\WSOCK32.dll
0x00007ff8f49e0000 - 0x00007ff8f4a07000 	C:\Windows\SYSTEM32\WINMM.dll
0x00007ff8f8ae0000 - 0x00007ff8f8aea000 	C:\Windows\SYSTEM32\VERSION.dll
0x00007ff9014f0000 - 0x00007ff90155b000 	C:\Windows\System32\WS2_32.dll
0x00007ff8fcae0000 - 0x00007ff8fcaf2000 	C:\Windows\SYSTEM32\kernel.appcore.dll
0x00007ff8ea7f0000 - 0x00007ff8ea800000 	C:\Program Files\Android\Android Studio\jbr\bin\verify.dll
0x00007ff8ff1f0000 - 0x00007ff8ff3d4000 	C:\Windows\SYSTEM32\DBGHELP.DLL
0x00007ff8ff1b0000 - 0x00007ff8ff1e5000 	C:\Windows\SYSTEM32\dbgcore.DLL
0x00007ff8ffb90000 - 0x00007ff8ffc12000 	C:\Windows\System32\bcryptPrimitives.dll
0x00007ff8d9740000 - 0x00007ff8d9768000 	C:\Program Files\Android\Android Studio\jbr\bin\java.dll
0x00007ff8ea1f0000 - 0x00007ff8ea1fa000 	C:\Program Files\Android\Android Studio\jbr\bin\jimage.dll
0x00007ff8da130000 - 0x00007ff8da148000 	C:\Program Files\Android\Android Studio\jbr\bin\zip.dll
0x00007ff900350000 - 0x00007ff900a94000 	C:\Windows\System32\SHELL32.dll
0x00007ff8fd470000 - 0x00007ff8fdc02000 	C:\Windows\SYSTEM32\windows.storage.dll
0x00007ff901dc0000 - 0x00007ff902115000 	C:\Windows\System32\combase.dll
0x00007ff8fecf0000 - 0x00007ff8fed20000 	C:\Windows\SYSTEM32\Wldp.dll
0x00007ff901680000 - 0x00007ff90172d000 	C:\Windows\System32\SHCORE.dll
0x00007ff901d60000 - 0x00007ff901db5000 	C:\Windows\System32\shlwapi.dll
0x00007ff8ff940000 - 0x00007ff8ff95f000 	C:\Windows\SYSTEM32\profapi.dll
0x00007ff8d9220000 - 0x00007ff8d9239000 	C:\Program Files\Android\Android Studio\jbr\bin\net.dll
0x00007ff8f8420000 - 0x00007ff8f852c000 	C:\Windows\SYSTEM32\WINHTTP.dll
0x00007ff8febc0000 - 0x00007ff8fec2a000 	C:\Windows\system32\mswsock.dll
0x00007ff8d8c50000 - 0x00007ff8d8c63000 	C:\Program Files\Android\Android Studio\jbr\bin\nio.dll
0x00007ff8fd2c0000 - 0x00007ff8fd2e7000 	C:\Users\Administrator\.gradle\native\e1d6ef7f7dcc3fd88c89a11ec53ec762bb8ba0a96d01ffa2cd45eb1d1d8dd5c5\windows-amd64\native-platform.dll
0x00007ff8ed980000 - 0x00007ff8edac4000 	C:\Users\Administrator\.gradle\native\0d407fdbe67a94daf76414ababcb853783967236a71b16ec16e742cd7a986fd3\windows-amd64\native-platform-file-events.dll
0x00007ff8f6cd0000 - 0x00007ff8f6cda000 	C:\Program Files\Android\Android Studio\jbr\bin\management.dll
0x00007ff8f6c80000 - 0x00007ff8f6c8b000 	C:\Program Files\Android\Android Studio\jbr\bin\management_ext.dll
0x00007ff8ff720000 - 0x00007ff8ff738000 	C:\Windows\SYSTEM32\CRYPTSP.dll
0x00007ff8fe3d0000 - 0x00007ff8fe404000 	C:\Windows\system32\rsaenh.dll
0x00007ff900200000 - 0x00007ff900227000 	C:\Windows\System32\bcrypt.dll
0x00007ff8ff8c0000 - 0x00007ff8ff8ee000 	C:\Windows\SYSTEM32\USERENV.dll
0x00007ff8fecb0000 - 0x00007ff8fecbc000 	C:\Windows\SYSTEM32\CRYPTBASE.dll
0x00007ff8fe740000 - 0x00007ff8fe77b000 	C:\Windows\SYSTEM32\IPHLPAPI.DLL
0x00007ff9018e0000 - 0x00007ff9018e8000 	C:\Windows\System32\NSI.dll
0x00007ff8f8d70000 - 0x00007ff8f8d87000 	C:\Windows\SYSTEM32\dhcpcsvc6.DLL
0x00007ff8f8d50000 - 0x00007ff8f8d6d000 	C:\Windows\SYSTEM32\dhcpcsvc.DLL
0x00007ff8fe780000 - 0x00007ff8fe84a000 	C:\Windows\SYSTEM32\DNSAPI.dll

dbghelp: loaded successfully - version: 4.0.5 - missing functions: none
symbol engine: initialized successfully - sym options: 0x614 - pdb path: .;C:\Program Files\Android\Android Studio\jbr\bin;C:\Windows\SYSTEM32;C:\Windows\WinSxS\amd64_microsoft.windows.common-controls_6595b64144ccf1df_6.0.19041.1110_none_60b5254171f9507e;C:\Program Files\Android\Android Studio\jbr\bin\server;C:\Users\Administrator\.gradle\native\e1d6ef7f7dcc3fd88c89a11ec53ec762bb8ba0a96d01ffa2cd45eb1d1d8dd5c5\windows-amd64;C:\Users\Administrator\.gradle\native\0d407fdbe67a94daf76414ababcb853783967236a71b16ec16e742cd7a986fd3\windows-amd64

VM Arguments:
jvm_args: --add-opens=java.base/java.util=ALL-UNNAMED --add-opens=java.base/java.lang=ALL-UNNAMED --add-opens=java.base/java.lang.invoke=ALL-UNNAMED --add-opens=java.base/java.util=ALL-UNNAMED --add-opens=java.prefs/java.util.prefs=ALL-UNNAMED --add-opens=java.prefs/java.util.prefs=ALL-UNNAMED --add-opens=java.base/java.nio.charset=ALL-UNNAMED --add-opens=java.base/java.net=ALL-UNNAMED --add-opens=java.base/java.util.concurrent.atomic=ALL-UNNAMED -Xmx2048m -Dfile.encoding=UTF-8 -Duser.country=US -Duser.language=en -Duser.variant 
java_command: org.gradle.launcher.daemon.bootstrap.GradleDaemon 7.5
java_class_path (initial): C:\Users\Administrator\.gradle\wrapper\dists\gradle-7.5-bin\f1w0cc9nuo0eivz97x2xlu9sv\gradle-7.5\lib\gradle-launcher-7.5.jar
Launcher Type: SUN_STANDARD

[Global flags]
     intx CICompilerCount                          = 3                                         {product} {ergonomic}
     uint ConcGCThreads                            = 1                                         {product} {ergonomic}
     uint G1ConcRefinementThreads                  = 4                                         {product} {ergonomic}
   size_t G1HeapRegionSize                         = 1048576                                   {product} {ergonomic}
    uintx GCDrainStackTargetSize                   = 64                                        {product} {ergonomic}
   size_t InitialHeapSize                          = 201326592                                 {product} {ergonomic}
   size_t MarkStackSize                            = 4194304                                   {product} {ergonomic}
   size_t MaxHeapSize                              = 2147483648                                {product} {command line}
   size_t MaxNewSize                               = 1287651328                                {product} {ergonomic}
   size_t MinHeapDeltaBytes                        = 1048576                                   {product} {ergonomic}
    uintx NonNMethodCodeHeapSize                   = 5830732                                {pd product} {ergonomic}
    uintx NonProfiledCodeHeapSize                  = 122913754                              {pd product} {ergonomic}
    uintx ProfiledCodeHeapSize                     = 122913754                              {pd product} {ergonomic}
    uintx ReservedCodeCacheSize                    = 251658240                              {pd product} {ergonomic}
     bool SegmentedCodeCache                       = true                                      {product} {ergonomic}
     bool UseCompressedClassPointers               = true                                 {lp64_product} {ergonomic}
     bool UseCompressedOops                        = true                                 {lp64_product} {ergonomic}
     bool UseG1GC                                  = true                                      {product} {ergonomic}
     bool UseLargePagesIndividualAllocation        = false                                  {pd product} {ergonomic}

Logging:
Log output configuration:
 #0: stdout all=warning uptime,level,tags
 #1: stderr all=off uptime,level,tags

Environment Variables:
PATH=C:\Program Files\Common Files\Oracle\Java\javapath;C:\Windows\system32;C:\Windows;C:\Windows\System32\Wbem;C:\Windows\System32\WindowsPowerShell\v1.0\;C:\Windows\System32\OpenSSH\;C:\Program Files\nodejs\;C:\Program Files (x86)\dotnet\;C:\Program Files\Git\cmd;C:\Users\Administrator\AppData\Local\Microsoft\WindowsApps;D:\Microsoft VS Code\bin;C:\Program Files\Java\jdk-19\bin;;C:\Program Files\JetBrains\IntelliJ IDEA Community Edition 2022.3.1\bin;;C:\Users\Administrator\AppData\Roaming\npm
USERNAME=Administrator
OS=Windows_NT
PROCESSOR_IDENTIFIER=Intel64 Family 6 Model 158 Stepping 9, GenuineIntel



---------------  S Y S T E M  ---------------

OS: Windows 10 , 64 bit Build 19041 (10.0.19041.2364)
OS uptime: 0 days 1:22 hours

CPU:total 4 (initial active 4) (2 cores per cpu, 2 threads per core) family 6 model 158 stepping 9 microcode 0xb4, cmov, cx8, fxsr, mmx, sse, sse2, sse3, ssse3, sse4.1, sse4.2, popcnt, avx, avx2, aes, clmul, erms, 3dnowpref, lzcnt, ht, tsc, tscinvbit, bmi1, bmi2, adx, fma

Memory: 4k page, system-wide physical 12246M (2903M free)
TotalPageFile size 17622M (AvailPageFile size 5273M)
current process WorkingSet (physical memory assigned to process): 311M, peak: 313M
current process commit charge ("private bytes"): 389M, peak: 392M

vm_info: OpenJDK 64-Bit Server VM (11.0.15+0-b2043.56-8887301) for windows-amd64 JRE (11.0.15+0-b2043.56-8887301), built on Jul 29 2022 23:19:47 by "builduser" with unknown MS VC++:1929

END.
