#
# A fatal error has been detected by the Java Runtime Environment:
#
#  EXCEPTION_ACCESS_VIOLATION (0xc0000005) at pc=0x00007ff8a00fd64a, pid=5636, tid=7504
#
# JRE version: OpenJDK Runtime Environment (11.0.15) (build 11.0.15+0-b2043.56-8887301)
# Java VM: OpenJDK 64-Bit Server VM (11.0.15+0-b2043.56-8887301, mixed mode, tiered, compressed oops, g1 gc, windows-amd64)
# Problematic frame:
# V  [jvm.dll+0x66d64a]
#
# No core dump will be written. Minidumps are not enabled by default on client versions of Windows
#
# If you would like to submit a bug report, please visit:
#   https://bugreport.java.com/bugreport/crash.jsp
#

---------------  S U M M A R Y ------------

Command Line: --add-opens=java.base/java.util=ALL-UNNAMED --add-opens=java.base/java.lang=ALL-UNNAMED --add-opens=java.base/java.lang.invoke=ALL-UNNAMED --add-opens=java.base/java.util=ALL-UNNAMED --add-opens=java.prefs/java.util.prefs=ALL-UNNAMED --add-opens=java.prefs/java.util.prefs=ALL-UNNAMED --add-opens=java.base/java.nio.charset=ALL-UNNAMED --add-opens=java.base/java.net=ALL-UNNAMED --add-opens=java.base/java.util.concurrent.atomic=ALL-UNNAMED -Xmx2048m -Dfile.encoding=UTF-8 -Duser.country=US -Duser.language=en -Duser.variant org.gradle.launcher.daemon.bootstrap.GradleDaemon 7.5

Host: Intel(R) Core(TM) i3-7100 CPU @ 3.90GHz, 4 cores, 11G,  Windows 10 , 64 bit Build 19041 (10.0.19041.2364)
Time: Tue Feb  7 04:24:03 2023 Bangladesh Standard Time elapsed time: 13.130520 seconds (0d 0h 0m 13s)

---------------  T H R E A D  ---------------

Current thread (0x000002117f420800):  JavaThread "C2 CompilerThread1" daemon [_thread_in_native, id=7504, stack(0x000000374cc00000,0x000000374cd00000)]


Current CompileTask:
C2:  13130 7572 %     4       groovy.lang.MetaClassImpl::inheritInterfaceNewMetaMethods @ 100 (195 bytes)

Stack: [0x000000374cc00000,0x000000374cd00000],  sp=0x000000374ccfb410,  free space=1005k
Native frames: (J=compiled Java code, j=interpreted, Vv=VM code, C=native code)
V  [jvm.dll+0x66d64a]
V  [jvm.dll+0xceaad]
V  [jvm.dll+0x379a8d]
V  [jvm.dll+0x37855f]
V  [jvm.dll+0x378095]
V  [jvm.dll+0x670857]
V  [jvm.dll+0x66f369]
V  [jvm.dll+0x566383]
V  [jvm.dll+0x2239b6]
V  [jvm.dll+0x220384]
V  [jvm.dll+0x19e851]
V  [jvm.dll+0x230479]
V  [jvm.dll+0x22e5ef]
V  [jvm.dll+0x794de1]
V  [jvm.dll+0x78dc24]
V  [jvm.dll+0x6400f6]
C  [ucrtbase.dll+0x21bb2]
C  [KERNEL32.DLL+0x17614]
C  [ntdll.dll+0x526a1]


siginfo: EXCEPTION_ACCESS_VIOLATION (0xc0000005), reading address 0x00007f78a03a85e0


Register to memory mapping:

RIP=0x00007ff8a00fd64a jvm.dll
RAX=0x00007f78a03a85e0 is an unknown value
RBX=0x0000021102cad8b0 points into unknown readable memory: 0x00007ff8a0330628 | 28 06 33 a0 f8 7f 00 00
RCX=0x0000021102cae320 points into unknown readable memory: 0x00007f78a03a85e0 | e0 85 3a a0 78 7f 00 00
RDX=0x000002117fceb4bc points into unknown readable memory: fe ff ff ff
RSP=0x000000374ccfb410 is pointing into the stack for thread: 0x000002117f420800
RBP=0x0000021105329820 points into unknown readable memory: 0x00007ff8a0330560 | 60 05 33 a0 f8 7f 00 00
RSI=0x000000374ccfb7e0 is pointing into the stack for thread: 0x000002117f420800
RDI=0x0 is NULL
R8 =0x0000000000400000 is an unknown value
R9 =0x0000021105329790 points into unknown readable memory: 0x00000211053296f8 | f8 96 32 05 11 02 00 00
R10=0x0000000000007fff is an unknown value
R11=0x0 is NULL
R12=0x0000021102cae050 points into unknown readable memory: 0x00007ff8a03a7f20 | 20 7f 3a a0 f8 7f 00 00
R13=0x000000374ccfb7e0 is pointing into the stack for thread: 0x000002117f420800
R14=0x0000021102cae320 points into unknown readable memory: 0x00007f78a03a85e0 | e0 85 3a a0 78 7f 00 00
R15=0x000000000000011a is an unknown value


Registers:
RAX=0x00007f78a03a85e0, RBX=0x0000021102cad8b0, RCX=0x0000021102cae320, RDX=0x000002117fceb4bc
RSP=0x000000374ccfb410, RBP=0x0000021105329820, RSI=0x000000374ccfb7e0, RDI=0x0000000000000000
R8 =0x0000000000400000, R9 =0x0000021105329790, R10=0x0000000000007fff, R11=0x0000000000000000
R12=0x0000021102cae050, R13=0x000000374ccfb7e0, R14=0x0000021102cae320, R15=0x000000000000011a
RIP=0x00007ff8a00fd64a, EFLAGS=0x0000000000010297

Top of Stack: (sp=0x000000374ccfb410)
0x000000374ccfb410:   0000021105329820 00007ff8a01de404
0x000000374ccfb420:   000000374ccfb7e0 0000000000000000
0x000000374ccfb430:   0000021102cae320 00007ff8a006f149
0x000000374ccfb440:   0000021102cae0e0 00007ff89fb1834b
0x000000374ccfb450:   0000021102cae0f0 0000021102cad828
0x000000374ccfb460:   0000021102cad8b0 00000211053296f8
0x000000374ccfb470:   000000374ccfb7e0 0000021102cad8b0
0x000000374ccfb480:   0000021102cad8b0 000000374ccfb7e0
0x000000374ccfb490:   0000021105329820 0000021102cad828
0x000000374ccfb4a0:   0000021105329820 00007ff89fb5eaad
0x000000374ccfb4b0:   000000374ccfb7e0 0000021102cad8b0
0x000000374ccfb4c0:   0000021105329800 0000021102cad8b0
0x000000374ccfb4d0:   00000211053297b8 00007ff89fe09a8d
0x000000374ccfb4e0:   0000021105329748 000000374ccfb7e0
0x000000374ccfb4f0:   0000021105329748 000000374ccfb7e0
0x000000374ccfb500:   0000000000000329 0000000000001940 

Instructions: (pc=0x00007ff8a00fd64a)
0x00007ff8a00fd54a:   89 47 18 3b 77 08 72 0a 8b d6 48 8b cf e8 84 0a
0x00007ff8a00fd55a:   fb ff 48 8b 47 10 48 89 2c f0 48 83 c3 08 49 3b
0x00007ff8a00fd56a:   df 72 93 4c 8b 74 24 20 48 8b 7c 24 58 48 8b 74
0x00007ff8a00fd57a:   24 50 48 8b 6c 24 40 48 83 c4 28 41 5f 5b c3 cc
0x00007ff8a00fd58a:   cc cc cc cc cc cc 48 89 54 24 10 48 89 4c 24 08
0x00007ff8a00fd59a:   53 41 55 48 81 ec 88 00 00 00 48 8b da 4c 8b e9
0x00007ff8a00fd5aa:   e8 11 ff ff ff 48 8b 4b 10 8b 43 20 48 89 4c 24
0x00007ff8a00fd5ba:   30 48 8d 04 c1 48 89 44 24 40 48 3b c8 0f 83 e2
0x00007ff8a00fd5ca:   07 00 00 48 89 ac 24 80 00 00 00 48 89 74 24 78
0x00007ff8a00fd5da:   48 89 7c 24 70 4c 89 64 24 68 4c 89 74 24 60 4c
0x00007ff8a00fd5ea:   89 7c 24 58 66 90 4c 8b 31 4c 89 74 24 20 41 f6
0x00007ff8a00fd5fa:   46 2c 01 75 0b 41 8b 46 2c 83 e0 7f 3c 50 75 0b
0x00007ff8a00fd60a:   49 8b d6 49 8b cd e8 ab fe ff ff 41 8b 46 2c 83
0x00007ff8a00fd61a:   e0 3f 3c 2f 75 24 49 8b 46 08 48 3b 58 28 75 1a
0x00007ff8a00fd62a:   33 d2 49 8b ce e8 7c 03 fa ff 48 85 c0 74 0b 48
0x00007ff8a00fd63a:   8b d0 49 8b cd e8 7c fe ff ff 49 8b 06 49 8b ce
0x00007ff8a00fd64a:   ff 10 41 80 7e 2c c0 44 8b f8 0f 85 23 01 00 00
0x00007ff8a00fd65a:   49 8b d6 49 8b cd e8 2b ff ff ff 41 83 7e 20 00
0x00007ff8a00fd66a:   76 49 49 8b 4e 10 48 8b 01 83 78 20 00 76 3c 48
0x00007ff8a00fd67a:   8b 40 10 48 8b 08 83 79 20 02 75 2f 48 8b 41 10
0x00007ff8a00fd68a:   48 8b 10 83 7a 20 00 76 22 48 8b 48 08 83 79 20
0x00007ff8a00fd69a:   00 76 18 48 8b 42 10 48 8b 10 48 8b 41 10 48 3b
0x00007ff8a00fd6aa:   10 75 08 49 8b cd e8 0b fe ff ff 41 83 ff 43 0f
0x00007ff8a00fd6ba:   85 be 00 00 00 48 8b d3 49 8b ce e8 46 10 00 00
0x00007ff8a00fd6ca:   48 85 c0 74 0f 49 8d 8d d8 09 00 00 48 8b d0 e8
0x00007ff8a00fd6da:   b2 81 a4 ff 49 8b 46 08 33 db 48 8b 70 08 39 5e
0x00007ff8a00fd6ea:   20 0f 86 8c 00 00 00 0f 1f 40 00 66 66 66 0f 1f
0x00007ff8a00fd6fa:   84 00 00 00 00 00 48 8b 46 10 48 8d 3c dd 00 00
0x00007ff8a00fd70a:   00 00 48 8b 0c 07 48 8b 01 ff 10 83 f8 2d 75 5c
0x00007ff8a00fd71a:   48 8b 46 10 48 8b 14 07 48 8b 42 08 48 8b 00 48
0x00007ff8a00fd72a:   85 c0 74 48 48 8b 40 08 48 8b 08 48 85 c9 74 3c
0x00007ff8a00fd73a:   8b 41 2c 83 e0 1f 3c 15 75 32 48 8b 41 08 48 8b 


Stack slot to memory mapping:
stack at sp + 0 slots: 0x0000021105329820 points into unknown readable memory: 0x00007ff8a0330560 | 60 05 33 a0 f8 7f 00 00
stack at sp + 1 slots: 0x00007ff8a01de404 jvm.dll
stack at sp + 2 slots: 0x000000374ccfb7e0 is pointing into the stack for thread: 0x000002117f420800
stack at sp + 3 slots: 0x0 is NULL
stack at sp + 4 slots: 0x0000021102cae320 points into unknown readable memory: 0x00007f78a03a85e0 | e0 85 3a a0 78 7f 00 00
stack at sp + 5 slots: 0x00007ff8a006f149 jvm.dll
stack at sp + 6 slots: 0x0000021102cae0e0 points into unknown readable memory: 0x0000021102cae320 | 20 e3 ca 02 11 02 00 00
stack at sp + 7 slots: 0x00007ff89fb1834b jvm.dll


---------------  P R O C E S S  ---------------

Threads class SMR info:
_java_thread_list=0x0000021104dc7240, length=80, elements={
0x0000021162ca0000, 0x000002117c8f8000, 0x000002117c8f9800, 0x000002117d149800,
0x000002117d14b800, 0x000002117d14f000, 0x000002117d152000, 0x000002117d155800,
0x000002117d1b3800, 0x000002117d2ba800, 0x000002117f658800, 0x000002117fd7d800,
0x000002117f0b4000, 0x000002117e327000, 0x000002117f0cb000, 0x000002117d60f800,
0x000002117f498000, 0x000002117f6ff000, 0x000002117f155800, 0x000002117f420800,
0x000002117ddc5000, 0x000002117f5e6800, 0x000002117f5e5800, 0x000002117f5e9800,
0x000002117f5e9000, 0x000002117f5ea800, 0x000002117f5e8000, 0x000002117f5e5000,
0x000002117f5e7000, 0x000002117f5eb800, 0x0000021100b44000, 0x0000021100b43000,
0x0000021100b47800, 0x0000021100b4a800, 0x0000021100b49800, 0x0000021100b4c000,
0x0000021100b46800, 0x0000021100b4e800, 0x0000021100b51000, 0x0000021100b4e000,
0x0000021100b52000, 0x0000021100b4f800, 0x000002117ff5c000, 0x000002117ff59800,
0x000002117ff5b000, 0x000002117ff57800, 0x000002117ff5c800, 0x000002117ff5a000,
0x000002117ff5d800, 0x000002117ff5e000, 0x000002117ff58800, 0x000002117ff64000,
0x000002117ff63000, 0x000002117ff65000, 0x000002117ff60800, 0x000002117ff5f000,
0x000002117ff65800, 0x000002117ff61800, 0x000002117ff60000, 0x000002117ff66800,
0x000002117ff62800, 0x000002117e3c3000, 0x000002117e3c9800, 0x000002117e3c4000,
0x000002117e3c4800, 0x000002117e3ca800, 0x000002117e3c8000, 0x000002117e3cb000,
0x000002117e3c5800, 0x000002117e3cc000, 0x000002117e3c7000, 0x000002117e3c6000,
0x000002117e3cd000, 0x000002117e3c8800, 0x000002117e3ce800, 0x000002117e3cf000,
0x000002117e3d0000, 0x000002117e3d1000, 0x000002117e3d1800, 0x000002117e3cd800
}

Java Threads: ( => current thread )
  0x0000021162ca0000 JavaThread "main" [_thread_blocked, id=7856, stack(0x000000374ae00000,0x000000374af00000)]
  0x000002117c8f8000 JavaThread "Reference Handler" daemon [_thread_blocked, id=4896, stack(0x000000374b500000,0x000000374b600000)]
  0x000002117c8f9800 JavaThread "Finalizer" daemon [_thread_blocked, id=5540, stack(0x000000374b600000,0x000000374b700000)]
  0x000002117d149800 JavaThread "Signal Dispatcher" daemon [_thread_blocked, id=5604, stack(0x000000374b700000,0x000000374b800000)]
  0x000002117d14b800 JavaThread "Attach Listener" daemon [_thread_blocked, id=684, stack(0x000000374b800000,0x000000374b900000)]
  0x000002117d14f000 JavaThread "Service Thread" daemon [_thread_blocked, id=10388, stack(0x000000374b900000,0x000000374ba00000)]
  0x000002117d152000 JavaThread "C2 CompilerThread0" daemon [_thread_in_native, id=9132, stack(0x000000374ba00000,0x000000374bb00000)]
  0x000002117d155800 JavaThread "C1 CompilerThread0" daemon [_thread_blocked, id=3048, stack(0x000000374bb00000,0x000000374bc00000)]
  0x000002117d1b3800 JavaThread "Sweeper thread" daemon [_thread_blocked, id=792, stack(0x000000374bc00000,0x000000374bd00000)]
  0x000002117d2ba800 JavaThread "Common-Cleaner" daemon [_thread_blocked, id=7212, stack(0x000000374bd00000,0x000000374be00000)]
  0x000002117f658800 JavaThread "Daemon health stats" [_thread_blocked, id=1736, stack(0x000000374c400000,0x000000374c500000)]
  0x000002117fd7d800 JavaThread "Incoming local TCP Connector on port 50835" [_thread_in_native, id=4348, stack(0x000000374c500000,0x000000374c600000)]
  0x000002117f0b4000 JavaThread "Daemon periodic checks" [_thread_blocked, id=9664, stack(0x000000374c600000,0x000000374c700000)]
  0x000002117e327000 JavaThread "Daemon" [_thread_blocked, id=3312, stack(0x000000374c700000,0x000000374c800000)]
  0x000002117f0cb000 JavaThread "Handler for socket connection from /127.0.0.1:50835 to /127.0.0.1:50836" [_thread_in_native, id=6288, stack(0x000000374c800000,0x000000374c900000)]
  0x000002117d60f800 JavaThread "Cancel handler" [_thread_blocked, id=7976, stack(0x000000374c000000,0x000000374c100000)]
  0x000002117f498000 JavaThread "Daemon worker" [_thread_in_native, id=11104, stack(0x000000374c900000,0x000000374ca00000)]
  0x000002117f6ff000 JavaThread "Asynchronous log dispatcher for DefaultDaemonConnection: socket connection from /127.0.0.1:50835 to /127.0.0.1:50836" [_thread_blocked, id=1612, stack(0x000000374ca00000,0x000000374cb00000)]
  0x000002117f155800 JavaThread "Stdin handler" [_thread_blocked, id=5308, stack(0x000000374cb00000,0x000000374cc00000)]
=>0x000002117f420800 JavaThread "C2 CompilerThread1" daemon [_thread_in_native, id=7504, stack(0x000000374cc00000,0x000000374cd00000)]
  0x000002117ddc5000 JavaThread "Daemon client event forwarder" [_thread_blocked, id=4908, stack(0x000000374cd00000,0x000000374ce00000)]
  0x000002117f5e6800 JavaThread "Cache worker for journal cache (C:\Users\Administrator\.gradle\caches\journal-1)" [_thread_blocked, id=7580, stack(0x000000374ce00000,0x000000374cf00000)]
  0x000002117f5e5800 JavaThread "File lock request listener" [_thread_in_native, id=11232, stack(0x000000374cf00000,0x000000374d000000)]
  0x000002117f5e9800 JavaThread "Cache worker for file hash cache (C:\Users\Administrator\.gradle\caches\7.5\fileHashes)" [_thread_blocked, id=3464, stack(0x000000374d000000,0x000000374d100000)]
  0x000002117f5e9000 JavaThread "File watcher server" daemon [_thread_in_native, id=11120, stack(0x000000374d100000,0x000000374d200000)]
  0x000002117f5ea800 JavaThread "File watcher consumer" daemon [_thread_blocked, id=11080, stack(0x000000374d200000,0x000000374d300000)]
  0x000002117f5e8000 JavaThread "Cache worker for checksums cache (P:\SocialMedia\.gradle\7.5\checksums)" [_thread_blocked, id=1796, stack(0x000000374d300000,0x000000374d400000)]
  0x000002117f5e5000 JavaThread "Cache worker for cache directory md-rule (C:\Users\Administrator\.gradle\caches\7.5\md-rule)" [_thread_blocked, id=4500, stack(0x000000374d400000,0x000000374d500000)]
  0x000002117f5e7000 JavaThread "Cache worker for file content cache (C:\Users\Administrator\.gradle\caches\7.5\fileContent)" [_thread_blocked, id=8468, stack(0x000000374d500000,0x000000374d600000)]
  0x000002117f5eb800 JavaThread "Cache worker for file hash cache (P:\SocialMedia\.gradle\7.5\fileHashes)" [_thread_blocked, id=5640, stack(0x000000374d600000,0x000000374d700000)]
  0x0000021100b44000 JavaThread "Cache worker for cache directory md-supplier (C:\Users\Administrator\.gradle\caches\7.5\md-supplier)" [_thread_blocked, id=2052, stack(0x000000374d700000,0x000000374d800000)]
  0x0000021100b43000 JavaThread "Cache worker for execution history cache (C:\Users\Administrator\.gradle\caches\7.5\executionHistory)" [_thread_blocked, id=2688, stack(0x000000374d800000,0x000000374d900000)]
  0x0000021100b47800 JavaThread "jar transforms" [_thread_blocked, id=4624, stack(0x000000374d900000,0x000000374da00000)]
  0x0000021100b4a800 JavaThread "jar transforms Thread 2" [_thread_blocked, id=11000, stack(0x000000374da00000,0x000000374db00000)]
  0x0000021100b49800 JavaThread "jar transforms Thread 3" [_thread_blocked, id=4244, stack(0x000000374db00000,0x000000374dc00000)]
  0x0000021100b4c000 JavaThread "jar transforms Thread 4" [_thread_blocked, id=1476, stack(0x000000374dc00000,0x000000374dd00000)]
  0x0000021100b46800 JavaThread "Cache worker for dependencies-accessors (P:\SocialMedia\.gradle\7.5\dependencies-accessors)" [_thread_blocked, id=6036, stack(0x000000374dd00000,0x000000374de00000)]
  0x0000021100b4e800 JavaThread "Cache worker for Build Output Cleanup Cache (P:\SocialMedia\.gradle\buildOutputCleanup)" [_thread_blocked, id=1092, stack(0x000000374de00000,0x000000374df00000)]
  0x0000021100b51000 JavaThread "Unconstrained build operations" [_thread_blocked, id=572, stack(0x000000374df00000,0x000000374e000000)]
  0x0000021100b4e000 JavaThread "Unconstrained build operations Thread 2" [_thread_blocked, id=3752, stack(0x000000374e000000,0x000000374e100000)]
  0x0000021100b52000 JavaThread "Unconstrained build operations Thread 3" [_thread_blocked, id=4364, stack(0x000000374e100000,0x000000374e200000)]
  0x0000021100b4f800 JavaThread "Unconstrained build operations Thread 4" [_thread_blocked, id=10180, stack(0x000000374e200000,0x000000374e300000)]
  0x000002117ff5c000 JavaThread "Unconstrained build operations Thread 5" [_thread_blocked, id=1776, stack(0x000000374e300000,0x000000374e400000)]
  0x000002117ff59800 JavaThread "Unconstrained build operations Thread 6" [_thread_blocked, id=2748, stack(0x000000374e400000,0x000000374e500000)]
  0x000002117ff5b000 JavaThread "Unconstrained build operations Thread 7" [_thread_blocked, id=7612, stack(0x000000374e500000,0x000000374e600000)]
  0x000002117ff57800 JavaThread "Unconstrained build operations Thread 8" [_thread_blocked, id=4956, stack(0x000000374e600000,0x000000374e700000)]
  0x000002117ff5c800 JavaThread "Unconstrained build operations Thread 9" [_thread_blocked, id=10224, stack(0x000000374e700000,0x000000374e800000)]
  0x000002117ff5a000 JavaThread "Unconstrained build operations Thread 10" [_thread_blocked, id=2180, stack(0x000000374e800000,0x000000374e900000)]
  0x000002117ff5d800 JavaThread "Unconstrained build operations Thread 11" [_thread_blocked, id=5148, stack(0x000000374e900000,0x000000374ea00000)]
  0x000002117ff5e000 JavaThread "Unconstrained build operations Thread 12" [_thread_blocked, id=5580, stack(0x000000374ea00000,0x000000374eb00000)]
  0x000002117ff58800 JavaThread "Unconstrained build operations Thread 13" [_thread_blocked, id=3192, stack(0x000000374eb00000,0x000000374ec00000)]
  0x000002117ff64000 JavaThread "Unconstrained build operations Thread 14" [_thread_blocked, id=11052, stack(0x000000374ec00000,0x000000374ed00000)]
  0x000002117ff63000 JavaThread "Unconstrained build operations Thread 15" [_thread_blocked, id=6960, stack(0x000000374ed00000,0x000000374ee00000)]
  0x000002117ff65000 JavaThread "Unconstrained build operations Thread 16" [_thread_blocked, id=3152, stack(0x000000374ee00000,0x000000374ef00000)]
  0x000002117ff60800 JavaThread "Unconstrained build operations Thread 17" [_thread_blocked, id=7616, stack(0x000000374ef00000,0x000000374f000000)]
  0x000002117ff5f000 JavaThread "Unconstrained build operations Thread 18" [_thread_blocked, id=8236, stack(0x000000374f000000,0x000000374f100000)]
  0x000002117ff65800 JavaThread "Unconstrained build operations Thread 19" [_thread_blocked, id=10708, stack(0x000000374f100000,0x000000374f200000)]
  0x000002117ff61800 JavaThread "Unconstrained build operations Thread 20" [_thread_blocked, id=5720, stack(0x000000374f200000,0x000000374f300000)]
  0x000002117ff60000 JavaThread "Unconstrained build operations Thread 21" [_thread_blocked, id=5384, stack(0x000000374f300000,0x000000374f400000)]
  0x000002117ff66800 JavaThread "Unconstrained build operations Thread 22" [_thread_blocked, id=3400, stack(0x000000374f400000,0x000000374f500000)]
  0x000002117ff62800 JavaThread "Unconstrained build operations Thread 23" [_thread_blocked, id=3604, stack(0x000000374f500000,0x000000374f600000)]
  0x000002117e3c3000 JavaThread "Unconstrained build operations Thread 24" [_thread_blocked, id=5268, stack(0x000000374f600000,0x000000374f700000)]
  0x000002117e3c9800 JavaThread "Unconstrained build operations Thread 25" [_thread_blocked, id=5792, stack(0x000000374f700000,0x000000374f800000)]
  0x000002117e3c4000 JavaThread "Unconstrained build operations Thread 26" [_thread_blocked, id=8016, stack(0x000000374f800000,0x000000374f900000)]
  0x000002117e3c4800 JavaThread "Unconstrained build operations Thread 27" [_thread_blocked, id=10704, stack(0x000000374f900000,0x000000374fa00000)]
  0x000002117e3ca800 JavaThread "Unconstrained build operations Thread 28" [_thread_blocked, id=11224, stack(0x000000374fa00000,0x000000374fb00000)]
  0x000002117e3c8000 JavaThread "Unconstrained build operations Thread 29" [_thread_blocked, id=7672, stack(0x000000374fb00000,0x000000374fc00000)]
  0x000002117e3cb000 JavaThread "Unconstrained build operations Thread 30" [_thread_blocked, id=1640, stack(0x000000374fc00000,0x000000374fd00000)]
  0x000002117e3c5800 JavaThread "Unconstrained build operations Thread 31" [_thread_blocked, id=6108, stack(0x000000374fd00000,0x000000374fe00000)]
  0x000002117e3cc000 JavaThread "Unconstrained build operations Thread 32" [_thread_blocked, id=4700, stack(0x000000374fe00000,0x000000374ff00000)]
  0x000002117e3c7000 JavaThread "Unconstrained build operations Thread 33" [_thread_blocked, id=1348, stack(0x000000374ff00000,0x0000003750000000)]
  0x000002117e3c6000 JavaThread "Unconstrained build operations Thread 34" [_thread_blocked, id=7068, stack(0x0000003750000000,0x0000003750100000)]
  0x000002117e3cd000 JavaThread "Unconstrained build operations Thread 35" [_thread_blocked, id=5072, stack(0x0000003750100000,0x0000003750200000)]
  0x000002117e3c8800 JavaThread "Unconstrained build operations Thread 36" [_thread_blocked, id=1496, stack(0x0000003750200000,0x0000003750300000)]
  0x000002117e3ce800 JavaThread "Unconstrained build operations Thread 37" [_thread_blocked, id=11176, stack(0x0000003750300000,0x0000003750400000)]
  0x000002117e3cf000 JavaThread "Unconstrained build operations Thread 38" [_thread_blocked, id=5128, stack(0x0000003750400000,0x0000003750500000)]
  0x000002117e3d0000 JavaThread "Unconstrained build operations Thread 39" [_thread_blocked, id=5848, stack(0x0000003750500000,0x0000003750600000)]
  0x000002117e3d1000 JavaThread "Unconstrained build operations Thread 40" [_thread_blocked, id=2068, stack(0x0000003750600000,0x0000003750700000)]
  0x000002117e3d1800 JavaThread "build event listener" [_thread_blocked, id=6208, stack(0x0000003750700000,0x0000003750800000)]
  0x000002117e3cd800 JavaThread "Memory manager" [_thread_blocked, id=7652, stack(0x0000003750800000,0x0000003750900000)]

Other Threads:
  0x000002117c8e3000 VMThread "VM Thread" [stack: 0x000000374b400000,0x000000374b500000] [id=7328]
  0x000002117d304800 WatcherThread [stack: 0x000000374be00000,0x000000374bf00000] [id=7704]
  0x0000021162cbb800 GCTaskThread "GC Thread#0" [stack: 0x000000374af00000,0x000000374b000000] [id=10816]
  0x000002117dc7a000 GCTaskThread "GC Thread#1" [stack: 0x000000374c100000,0x000000374c200000] [id=2460]
  0x000002117d4f8800 GCTaskThread "GC Thread#2" [stack: 0x000000374c200000,0x000000374c300000] [id=10416]
  0x000002117d755000 GCTaskThread "GC Thread#3" [stack: 0x000000374c300000,0x000000374c400000] [id=972]
  0x0000021162ceb000 ConcurrentGCThread "G1 Main Marker" [stack: 0x000000374b000000,0x000000374b100000] [id=10080]
  0x0000021162cec800 ConcurrentGCThread "G1 Conc#0" [stack: 0x000000374b100000,0x000000374b200000] [id=1204]
  0x000002117c732800 ConcurrentGCThread "G1 Refine#0" [stack: 0x000000374b200000,0x000000374b300000] [id=2512]
  0x000002117c733800 ConcurrentGCThread "G1 Young RemSet Sampling" [stack: 0x000000374b300000,0x000000374b400000] [id=1984]

Threads with active compile tasks:
C2 CompilerThread0    13159 7673   !   4       java.lang.reflect.Executable::sharedToGenericString (321 bytes)
C2 CompilerThread1    13159 7572 %     4       groovy.lang.MetaClassImpl::inheritInterfaceNewMetaMethods @ 100 (195 bytes)

VM state:not at safepoint (normal execution)

VM Mutex/Monitor currently owned by a thread: None

Heap address: 0x0000000080000000, size: 2048 MB, Compressed Oops mode: 32-bit
Narrow klass base: 0x0000000000000000, Narrow klass shift: 3
Compressed class space size: 1073741824 Address: 0x0000000100000000

Heap:
 garbage-first heap   total 196608K, used 134757K [0x0000000080000000, 0x0000000100000000)
  region size 1024K, 78 young (79872K), 11 survivors (11264K)
 Metaspace       used 78749K, capacity 80713K, committed 81028K, reserved 1120256K
  class space    used 10198K, capacity 10972K, committed 11032K, reserved 1048576K
Heap Regions: E=young(eden), S=young(survivor), O=old, HS=humongous(starts), HC=humongous(continues), CS=collection set, F=free, A=archive, TAMS=top-at-mark-start (previous, next)
|   0|0x0000000080000000, 0x0000000080100000, 0x0000000080100000|100%|HS|  |TAMS 0x0000000080100000, 0x0000000080000000| Complete 
|   1|0x0000000080100000, 0x0000000080200000, 0x0000000080200000|100%|HC|  |TAMS 0x0000000080200000, 0x0000000080100000| Complete 
|   2|0x0000000080200000, 0x0000000080300000, 0x0000000080300000|100%|HC|  |TAMS 0x0000000080300000, 0x0000000080200000| Complete 
|   3|0x0000000080300000, 0x0000000080400000, 0x0000000080400000|100%| O|  |TAMS 0x0000000080400000, 0x0000000080300000| Untracked 
|   4|0x0000000080400000, 0x0000000080500000, 0x0000000080500000|100%| O|  |TAMS 0x0000000080500000, 0x0000000080400000| Untracked 
|   5|0x0000000080500000, 0x0000000080600000, 0x0000000080600000|100%| O|  |TAMS 0x0000000080600000, 0x0000000080500000| Untracked 
|   6|0x0000000080600000, 0x0000000080700000, 0x0000000080700000|100%| O|  |TAMS 0x0000000080700000, 0x0000000080600000| Untracked 
|   7|0x0000000080700000, 0x0000000080800000, 0x0000000080800000|100%| O|  |TAMS 0x0000000080800000, 0x0000000080700000| Untracked 
|   8|0x0000000080800000, 0x0000000080900000, 0x0000000080900000|100%| O|  |TAMS 0x0000000080900000, 0x0000000080800000| Untracked 
|   9|0x0000000080900000, 0x0000000080a00000, 0x0000000080a00000|100%| O|  |TAMS 0x0000000080a00000, 0x0000000080900000| Untracked 
|  10|0x0000000080a00000, 0x0000000080b00000, 0x0000000080b00000|100%| O|  |TAMS 0x0000000080b00000, 0x0000000080a00000| Untracked 
|  11|0x0000000080b00000, 0x0000000080c00000, 0x0000000080c00000|100%| O|  |TAMS 0x0000000080c00000, 0x0000000080b00000| Untracked 
|  12|0x0000000080c00000, 0x0000000080d00000, 0x0000000080d00000|100%| O|  |TAMS 0x0000000080d00000, 0x0000000080c00000| Untracked 
|  13|0x0000000080d00000, 0x0000000080e00000, 0x0000000080e00000|100%| O|  |TAMS 0x0000000080e00000, 0x0000000080d00000| Untracked 
|  14|0x0000000080e00000, 0x0000000080f00000, 0x0000000080f00000|100%| O|  |TAMS 0x0000000080f00000, 0x0000000080e00000| Untracked 
|  15|0x0000000080f00000, 0x0000000081000000, 0x0000000081000000|100%| O|  |TAMS 0x0000000081000000, 0x0000000080f00000| Untracked 
|  16|0x0000000081000000, 0x0000000081100000, 0x0000000081100000|100%| O|  |TAMS 0x0000000081100000, 0x0000000081000000| Untracked 
|  17|0x0000000081100000, 0x0000000081200000, 0x0000000081200000|100%|HS|  |TAMS 0x0000000081200000, 0x0000000081100000| Complete 
|  18|0x0000000081200000, 0x0000000081300000, 0x0000000081300000|100%|HS|  |TAMS 0x0000000081300000, 0x0000000081200000| Complete 
|  19|0x0000000081300000, 0x0000000081400000, 0x0000000081400000|100%|HS|  |TAMS 0x0000000081400000, 0x0000000081300000| Complete 
|  20|0x0000000081400000, 0x0000000081500000, 0x0000000081500000|100%|HC|  |TAMS 0x0000000081500000, 0x0000000081400000| Complete 
|  21|0x0000000081500000, 0x0000000081600000, 0x0000000081600000|100%|HS|  |TAMS 0x0000000081600000, 0x0000000081500000| Complete 
|  22|0x0000000081600000, 0x0000000081700000, 0x0000000081700000|100%|HC|  |TAMS 0x0000000081700000, 0x0000000081600000| Complete 
|  23|0x0000000081700000, 0x0000000081800000, 0x0000000081800000|100%|HC|  |TAMS 0x0000000081800000, 0x0000000081700000| Complete 
|  24|0x0000000081800000, 0x0000000081900000, 0x0000000081900000|100%|HC|  |TAMS 0x0000000081900000, 0x0000000081800000| Complete 
|  25|0x0000000081900000, 0x0000000081900000, 0x0000000081a00000|  0%| F|  |TAMS 0x0000000081900000, 0x0000000081900000| Untracked 
|  26|0x0000000081a00000, 0x0000000081b00000, 0x0000000081b00000|100%| O|  |TAMS 0x0000000081b00000, 0x0000000081a00000| Untracked 
|  27|0x0000000081b00000, 0x0000000081c00000, 0x0000000081c00000|100%| O|  |TAMS 0x0000000081c00000, 0x0000000081b00000| Untracked 
|  28|0x0000000081c00000, 0x0000000081d00000, 0x0000000081d00000|100%| O|  |TAMS 0x0000000081d00000, 0x0000000081c00000| Untracked 
|  29|0x0000000081d00000, 0x0000000081e00000, 0x0000000081e00000|100%| O|  |TAMS 0x0000000081e00000, 0x0000000081d00000| Untracked 
|  30|0x0000000081e00000, 0x0000000081f00000, 0x0000000081f00000|100%| O|  |TAMS 0x0000000081f00000, 0x0000000081e00000| Untracked 
|  31|0x0000000081f00000, 0x0000000082000000, 0x0000000082000000|100%| O|  |TAMS 0x0000000082000000, 0x0000000081f00000| Untracked 
|  32|0x0000000082000000, 0x0000000082100000, 0x0000000082100000|100%| O|  |TAMS 0x0000000082100000, 0x0000000082000000| Untracked 
|  33|0x0000000082100000, 0x0000000082200000, 0x0000000082200000|100%| O|  |TAMS 0x0000000082200000, 0x0000000082100000| Untracked 
|  34|0x0000000082200000, 0x0000000082300000, 0x0000000082300000|100%| O|  |TAMS 0x0000000082300000, 0x0000000082200000| Untracked 
|  35|0x0000000082300000, 0x0000000082400000, 0x0000000082400000|100%| O|  |TAMS 0x0000000082400000, 0x0000000082300000| Untracked 
|  36|0x0000000082400000, 0x0000000082500000, 0x0000000082500000|100%| O|  |TAMS 0x0000000082500000, 0x0000000082400000| Untracked 
|  37|0x0000000082500000, 0x0000000082600000, 0x0000000082600000|100%| O|  |TAMS 0x0000000082600000, 0x0000000082500000| Untracked 
|  38|0x0000000082600000, 0x0000000082700000, 0x0000000082700000|100%| O|  |TAMS 0x0000000082700000, 0x0000000082600000| Untracked 
|  39|0x0000000082700000, 0x0000000082800000, 0x0000000082800000|100%| O|  |TAMS 0x0000000082800000, 0x0000000082700000| Untracked 
|  40|0x0000000082800000, 0x0000000082900000, 0x0000000082900000|100%| O|  |TAMS 0x0000000082900000, 0x0000000082800000| Untracked 
|  41|0x0000000082900000, 0x0000000082a00000, 0x0000000082a00000|100%| O|  |TAMS 0x0000000082a00000, 0x0000000082900000| Untracked 
|  42|0x0000000082a00000, 0x0000000082b00000, 0x0000000082b00000|100%| O|  |TAMS 0x0000000082b00000, 0x0000000082a00000| Untracked 
|  43|0x0000000082b00000, 0x0000000082c00000, 0x0000000082c00000|100%| O|  |TAMS 0x0000000082c00000, 0x0000000082b00000| Untracked 
|  44|0x0000000082c00000, 0x0000000082d00000, 0x0000000082d00000|100%| O|  |TAMS 0x0000000082d00000, 0x0000000082c00000| Untracked 
|  45|0x0000000082d00000, 0x0000000082e00000, 0x0000000082e00000|100%| O|  |TAMS 0x0000000082e00000, 0x0000000082d00000| Untracked 
|  46|0x0000000082e00000, 0x0000000082f00000, 0x0000000082f00000|100%| O|  |TAMS 0x0000000082f00000, 0x0000000082e00000| Untracked 
|  47|0x0000000082f00000, 0x0000000083000000, 0x0000000083000000|100%| O|  |TAMS 0x0000000083000000, 0x0000000082f00000| Untracked 
|  48|0x0000000083000000, 0x0000000083100000, 0x0000000083100000|100%| O|  |TAMS 0x0000000083100000, 0x0000000083000000| Untracked 
|  49|0x0000000083100000, 0x0000000083200000, 0x0000000083200000|100%| O|  |TAMS 0x0000000083200000, 0x0000000083100000| Untracked 
|  50|0x0000000083200000, 0x0000000083300000, 0x0000000083300000|100%| O|  |TAMS 0x0000000083300000, 0x0000000083200000| Untracked 
|  51|0x0000000083300000, 0x0000000083400000, 0x0000000083400000|100%| O|  |TAMS 0x0000000083400000, 0x0000000083300000| Untracked 
|  52|0x0000000083400000, 0x0000000083500000, 0x0000000083500000|100%| O|  |TAMS 0x0000000083500000, 0x0000000083400000| Untracked 
|  53|0x0000000083500000, 0x0000000083600000, 0x0000000083600000|100%| O|  |TAMS 0x0000000083600000, 0x0000000083500000| Untracked 
|  54|0x0000000083600000, 0x0000000083700000, 0x0000000083700000|100%| O|  |TAMS 0x0000000083700000, 0x0000000083600000| Untracked 
|  55|0x0000000083700000, 0x0000000083800000, 0x0000000083800000|100%| O|  |TAMS 0x0000000083800000, 0x0000000083700000| Untracked 
|  56|0x0000000083800000, 0x0000000083800000, 0x0000000083900000|  0%| F|  |TAMS 0x0000000083800000, 0x0000000083800000| Untracked 
|  57|0x0000000083900000, 0x0000000083900000, 0x0000000083a00000|  0%| F|  |TAMS 0x0000000083900000, 0x0000000083900000| Untracked 
|  58|0x0000000083a00000, 0x0000000083a00000, 0x0000000083b00000|  0%| F|  |TAMS 0x0000000083a00000, 0x0000000083a00000| Untracked 
|  59|0x0000000083b00000, 0x0000000083b00000, 0x0000000083c00000|  0%| F|  |TAMS 0x0000000083b00000, 0x0000000083b00000| Untracked 
|  60|0x0000000083c00000, 0x0000000083c00000, 0x0000000083d00000|  0%| F|  |TAMS 0x0000000083c00000, 0x0000000083c00000| Untracked 
|  61|0x0000000083d00000, 0x0000000083d00000, 0x0000000083e00000|  0%| F|  |TAMS 0x0000000083d00000, 0x0000000083d00000| Untracked 
|  62|0x0000000083e00000, 0x0000000083e00000, 0x0000000083f00000|  0%| F|  |TAMS 0x0000000083e00000, 0x0000000083e00000| Untracked 
|  63|0x0000000083f00000, 0x0000000083f00000, 0x0000000084000000|  0%| F|  |TAMS 0x0000000083f00000, 0x0000000083f00000| Untracked 
|  64|0x0000000084000000, 0x0000000084000000, 0x0000000084100000|  0%| F|  |TAMS 0x0000000084000000, 0x0000000084000000| Untracked 
|  65|0x0000000084100000, 0x0000000084100000, 0x0000000084200000|  0%| F|  |TAMS 0x0000000084100000, 0x0000000084100000| Untracked 
|  66|0x0000000084200000, 0x0000000084200000, 0x0000000084300000|  0%| F|  |TAMS 0x0000000084200000, 0x0000000084200000| Untracked 
|  67|0x0000000084300000, 0x0000000084300000, 0x0000000084400000|  0%| F|  |TAMS 0x0000000084300000, 0x0000000084300000| Untracked 
|  68|0x0000000084400000, 0x0000000084400000, 0x0000000084500000|  0%| F|  |TAMS 0x0000000084400000, 0x0000000084400000| Untracked 
|  69|0x0000000084500000, 0x0000000084500000, 0x0000000084600000|  0%| F|  |TAMS 0x0000000084500000, 0x0000000084500000| Untracked 
|  70|0x0000000084600000, 0x0000000084600000, 0x0000000084700000|  0%| F|  |TAMS 0x0000000084600000, 0x0000000084600000| Untracked 
|  71|0x0000000084700000, 0x0000000084700000, 0x0000000084800000|  0%| F|  |TAMS 0x0000000084700000, 0x0000000084700000| Untracked 
|  72|0x0000000084800000, 0x0000000084800000, 0x0000000084900000|  0%| F|  |TAMS 0x0000000084800000, 0x0000000084800000| Untracked 
|  73|0x0000000084900000, 0x0000000084900000, 0x0000000084a00000|  0%| F|  |TAMS 0x0000000084900000, 0x0000000084900000| Untracked 
|  74|0x0000000084a00000, 0x0000000084a00000, 0x0000000084b00000|  0%| F|  |TAMS 0x0000000084a00000, 0x0000000084a00000| Untracked 
|  75|0x0000000084b00000, 0x0000000084b00000, 0x0000000084c00000|  0%| F|  |TAMS 0x0000000084b00000, 0x0000000084b00000| Untracked 
|  76|0x0000000084c00000, 0x0000000084c00000, 0x0000000084d00000|  0%| F|  |TAMS 0x0000000084c00000, 0x0000000084c00000| Untracked 
|  77|0x0000000084d00000, 0x0000000084d00000, 0x0000000084e00000|  0%| F|  |TAMS 0x0000000084d00000, 0x0000000084d00000| Untracked 
|  78|0x0000000084e00000, 0x0000000084e00000, 0x0000000084f00000|  0%| F|  |TAMS 0x0000000084e00000, 0x0000000084e00000| Untracked 
|  79|0x0000000084f00000, 0x0000000084f00000, 0x0000000085000000|  0%| F|  |TAMS 0x0000000084f00000, 0x0000000084f00000| Untracked 
|  80|0x0000000085000000, 0x0000000085000000, 0x0000000085100000|  0%| F|  |TAMS 0x0000000085000000, 0x0000000085000000| Untracked 
|  81|0x0000000085100000, 0x0000000085100000, 0x0000000085200000|  0%| F|  |TAMS 0x0000000085100000, 0x0000000085100000| Untracked 
|  82|0x0000000085200000, 0x0000000085200000, 0x0000000085300000|  0%| F|  |TAMS 0x0000000085200000, 0x0000000085200000| Untracked 
|  83|0x0000000085300000, 0x0000000085300000, 0x0000000085400000|  0%| F|  |TAMS 0x0000000085300000, 0x0000000085300000| Untracked 
|  84|0x0000000085400000, 0x0000000085400000, 0x0000000085500000|  0%| F|  |TAMS 0x0000000085400000, 0x0000000085400000| Untracked 
|  85|0x0000000085500000, 0x0000000085500000, 0x0000000085600000|  0%| F|  |TAMS 0x0000000085500000, 0x0000000085500000| Untracked 
|  86|0x0000000085600000, 0x0000000085600000, 0x0000000085700000|  0%| F|  |TAMS 0x0000000085600000, 0x0000000085600000| Untracked 
|  87|0x0000000085700000, 0x0000000085700000, 0x0000000085800000|  0%| F|  |TAMS 0x0000000085700000, 0x0000000085700000| Untracked 
|  88|0x0000000085800000, 0x0000000085800000, 0x0000000085900000|  0%| F|  |TAMS 0x0000000085800000, 0x0000000085800000| Untracked 
|  89|0x0000000085900000, 0x0000000085900000, 0x0000000085a00000|  0%| F|  |TAMS 0x0000000085900000, 0x0000000085900000| Untracked 
|  90|0x0000000085a00000, 0x0000000085a00000, 0x0000000085b00000|  0%| F|  |TAMS 0x0000000085a00000, 0x0000000085a00000| Untracked 
|  91|0x0000000085b00000, 0x0000000085b00000, 0x0000000085c00000|  0%| F|  |TAMS 0x0000000085b00000, 0x0000000085b00000| Untracked 
|  92|0x0000000085c00000, 0x0000000085c00000, 0x0000000085d00000|  0%| F|  |TAMS 0x0000000085c00000, 0x0000000085c00000| Untracked 
|  93|0x0000000085d00000, 0x0000000085d00000, 0x0000000085e00000|  0%| F|  |TAMS 0x0000000085d00000, 0x0000000085d00000| Untracked 
|  94|0x0000000085e00000, 0x0000000085e00000, 0x0000000085f00000|  0%| F|  |TAMS 0x0000000085e00000, 0x0000000085e00000| Untracked 
|  95|0x0000000085f00000, 0x0000000085f00000, 0x0000000086000000|  0%| F|  |TAMS 0x0000000085f00000, 0x0000000085f00000| Untracked 
|  96|0x0000000086000000, 0x0000000086000000, 0x0000000086100000|  0%| F|  |TAMS 0x0000000086000000, 0x0000000086000000| Untracked 
|  97|0x0000000086100000, 0x0000000086100000, 0x0000000086200000|  0%| F|  |TAMS 0x0000000086100000, 0x0000000086100000| Untracked 
|  98|0x0000000086200000, 0x0000000086200000, 0x0000000086300000|  0%| F|  |TAMS 0x0000000086200000, 0x0000000086200000| Untracked 
|  99|0x0000000086300000, 0x0000000086300000, 0x0000000086400000|  0%| F|  |TAMS 0x0000000086300000, 0x0000000086300000| Untracked 
| 100|0x0000000086400000, 0x00000000864996d0, 0x0000000086500000| 59%| S|CS|TAMS 0x0000000086400000, 0x0000000086400000| Complete 
| 101|0x0000000086500000, 0x0000000086600000, 0x0000000086600000|100%| S|CS|TAMS 0x0000000086500000, 0x0000000086500000| Complete 
| 102|0x0000000086600000, 0x0000000086700000, 0x0000000086700000|100%| S|CS|TAMS 0x0000000086600000, 0x0000000086600000| Complete 
| 103|0x0000000086700000, 0x0000000086800000, 0x0000000086800000|100%| S|CS|TAMS 0x0000000086700000, 0x0000000086700000| Complete 
| 104|0x0000000086800000, 0x0000000086900000, 0x0000000086900000|100%| S|CS|TAMS 0x0000000086800000, 0x0000000086800000| Complete 
| 105|0x0000000086900000, 0x0000000086a00000, 0x0000000086a00000|100%| S|CS|TAMS 0x0000000086900000, 0x0000000086900000| Complete 
| 106|0x0000000086a00000, 0x0000000086b00000, 0x0000000086b00000|100%| S|CS|TAMS 0x0000000086a00000, 0x0000000086a00000| Complete 
| 107|0x0000000086b00000, 0x0000000086c00000, 0x0000000086c00000|100%| S|CS|TAMS 0x0000000086b00000, 0x0000000086b00000| Complete 
| 108|0x0000000086c00000, 0x0000000086d00000, 0x0000000086d00000|100%| S|CS|TAMS 0x0000000086c00000, 0x0000000086c00000| Complete 
| 109|0x0000000086d00000, 0x0000000086e00000, 0x0000000086e00000|100%| S|CS|TAMS 0x0000000086d00000, 0x0000000086d00000| Complete 
| 110|0x0000000086e00000, 0x0000000086f00000, 0x0000000086f00000|100%| S|CS|TAMS 0x0000000086e00000, 0x0000000086e00000| Complete 
| 111|0x0000000086f00000, 0x0000000086f00000, 0x0000000087000000|  0%| F|  |TAMS 0x0000000086f00000, 0x0000000086f00000| Untracked 
| 112|0x0000000087000000, 0x0000000087000000, 0x0000000087100000|  0%| F|  |TAMS 0x0000000087000000, 0x0000000087000000| Untracked 
| 113|0x0000000087100000, 0x0000000087100000, 0x0000000087200000|  0%| F|  |TAMS 0x0000000087100000, 0x0000000087100000| Untracked 
| 114|0x0000000087200000, 0x0000000087200000, 0x0000000087300000|  0%| F|  |TAMS 0x0000000087200000, 0x0000000087200000| Untracked 
| 115|0x0000000087300000, 0x0000000087300000, 0x0000000087400000|  0%| F|  |TAMS 0x0000000087300000, 0x0000000087300000| Untracked 
| 116|0x0000000087400000, 0x0000000087400000, 0x0000000087500000|  0%| F|  |TAMS 0x0000000087400000, 0x0000000087400000| Untracked 
| 117|0x0000000087500000, 0x0000000087500000, 0x0000000087600000|  0%| F|  |TAMS 0x0000000087500000, 0x0000000087500000| Untracked 
| 118|0x0000000087600000, 0x0000000087600000, 0x0000000087700000|  0%| F|  |TAMS 0x0000000087600000, 0x0000000087600000| Untracked 
| 119|0x0000000087700000, 0x0000000087700000, 0x0000000087800000|  0%| F|  |TAMS 0x0000000087700000, 0x0000000087700000| Untracked 
| 120|0x0000000087800000, 0x0000000087800000, 0x0000000087900000|  0%| F|  |TAMS 0x0000000087800000, 0x0000000087800000| Untracked 
| 121|0x0000000087900000, 0x0000000087900000, 0x0000000087a00000|  0%| F|  |TAMS 0x0000000087900000, 0x0000000087900000| Untracked 
| 122|0x0000000087a00000, 0x0000000087a00000, 0x0000000087b00000|  0%| F|  |TAMS 0x0000000087a00000, 0x0000000087a00000| Untracked 
| 123|0x0000000087b00000, 0x0000000087b00000, 0x0000000087c00000|  0%| F|  |TAMS 0x0000000087b00000, 0x0000000087b00000| Untracked 
| 124|0x0000000087c00000, 0x0000000087c00000, 0x0000000087d00000|  0%| F|  |TAMS 0x0000000087c00000, 0x0000000087c00000| Untracked 
| 125|0x0000000087d00000, 0x0000000087d81718, 0x0000000087e00000| 50%| E|  |TAMS 0x0000000087d00000, 0x0000000087d00000| Complete 
| 126|0x0000000087e00000, 0x0000000087f00000, 0x0000000087f00000|100%| E|CS|TAMS 0x0000000087e00000, 0x0000000087e00000| Complete 
| 127|0x0000000087f00000, 0x0000000088000000, 0x0000000088000000|100%| E|CS|TAMS 0x0000000087f00000, 0x0000000087f00000| Complete 
| 128|0x0000000088000000, 0x0000000088100000, 0x0000000088100000|100%| E|CS|TAMS 0x0000000088000000, 0x0000000088000000| Complete 
| 129|0x0000000088100000, 0x0000000088200000, 0x0000000088200000|100%| E|CS|TAMS 0x0000000088100000, 0x0000000088100000| Complete 
| 130|0x0000000088200000, 0x0000000088300000, 0x0000000088300000|100%| E|CS|TAMS 0x0000000088200000, 0x0000000088200000| Complete 
| 131|0x0000000088300000, 0x0000000088400000, 0x0000000088400000|100%| E|CS|TAMS 0x0000000088300000, 0x0000000088300000| Complete 
| 132|0x0000000088400000, 0x0000000088500000, 0x0000000088500000|100%| E|CS|TAMS 0x0000000088400000, 0x0000000088400000| Complete 
| 133|0x0000000088500000, 0x0000000088600000, 0x0000000088600000|100%| E|CS|TAMS 0x0000000088500000, 0x0000000088500000| Complete 
| 134|0x0000000088600000, 0x0000000088700000, 0x0000000088700000|100%| E|CS|TAMS 0x0000000088600000, 0x0000000088600000| Complete 
| 135|0x0000000088700000, 0x0000000088800000, 0x0000000088800000|100%| E|CS|TAMS 0x0000000088700000, 0x0000000088700000| Complete 
| 136|0x0000000088800000, 0x0000000088900000, 0x0000000088900000|100%| E|CS|TAMS 0x0000000088800000, 0x0000000088800000| Complete 
| 137|0x0000000088900000, 0x0000000088a00000, 0x0000000088a00000|100%| E|CS|TAMS 0x0000000088900000, 0x0000000088900000| Complete 
| 138|0x0000000088a00000, 0x0000000088b00000, 0x0000000088b00000|100%| E|CS|TAMS 0x0000000088a00000, 0x0000000088a00000| Complete 
| 139|0x0000000088b00000, 0x0000000088c00000, 0x0000000088c00000|100%| E|CS|TAMS 0x0000000088b00000, 0x0000000088b00000| Complete 
| 140|0x0000000088c00000, 0x0000000088d00000, 0x0000000088d00000|100%| E|CS|TAMS 0x0000000088c00000, 0x0000000088c00000| Complete 
| 141|0x0000000088d00000, 0x0000000088e00000, 0x0000000088e00000|100%| E|CS|TAMS 0x0000000088d00000, 0x0000000088d00000| Complete 
| 142|0x0000000088e00000, 0x0000000088f00000, 0x0000000088f00000|100%| E|CS|TAMS 0x0000000088e00000, 0x0000000088e00000| Complete 
| 143|0x0000000088f00000, 0x0000000089000000, 0x0000000089000000|100%| E|CS|TAMS 0x0000000088f00000, 0x0000000088f00000| Complete 
| 144|0x0000000089000000, 0x0000000089100000, 0x0000000089100000|100%| E|CS|TAMS 0x0000000089000000, 0x0000000089000000| Complete 
| 145|0x0000000089100000, 0x0000000089200000, 0x0000000089200000|100%| E|CS|TAMS 0x0000000089100000, 0x0000000089100000| Complete 
| 146|0x0000000089200000, 0x0000000089300000, 0x0000000089300000|100%| E|CS|TAMS 0x0000000089200000, 0x0000000089200000| Complete 
| 147|0x0000000089300000, 0x0000000089400000, 0x0000000089400000|100%| E|CS|TAMS 0x0000000089300000, 0x0000000089300000| Complete 
| 148|0x0000000089400000, 0x0000000089500000, 0x0000000089500000|100%| E|CS|TAMS 0x0000000089400000, 0x0000000089400000| Complete 
| 149|0x0000000089500000, 0x0000000089600000, 0x0000000089600000|100%| E|CS|TAMS 0x0000000089500000, 0x0000000089500000| Complete 
| 150|0x0000000089600000, 0x0000000089700000, 0x0000000089700000|100%| E|CS|TAMS 0x0000000089600000, 0x0000000089600000| Complete 
| 151|0x0000000089700000, 0x0000000089800000, 0x0000000089800000|100%| E|CS|TAMS 0x0000000089700000, 0x0000000089700000| Complete 
| 152|0x0000000089800000, 0x0000000089900000, 0x0000000089900000|100%| E|CS|TAMS 0x0000000089800000, 0x0000000089800000| Complete 
| 153|0x0000000089900000, 0x0000000089a00000, 0x0000000089a00000|100%| E|CS|TAMS 0x0000000089900000, 0x0000000089900000| Complete 
| 154|0x0000000089a00000, 0x0000000089b00000, 0x0000000089b00000|100%| E|CS|TAMS 0x0000000089a00000, 0x0000000089a00000| Complete 
| 155|0x0000000089b00000, 0x0000000089c00000, 0x0000000089c00000|100%| E|CS|TAMS 0x0000000089b00000, 0x0000000089b00000| Complete 
| 156|0x0000000089c00000, 0x0000000089d00000, 0x0000000089d00000|100%| E|CS|TAMS 0x0000000089c00000, 0x0000000089c00000| Complete 
| 157|0x0000000089d00000, 0x0000000089e00000, 0x0000000089e00000|100%| E|CS|TAMS 0x0000000089d00000, 0x0000000089d00000| Complete 
| 158|0x0000000089e00000, 0x0000000089f00000, 0x0000000089f00000|100%| E|CS|TAMS 0x0000000089e00000, 0x0000000089e00000| Complete 
| 159|0x0000000089f00000, 0x000000008a000000, 0x000000008a000000|100%| E|CS|TAMS 0x0000000089f00000, 0x0000000089f00000| Complete 
| 160|0x000000008a000000, 0x000000008a100000, 0x000000008a100000|100%| E|CS|TAMS 0x000000008a000000, 0x000000008a000000| Complete 
| 161|0x000000008a100000, 0x000000008a200000, 0x000000008a200000|100%| E|CS|TAMS 0x000000008a100000, 0x000000008a100000| Complete 
| 162|0x000000008a200000, 0x000000008a300000, 0x000000008a300000|100%| E|CS|TAMS 0x000000008a200000, 0x000000008a200000| Complete 
| 163|0x000000008a300000, 0x000000008a400000, 0x000000008a400000|100%| E|CS|TAMS 0x000000008a300000, 0x000000008a300000| Complete 
| 164|0x000000008a400000, 0x000000008a500000, 0x000000008a500000|100%| E|CS|TAMS 0x000000008a400000, 0x000000008a400000| Complete 
| 165|0x000000008a500000, 0x000000008a600000, 0x000000008a600000|100%| E|CS|TAMS 0x000000008a500000, 0x000000008a500000| Complete 
| 166|0x000000008a600000, 0x000000008a700000, 0x000000008a700000|100%| E|CS|TAMS 0x000000008a600000, 0x000000008a600000| Complete 
| 167|0x000000008a700000, 0x000000008a800000, 0x000000008a800000|100%| E|CS|TAMS 0x000000008a700000, 0x000000008a700000| Complete 
| 168|0x000000008a800000, 0x000000008a900000, 0x000000008a900000|100%| E|CS|TAMS 0x000000008a800000, 0x000000008a800000| Complete 
| 169|0x000000008a900000, 0x000000008aa00000, 0x000000008aa00000|100%| E|CS|TAMS 0x000000008a900000, 0x000000008a900000| Complete 
| 170|0x000000008aa00000, 0x000000008ab00000, 0x000000008ab00000|100%| E|CS|TAMS 0x000000008aa00000, 0x000000008aa00000| Complete 
| 171|0x000000008ab00000, 0x000000008ac00000, 0x000000008ac00000|100%| E|CS|TAMS 0x000000008ab00000, 0x000000008ab00000| Complete 
| 172|0x000000008ac00000, 0x000000008ad00000, 0x000000008ad00000|100%| E|CS|TAMS 0x000000008ac00000, 0x000000008ac00000| Complete 
| 173|0x000000008ad00000, 0x000000008ae00000, 0x000000008ae00000|100%| E|CS|TAMS 0x000000008ad00000, 0x000000008ad00000| Complete 
| 174|0x000000008ae00000, 0x000000008af00000, 0x000000008af00000|100%| E|CS|TAMS 0x000000008ae00000, 0x000000008ae00000| Complete 
| 175|0x000000008af00000, 0x000000008b000000, 0x000000008b000000|100%| E|CS|TAMS 0x000000008af00000, 0x000000008af00000| Complete 
| 176|0x000000008b000000, 0x000000008b100000, 0x000000008b100000|100%| E|CS|TAMS 0x000000008b000000, 0x000000008b000000| Complete 
| 177|0x000000008b100000, 0x000000008b200000, 0x000000008b200000|100%| E|CS|TAMS 0x000000008b100000, 0x000000008b100000| Complete 
| 178|0x000000008b200000, 0x000000008b300000, 0x000000008b300000|100%| E|CS|TAMS 0x000000008b200000, 0x000000008b200000| Complete 
| 179|0x000000008b300000, 0x000000008b400000, 0x000000008b400000|100%| E|CS|TAMS 0x000000008b300000, 0x000000008b300000| Complete 
| 180|0x000000008b400000, 0x000000008b500000, 0x000000008b500000|100%| E|CS|TAMS 0x000000008b400000, 0x000000008b400000| Complete 
| 181|0x000000008b500000, 0x000000008b600000, 0x000000008b600000|100%| E|CS|TAMS 0x000000008b500000, 0x000000008b500000| Complete 
| 182|0x000000008b600000, 0x000000008b700000, 0x000000008b700000|100%| E|CS|TAMS 0x000000008b600000, 0x000000008b600000| Complete 
| 183|0x000000008b700000, 0x000000008b800000, 0x000000008b800000|100%| E|CS|TAMS 0x000000008b700000, 0x000000008b700000| Complete 
| 184|0x000000008b800000, 0x000000008b900000, 0x000000008b900000|100%| E|CS|TAMS 0x000000008b800000, 0x000000008b800000| Complete 
| 185|0x000000008b900000, 0x000000008ba00000, 0x000000008ba00000|100%| E|CS|TAMS 0x000000008b900000, 0x000000008b900000| Complete 
| 186|0x000000008ba00000, 0x000000008bb00000, 0x000000008bb00000|100%| E|CS|TAMS 0x000000008ba00000, 0x000000008ba00000| Complete 
| 187|0x000000008bb00000, 0x000000008bc00000, 0x000000008bc00000|100%| E|CS|TAMS 0x000000008bb00000, 0x000000008bb00000| Complete 
| 188|0x000000008bc00000, 0x000000008bd00000, 0x000000008bd00000|100%| E|CS|TAMS 0x000000008bc00000, 0x000000008bc00000| Complete 
| 189|0x000000008bd00000, 0x000000008be00000, 0x000000008be00000|100%| E|CS|TAMS 0x000000008bd00000, 0x000000008bd00000| Complete 
| 190|0x000000008be00000, 0x000000008bf00000, 0x000000008bf00000|100%| E|CS|TAMS 0x000000008be00000, 0x000000008be00000| Complete 
| 191|0x000000008bf00000, 0x000000008c000000, 0x000000008c000000|100%| E|CS|TAMS 0x000000008bf00000, 0x000000008bf00000| Complete 

Card table byte_map: [0x0000021175bd0000,0x0000021175fd0000] _byte_map_base: 0x00000211757d0000

Marking Bits (Prev, Next): (CMBitMap*) 0x0000021162ce2428, (CMBitMap*) 0x0000021162ce2460
 Prev Bits: [0x00000211763d0000, 0x00000211783d0000)
 Next Bits: [0x00000211783d0000, 0x000002117a3d0000)

Polling page: 0x0000021160cc0000

Metaspace:

Usage:
  Non-class:     68.13 MB capacity,    66.96 MB ( 98%) used,   976.59 KB (  1%) free+waste,   214.75 KB ( <1%) overhead. 
      Class:     10.73 MB capacity,     9.97 MB ( 93%) used,   677.34 KB (  6%) free+waste,   100.50 KB ( <1%) overhead. 
       Both:     78.85 MB capacity,    76.93 MB ( 98%) used,     1.62 MB (  2%) free+waste,   315.25 KB ( <1%) overhead. 

Virtual space:
  Non-class space:       70.00 MB reserved,      68.36 MB ( 98%) committed 
      Class space:        1.00 GB reserved,      10.77 MB (  1%) committed 
             Both:        1.07 GB reserved,      79.13 MB (  7%) committed 

Chunk freelists:
   Non-Class:  0 bytes
       Class:  0 bytes
        Both:  0 bytes

MaxMetaspaceSize: 17179869184.00 GB
CompressedClassSpaceSize: 1.00 GB
Initial GC threshold: 20.80 MB
Current GC threshold: 127.30 MB
CDS: off

CodeHeap 'non-profiled nmethods': size=120064Kb used=4933Kb max_used=4933Kb free=115130Kb
 bounds [0x000002116e290000, 0x000002116e770000, 0x00000211757d0000]
CodeHeap 'profiled nmethods': size=120000Kb used=17057Kb max_used=17057Kb free=102942Kb
 bounds [0x0000021166d60000, 0x0000021167e10000, 0x000002116e290000]
CodeHeap 'non-nmethods': size=5696Kb used=2366Kb max_used=2413Kb free=3329Kb
 bounds [0x00000211667d0000, 0x0000021166a40000, 0x0000021166d60000]
 total_blobs=8782 nmethods=7896 adapters=798
 compilation: enabled
              stopped_count=0, restarted_count=0
 full_count=0

Compilation events (20 events):
Event: 13.106 Thread 0x000002117d155800 7915       2       java.util.HashMap::resize (356 bytes)
Event: 13.107 Thread 0x000002117d155800 nmethod 7915 0x0000021167e01d90 code [0x0000021167e01fe0, 0x0000021167e02a48]
Event: 13.110 Thread 0x000002117d155800 7916   !   2       jdk.internal.reflect.GeneratedConstructorAccessor3::newInstance (53 bytes)
Event: 13.110 Thread 0x000002117d155800 nmethod 7916 0x0000021167e02e90 code [0x0000021167e030c0, 0x0000021167e03628]
Event: 13.111 Thread 0x000002117d155800 7917       2       org.gradle.model.internal.asm.ClassVisitorScope::addField (11 bytes)
Event: 13.112 Thread 0x000002117d155800 nmethod 7917 0x0000021167e03a10 code [0x0000021167e03c00, 0x0000021167e03e78]
Event: 13.112 Thread 0x000002117d155800 7918       2       org.gradle.model.internal.asm.MethodVisitorScope::_ANEWARRAY (12 bytes)
Event: 13.112 Thread 0x000002117d155800 nmethod 7918 0x0000021167e04010 code [0x0000021167e041e0, 0x0000021167e04358]
Event: 13.113 Thread 0x000002117d155800 7919       2       org.gradle.internal.instantiation.generator.AbstractClassGenerator$GeneratedClassImpl$GeneratedConstructorImpl::<init> (27 bytes)
Event: 13.113 Thread 0x000002117d155800 nmethod 7919 0x0000021167e04490 code [0x0000021167e04660, 0x0000021167e048a8]
Event: 13.113 Thread 0x000002117d155800 7920       2       org.gradle.internal.instantiation.generator.AsmBackedClassGenerator::createUsingConstructor (13 bytes)
Event: 13.114 Thread 0x000002117d155800 nmethod 7920 0x0000021167e04990 code [0x0000021167e04b40, 0x0000021167e04d58]
Event: 13.117 Thread 0x000002117d155800 7921       2       org.gradle.internal.reflect.MethodSet::add (50 bytes)
Event: 13.118 Thread 0x000002117d155800 nmethod 7921 0x0000021167e04e10 code [0x0000021167e05000, 0x0000021167e05358]
Event: 13.120 Thread 0x000002117d155800 7922       2       org.gradle.internal.reflect.JavaReflectionUtil::getWrapperTypeForPrimitiveType (101 bytes)
Event: 13.120 Thread 0x000002117d155800 nmethod 7922 0x0000021167e05510 code [0x0000021167e057a0, 0x0000021167e06188]
Event: 13.120 Thread 0x000002117d155800 7923       2       org.gradle.internal.instantiation.generator.AsmBackedClassGenerator$ClassBuilderImpl$$Lambda$156/0x0000000100329c40::emit (21 bytes)
Event: 13.121 Thread 0x000002117d155800 nmethod 7923 0x0000021167e06510 code [0x0000021167e066c0, 0x0000021167e06868]
Event: 13.121 Thread 0x000002117d155800 7924       2       org.gradle.internal.instantiation.generator.AsmBackedClassGenerator$ClassBuilderImpl$$Lambda$156/0x0000000100329c40::<init> (26 bytes)
Event: 13.121 Thread 0x000002117d155800 nmethod 7924 0x0000021167e06990 code [0x0000021167e06b40, 0x0000021167e06db8]

GC Heap History (18 events):
Event: 0.698 GC heap before
{Heap before GC invocations=0 (full 0):
 garbage-first heap   total 196608K, used 17408K [0x0000000080000000, 0x0000000100000000)
  region size 1024K, 14 young (14336K), 0 survivors (0K)
 Metaspace       used 6755K, capacity 6997K, committed 7168K, reserved 1056768K
  class space    used 571K, capacity 650K, committed 768K, reserved 1048576K
}
Event: 0.737 GC heap after
{Heap after GC invocations=1 (full 0):
 garbage-first heap   total 196608K, used 3808K [0x0000000080000000, 0x0000000100000000)
  region size 1024K, 2 young (2048K), 2 survivors (2048K)
 Metaspace       used 6755K, capacity 6997K, committed 7168K, reserved 1056768K
  class space    used 571K, capacity 650K, committed 768K, reserved 1048576K
}
Event: 2.811 GC heap before
{Heap before GC invocations=1 (full 0):
 garbage-first heap   total 196608K, used 115424K [0x0000000080000000, 0x0000000100000000)
  region size 1024K, 109 young (111616K), 2 survivors (2048K)
 Metaspace       used 20767K, capacity 21195K, committed 21296K, reserved 1069056K
  class space    used 2519K, capacity 2685K, committed 2688K, reserved 1048576K
}
Event: 2.819 GC heap after
{Heap after GC invocations=2 (full 0):
 garbage-first heap   total 196608K, used 17162K [0x0000000080000000, 0x0000000100000000)
  region size 1024K, 13 young (13312K), 13 survivors (13312K)
 Metaspace       used 20767K, capacity 21195K, committed 21296K, reserved 1069056K
  class space    used 2519K, capacity 2685K, committed 2688K, reserved 1048576K
}
Event: 3.051 GC heap before
{Heap before GC invocations=3 (full 0):
 garbage-first heap   total 196608K, used 35594K [0x0000000080000000, 0x0000000100000000)
  region size 1024K, 31 young (31744K), 13 survivors (13312K)
 Metaspace       used 22503K, capacity 22980K, committed 23292K, reserved 1069056K
  class space    used 2826K, capacity 3031K, committed 3148K, reserved 1048576K
}
Event: 3.058 GC heap after
{Heap after GC invocations=4 (full 0):
 garbage-first heap   total 196608K, used 17555K [0x0000000080000000, 0x0000000100000000)
  region size 1024K, 1 young (1024K), 1 survivors (1024K)
 Metaspace       used 22503K, capacity 22980K, committed 23292K, reserved 1069056K
  class space    used 2826K, capacity 3031K, committed 3148K, reserved 1048576K
}
Event: 4.700 GC heap before
{Heap before GC invocations=4 (full 0):
 garbage-first heap   total 196608K, used 120979K [0x0000000080000000, 0x0000000100000000)
  region size 1024K, 103 young (105472K), 1 survivors (1024K)
 Metaspace       used 35092K, capacity 35962K, committed 36048K, reserved 1081344K
  class space    used 4569K, capacity 4921K, committed 4940K, reserved 1048576K
}
Event: 4.711 GC heap after
{Heap after GC invocations=5 (full 0):
 garbage-first heap   total 196608K, used 22183K [0x0000000080000000, 0x0000000100000000)
  region size 1024K, 6 young (6144K), 6 survivors (6144K)
 Metaspace       used 35092K, capacity 35962K, committed 36048K, reserved 1081344K
  class space    used 4569K, capacity 4921K, committed 4940K, reserved 1048576K
}
Event: 6.162 GC heap before
{Heap before GC invocations=6 (full 0):
 garbage-first heap   total 196608K, used 136871K [0x0000000080000000, 0x0000000100000000)
  region size 1024K, 115 young (117760K), 6 survivors (6144K)
 Metaspace       used 45310K, capacity 46454K, committed 46620K, reserved 1089536K
  class space    used 5747K, capacity 6182K, committed 6296K, reserved 1048576K
}
Event: 6.183 GC heap after
{Heap after GC invocations=7 (full 0):
 garbage-first heap   total 196608K, used 29861K [0x0000000080000000, 0x0000000100000000)
  region size 1024K, 13 young (13312K), 13 survivors (13312K)
 Metaspace       used 45310K, capacity 46454K, committed 46620K, reserved 1089536K
  class space    used 5747K, capacity 6182K, committed 6296K, reserved 1048576K
}
Event: 7.709 GC heap before
{Heap before GC invocations=8 (full 0):
 garbage-first heap   total 196608K, used 142501K [0x0000000080000000, 0x0000000100000000)
  region size 1024K, 115 young (117760K), 13 survivors (13312K)
 Metaspace       used 51372K, capacity 52782K, committed 52892K, reserved 1095680K
  class space    used 6506K, capacity 7082K, committed 7192K, reserved 1048576K
}
Event: 7.725 GC heap after
{Heap after GC invocations=9 (full 0):
 garbage-first heap   total 196608K, used 48667K [0x0000000080000000, 0x0000000100000000)
  region size 1024K, 11 young (11264K), 11 survivors (11264K)
 Metaspace       used 51372K, capacity 52782K, committed 52892K, reserved 1095680K
  class space    used 6506K, capacity 7082K, committed 7192K, reserved 1048576K
}
Event: 9.793 GC heap before
{Heap before GC invocations=9 (full 0):
 garbage-first heap   total 196608K, used 158235K [0x0000000080000000, 0x0000000100000000)
  region size 1024K, 111 young (113664K), 11 survivors (11264K)
 Metaspace       used 63769K, capacity 65397K, committed 65436K, reserved 1105920K
  class space    used 8013K, capacity 8695K, committed 8728K, reserved 1048576K
}
Event: 9.805 GC heap after
{Heap after GC invocations=10 (full 0):
 garbage-first heap   total 196608K, used 56640K [0x0000000080000000, 0x0000000100000000)
  region size 1024K, 8 young (8192K), 8 survivors (8192K)
 Metaspace       used 63769K, capacity 65397K, committed 65436K, reserved 1105920K
  class space    used 8013K, capacity 8695K, committed 8728K, reserved 1048576K
}
Event: 11.054 GC heap before
{Heap before GC invocations=10 (full 0):
 garbage-first heap   total 196608K, used 152896K [0x0000000080000000, 0x0000000100000000)
  region size 1024K, 102 young (104448K), 8 survivors (8192K)
 Metaspace       used 69016K, capacity 70740K, committed 71068K, reserved 1112064K
  class space    used 8704K, capacity 9394K, committed 9496K, reserved 1048576K
}
Event: 11.066 GC heap after
{Heap after GC invocations=11 (full 0):
 garbage-first heap   total 196608K, used 62831K [0x0000000080000000, 0x0000000100000000)
  region size 1024K, 7 young (7168K), 7 survivors (7168K)
 Metaspace       used 69016K, capacity 70740K, committed 71068K, reserved 1112064K
  class space    used 8704K, capacity 9394K, committed 9496K, reserved 1048576K
}
Event: 12.267 GC heap before
{Heap before GC invocations=11 (full 0):
 garbage-first heap   total 196608K, used 144751K [0x0000000080000000, 0x0000000100000000)
  region size 1024K, 88 young (90112K), 7 survivors (7168K)
 Metaspace       used 75780K, capacity 77537K, committed 77700K, reserved 1116160K
  class space    used 9755K, capacity 10456K, committed 10520K, reserved 1048576K
}
Event: 12.285 GC heap after
{Heap after GC invocations=12 (full 0):
 garbage-first heap   total 196608K, used 67173K [0x0000000080000000, 0x0000000100000000)
  region size 1024K, 11 young (11264K), 11 survivors (11264K)
 Metaspace       used 75780K, capacity 77537K, committed 77700K, reserved 1116160K
  class space    used 9755K, capacity 10456K, committed 10520K, reserved 1048576K
}

Deoptimization events (20 events):
Event: 12.797 Thread 0x000002117f498000 DEOPT PACKING pc=0x000002116e4e6b74 sp=0x000000374c9f8e30
Event: 12.797 Thread 0x000002117f498000 DEOPT UNPACKING pc=0x000002116681a1af sp=0x000000374c9f8de0 mode 2
Event: 13.072 Thread 0x000002117f498000 DEOPT PACKING pc=0x00000211679751cd sp=0x000000374c9f9200
Event: 13.072 Thread 0x000002117f498000 DEOPT UNPACKING pc=0x000002116681a95e sp=0x000000374c9f87a0 mode 0
Event: 13.104 Thread 0x000002117f498000 Uncommon trap: trap_request=0xffffff4d fr.pc=0x000002116e304a4c relative=0x000000000000096c
Event: 13.104 Thread 0x000002117f498000 Uncommon trap: reason=unstable_if action=reinterpret pc=0x000002116e304a4c method=java.util.HashMap.resize()[Ljava/util/HashMap$Node; @ 203 c2
Event: 13.104 Thread 0x000002117f498000 DEOPT PACKING pc=0x000002116e304a4c sp=0x000000374c9f8f20
Event: 13.104 Thread 0x000002117f498000 DEOPT UNPACKING pc=0x000002116681a1af sp=0x000000374c9f8ed0 mode 2
Event: 13.104 Thread 0x000002117f498000 Uncommon trap: trap_request=0xffffff4d fr.pc=0x000002116e650df0 relative=0x0000000000002af0
Event: 13.104 Thread 0x000002117f498000 Uncommon trap: reason=unstable_if action=reinterpret pc=0x000002116e650df0 method=java.util.HashMap.getNode(ILjava/lang/Object;)Ljava/util/HashMap$Node; @ 84 c2
Event: 13.104 Thread 0x000002117f498000 DEOPT PACKING pc=0x000002116e650df0 sp=0x000000374c9f8fd0
Event: 13.104 Thread 0x000002117f498000 DEOPT UNPACKING pc=0x000002116681a1af sp=0x000000374c9f8ec8 mode 2
Event: 13.104 Thread 0x000002117f498000 Uncommon trap: trap_request=0xffffff4d fr.pc=0x000002116e6643c4 relative=0x0000000000000284
Event: 13.104 Thread 0x000002117f498000 Uncommon trap: reason=unstable_if action=reinterpret pc=0x000002116e6643c4 method=java.util.HashMap.getNode(ILjava/lang/Object;)Ljava/util/HashMap$Node; @ 84 c2
Event: 13.104 Thread 0x000002117f498000 DEOPT PACKING pc=0x000002116e6643c4 sp=0x000000374c9f8f90
Event: 13.104 Thread 0x000002117f498000 DEOPT UNPACKING pc=0x000002116681a1af sp=0x000000374c9f8eb0 mode 2
Event: 13.104 Thread 0x000002117f498000 Uncommon trap: trap_request=0xffffff4d fr.pc=0x000002116e4fe6e4 relative=0x00000000000001a4
Event: 13.104 Thread 0x000002117f498000 Uncommon trap: reason=unstable_if action=reinterpret pc=0x000002116e4fe6e4 method=java.util.HashMap.getNode(ILjava/lang/Object;)Ljava/util/HashMap$Node; @ 84 c2
Event: 13.104 Thread 0x000002117f498000 DEOPT PACKING pc=0x000002116e4fe6e4 sp=0x000000374c9f8f30
Event: 13.104 Thread 0x000002117f498000 DEOPT UNPACKING pc=0x000002116681a1af sp=0x000000374c9f8eb8 mode 2

Classes redefined (0 events):
No events

Internal exceptions (20 events):
Event: 12.703 Thread 0x000002117f498000 Exception <a 'java/lang/ClassNotFoundException'{0x00000000899ef6f0}: org/gradle/api/internal/artifacts/configurations/DefaultConfigurationContainerCustomizer> (0x00000000899ef6f0) thrown at [src/hotspot/share/classfile/systemDictionary.cpp, line 230]
Event: 12.704 Thread 0x000002117f498000 Exception <a 'java/lang/ClassNotFoundException'{0x0000000089835b48}: org/gradle/api/internal/artifacts/configurations/DefaultConfigurationContainer_DecoratedCustomizer> (0x0000000089835b48) thrown at [src/hotspot/share/classfile/systemDictionary.cpp, line 230]
Event: 12.714 Thread 0x000002117f498000 Exception <a 'java/lang/ClassNotFoundException'{0x00000000896d1f90}: org/gradle/api/internal/artifacts/configurations/DefaultConfiguration_DecoratedBeanInfo> (0x00000000896d1f90) thrown at [src/hotspot/share/classfile/systemDictionary.cpp, line 230]
Event: 12.715 Thread 0x000002117f498000 Exception <a 'java/lang/ClassNotFoundException'{0x0000000089501ec8}: org/gradle/api/internal/artifacts/configurations/DefaultConfigurationBeanInfo> (0x0000000089501ec8) thrown at [src/hotspot/share/classfile/systemDictionary.cpp, line 230]
Event: 12.716 Thread 0x000002117f498000 Exception <a 'java/lang/ClassNotFoundException'{0x000000008951e358}: org/gradle/api/internal/file/AbstractFileCollectionBeanInfo> (0x000000008951e358) thrown at [src/hotspot/share/classfile/systemDictionary.cpp, line 230]
Event: 12.716 Thread 0x000002117f498000 Exception <a 'java/lang/ClassNotFoundException'{0x000000008953aae0}: org/gradle/api/internal/file/AbstractFileCollectionCustomizer> (0x000000008953aae0) thrown at [src/hotspot/share/classfile/systemDictionary.cpp, line 230]
Event: 12.717 Thread 0x000002117f498000 Exception <a 'java/lang/ClassNotFoundException'{0x000000008957bf40}: org/gradle/api/internal/artifacts/configurations/DefaultConfigurationCustomizer> (0x000000008957bf40) thrown at [src/hotspot/share/classfile/systemDictionary.cpp, line 230]
Event: 12.722 Thread 0x000002117f498000 Exception <a 'java/lang/ClassNotFoundException'{0x00000000894106f8}: org/gradle/api/internal/artifacts/configurations/DefaultConfiguration_DecoratedCustomizer> (0x00000000894106f8) thrown at [src/hotspot/share/classfile/systemDictionary.cpp, line 230]
Event: 12.735 Thread 0x000002117f498000 Exception <a 'java/lang/ClassNotFoundException'{0x00000000892a5068}: org/codehaus/groovy/runtime/MethodClosureBeanInfo> (0x00000000892a5068) thrown at [src/hotspot/share/classfile/systemDictionary.cpp, line 230]
Event: 12.737 Thread 0x000002117f498000 Exception <a 'java/lang/ClassNotFoundException'{0x0000000089080550}: org/codehaus/groovy/runtime/MethodClosureCustomizer> (0x0000000089080550) thrown at [src/hotspot/share/classfile/systemDictionary.cpp, line 230]
Event: 12.739 Thread 0x000002117f498000 Exception <a 'java/lang/ClassNotFoundException'{0x00000000890f0d60}: org/gradle/api/internal/artifacts/configurations/DefaultConfiguration$ConfigurationResolvableDependencies_DecoratedBeanInfo> (0x00000000890f0d60) thrown at [src/hotspot/share/classfile/systemDictionary.cpp, line 230]
Event: 12.740 Thread 0x000002117f498000 Exception <a 'java/lang/ClassNotFoundException'{0x0000000088f29f18}: org/gradle/api/internal/artifacts/configurations/DefaultConfiguration$ConfigurationResolvableDependenciesBeanInfo> (0x0000000088f29f18) thrown at [src/hotspot/share/classfile/systemDictionary.cpp, line 230]
Event: 12.741 Thread 0x000002117f498000 Exception <a 'java/lang/ClassNotFoundException'{0x0000000088f63dc0}: org/gradle/api/internal/artifacts/configurations/DefaultConfiguration$ConfigurationResolvableDependenciesCustomizer> (0x0000000088f63dc0) thrown at [src/hotspot/share/classfile/systemDictionary.cpp, line 230]
Event: 12.742 Thread 0x000002117f498000 Exception <a 'java/lang/ClassNotFoundException'{0x0000000088faed48}: org/gradle/api/internal/artifacts/configurations/DefaultConfiguration$ConfigurationResolvableDependencies_DecoratedCustomizer> (0x0000000088faed48) thrown at [src/hotspot/share/classfile/systemDictionary.cpp, line 230]
Event: 12.781 Thread 0x000002117f498000 Implicit null exception at 0x000002116e70fd34 to 0x000002116e710560
Event: 12.781 Thread 0x000002117f498000 Implicit null exception at 0x000002116e70f224 to 0x000002116e70f3b8
Event: 12.781 Thread 0x000002117f498000 Implicit null exception at 0x000002116e70b85b to 0x000002116e70b8ec
Event: 12.782 Thread 0x000002117f498000 Implicit null exception at 0x000002116e70fd34 to 0x000002116e710560
Event: 12.783 Thread 0x000002117f498000 Implicit null exception at 0x000002116e70fd34 to 0x000002116e710560
Event: 12.783 Thread 0x000002117f498000 Implicit null exception at 0x000002116e70fd34 to 0x000002116e710560

Events (20 events):
Event: 13.124 loading class org/gradle/api/tasks/compile/CompileOptions
Event: 13.124 loading class org/gradle/api/tasks/compile/CompileOptions done
Event: 13.124 loading class org/gradle/api/Task
Event: 13.124 loading class org/gradle/api/Task done
Event: 13.124 loading class org/gradle/api/tasks/compile/CompileOptions
Event: 13.124 loading class org/gradle/api/tasks/compile/CompileOptions done
Event: 13.124 loading class org/gradle/api/internal/lambdas/SerializableLambdas$SerializableSpec
Event: 13.124 loading class org/gradle/api/internal/lambdas/SerializableLambdas$SerializableSpec done
Event: 13.125 loading class org/gradle/api/internal/lambdas/SerializableLambdas
Event: 13.125 loading class org/gradle/api/internal/lambdas/SerializableLambdas done
Event: 13.125 loading class org/gradle/api/specs/Spec
Event: 13.125 loading class org/gradle/api/specs/Spec done
Event: 13.125 loading class org/gradle/api/internal/tasks/DefaultTaskOutputs
Event: 13.125 loading class org/gradle/api/internal/tasks/DefaultTaskOutputs done
Event: 13.126 loading class org/gradle/api/internal/tasks/execution/SelfDescribingSpec
Event: 13.126 loading class org/gradle/api/internal/tasks/execution/SelfDescribingSpec done
Event: 13.126 loading class org/gradle/api/internal/ConventionMapping$MappedProperty
Event: 13.126 loading class org/gradle/api/internal/ConventionMapping$MappedProperty done
Event: 13.126 loading class org/gradle/internal/extensibility/ConventionAwareHelper$MappedPropertyImpl
Event: 13.126 loading class org/gradle/internal/extensibility/ConventionAwareHelper$MappedPropertyImpl done


Dynamic libraries:
0x00007ff79b780000 - 0x00007ff79b78a000 	C:\Program Files\Android\Android Studio\jbr\bin\java.exe
0x00007ff902310000 - 0x00007ff902508000 	C:\Windows\SYSTEM32\ntdll.dll
0x00007ff900ec0000 - 0x00007ff900f7f000 	C:\Windows\System32\KERNEL32.DLL
0x00007ff8fff20000 - 0x00007ff9001f2000 	C:\Windows\System32\KERNELBASE.dll
0x00007ff8ffc20000 - 0x00007ff8ffd20000 	C:\Windows\System32\ucrtbase.dll
0x00007ff8e57f0000 - 0x00007ff8e5807000 	C:\Program Files\Android\Android Studio\jbr\bin\jli.dll
0x00007ff900f80000 - 0x00007ff901121000 	C:\Windows\System32\USER32.dll
0x00007ff8ffa00000 - 0x00007ff8ffa22000 	C:\Windows\System32\win32u.dll
0x00007ff900b80000 - 0x00007ff900bab000 	C:\Windows\System32\GDI32.dll
0x00007ff8ffa30000 - 0x00007ff8ffb3f000 	C:\Windows\System32\gdi32full.dll
0x00007ff8ffd20000 - 0x00007ff8ffdbd000 	C:\Windows\System32\msvcp_win.dll
0x00007ff8dfcb0000 - 0x00007ff8dfccb000 	C:\Program Files\Android\Android Studio\jbr\bin\VCRUNTIME140.dll
0x00007ff8fed90000 - 0x00007ff8ff02a000 	C:\Windows\WinSxS\amd64_microsoft.windows.common-controls_6595b64144ccf1df_6.0.19041.1110_none_60b5254171f9507e\COMCTL32.dll
0x00007ff901770000 - 0x00007ff90180e000 	C:\Windows\System32\msvcrt.dll
0x00007ff901730000 - 0x00007ff901762000 	C:\Windows\System32\IMM32.DLL
0x00007ff8dfc20000 - 0x00007ff8dfcad000 	C:\Program Files\Android\Android Studio\jbr\bin\msvcp140.dll
0x00007ff8ec080000 - 0x00007ff8ec08c000 	C:\Windows\SYSTEM32\VCRUNTIME140_1.dll
0x00007ff89fa90000 - 0x00007ff8a064c000 	C:\Program Files\Android\Android Studio\jbr\bin\server\jvm.dll
0x00007ff900ca0000 - 0x00007ff900d4e000 	C:\Windows\System32\ADVAPI32.dll
0x00007ff9012c0000 - 0x00007ff90135c000 	C:\Windows\System32\sechost.dll
0x00007ff901130000 - 0x00007ff901255000 	C:\Windows\System32\RPCRT4.dll
0x00007ff900d50000 - 0x00007ff900d58000 	C:\Windows\System32\PSAPI.DLL
0x00007ff8edad0000 - 0x00007ff8edad9000 	C:\Windows\SYSTEM32\WSOCK32.dll
0x00007ff9014f0000 - 0x00007ff90155b000 	C:\Windows\System32\WS2_32.dll
0x00007ff8f49e0000 - 0x00007ff8f4a07000 	C:\Windows\SYSTEM32\WINMM.dll
0x00007ff8f8ae0000 - 0x00007ff8f8aea000 	C:\Windows\SYSTEM32\VERSION.dll
0x00007ff8fcae0000 - 0x00007ff8fcaf2000 	C:\Windows\SYSTEM32\kernel.appcore.dll
0x00007ff8ea7f0000 - 0x00007ff8ea800000 	C:\Program Files\Android\Android Studio\jbr\bin\verify.dll
0x00007ff8ff1f0000 - 0x00007ff8ff3d4000 	C:\Windows\SYSTEM32\DBGHELP.DLL
0x00007ff8ff1b0000 - 0x00007ff8ff1e5000 	C:\Windows\SYSTEM32\dbgcore.DLL
0x00007ff8ffb90000 - 0x00007ff8ffc12000 	C:\Windows\System32\bcryptPrimitives.dll
0x00007ff8d9740000 - 0x00007ff8d9768000 	C:\Program Files\Android\Android Studio\jbr\bin\java.dll
0x00007ff8ea1f0000 - 0x00007ff8ea1fa000 	C:\Program Files\Android\Android Studio\jbr\bin\jimage.dll
0x00007ff8da130000 - 0x00007ff8da148000 	C:\Program Files\Android\Android Studio\jbr\bin\zip.dll
0x00007ff900350000 - 0x00007ff900a94000 	C:\Windows\System32\SHELL32.dll
0x00007ff8fd470000 - 0x00007ff8fdc02000 	C:\Windows\SYSTEM32\windows.storage.dll
0x00007ff901dc0000 - 0x00007ff902115000 	C:\Windows\System32\combase.dll
0x00007ff8fecf0000 - 0x00007ff8fed20000 	C:\Windows\SYSTEM32\Wldp.dll
0x00007ff901680000 - 0x00007ff90172d000 	C:\Windows\System32\SHCORE.dll
0x00007ff901d60000 - 0x00007ff901db5000 	C:\Windows\System32\shlwapi.dll
0x00007ff8ff940000 - 0x00007ff8ff95f000 	C:\Windows\SYSTEM32\profapi.dll
0x00007ff8d9220000 - 0x00007ff8d9239000 	C:\Program Files\Android\Android Studio\jbr\bin\net.dll
0x00007ff8f8420000 - 0x00007ff8f852c000 	C:\Windows\SYSTEM32\WINHTTP.dll
0x00007ff8febc0000 - 0x00007ff8fec2a000 	C:\Windows\system32\mswsock.dll
0x00007ff8d8c50000 - 0x00007ff8d8c63000 	C:\Program Files\Android\Android Studio\jbr\bin\nio.dll
0x00007ff8fd2f0000 - 0x00007ff8fd317000 	C:\Users\Administrator\.gradle\native\e1d6ef7f7dcc3fd88c89a11ec53ec762bb8ba0a96d01ffa2cd45eb1d1d8dd5c5\windows-amd64\native-platform.dll
0x00007ff8d9fe0000 - 0x00007ff8da124000 	C:\Users\Administrator\.gradle\native\0d407fdbe67a94daf76414ababcb853783967236a71b16ec16e742cd7a986fd3\windows-amd64\native-platform-file-events.dll
0x00007ff8f6cd0000 - 0x00007ff8f6cda000 	C:\Program Files\Android\Android Studio\jbr\bin\management.dll
0x00007ff8f6c80000 - 0x00007ff8f6c8b000 	C:\Program Files\Android\Android Studio\jbr\bin\management_ext.dll
0x00007ff8ff720000 - 0x00007ff8ff738000 	C:\Windows\SYSTEM32\CRYPTSP.dll
0x00007ff8fe3d0000 - 0x00007ff8fe404000 	C:\Windows\system32\rsaenh.dll
0x00007ff900200000 - 0x00007ff900227000 	C:\Windows\System32\bcrypt.dll
0x00007ff8ff8c0000 - 0x00007ff8ff8ee000 	C:\Windows\SYSTEM32\USERENV.dll
0x00007ff8fecb0000 - 0x00007ff8fecbc000 	C:\Windows\SYSTEM32\CRYPTBASE.dll
0x00007ff8fe740000 - 0x00007ff8fe77b000 	C:\Windows\SYSTEM32\IPHLPAPI.DLL
0x00007ff9018e0000 - 0x00007ff9018e8000 	C:\Windows\System32\NSI.dll
0x00007ff8f8d70000 - 0x00007ff8f8d87000 	C:\Windows\SYSTEM32\dhcpcsvc6.DLL
0x00007ff8f8d50000 - 0x00007ff8f8d6d000 	C:\Windows\SYSTEM32\dhcpcsvc.DLL
0x00007ff8fe780000 - 0x00007ff8fe84a000 	C:\Windows\SYSTEM32\DNSAPI.dll

dbghelp: loaded successfully - version: 4.0.5 - missing functions: none
symbol engine: initialized successfully - sym options: 0x614 - pdb path: .;C:\Program Files\Android\Android Studio\jbr\bin;C:\Windows\SYSTEM32;C:\Windows\WinSxS\amd64_microsoft.windows.common-controls_6595b64144ccf1df_6.0.19041.1110_none_60b5254171f9507e;C:\Program Files\Android\Android Studio\jbr\bin\server;C:\Users\Administrator\.gradle\native\e1d6ef7f7dcc3fd88c89a11ec53ec762bb8ba0a96d01ffa2cd45eb1d1d8dd5c5\windows-amd64;C:\Users\Administrator\.gradle\native\0d407fdbe67a94daf76414ababcb853783967236a71b16ec16e742cd7a986fd3\windows-amd64

VM Arguments:
jvm_args: --add-opens=java.base/java.util=ALL-UNNAMED --add-opens=java.base/java.lang=ALL-UNNAMED --add-opens=java.base/java.lang.invoke=ALL-UNNAMED --add-opens=java.base/java.util=ALL-UNNAMED --add-opens=java.prefs/java.util.prefs=ALL-UNNAMED --add-opens=java.prefs/java.util.prefs=ALL-UNNAMED --add-opens=java.base/java.nio.charset=ALL-UNNAMED --add-opens=java.base/java.net=ALL-UNNAMED --add-opens=java.base/java.util.concurrent.atomic=ALL-UNNAMED -Xmx2048m -Dfile.encoding=UTF-8 -Duser.country=US -Duser.language=en -Duser.variant 
java_command: org.gradle.launcher.daemon.bootstrap.GradleDaemon 7.5
java_class_path (initial): C:\Users\Administrator\.gradle\wrapper\dists\gradle-7.5-bin\f1w0cc9nuo0eivz97x2xlu9sv\gradle-7.5\lib\gradle-launcher-7.5.jar
Launcher Type: SUN_STANDARD

[Global flags]
     intx CICompilerCount                          = 3                                         {product} {ergonomic}
     uint ConcGCThreads                            = 1                                         {product} {ergonomic}
     uint G1ConcRefinementThreads                  = 4                                         {product} {ergonomic}
   size_t G1HeapRegionSize                         = 1048576                                   {product} {ergonomic}
    uintx GCDrainStackTargetSize                   = 64                                        {product} {ergonomic}
   size_t InitialHeapSize                          = 201326592                                 {product} {ergonomic}
   size_t MarkStackSize                            = 4194304                                   {product} {ergonomic}
   size_t MaxHeapSize                              = 2147483648                                {product} {command line}
   size_t MaxNewSize                               = 1287651328                                {product} {ergonomic}
   size_t MinHeapDeltaBytes                        = 1048576                                   {product} {ergonomic}
    uintx NonNMethodCodeHeapSize                   = 5830732                                {pd product} {ergonomic}
    uintx NonProfiledCodeHeapSize                  = 122913754                              {pd product} {ergonomic}
    uintx ProfiledCodeHeapSize                     = 122913754                              {pd product} {ergonomic}
    uintx ReservedCodeCacheSize                    = 251658240                              {pd product} {ergonomic}
     bool SegmentedCodeCache                       = true                                      {product} {ergonomic}
     bool UseCompressedClassPointers               = true                                 {lp64_product} {ergonomic}
     bool UseCompressedOops                        = true                                 {lp64_product} {ergonomic}
     bool UseG1GC                                  = true                                      {product} {ergonomic}
     bool UseLargePagesIndividualAllocation        = false                                  {pd product} {ergonomic}

Logging:
Log output configuration:
 #0: stdout all=warning uptime,level,tags
 #1: stderr all=off uptime,level,tags

Environment Variables:
PATH=C:\Program Files\Common Files\Oracle\Java\javapath;C:\Windows\system32;C:\Windows;C:\Windows\System32\Wbem;C:\Windows\System32\WindowsPowerShell\v1.0\;C:\Windows\System32\OpenSSH\;C:\Program Files\nodejs\;C:\Program Files (x86)\dotnet\;C:\Program Files\Git\cmd;C:\Users\Administrator\AppData\Local\Microsoft\WindowsApps;D:\Microsoft VS Code\bin;C:\Program Files\Java\jdk-19\bin;;C:\Program Files\JetBrains\IntelliJ IDEA Community Edition 2022.3.1\bin;;C:\Users\Administrator\AppData\Roaming\npm
USERNAME=Administrator
OS=Windows_NT
PROCESSOR_IDENTIFIER=Intel64 Family 6 Model 158 Stepping 9, GenuineIntel



---------------  S Y S T E M  ---------------

OS: Windows 10 , 64 bit Build 19041 (10.0.19041.2364)
OS uptime: 0 days 0:19 hours

CPU:total 4 (initial active 4) (2 cores per cpu, 2 threads per core) family 6 model 158 stepping 9 microcode 0xb4, cmov, cx8, fxsr, mmx, sse, sse2, sse3, ssse3, sse4.1, sse4.2, popcnt, avx, avx2, aes, clmul, erms, 3dnowpref, lzcnt, ht, tsc, tscinvbit, bmi1, bmi2, adx, fma

Memory: 4k page, system-wide physical 12246M (3316M free)
TotalPageFile size 17622M (AvailPageFile size 7147M)
current process WorkingSet (physical memory assigned to process): 416M, peak: 417M
current process commit charge ("private bytes"): 454M, peak: 455M

vm_info: OpenJDK 64-Bit Server VM (11.0.15+0-b2043.56-8887301) for windows-amd64 JRE (11.0.15+0-b2043.56-8887301), built on Jul 29 2022 23:19:47 by "builduser" with unknown MS VC++:1929

END.
