#
# A fatal error has been detected by the Java Runtime Environment:
#
#  EXCEPTION_ACCESS_VIOLATION (0xc0000005) at pc=0x00000221e382a51c, pid=2216, tid=4692
#
# JRE version: OpenJDK Runtime Environment (11.0.15) (build 11.0.15+0-b2043.56-8887301)
# Java VM: OpenJDK 64-Bit Server VM (11.0.15+0-b2043.56-8887301, mixed mode, tiered, compressed oops, g1 gc, windows-amd64)
# Problematic frame:
# j  org.gradle.api.internal.artifacts.transform.DefaultTransformerInvocationFactory$AbstractTransformerExecution.visitOutputs(Ljava/io/File;Lorg/gradle/internal/execution/UnitOfWork$OutputVisitor;)V+35
#
# No core dump will be written. Minidumps are not enabled by default on client versions of Windows
#
# If you would like to submit a bug report, please visit:
#   https://bugreport.java.com/bugreport/crash.jsp
#

---------------  S U M M A R Y ------------

Command Line: --add-opens=java.base/java.util=ALL-UNNAMED --add-opens=java.base/java.lang=ALL-UNNAMED --add-opens=java.base/java.lang.invoke=ALL-UNNAMED --add-opens=java.base/java.util=ALL-UNNAMED --add-opens=java.prefs/java.util.prefs=ALL-UNNAMED --add-opens=java.prefs/java.util.prefs=ALL-UNNAMED --add-opens=java.base/java.nio.charset=ALL-UNNAMED --add-opens=java.base/java.net=ALL-UNNAMED --add-opens=java.base/java.util.concurrent.atomic=ALL-UNNAMED -Xmx2048m -Dfile.encoding=UTF-8 -Duser.country=US -Duser.language=en -Duser.variant org.gradle.launcher.daemon.bootstrap.GradleDaemon 7.5

Host: Intel(R) Core(TM) i3-7100 CPU @ 3.90GHz, 4 cores, 11G,  Windows 10 , 64 bit Build 19041 (10.0.19041.2364)
Time: Sun Feb  5 23:16:02 2023 Bangladesh Standard Time elapsed time: 18.128838 seconds (0d 0h 0m 18s)

---------------  T H R E A D  ---------------

Current thread (0x00000221fcb25000):  JavaThread "Unconstrained build operations" [_thread_in_Java, id=4692, stack(0x000000fd94c00000,0x000000fd94d00000)]

Stack: [0x000000fd94c00000,0x000000fd94d00000],  sp=0x000000fd94cfcf90,  free space=1011k
Native frames: (J=compiled Java code, j=interpreted, Vv=VM code, C=native code)
C  0x00000221e382a51c


siginfo: EXCEPTION_ACCESS_VIOLATION (0xc0000005), reading address 0x000002a1884b946c


Register to memory mapping:

RIP=0x00000221e382a51c is at code_begin+2396 in an Interpreter codelet
invoke return entry points  [0x00000221e3829bc0, 0x00000221e382a5a0]  2528 bytes
RAX=0x000000008d41da20 is an oop: com.google.common.collect.ImmutableSortedMap$Builder 
{0x000000008d41da20} - klass: 'com/google/common/collect/ImmutableSortedMap$Builder'
RBX=0x000000fd94cfcf90 is pointing into the stack for thread: 0x00000221fcb25000
RCX=0x0000000000000001 is an unknown value
RDX=0x000000fd94cfcf28 is pointing into the stack for thread: 0x00000221fcb25000
RSP=0x000000fd94cfcf90 is pointing into the stack for thread: 0x00000221fcb25000
RBP=0x000000fd94cfd000 is pointing into the stack for thread: 0x00000221fcb25000
RSI=0x000000008d41da50 is pointing into object: [Ljava.util.Map$Entry; 
{0x000000008d41da40} - klass: 'java/util/Map$Entry'[]
 - length: 4
RDI=0x0 is NULL
R8 =0x0000000000000020 is an unknown value
R9 =0x000000008d4290a8 is an oop: org.gradle.internal.snapshot.DirectorySnapshot 
{0x000000008d4290a8} - klass: 'org/gradle/internal/snapshot/DirectorySnapshot'
R10=0x00007f7988e17165 is an unknown value
R11=0x00000221e5135640 is at entry_point+32 in (nmethod*)0x00000221e5135410
R12=0x0 is NULL
R13=0x000002a1884b946b is an unknown value
R14=0x000000fd94cfd030 is pointing into the stack for thread: 0x00000221fcb25000
R15=0x00000221fcb25000 is a thread


Registers:
RAX=0x000000008d41da20, RBX=0x000000fd94cfcf90, RCX=0x0000000000000001, RDX=0x000000fd94cfcf28
RSP=0x000000fd94cfcf90, RBP=0x000000fd94cfd000, RSI=0x000000008d41da50, RDI=0x0000000000000000
R8 =0x0000000000000020, R9 =0x000000008d4290a8, R10=0x00007f7988e17165, R11=0x00000221e5135640
R12=0x0000000000000000, R13=0x000002a1884b946b, R14=0x000000fd94cfd030, R15=0x00000221fcb25000
RIP=0x00000221e382a51c, EFLAGS=0x0000000000010246

Top of Stack: (sp=0x000000fd94cfcf90)
0x000000fd94cfcf90:   000000008d427528 000000008d4262f0
0x000000fd94cfcfa0:   000000008e7798a8 00000000844b8bd0
0x000000fd94cfcfb0:   000000008d4262d8 000000fd94cfcfb8
0x000000fd94cfcfc0:   000002a1884b946b 000000fd94cfd030
0x000000fd94cfcfd0:   00000221884bae18 0000000000000000
0x000000fd94cfcfe0:   000000008d8f88c8 00000221884b94e0
0x000000fd94cfcff0:   0000000000000000 000000fd94cfd020
0x000000fd94cfd000:   000000fd94cfd080 00000221e382a508
0x000000fd94cfd010:   000000008d4271e0 000000008d4262f0
0x000000fd94cfd020:   000000008d4262d8 000000008d515778
0x000000fd94cfd030:   000000008d709560 000000fd94cfd038
0x000000fd94cfd040:   00000221ff9223c7 000000fd94cfd0a8
0x000000fd94cfd050:   00000221ff922960 0000000000000000
0x000000fd94cfd060:   00000000846daf38 00000221ff922410
0x000000fd94cfd070:   000000fd94cfd020 000000fd94cfd098
0x000000fd94cfd080:   000000fd94cfd0f8 00000221e382a316 

Instructions: (pc=0x00000221e382a51c)
0x00000221e382a41c:   e9 0f 84 10 00 00 00 48 8b 4d e8 66 81 79 28 35
0x00000221e382a42c:   01 0f 85 5e 00 00 00 48 8b c8 48 85 c9 75 0a 48
0x00000221e382a43c:   81 4b f8 01 00 00 00 eb 4c 8b 49 08 48 c1 e1 03
0x00000221e382a44c:   48 33 4b f8 48 f7 c1 fc ff ff ff 74 38 48 f7 c1
0x00000221e382a45c:   02 00 00 00 75 2f 48 81 7b f8 00 00 00 00 74 21
0x00000221e382a46c:   48 81 7b f8 01 00 00 00 74 17 48 33 4b f8 48 f7
0x00000221e382a47c:   c1 fc ff ff ff 74 0e 48 81 4b f8 02 00 00 00 eb
0x00000221e382a48c:   04 48 89 4b f8 41 8b 4d 01 f7 d1 48 8b 5d d0 c1
0x00000221e382a49c:   e1 02 8b 5c cb 38 81 e3 ff 00 00 00 48 8d 24 dc
0x00000221e382a4ac:   41 0f b6 5d 05 49 83 c5 05 49 ba e0 90 e3 88 f9
0x00000221e382a4bc:   7f 00 00 41 ff 24 da 48 8b 65 f0 48 c7 45 f0 00
0x00000221e382a4cc:   00 00 00 4c 8b 6d c0 4c 8b 75 c8 41 0f b7 4d 01
0x00000221e382a4dc:   48 8b 5d d0 c1 e1 02 8b 5c cb 38 81 e3 ff 00 00
0x00000221e382a4ec:   00 48 8d 24 dc 41 0f b6 5d 03 49 83 c5 03 49 ba
0x00000221e382a4fc:   e0 98 e3 88 f9 7f 00 00 41 ff 24 da 48 8b 65 f0
0x00000221e382a50c:   48 c7 45 f0 00 00 00 00 4c 8b 6d c0 4c 8b 75 c8
0x00000221e382a51c:   41 0f b7 4d 01 48 8b 5d d0 c1 e1 02 8b 5c cb 38
0x00000221e382a52c:   81 e3 ff 00 00 00 48 8d 24 dc 41 0f b6 5d 05 49
0x00000221e382a53c:   83 c5 05 49 ba e0 98 e3 88 f9 7f 00 00 41 ff 24
0x00000221e382a54c:   da 48 8b 65 f0 48 c7 45 f0 00 00 00 00 4c 8b 6d
0x00000221e382a55c:   c0 4c 8b 75 c8 41 8b 4d 01 f7 d1 48 8b 5d d0 c1
0x00000221e382a56c:   e1 02 8b 5c cb 38 81 e3 ff 00 00 00 48 8d 24 dc
0x00000221e382a57c:   41 0f b6 5d 05 49 83 c5 05 49 ba e0 98 e3 88 f9
0x00000221e382a58c:   7f 00 00 41 ff 24 da 0f 1f 44 00 00 00 00 00 00
0x00000221e382a59c:   00 00 00 00 c0 20 00 00 00 00 00 00 20 1c c7 88
0x00000221e382a5ac:   f9 7f 00 00 ff ff ff ff 00 00 00 00 00 00 00 00
0x00000221e382a5bc:   00 00 00 00 4c 8b 6d c0 4c 8b 75 c8 48 8b 65 b8
0x00000221e382a5cc:   48 c7 45 f0 00 00 00 00 49 8b 8f a8 04 00 00 c7
0x00000221e382a5dc:   81 80 00 00 00 0b 00 00 00 c7 81 88 00 00 00 00
0x00000221e382a5ec:   00 00 00 c7 81 80 00 00 00 0b 00 00 00 49 ba 00
0x00000221e382a5fc:   00 00 00 00 00 00 00 4c 89 91 88 00 00 00 49 8b
0x00000221e382a60c:   8f a8 04 00 00 c7 41 7c 00 00 00 00 41 8a 9f e5 


Stack slot to memory mapping:
stack at sp + 0 slots: 0x000000008d427528 is an oop: org.gradle.api.internal.file.DefaultFileCollectionFactory$FixedFileCollection 
{0x000000008d427528} - klass: 'org/gradle/api/internal/file/DefaultFileCollectionFactory$FixedFileCollection'
stack at sp + 1 slots: 0x000000008d4262f0 is an oop: java.io.File 
{0x000000008d4262f0} - klass: 'java/io/File'
stack at sp + 2 slots: 0x000000008e7798a8 is an oop: org.gradle.internal.file.TreeType 
{0x000000008e7798a8} - klass: 'org/gradle/internal/file/TreeType'
stack at sp + 3 slots: 0x00000000844b8bd0 is an oop: java.lang.String 
{0x00000000844b8bd0} - klass: 'java/lang/String'
stack at sp + 4 slots: 0x000000008d4262d8 is an oop: org.gradle.internal.execution.impl.DefaultOutputSnapshotter$1 
{0x000000008d4262d8} - klass: 'org/gradle/internal/execution/impl/DefaultOutputSnapshotter$1'
stack at sp + 5 slots: 0x000000fd94cfcfb8 is pointing into the stack for thread: 0x00000221fcb25000
stack at sp + 6 slots: 0x000002a1884b946b is an unknown value
stack at sp + 7 slots: 0x000000fd94cfd030 is pointing into the stack for thread: 0x00000221fcb25000

invoke return entry points  [0x00000221e3829bc0, 0x00000221e382a5a0]  2528 bytes

---------------  P R O C E S S  ---------------

Threads class SMR info:
_java_thread_list=0x0000022181d7b610, length=86, elements={
0x00000221dfcf4000, 0x00000221f9930000, 0x00000221f9932800, 0x00000221f9944800,
0x00000221f9946000, 0x00000221f994a000, 0x00000221f994b000, 0x00000221fa1b0800,
0x00000221fa1b5000, 0x00000221fa315800, 0x00000221fc9bf800, 0x00000221fcb40000,
0x00000221fc223000, 0x00000221fb54e000, 0x00000221fc1ed000, 0x00000221fb558000,
0x00000221fb21c000, 0x00000221fb5ef000, 0x00000221fb5ef800, 0x00000221fcd25000,
0x00000221fcd2c000, 0x00000221fcd2a000, 0x00000221fcd29800, 0x00000221fcd2b000,
0x00000221fcd26000, 0x00000221fcd28800, 0x00000221fcd27800, 0x00000221fcd27000,
0x00000221fcb22000, 0x00000221fcb21000, 0x00000221fcb1f800, 0x00000221fcb20800,
0x00000221fcb22800, 0x00000221fcb1d000, 0x00000221fcb23800, 0x00000221fd5cc800,
0x00000221fcb28800, 0x00000221fcb27800, 0x00000221fcb25000, 0x00000221fcb27000,
0x00000221fcb29800, 0x00000221fcb26000, 0x00000221fcb2a000, 0x00000221fcb2b000,
0x00000221fcb2b800, 0x00000221fdcad800, 0x00000221fdcac800, 0x00000221fdcaa000,
0x00000221fdcab000, 0x00000221fdca9800, 0x00000221fdcac000, 0x00000221fdcb1000,
0x00000221fdcaf000, 0x00000221fdcb1800, 0x00000221fdcb2800, 0x00000221fdcb3000,
0x00000221fdcae800, 0x00000221fdcb4000, 0x00000221fdcb5000, 0x00000221fdcb5800,
0x00000221fdcb0000, 0x00000221fdcb7800, 0x00000221fdcb6800, 0x00000221fdcb8000,
0x0000022180417800, 0x0000022180419800, 0x0000022180418800, 0x000002218041a000,
0x000002218041b000, 0x000002218041c000, 0x0000022180416000, 0x000002218041c800,
0x0000022180417000, 0x000002218041e000, 0x000002218041d800, 0x0000022180421800,
0x0000022180420000, 0x000002218041f000, 0x0000022180423000, 0x0000022180420800,
0x0000022180422800, 0x0000022180425000, 0x0000022180424000, 0x00000221fdeb0800,
0x00000221fdeaf000, 0x00000221fdeb1800
}

Java Threads: ( => current thread )
  0x00000221dfcf4000 JavaThread "main" [_thread_blocked, id=6328, stack(0x000000fd91c00000,0x000000fd91d00000)]
  0x00000221f9930000 JavaThread "Reference Handler" daemon [_thread_blocked, id=6240, stack(0x000000fd92300000,0x000000fd92400000)]
  0x00000221f9932800 JavaThread "Finalizer" daemon [_thread_blocked, id=3992, stack(0x000000fd92400000,0x000000fd92500000)]
  0x00000221f9944800 JavaThread "Signal Dispatcher" daemon [_thread_blocked, id=11112, stack(0x000000fd92500000,0x000000fd92600000)]
  0x00000221f9946000 JavaThread "Attach Listener" daemon [_thread_blocked, id=7676, stack(0x000000fd92600000,0x000000fd92700000)]
  0x00000221f994a000 JavaThread "Service Thread" daemon [_thread_blocked, id=6104, stack(0x000000fd92700000,0x000000fd92800000)]
  0x00000221f994b000 JavaThread "C2 CompilerThread0" daemon [_thread_blocked, id=6248, stack(0x000000fd92800000,0x000000fd92900000)]
  0x00000221fa1b0800 JavaThread "C1 CompilerThread0" daemon [_thread_blocked, id=6024, stack(0x000000fd92900000,0x000000fd92a00000)]
  0x00000221fa1b5000 JavaThread "Sweeper thread" daemon [_thread_blocked, id=6052, stack(0x000000fd92a00000,0x000000fd92b00000)]
  0x00000221fa315800 JavaThread "Common-Cleaner" daemon [_thread_blocked, id=6508, stack(0x000000fd92b00000,0x000000fd92c00000)]
  0x00000221fc9bf800 JavaThread "Daemon health stats" [_thread_blocked, id=8084, stack(0x000000fd93100000,0x000000fd93200000)]
  0x00000221fcb40000 JavaThread "Incoming local TCP Connector on port 50395" [_thread_in_native, id=2252, stack(0x000000fd93200000,0x000000fd93300000)]
  0x00000221fc223000 JavaThread "Daemon" [_thread_blocked, id=2404, stack(0x000000fd93300000,0x000000fd93400000)]
  0x00000221fb54e000 JavaThread "Daemon periodic checks" [_thread_blocked, id=4104, stack(0x000000fd93400000,0x000000fd93500000)]
  0x00000221fc1ed000 JavaThread "Handler for socket connection from /127.0.0.1:50395 to /127.0.0.1:50396" [_thread_in_native, id=3508, stack(0x000000fd93500000,0x000000fd93600000)]
  0x00000221fb558000 JavaThread "Cancel handler" [_thread_blocked, id=3296, stack(0x000000fd93600000,0x000000fd93700000)]
  0x00000221fb21c000 JavaThread "Daemon worker" [_thread_blocked, id=11856, stack(0x000000fd93700000,0x000000fd93800000)]
  0x00000221fb5ef000 JavaThread "Asynchronous log dispatcher for DefaultDaemonConnection: socket connection from /127.0.0.1:50395 to /127.0.0.1:50396" [_thread_blocked, id=11800, stack(0x000000fd93800000,0x000000fd93900000)]
  0x00000221fb5ef800 JavaThread "Stdin handler" [_thread_blocked, id=10148, stack(0x000000fd93900000,0x000000fd93a00000)]
  0x00000221fcd25000 JavaThread "Daemon client event forwarder" [_thread_blocked, id=2700, stack(0x000000fd93a00000,0x000000fd93b00000)]
  0x00000221fcd2c000 JavaThread "Cache worker for journal cache (C:\Users\Administrator\.gradle\caches\journal-1)" [_thread_blocked, id=11624, stack(0x000000fd93b00000,0x000000fd93c00000)]
  0x00000221fcd2a000 JavaThread "File lock request listener" [_thread_in_native, id=9596, stack(0x000000fd93c00000,0x000000fd93d00000)]
  0x00000221fcd29800 JavaThread "Cache worker for file hash cache (C:\Users\Administrator\.gradle\caches\7.5\fileHashes)" [_thread_blocked, id=10020, stack(0x000000fd93d00000,0x000000fd93e00000)]
  0x00000221fcd2b000 JavaThread "File watcher server" daemon [_thread_in_native, id=1048, stack(0x000000fd93e00000,0x000000fd93f00000)]
  0x00000221fcd26000 JavaThread "File watcher consumer" daemon [_thread_blocked, id=5508, stack(0x000000fd93f00000,0x000000fd94000000)]
  0x00000221fcd28800 JavaThread "jar transforms" [_thread_blocked, id=7612, stack(0x000000fd92d00000,0x000000fd92e00000)]
  0x00000221fcd27800 JavaThread "jar transforms Thread 2" [_thread_blocked, id=8096, stack(0x000000fd94000000,0x000000fd94100000)]
  0x00000221fcd27000 JavaThread "jar transforms Thread 3" [_thread_blocked, id=3984, stack(0x000000fd94100000,0x000000fd94200000)]
  0x00000221fcb22000 JavaThread "jar transforms Thread 4" [_thread_blocked, id=3152, stack(0x000000fd94200000,0x000000fd94300000)]
  0x00000221fcb21000 JavaThread "Cache worker for checksums cache (P:\SocialMedia\.gradle\7.5\checksums)" [_thread_blocked, id=11912, stack(0x000000fd94300000,0x000000fd94400000)]
  0x00000221fcb1f800 JavaThread "Cache worker for cache directory md-rule (C:\Users\Administrator\.gradle\caches\7.5\md-rule)" [_thread_blocked, id=4684, stack(0x000000fd94400000,0x000000fd94500000)]
  0x00000221fcb20800 JavaThread "Cache worker for file content cache (C:\Users\Administrator\.gradle\caches\7.5\fileContent)" [_thread_blocked, id=2200, stack(0x000000fd94500000,0x000000fd94600000)]
  0x00000221fcb22800 JavaThread "Cache worker for file hash cache (P:\SocialMedia\.gradle\7.5\fileHashes)" [_thread_blocked, id=3120, stack(0x000000fd94600000,0x000000fd94700000)]
  0x00000221fcb1d000 JavaThread "Cache worker for cache directory md-supplier (C:\Users\Administrator\.gradle\caches\7.5\md-supplier)" [_thread_blocked, id=7468, stack(0x000000fd94700000,0x000000fd94800000)]
  0x00000221fcb23800 JavaThread "Cache worker for execution history cache (C:\Users\Administrator\.gradle\caches\7.5\executionHistory)" [_thread_blocked, id=572, stack(0x000000fd94900000,0x000000fd94a00000)]
  0x00000221fd5cc800 JavaThread "C2 CompilerThread1" daemon [_thread_blocked, id=5548, stack(0x000000fd94800000,0x000000fd94900000)]
  0x00000221fcb28800 JavaThread "Cache worker for dependencies-accessors (P:\SocialMedia\.gradle\7.5\dependencies-accessors)" [_thread_blocked, id=5516, stack(0x000000fd94a00000,0x000000fd94b00000)]
  0x00000221fcb27800 JavaThread "Cache worker for Build Output Cleanup Cache (P:\SocialMedia\.gradle\buildOutputCleanup)" [_thread_blocked, id=8552, stack(0x000000fd94b00000,0x000000fd94c00000)]
=>0x00000221fcb25000 JavaThread "Unconstrained build operations" [_thread_in_Java, id=4692, stack(0x000000fd94c00000,0x000000fd94d00000)]
  0x00000221fcb27000 JavaThread "Unconstrained build operations Thread 2" [_thread_blocked, id=5904, stack(0x000000fd94d00000,0x000000fd94e00000)]
  0x00000221fcb29800 JavaThread "Unconstrained build operations Thread 3" [_thread_blocked, id=2784, stack(0x000000fd94e00000,0x000000fd94f00000)]
  0x00000221fcb26000 JavaThread "Unconstrained build operations Thread 4" [_thread_blocked, id=5444, stack(0x000000fd94f00000,0x000000fd95000000)]
  0x00000221fcb2a000 JavaThread "Unconstrained build operations Thread 5" [_thread_blocked, id=5720, stack(0x000000fd95000000,0x000000fd95100000)]
  0x00000221fcb2b000 JavaThread "Unconstrained build operations Thread 6" [_thread_blocked, id=7296, stack(0x000000fd95100000,0x000000fd95200000)]
  0x00000221fcb2b800 JavaThread "Unconstrained build operations Thread 7" [_thread_blocked, id=408, stack(0x000000fd95200000,0x000000fd95300000)]
  0x00000221fdcad800 JavaThread "Unconstrained build operations Thread 8" [_thread_blocked, id=4920, stack(0x000000fd95300000,0x000000fd95400000)]
  0x00000221fdcac800 JavaThread "Unconstrained build operations Thread 9" [_thread_blocked, id=9488, stack(0x000000fd95400000,0x000000fd95500000)]
  0x00000221fdcaa000 JavaThread "Unconstrained build operations Thread 10" [_thread_blocked, id=8072, stack(0x000000fd95500000,0x000000fd95600000)]
  0x00000221fdcab000 JavaThread "Unconstrained build operations Thread 11" [_thread_blocked, id=2572, stack(0x000000fd95600000,0x000000fd95700000)]
  0x00000221fdca9800 JavaThread "Unconstrained build operations Thread 12" [_thread_blocked, id=4036, stack(0x000000fd95700000,0x000000fd95800000)]
  0x00000221fdcac000 JavaThread "Unconstrained build operations Thread 13" [_thread_blocked, id=3052, stack(0x000000fd95800000,0x000000fd95900000)]
  0x00000221fdcb1000 JavaThread "Unconstrained build operations Thread 14" [_thread_blocked, id=8388, stack(0x000000fd95900000,0x000000fd95a00000)]
  0x00000221fdcaf000 JavaThread "Unconstrained build operations Thread 15" [_thread_blocked, id=1684, stack(0x000000fd95a00000,0x000000fd95b00000)]
  0x00000221fdcb1800 JavaThread "Unconstrained build operations Thread 16" [_thread_blocked, id=3156, stack(0x000000fd95b00000,0x000000fd95c00000)]
  0x00000221fdcb2800 JavaThread "Unconstrained build operations Thread 17" [_thread_blocked, id=2376, stack(0x000000fd95c00000,0x000000fd95d00000)]
  0x00000221fdcb3000 JavaThread "Unconstrained build operations Thread 18" [_thread_blocked, id=11660, stack(0x000000fd95d00000,0x000000fd95e00000)]
  0x00000221fdcae800 JavaThread "Unconstrained build operations Thread 19" [_thread_blocked, id=7720, stack(0x000000fd95e00000,0x000000fd95f00000)]
  0x00000221fdcb4000 JavaThread "Unconstrained build operations Thread 20" [_thread_blocked, id=11796, stack(0x000000fd95f00000,0x000000fd96000000)]
  0x00000221fdcb5000 JavaThread "Unconstrained build operations Thread 21" [_thread_blocked, id=7652, stack(0x000000fd96000000,0x000000fd96100000)]
  0x00000221fdcb5800 JavaThread "Unconstrained build operations Thread 22" [_thread_blocked, id=1532, stack(0x000000fd96100000,0x000000fd96200000)]
  0x00000221fdcb0000 JavaThread "Unconstrained build operations Thread 23" [_thread_blocked, id=188, stack(0x000000fd96200000,0x000000fd96300000)]
  0x00000221fdcb7800 JavaThread "Unconstrained build operations Thread 24" [_thread_blocked, id=3632, stack(0x000000fd96300000,0x000000fd96400000)]
  0x00000221fdcb6800 JavaThread "Unconstrained build operations Thread 25" [_thread_blocked, id=6752, stack(0x000000fd96400000,0x000000fd96500000)]
  0x00000221fdcb8000 JavaThread "Unconstrained build operations Thread 26" [_thread_blocked, id=7436, stack(0x000000fd96500000,0x000000fd96600000)]
  0x0000022180417800 JavaThread "Unconstrained build operations Thread 27" [_thread_blocked, id=8008, stack(0x000000fd96600000,0x000000fd96700000)]
  0x0000022180419800 JavaThread "Unconstrained build operations Thread 28" [_thread_blocked, id=2964, stack(0x000000fd96700000,0x000000fd96800000)]
  0x0000022180418800 JavaThread "Unconstrained build operations Thread 29" [_thread_blocked, id=1072, stack(0x000000fd96800000,0x000000fd96900000)]
  0x000002218041a000 JavaThread "Unconstrained build operations Thread 30" [_thread_blocked, id=3804, stack(0x000000fd96900000,0x000000fd96a00000)]
  0x000002218041b000 JavaThread "Unconstrained build operations Thread 31" [_thread_blocked, id=11604, stack(0x000000fd96a00000,0x000000fd96b00000)]
  0x000002218041c000 JavaThread "Unconstrained build operations Thread 32" [_thread_blocked, id=6776, stack(0x000000fd96b00000,0x000000fd96c00000)]
  0x0000022180416000 JavaThread "Unconstrained build operations Thread 33" [_thread_blocked, id=5468, stack(0x000000fd96c00000,0x000000fd96d00000)]
  0x000002218041c800 JavaThread "Unconstrained build operations Thread 34" [_thread_blocked, id=2088, stack(0x000000fd96d00000,0x000000fd96e00000)]
  0x0000022180417000 JavaThread "Unconstrained build operations Thread 35" [_thread_blocked, id=9224, stack(0x000000fd96e00000,0x000000fd96f00000)]
  0x000002218041e000 JavaThread "Unconstrained build operations Thread 36" [_thread_blocked, id=3848, stack(0x000000fd96f00000,0x000000fd97000000)]
  0x000002218041d800 JavaThread "Unconstrained build operations Thread 37" [_thread_blocked, id=1200, stack(0x000000fd97000000,0x000000fd97100000)]
  0x0000022180421800 JavaThread "Unconstrained build operations Thread 38" [_thread_blocked, id=9552, stack(0x000000fd97100000,0x000000fd97200000)]
  0x0000022180420000 JavaThread "Unconstrained build operations Thread 39" [_thread_blocked, id=6252, stack(0x000000fd97200000,0x000000fd97300000)]
  0x000002218041f000 JavaThread "Unconstrained build operations Thread 40" [_thread_blocked, id=9580, stack(0x000000fd97300000,0x000000fd97400000)]
  0x0000022180423000 JavaThread "Memory manager" [_thread_blocked, id=6820, stack(0x000000fd97400000,0x000000fd97500000)]
  0x0000022180420800 JavaThread "pool-3-thread-1" [_thread_blocked, id=6392, stack(0x000000fd97500000,0x000000fd97600000)]
  0x0000022180422800 JavaThread "included builds" [_thread_blocked, id=9576, stack(0x000000fd97600000,0x000000fd97700000)]
  0x0000022180425000 JavaThread "Execution worker" [_thread_blocked, id=10848, stack(0x000000fd97700000,0x000000fd97800000)]
  0x0000022180424000 JavaThread "Execution worker Thread 2" [_thread_blocked, id=10296, stack(0x000000fd97800000,0x000000fd97900000)]
  0x00000221fdeb0800 JavaThread "Execution worker Thread 3" [_thread_blocked, id=7708, stack(0x000000fd97900000,0x000000fd97a00000)]
  0x00000221fdeaf000 JavaThread "Cache worker for execution history cache (P:\SocialMedia\.gradle\7.5\executionHistory)" [_thread_blocked, id=9440, stack(0x000000fd97a00000,0x000000fd97b00000)]
  0x00000221fdeb1800 JavaThread "idea-tooling-model-converter" [_thread_blocked, id=9464, stack(0x000000fd97b00000,0x000000fd97c00000)]

Other Threads:
  0x00000221fa156000 VMThread "VM Thread" [stack: 0x000000fd92200000,0x000000fd92300000] [id=7068]
  0x00000221fa319000 WatcherThread [stack: 0x000000fd92c00000,0x000000fd92d00000] [id=5168]
  0x00000221dfd0c000 GCTaskThread "GC Thread#0" [stack: 0x000000fd91d00000,0x000000fd91e00000] [id=2436]
  0x00000221faff5800 GCTaskThread "GC Thread#1" [stack: 0x000000fd92e00000,0x000000fd92f00000] [id=2460]
  0x00000221fa6aa000 GCTaskThread "GC Thread#2" [stack: 0x000000fd92f00000,0x000000fd93000000] [id=9856]
  0x00000221fa433000 GCTaskThread "GC Thread#3" [stack: 0x000000fd93000000,0x000000fd93100000] [id=2468]
  0x00000221dfd3d800 ConcurrentGCThread "G1 Main Marker" [stack: 0x000000fd91e00000,0x000000fd91f00000] [id=9020]
  0x00000221dfd40800 ConcurrentGCThread "G1 Conc#0" [stack: 0x000000fd91f00000,0x000000fd92000000] [id=664]
  0x00000221f978a800 ConcurrentGCThread "G1 Refine#0" [stack: 0x000000fd92000000,0x000000fd92100000] [id=3532]
  0x00000221f978b800 ConcurrentGCThread "G1 Young RemSet Sampling" [stack: 0x000000fd92100000,0x000000fd92200000] [id=2948]

Threads with active compile tasks:

VM state:not at safepoint (normal execution)

VM Mutex/Monitor currently owned by a thread: None

Heap address: 0x0000000080000000, size: 2048 MB, Compressed Oops mode: 32-bit
Narrow klass base: 0x0000000000000000, Narrow klass shift: 3
Compressed class space size: 1073741824 Address: 0x0000000100000000

Heap:
 garbage-first heap   total 254976K, used 209203K [0x0000000080000000, 0x0000000100000000)
  region size 1024K, 39 young (39936K), 3 survivors (3072K)
 Metaspace       used 96399K, capacity 99033K, committed 99236K, reserved 1134592K
  class space    used 12406K, capacity 13374K, committed 13388K, reserved 1048576K
Heap Regions: E=young(eden), S=young(survivor), O=old, HS=humongous(starts), HC=humongous(continues), CS=collection set, F=free, A=archive, TAMS=top-at-mark-start (previous, next)
|   0|0x0000000080000000, 0x0000000080100000, 0x0000000080100000|100%|HS|  |TAMS 0x0000000080100000, 0x0000000080000000| Complete 
|   1|0x0000000080100000, 0x0000000080200000, 0x0000000080200000|100%|HC|  |TAMS 0x0000000080200000, 0x0000000080100000| Complete 
|   2|0x0000000080200000, 0x0000000080300000, 0x0000000080300000|100%|HC|  |TAMS 0x0000000080300000, 0x0000000080200000| Complete 
|   3|0x0000000080300000, 0x0000000080400000, 0x0000000080400000|100%| O|  |TAMS 0x0000000080400000, 0x0000000080300000| Untracked 
|   4|0x0000000080400000, 0x0000000080500000, 0x0000000080500000|100%| O|  |TAMS 0x0000000080500000, 0x0000000080400000| Untracked 
|   5|0x0000000080500000, 0x0000000080600000, 0x0000000080600000|100%| O|  |TAMS 0x0000000080600000, 0x0000000080500000| Untracked 
|   6|0x0000000080600000, 0x0000000080700000, 0x0000000080700000|100%| O|  |TAMS 0x0000000080700000, 0x0000000080600000| Untracked 
|   7|0x0000000080700000, 0x0000000080800000, 0x0000000080800000|100%| O|  |TAMS 0x0000000080800000, 0x0000000080700000| Untracked 
|   8|0x0000000080800000, 0x0000000080900000, 0x0000000080900000|100%| O|  |TAMS 0x0000000080900000, 0x0000000080800000| Untracked 
|   9|0x0000000080900000, 0x0000000080a00000, 0x0000000080a00000|100%| O|  |TAMS 0x0000000080a00000, 0x0000000080900000| Untracked 
|  10|0x0000000080a00000, 0x0000000080b00000, 0x0000000080b00000|100%| O|  |TAMS 0x0000000080b00000, 0x0000000080a00000| Untracked 
|  11|0x0000000080b00000, 0x0000000080c00000, 0x0000000080c00000|100%| O|  |TAMS 0x0000000080c00000, 0x0000000080b00000| Untracked 
|  12|0x0000000080c00000, 0x0000000080d00000, 0x0000000080d00000|100%| O|  |TAMS 0x0000000080d00000, 0x0000000080c00000| Untracked 
|  13|0x0000000080d00000, 0x0000000080e00000, 0x0000000080e00000|100%| O|  |TAMS 0x0000000080e00000, 0x0000000080d00000| Untracked 
|  14|0x0000000080e00000, 0x0000000080f00000, 0x0000000080f00000|100%| O|  |TAMS 0x0000000080f00000, 0x0000000080e00000| Untracked 
|  15|0x0000000080f00000, 0x0000000081000000, 0x0000000081000000|100%| O|  |TAMS 0x0000000081000000, 0x0000000080f00000| Untracked 
|  16|0x0000000081000000, 0x0000000081100000, 0x0000000081100000|100%| O|  |TAMS 0x0000000081100000, 0x0000000081000000| Untracked 
|  17|0x0000000081100000, 0x0000000081200000, 0x0000000081200000|100%|HS|  |TAMS 0x0000000081200000, 0x0000000081100000| Complete 
|  18|0x0000000081200000, 0x0000000081300000, 0x0000000081300000|100%|HC|  |TAMS 0x0000000081300000, 0x0000000081200000| Complete 
|  19|0x0000000081300000, 0x0000000081400000, 0x0000000081400000|100%|HS|  |TAMS 0x0000000081400000, 0x0000000081300000| Complete 
|  20|0x0000000081400000, 0x0000000081500000, 0x0000000081500000|100%|HC|  |TAMS 0x0000000081500000, 0x0000000081400000| Complete 
|  21|0x0000000081500000, 0x0000000081600000, 0x0000000081600000|100%|HC|  |TAMS 0x0000000081600000, 0x0000000081500000| Complete 
|  22|0x0000000081600000, 0x0000000081700000, 0x0000000081700000|100%|HS|  |TAMS 0x0000000081700000, 0x0000000081600000| Complete 
|  23|0x0000000081700000, 0x0000000081800000, 0x0000000081800000|100%|HC|  |TAMS 0x0000000081800000, 0x0000000081700000| Complete 
|  24|0x0000000081800000, 0x0000000081900000, 0x0000000081900000|100%|HC|  |TAMS 0x0000000081900000, 0x0000000081800000| Complete 
|  25|0x0000000081900000, 0x0000000081a00000, 0x0000000081a00000|100%|HS|  |TAMS 0x0000000081a00000, 0x0000000081900000| Complete 
|  26|0x0000000081a00000, 0x0000000081b00000, 0x0000000081b00000|100%|HC|  |TAMS 0x0000000081b00000, 0x0000000081a00000| Complete 
|  27|0x0000000081b00000, 0x0000000081c00000, 0x0000000081c00000|100%|HS|  |TAMS 0x0000000081c00000, 0x0000000081b00000| Complete 
|  28|0x0000000081c00000, 0x0000000081d00000, 0x0000000081d00000|100%|HC|  |TAMS 0x0000000081d00000, 0x0000000081c00000| Complete 
|  29|0x0000000081d00000, 0x0000000081e00000, 0x0000000081e00000|100%|HC|  |TAMS 0x0000000081e00000, 0x0000000081d00000| Complete 
|  30|0x0000000081e00000, 0x0000000081f00000, 0x0000000081f00000|100%|HC|  |TAMS 0x0000000081f00000, 0x0000000081e00000| Complete 
|  31|0x0000000081f00000, 0x0000000082000000, 0x0000000082000000|100%|HC|  |TAMS 0x0000000082000000, 0x0000000081f00000| Complete 
|  32|0x0000000082000000, 0x0000000082100000, 0x0000000082100000|100%|HS|  |TAMS 0x0000000082100000, 0x0000000082000000| Complete 
|  33|0x0000000082100000, 0x0000000082200000, 0x0000000082200000|100%| O|  |TAMS 0x0000000082200000, 0x0000000082100000| Untracked 
|  34|0x0000000082200000, 0x0000000082300000, 0x0000000082300000|100%| O|  |TAMS 0x0000000082300000, 0x0000000082200000| Untracked 
|  35|0x0000000082300000, 0x0000000082400000, 0x0000000082400000|100%|HS|  |TAMS 0x0000000082400000, 0x0000000082300000| Complete 
|  36|0x0000000082400000, 0x0000000082500000, 0x0000000082500000|100%|HC|  |TAMS 0x0000000082500000, 0x0000000082400000| Complete 
|  37|0x0000000082500000, 0x0000000082600000, 0x0000000082600000|100%|HC|  |TAMS 0x0000000082600000, 0x0000000082500000| Complete 
|  38|0x0000000082600000, 0x0000000082700000, 0x0000000082700000|100%|HC|  |TAMS 0x0000000082700000, 0x0000000082600000| Complete 
|  39|0x0000000082700000, 0x0000000082800000, 0x0000000082800000|100%|HC|  |TAMS 0x0000000082800000, 0x0000000082700000| Complete 
|  40|0x0000000082800000, 0x0000000082900000, 0x0000000082900000|100%|HC|  |TAMS 0x0000000082900000, 0x0000000082800000| Complete 
|  41|0x0000000082900000, 0x0000000082a00000, 0x0000000082a00000|100%|HC|  |TAMS 0x0000000082a00000, 0x0000000082900000| Complete 
|  42|0x0000000082a00000, 0x0000000082b00000, 0x0000000082b00000|100%|HC|  |TAMS 0x0000000082b00000, 0x0000000082a00000| Complete 
|  43|0x0000000082b00000, 0x0000000082c00000, 0x0000000082c00000|100%|HC|  |TAMS 0x0000000082c00000, 0x0000000082b00000| Complete 
|  44|0x0000000082c00000, 0x0000000082d00000, 0x0000000082d00000|100%|HC|  |TAMS 0x0000000082d00000, 0x0000000082c00000| Complete 
|  45|0x0000000082d00000, 0x0000000082e00000, 0x0000000082e00000|100%|HS|  |TAMS 0x0000000082e00000, 0x0000000082d00000| Complete 
|  46|0x0000000082e00000, 0x0000000082f00000, 0x0000000082f00000|100%|HC|  |TAMS 0x0000000082f00000, 0x0000000082e00000| Complete 
|  47|0x0000000082f00000, 0x0000000083000000, 0x0000000083000000|100%|HS|  |TAMS 0x0000000083000000, 0x0000000082f00000| Complete 
|  48|0x0000000083000000, 0x0000000083100000, 0x0000000083100000|100%|HC|  |TAMS 0x0000000083100000, 0x0000000083000000| Complete 
|  49|0x0000000083100000, 0x0000000083200000, 0x0000000083200000|100%|HC|  |TAMS 0x0000000083200000, 0x0000000083100000| Complete 
|  50|0x0000000083200000, 0x0000000083300000, 0x0000000083300000|100%|HS|  |TAMS 0x0000000083300000, 0x0000000083200000| Complete 
|  51|0x0000000083300000, 0x0000000083400000, 0x0000000083400000|100%|HC|  |TAMS 0x0000000083400000, 0x0000000083300000| Complete 
|  52|0x0000000083400000, 0x0000000083500000, 0x0000000083500000|100%|HS|  |TAMS 0x0000000083500000, 0x0000000083400000| Complete 
|  53|0x0000000083500000, 0x0000000083600000, 0x0000000083600000|100%|HC|  |TAMS 0x0000000083600000, 0x0000000083500000| Complete 
|  54|0x0000000083600000, 0x0000000083700000, 0x0000000083700000|100%|HC|  |TAMS 0x0000000083700000, 0x0000000083600000| Complete 
|  55|0x0000000083700000, 0x0000000083800000, 0x0000000083800000|100%| O|  |TAMS 0x0000000083800000, 0x0000000083700000| Untracked 
|  56|0x0000000083800000, 0x0000000083900000, 0x0000000083900000|100%| O|  |TAMS 0x0000000083900000, 0x0000000083800000| Untracked 
|  57|0x0000000083900000, 0x0000000083a00000, 0x0000000083a00000|100%| O|  |TAMS 0x0000000083a00000, 0x0000000083900000| Untracked 
|  58|0x0000000083a00000, 0x0000000083b00000, 0x0000000083b00000|100%|HS|  |TAMS 0x0000000083b00000, 0x0000000083a00000| Complete 
|  59|0x0000000083b00000, 0x0000000083c00000, 0x0000000083c00000|100%|HC|  |TAMS 0x0000000083c00000, 0x0000000083b00000| Complete 
|  60|0x0000000083c00000, 0x0000000083d00000, 0x0000000083d00000|100%|HC|  |TAMS 0x0000000083d00000, 0x0000000083c00000| Complete 
|  61|0x0000000083d00000, 0x0000000083e00000, 0x0000000083e00000|100%|HC|  |TAMS 0x0000000083e00000, 0x0000000083d00000| Complete 
|  62|0x0000000083e00000, 0x0000000083f00000, 0x0000000083f00000|100%|HC|  |TAMS 0x0000000083f00000, 0x0000000083e00000| Complete 
|  63|0x0000000083f00000, 0x0000000084000000, 0x0000000084000000|100%| O|  |TAMS 0x0000000084000000, 0x0000000083f00000| Untracked 
|  64|0x0000000084000000, 0x0000000084100000, 0x0000000084100000|100%| O|  |TAMS 0x0000000084100000, 0x0000000084000000| Untracked 
|  65|0x0000000084100000, 0x0000000084200000, 0x0000000084200000|100%| O|  |TAMS 0x0000000084200000, 0x0000000084100000| Untracked 
|  66|0x0000000084200000, 0x0000000084300000, 0x0000000084300000|100%| O|  |TAMS 0x0000000084300000, 0x0000000084200000| Untracked 
|  67|0x0000000084300000, 0x0000000084400000, 0x0000000084400000|100%| O|  |TAMS 0x0000000084400000, 0x0000000084300000| Untracked 
|  68|0x0000000084400000, 0x0000000084500000, 0x0000000084500000|100%| O|  |TAMS 0x0000000084500000, 0x0000000084400000| Untracked 
|  69|0x0000000084500000, 0x0000000084600000, 0x0000000084600000|100%| O|  |TAMS 0x0000000084600000, 0x0000000084500000| Untracked 
|  70|0x0000000084600000, 0x0000000084700000, 0x0000000084700000|100%| O|  |TAMS 0x0000000084700000, 0x0000000084600000| Untracked 
|  71|0x0000000084700000, 0x0000000084800000, 0x0000000084800000|100%| O|  |TAMS 0x0000000084800000, 0x0000000084700000| Untracked 
|  72|0x0000000084800000, 0x0000000084900000, 0x0000000084900000|100%|HS|  |TAMS 0x0000000084900000, 0x0000000084800000| Complete 
|  73|0x0000000084900000, 0x0000000084a00000, 0x0000000084a00000|100%|HC|  |TAMS 0x0000000084a00000, 0x0000000084900000| Complete 
|  74|0x0000000084a00000, 0x0000000084b00000, 0x0000000084b00000|100%|HS|  |TAMS 0x0000000084b00000, 0x0000000084a00000| Complete 
|  75|0x0000000084b00000, 0x0000000084c00000, 0x0000000084c00000|100%|HS|  |TAMS 0x0000000084c00000, 0x0000000084b00000| Complete 
|  76|0x0000000084c00000, 0x0000000084d00000, 0x0000000084d00000|100%|HC|  |TAMS 0x0000000084d00000, 0x0000000084c00000| Complete 
|  77|0x0000000084d00000, 0x0000000084e00000, 0x0000000084e00000|100%|HC|  |TAMS 0x0000000084e00000, 0x0000000084d00000| Complete 
|  78|0x0000000084e00000, 0x0000000084f00000, 0x0000000084f00000|100%|HC|  |TAMS 0x0000000084f00000, 0x0000000084e00000| Complete 
|  79|0x0000000084f00000, 0x0000000085000000, 0x0000000085000000|100%| O|  |TAMS 0x0000000085000000, 0x0000000084f00000| Untracked 
|  80|0x0000000085000000, 0x0000000085100000, 0x0000000085100000|100%| O|  |TAMS 0x0000000085100000, 0x0000000085000000| Untracked 
|  81|0x0000000085100000, 0x0000000085200000, 0x0000000085200000|100%| O|  |TAMS 0x0000000085200000, 0x0000000085100000| Untracked 
|  82|0x0000000085200000, 0x0000000085300000, 0x0000000085300000|100%| O|  |TAMS 0x0000000085300000, 0x0000000085200000| Untracked 
|  83|0x0000000085300000, 0x0000000085400000, 0x0000000085400000|100%| O|  |TAMS 0x0000000085400000, 0x0000000085300000| Untracked 
|  84|0x0000000085400000, 0x0000000085500000, 0x0000000085500000|100%| O|  |TAMS 0x0000000085500000, 0x0000000085400000| Untracked 
|  85|0x0000000085500000, 0x0000000085600000, 0x0000000085600000|100%| O|  |TAMS 0x0000000085600000, 0x0000000085500000| Untracked 
|  86|0x0000000085600000, 0x0000000085700000, 0x0000000085700000|100%| O|  |TAMS 0x0000000085700000, 0x0000000085600000| Untracked 
|  87|0x0000000085700000, 0x0000000085800000, 0x0000000085800000|100%| O|  |TAMS 0x0000000085800000, 0x0000000085700000| Untracked 
|  88|0x0000000085800000, 0x0000000085900000, 0x0000000085900000|100%| O|  |TAMS 0x0000000085900000, 0x0000000085800000| Untracked 
|  89|0x0000000085900000, 0x0000000085a00000, 0x0000000085a00000|100%| O|  |TAMS 0x0000000085a00000, 0x0000000085900000| Untracked 
|  90|0x0000000085a00000, 0x0000000085b00000, 0x0000000085b00000|100%| O|  |TAMS 0x0000000085b00000, 0x0000000085a00000| Untracked 
|  91|0x0000000085b00000, 0x0000000085c00000, 0x0000000085c00000|100%| O|  |TAMS 0x0000000085c00000, 0x0000000085b00000| Untracked 
|  92|0x0000000085c00000, 0x0000000085d00000, 0x0000000085d00000|100%| O|  |TAMS 0x0000000085d00000, 0x0000000085c00000| Untracked 
|  93|0x0000000085d00000, 0x0000000085e00000, 0x0000000085e00000|100%| O|  |TAMS 0x0000000085e00000, 0x0000000085d00000| Untracked 
|  94|0x0000000085e00000, 0x0000000085f00000, 0x0000000085f00000|100%| O|  |TAMS 0x0000000085f00000, 0x0000000085e00000| Untracked 
|  95|0x0000000085f00000, 0x0000000086000000, 0x0000000086000000|100%| O|  |TAMS 0x0000000086000000, 0x0000000085f00000| Untracked 
|  96|0x0000000086000000, 0x0000000086100000, 0x0000000086100000|100%| O|  |TAMS 0x0000000086100000, 0x0000000086000000| Untracked 
|  97|0x0000000086100000, 0x0000000086200000, 0x0000000086200000|100%| O|  |TAMS 0x0000000086200000, 0x0000000086100000| Untracked 
|  98|0x0000000086200000, 0x0000000086300000, 0x0000000086300000|100%| O|  |TAMS 0x0000000086300000, 0x0000000086200000| Untracked 
|  99|0x0000000086300000, 0x0000000086400000, 0x0000000086400000|100%| O|  |TAMS 0x0000000086400000, 0x0000000086300000| Untracked 
| 100|0x0000000086400000, 0x0000000086500000, 0x0000000086500000|100%| O|  |TAMS 0x0000000086500000, 0x0000000086400000| Untracked 
| 101|0x0000000086500000, 0x0000000086600000, 0x0000000086600000|100%| O|  |TAMS 0x0000000086600000, 0x0000000086500000| Untracked 
| 102|0x0000000086600000, 0x0000000086700000, 0x0000000086700000|100%| O|  |TAMS 0x0000000086700000, 0x0000000086600000| Untracked 
| 103|0x0000000086700000, 0x0000000086800000, 0x0000000086800000|100%| O|  |TAMS 0x0000000086800000, 0x0000000086700000| Untracked 
| 104|0x0000000086800000, 0x0000000086900000, 0x0000000086900000|100%| O|  |TAMS 0x0000000086900000, 0x0000000086800000| Untracked 
| 105|0x0000000086900000, 0x0000000086a00000, 0x0000000086a00000|100%| O|  |TAMS 0x0000000086a00000, 0x0000000086900000| Untracked 
| 106|0x0000000086a00000, 0x0000000086b00000, 0x0000000086b00000|100%| O|  |TAMS 0x0000000086b00000, 0x0000000086a00000| Untracked 
| 107|0x0000000086b00000, 0x0000000086c00000, 0x0000000086c00000|100%| O|  |TAMS 0x0000000086c00000, 0x0000000086b00000| Untracked 
| 108|0x0000000086c00000, 0x0000000086d00000, 0x0000000086d00000|100%| O|  |TAMS 0x0000000086d00000, 0x0000000086c00000| Untracked 
| 109|0x0000000086d00000, 0x0000000086e00000, 0x0000000086e00000|100%| O|  |TAMS 0x0000000086e00000, 0x0000000086d00000| Untracked 
| 110|0x0000000086e00000, 0x0000000086f00000, 0x0000000086f00000|100%| O|  |TAMS 0x0000000086f00000, 0x0000000086e00000| Untracked 
| 111|0x0000000086f00000, 0x0000000087000000, 0x0000000087000000|100%|HS|  |TAMS 0x0000000087000000, 0x0000000086f00000| Complete 
| 112|0x0000000087000000, 0x0000000087100000, 0x0000000087100000|100%|HC|  |TAMS 0x0000000087100000, 0x0000000087000000| Complete 
| 113|0x0000000087100000, 0x0000000087200000, 0x0000000087200000|100%|HC|  |TAMS 0x0000000087200000, 0x0000000087100000| Complete 
| 114|0x0000000087200000, 0x0000000087300000, 0x0000000087300000|100%|HC|  |TAMS 0x0000000087300000, 0x0000000087200000| Complete 
| 115|0x0000000087300000, 0x0000000087400000, 0x0000000087400000|100%|HC|  |TAMS 0x0000000087400000, 0x0000000087300000| Complete 
| 116|0x0000000087400000, 0x0000000087500000, 0x0000000087500000|100%|HC|  |TAMS 0x0000000087500000, 0x0000000087400000| Complete 
| 117|0x0000000087500000, 0x0000000087600000, 0x0000000087600000|100%|HC|  |TAMS 0x0000000087600000, 0x0000000087500000| Complete 
| 118|0x0000000087600000, 0x0000000087700000, 0x0000000087700000|100%|HC|  |TAMS 0x0000000087700000, 0x0000000087600000| Complete 
| 119|0x0000000087700000, 0x0000000087800000, 0x0000000087800000|100%|HC|  |TAMS 0x0000000087800000, 0x0000000087700000| Complete 
| 120|0x0000000087800000, 0x0000000087900000, 0x0000000087900000|100%|HC|  |TAMS 0x0000000087900000, 0x0000000087800000| Complete 
| 121|0x0000000087900000, 0x0000000087a00000, 0x0000000087a00000|100%|HS|  |TAMS 0x0000000087a00000, 0x0000000087900000| Complete 
| 122|0x0000000087a00000, 0x0000000087b00000, 0x0000000087b00000|100%|HC|  |TAMS 0x0000000087b00000, 0x0000000087a00000| Complete 
| 123|0x0000000087b00000, 0x0000000087c00000, 0x0000000087c00000|100%|HS|  |TAMS 0x0000000087c00000, 0x0000000087b00000| Complete 
| 124|0x0000000087c00000, 0x0000000087d00000, 0x0000000087d00000|100%|HC|  |TAMS 0x0000000087d00000, 0x0000000087c00000| Complete 
| 125|0x0000000087d00000, 0x0000000087e00000, 0x0000000087e00000|100%|HS|  |TAMS 0x0000000087e00000, 0x0000000087d00000| Complete 
| 126|0x0000000087e00000, 0x0000000087f00000, 0x0000000087f00000|100%|HC|  |TAMS 0x0000000087f00000, 0x0000000087e00000| Complete 
| 127|0x0000000087f00000, 0x0000000088000000, 0x0000000088000000|100%|HC|  |TAMS 0x0000000088000000, 0x0000000087f00000| Complete 
| 128|0x0000000088000000, 0x0000000088100000, 0x0000000088100000|100%|HS|  |TAMS 0x0000000088100000, 0x0000000088000000| Complete 
| 129|0x0000000088100000, 0x0000000088200000, 0x0000000088200000|100%|HC|  |TAMS 0x0000000088200000, 0x0000000088100000| Complete 
| 130|0x0000000088200000, 0x0000000088300000, 0x0000000088300000|100%|HC|  |TAMS 0x0000000088300000, 0x0000000088200000| Complete 
| 131|0x0000000088300000, 0x0000000088400000, 0x0000000088400000|100%|HS|  |TAMS 0x0000000088400000, 0x0000000088300000| Complete 
| 132|0x0000000088400000, 0x0000000088500000, 0x0000000088500000|100%|HC|  |TAMS 0x0000000088500000, 0x0000000088400000| Complete 
| 133|0x0000000088500000, 0x0000000088600000, 0x0000000088600000|100%|HS|  |TAMS 0x0000000088600000, 0x0000000088500000| Complete 
| 134|0x0000000088600000, 0x0000000088700000, 0x0000000088700000|100%|HC|  |TAMS 0x0000000088700000, 0x0000000088600000| Complete 
| 135|0x0000000088700000, 0x0000000088800000, 0x0000000088800000|100%| O|  |TAMS 0x0000000088800000, 0x0000000088700000| Untracked 
| 136|0x0000000088800000, 0x0000000088900000, 0x0000000088900000|100%| O|  |TAMS 0x0000000088900000, 0x0000000088800000| Untracked 
| 137|0x0000000088900000, 0x0000000088a00000, 0x0000000088a00000|100%| O|  |TAMS 0x0000000088a00000, 0x0000000088900000| Untracked 
| 138|0x0000000088a00000, 0x0000000088b00000, 0x0000000088b00000|100%| O|  |TAMS 0x0000000088b00000, 0x0000000088a00000| Untracked 
| 139|0x0000000088b00000, 0x0000000088c00000, 0x0000000088c00000|100%| O|  |TAMS 0x0000000088c00000, 0x0000000088b00000| Untracked 
| 140|0x0000000088c00000, 0x0000000088d00000, 0x0000000088d00000|100%| O|  |TAMS 0x0000000088d00000, 0x0000000088c00000| Untracked 
| 141|0x0000000088d00000, 0x0000000088e00000, 0x0000000088e00000|100%| O|  |TAMS 0x0000000088e00000, 0x0000000088d00000| Untracked 
| 142|0x0000000088e00000, 0x0000000088e4cc00, 0x0000000088f00000| 29%| O|  |TAMS 0x0000000088e4cc00, 0x0000000088e00000| Untracked 
| 143|0x0000000088f00000, 0x0000000088f00000, 0x0000000089000000|  0%| F|  |TAMS 0x0000000088f00000, 0x0000000088f00000| Untracked 
| 144|0x0000000089000000, 0x0000000089000000, 0x0000000089100000|  0%| F|  |TAMS 0x0000000089000000, 0x0000000089000000| Untracked 
| 145|0x0000000089100000, 0x0000000089100000, 0x0000000089200000|  0%| F|  |TAMS 0x0000000089100000, 0x0000000089100000| Untracked 
| 146|0x0000000089200000, 0x0000000089300000, 0x0000000089300000|100%|HS|  |TAMS 0x0000000089300000, 0x0000000089200000| Complete 
| 147|0x0000000089300000, 0x0000000089400000, 0x0000000089400000|100%|HC|  |TAMS 0x0000000089400000, 0x0000000089300000| Complete 
| 148|0x0000000089400000, 0x0000000089500000, 0x0000000089500000|100%|HC|  |TAMS 0x0000000089500000, 0x0000000089400000| Complete 
| 149|0x0000000089500000, 0x0000000089600000, 0x0000000089600000|100%|HC|  |TAMS 0x0000000089600000, 0x0000000089500000| Complete 
| 150|0x0000000089600000, 0x0000000089700000, 0x0000000089700000|100%|HC|  |TAMS 0x0000000089700000, 0x0000000089600000| Complete 
| 151|0x0000000089700000, 0x0000000089800000, 0x0000000089800000|100%|HS|  |TAMS 0x0000000089800000, 0x0000000089700000| Complete 
| 152|0x0000000089800000, 0x0000000089900000, 0x0000000089900000|100%|HC|  |TAMS 0x0000000089900000, 0x0000000089800000| Complete 
| 153|0x0000000089900000, 0x0000000089a00000, 0x0000000089a00000|100%|HC|  |TAMS 0x0000000089a00000, 0x0000000089900000| Complete 
| 154|0x0000000089a00000, 0x0000000089b00000, 0x0000000089b00000|100%|HC|  |TAMS 0x0000000089b00000, 0x0000000089a00000| Complete 
| 155|0x0000000089b00000, 0x0000000089c00000, 0x0000000089c00000|100%|HC|  |TAMS 0x0000000089c00000, 0x0000000089b00000| Complete 
| 156|0x0000000089c00000, 0x0000000089d00000, 0x0000000089d00000|100%|HC|  |TAMS 0x0000000089d00000, 0x0000000089c00000| Complete 
| 157|0x0000000089d00000, 0x0000000089e00000, 0x0000000089e00000|100%|HC|  |TAMS 0x0000000089e00000, 0x0000000089d00000| Complete 
| 158|0x0000000089e00000, 0x0000000089f00000, 0x0000000089f00000|100%|HC|  |TAMS 0x0000000089f00000, 0x0000000089e00000| Complete 
| 159|0x0000000089f00000, 0x000000008a000000, 0x000000008a000000|100%|HC|  |TAMS 0x000000008a000000, 0x0000000089f00000| Complete 
| 160|0x000000008a000000, 0x000000008a100000, 0x000000008a100000|100%|HC|  |TAMS 0x000000008a100000, 0x000000008a000000| Complete 
| 161|0x000000008a100000, 0x000000008a100000, 0x000000008a200000|  0%| F|  |TAMS 0x000000008a100000, 0x000000008a100000| Untracked 
| 162|0x000000008a200000, 0x000000008a200000, 0x000000008a300000|  0%| F|  |TAMS 0x000000008a200000, 0x000000008a200000| Untracked 
| 163|0x000000008a300000, 0x000000008a300000, 0x000000008a400000|  0%| F|  |TAMS 0x000000008a300000, 0x000000008a300000| Untracked 
| 164|0x000000008a400000, 0x000000008a400000, 0x000000008a500000|  0%| F|  |TAMS 0x000000008a400000, 0x000000008a400000| Untracked 
| 165|0x000000008a500000, 0x000000008a500000, 0x000000008a600000|  0%| F|  |TAMS 0x000000008a500000, 0x000000008a500000| Untracked 
| 166|0x000000008a600000, 0x000000008a600000, 0x000000008a700000|  0%| F|  |TAMS 0x000000008a600000, 0x000000008a600000| Untracked 
| 167|0x000000008a700000, 0x000000008a700000, 0x000000008a800000|  0%| F|  |TAMS 0x000000008a700000, 0x000000008a700000| Untracked 
| 168|0x000000008a800000, 0x000000008a800000, 0x000000008a900000|  0%| F|  |TAMS 0x000000008a800000, 0x000000008a800000| Untracked 
| 169|0x000000008a900000, 0x000000008a900000, 0x000000008aa00000|  0%| F|  |TAMS 0x000000008a900000, 0x000000008a900000| Untracked 
| 170|0x000000008aa00000, 0x000000008aa00000, 0x000000008ab00000|  0%| F|  |TAMS 0x000000008aa00000, 0x000000008aa00000| Untracked 
| 171|0x000000008ab00000, 0x000000008ab00000, 0x000000008ac00000|  0%| F|  |TAMS 0x000000008ab00000, 0x000000008ab00000| Untracked 
| 172|0x000000008ac00000, 0x000000008ac00000, 0x000000008ad00000|  0%| F|  |TAMS 0x000000008ac00000, 0x000000008ac00000| Untracked 
| 173|0x000000008ad00000, 0x000000008ad00000, 0x000000008ae00000|  0%| F|  |TAMS 0x000000008ad00000, 0x000000008ad00000| Untracked 
| 174|0x000000008ae00000, 0x000000008ae00000, 0x000000008af00000|  0%| F|  |TAMS 0x000000008ae00000, 0x000000008ae00000| Untracked 
| 175|0x000000008af00000, 0x000000008af00000, 0x000000008b000000|  0%| F|  |TAMS 0x000000008af00000, 0x000000008af00000| Untracked 
| 176|0x000000008b000000, 0x000000008b000000, 0x000000008b100000|  0%| F|  |TAMS 0x000000008b000000, 0x000000008b000000| Untracked 
| 177|0x000000008b100000, 0x000000008b100000, 0x000000008b200000|  0%| F|  |TAMS 0x000000008b100000, 0x000000008b100000| Untracked 
| 178|0x000000008b200000, 0x000000008b200000, 0x000000008b300000|  0%| F|  |TAMS 0x000000008b200000, 0x000000008b200000| Untracked 
| 179|0x000000008b300000, 0x000000008b300000, 0x000000008b400000|  0%| F|  |TAMS 0x000000008b300000, 0x000000008b300000| Untracked 
| 180|0x000000008b400000, 0x000000008b400000, 0x000000008b500000|  0%| F|  |TAMS 0x000000008b400000, 0x000000008b400000| Untracked 
| 181|0x000000008b500000, 0x000000008b500000, 0x000000008b600000|  0%| F|  |TAMS 0x000000008b500000, 0x000000008b500000| Untracked 
| 182|0x000000008b600000, 0x000000008b600000, 0x000000008b700000|  0%| F|  |TAMS 0x000000008b600000, 0x000000008b600000| Untracked 
| 183|0x000000008b700000, 0x000000008b700000, 0x000000008b800000|  0%| F|  |TAMS 0x000000008b700000, 0x000000008b700000| Untracked 
| 184|0x000000008b800000, 0x000000008b800000, 0x000000008b900000|  0%| F|  |TAMS 0x000000008b800000, 0x000000008b800000| Untracked 
| 185|0x000000008b900000, 0x000000008b900000, 0x000000008ba00000|  0%| F|  |TAMS 0x000000008b900000, 0x000000008b900000| Untracked 
| 186|0x000000008ba00000, 0x000000008ba00000, 0x000000008bb00000|  0%| F|  |TAMS 0x000000008ba00000, 0x000000008ba00000| Untracked 
| 187|0x000000008bb00000, 0x000000008bb00000, 0x000000008bc00000|  0%| F|  |TAMS 0x000000008bb00000, 0x000000008bb00000| Untracked 
| 188|0x000000008bc00000, 0x000000008bc00000, 0x000000008bd00000|  0%| F|  |TAMS 0x000000008bc00000, 0x000000008bc00000| Untracked 
| 189|0x000000008bd00000, 0x000000008bd00000, 0x000000008be00000|  0%| F|  |TAMS 0x000000008bd00000, 0x000000008bd00000| Untracked 
| 190|0x000000008be00000, 0x000000008be00000, 0x000000008bf00000|  0%| F|  |TAMS 0x000000008be00000, 0x000000008be00000| Untracked 
| 191|0x000000008bf00000, 0x000000008bf00000, 0x000000008c000000|  0%| F|  |TAMS 0x000000008bf00000, 0x000000008bf00000| Untracked 
| 192|0x000000008c000000, 0x000000008c000000, 0x000000008c100000|  0%| F|  |TAMS 0x000000008c000000, 0x000000008c000000| Untracked 
| 193|0x000000008c100000, 0x000000008c100000, 0x000000008c200000|  0%| F|  |TAMS 0x000000008c100000, 0x000000008c100000| Untracked 
| 194|0x000000008c200000, 0x000000008c200000, 0x000000008c300000|  0%| F|  |TAMS 0x000000008c200000, 0x000000008c200000| Untracked 
| 195|0x000000008c300000, 0x000000008c300000, 0x000000008c400000|  0%| F|  |TAMS 0x000000008c300000, 0x000000008c300000| Untracked 
| 196|0x000000008c400000, 0x000000008c400000, 0x000000008c500000|  0%| F|  |TAMS 0x000000008c400000, 0x000000008c400000| Untracked 
| 197|0x000000008c500000, 0x000000008c500000, 0x000000008c600000|  0%| F|  |TAMS 0x000000008c500000, 0x000000008c500000| Untracked 
| 198|0x000000008c600000, 0x000000008c700000, 0x000000008c700000|100%| O|  |TAMS 0x000000008c700000, 0x000000008c600000| Untracked 
| 199|0x000000008c700000, 0x000000008c800000, 0x000000008c800000|100%| O|  |TAMS 0x000000008c800000, 0x000000008c700000| Untracked 
| 200|0x000000008c800000, 0x000000008c900000, 0x000000008c900000|100%| O|  |TAMS 0x000000008c900000, 0x000000008c800000| Untracked 
| 201|0x000000008c900000, 0x000000008ca00000, 0x000000008ca00000|100%| O|  |TAMS 0x000000008ca00000, 0x000000008c900000| Untracked 
| 202|0x000000008ca00000, 0x000000008cb00000, 0x000000008cb00000|100%| O|  |TAMS 0x000000008cb00000, 0x000000008ca00000| Untracked 
| 203|0x000000008cb00000, 0x000000008cc00000, 0x000000008cc00000|100%| O|  |TAMS 0x000000008cc00000, 0x000000008cb00000| Untracked 
| 204|0x000000008cc00000, 0x000000008cd00000, 0x000000008cd00000|100%| O|  |TAMS 0x000000008cd00000, 0x000000008cc00000| Untracked 
| 205|0x000000008cd00000, 0x000000008ce00000, 0x000000008ce00000|100%| O|  |TAMS 0x000000008ce00000, 0x000000008cd00000| Untracked 
| 206|0x000000008ce00000, 0x000000008cf00000, 0x000000008cf00000|100%| O|  |TAMS 0x000000008cf00000, 0x000000008ce00000| Untracked 
| 207|0x000000008cf00000, 0x000000008cf00000, 0x000000008d000000|  0%| F|  |TAMS 0x000000008cf00000, 0x000000008cf00000| Untracked 
| 208|0x000000008d000000, 0x000000008d000000, 0x000000008d100000|  0%| F|  |TAMS 0x000000008d000000, 0x000000008d000000| Untracked 
| 209|0x000000008d100000, 0x000000008d100000, 0x000000008d200000|  0%| F|  |TAMS 0x000000008d100000, 0x000000008d100000| Untracked 
| 210|0x000000008d200000, 0x000000008d300000, 0x000000008d300000|100%| S|CS|TAMS 0x000000008d200000, 0x000000008d200000| Complete 
| 211|0x000000008d300000, 0x000000008d400000, 0x000000008d400000|100%| S|CS|TAMS 0x000000008d300000, 0x000000008d300000| Complete 
| 212|0x000000008d400000, 0x000000008d433448, 0x000000008d500000| 20%| E|  |TAMS 0x000000008d400000, 0x000000008d400000| Complete 
| 213|0x000000008d500000, 0x000000008d600000, 0x000000008d600000|100%| E|CS|TAMS 0x000000008d500000, 0x000000008d500000| Complete 
| 214|0x000000008d600000, 0x000000008d700000, 0x000000008d700000|100%| S|CS|TAMS 0x000000008d600000, 0x000000008d600000| Complete 
| 215|0x000000008d700000, 0x000000008d800000, 0x000000008d800000|100%| E|CS|TAMS 0x000000008d700000, 0x000000008d700000| Complete 
| 216|0x000000008d800000, 0x000000008d900000, 0x000000008d900000|100%| E|CS|TAMS 0x000000008d800000, 0x000000008d800000| Complete 
| 217|0x000000008d900000, 0x000000008da00000, 0x000000008da00000|100%| E|CS|TAMS 0x000000008d900000, 0x000000008d900000| Complete 
| 218|0x000000008da00000, 0x000000008db00000, 0x000000008db00000|100%| E|CS|TAMS 0x000000008da00000, 0x000000008da00000| Complete 
| 219|0x000000008db00000, 0x000000008dc00000, 0x000000008dc00000|100%| E|CS|TAMS 0x000000008db00000, 0x000000008db00000| Complete 
| 220|0x000000008dc00000, 0x000000008dd00000, 0x000000008dd00000|100%| E|CS|TAMS 0x000000008dc00000, 0x000000008dc00000| Complete 
| 221|0x000000008dd00000, 0x000000008de00000, 0x000000008de00000|100%| E|CS|TAMS 0x000000008dd00000, 0x000000008dd00000| Complete 
| 222|0x000000008de00000, 0x000000008df00000, 0x000000008df00000|100%| E|CS|TAMS 0x000000008de00000, 0x000000008de00000| Complete 
| 223|0x000000008df00000, 0x000000008e000000, 0x000000008e000000|100%| E|CS|TAMS 0x000000008df00000, 0x000000008df00000| Complete 
| 224|0x000000008e000000, 0x000000008e100000, 0x000000008e100000|100%| E|CS|TAMS 0x000000008e000000, 0x000000008e000000| Complete 
| 225|0x000000008e100000, 0x000000008e200000, 0x000000008e200000|100%| E|CS|TAMS 0x000000008e100000, 0x000000008e100000| Complete 
| 226|0x000000008e200000, 0x000000008e300000, 0x000000008e300000|100%| E|CS|TAMS 0x000000008e200000, 0x000000008e200000| Complete 
| 227|0x000000008e300000, 0x000000008e400000, 0x000000008e400000|100%| E|CS|TAMS 0x000000008e300000, 0x000000008e300000| Complete 
| 228|0x000000008e400000, 0x000000008e500000, 0x000000008e500000|100%| E|CS|TAMS 0x000000008e400000, 0x000000008e400000| Complete 
| 229|0x000000008e500000, 0x000000008e600000, 0x000000008e600000|100%| E|CS|TAMS 0x000000008e500000, 0x000000008e500000| Complete 
| 230|0x000000008e600000, 0x000000008e700000, 0x000000008e700000|100%| E|CS|TAMS 0x000000008e600000, 0x000000008e600000| Complete 
| 231|0x000000008e700000, 0x000000008e800000, 0x000000008e800000|100%| E|CS|TAMS 0x000000008e700000, 0x000000008e700000| Complete 
| 232|0x000000008e800000, 0x000000008e900000, 0x000000008e900000|100%| E|CS|TAMS 0x000000008e800000, 0x000000008e800000| Complete 
| 233|0x000000008e900000, 0x000000008ea00000, 0x000000008ea00000|100%| E|CS|TAMS 0x000000008e900000, 0x000000008e900000| Complete 
| 234|0x000000008ea00000, 0x000000008eb00000, 0x000000008eb00000|100%| E|CS|TAMS 0x000000008ea00000, 0x000000008ea00000| Complete 
| 235|0x000000008eb00000, 0x000000008ec00000, 0x000000008ec00000|100%| E|CS|TAMS 0x000000008eb00000, 0x000000008eb00000| Complete 
| 236|0x000000008ec00000, 0x000000008ed00000, 0x000000008ed00000|100%| E|CS|TAMS 0x000000008ec00000, 0x000000008ec00000| Complete 
| 237|0x000000008ed00000, 0x000000008ee00000, 0x000000008ee00000|100%| E|CS|TAMS 0x000000008ed00000, 0x000000008ed00000| Complete 
| 238|0x000000008ee00000, 0x000000008ef00000, 0x000000008ef00000|100%| E|CS|TAMS 0x000000008ee00000, 0x000000008ee00000| Complete 
| 239|0x000000008ef00000, 0x000000008f000000, 0x000000008f000000|100%| E|CS|TAMS 0x000000008ef00000, 0x000000008ef00000| Complete 
| 240|0x000000008f000000, 0x000000008f100000, 0x000000008f100000|100%| E|CS|TAMS 0x000000008f000000, 0x000000008f000000| Complete 
| 241|0x000000008f100000, 0x000000008f200000, 0x000000008f200000|100%| E|CS|TAMS 0x000000008f100000, 0x000000008f100000| Complete 
| 242|0x000000008f200000, 0x000000008f300000, 0x000000008f300000|100%| E|CS|TAMS 0x000000008f200000, 0x000000008f200000| Complete 
| 243|0x000000008f300000, 0x000000008f400000, 0x000000008f400000|100%| E|CS|TAMS 0x000000008f300000, 0x000000008f300000| Complete 
| 244|0x000000008f400000, 0x000000008f500000, 0x000000008f500000|100%| E|CS|TAMS 0x000000008f400000, 0x000000008f400000| Complete 
| 245|0x000000008f500000, 0x000000008f600000, 0x000000008f600000|100%| E|CS|TAMS 0x000000008f500000, 0x000000008f500000| Complete 
| 246|0x000000008f600000, 0x000000008f700000, 0x000000008f700000|100%| E|CS|TAMS 0x000000008f600000, 0x000000008f600000| Complete 
| 247|0x000000008f700000, 0x000000008f800000, 0x000000008f800000|100%| E|CS|TAMS 0x000000008f700000, 0x000000008f700000| Complete 
| 248|0x000000008f800000, 0x000000008f900000, 0x000000008f900000|100%| E|CS|TAMS 0x000000008f800000, 0x000000008f800000| Complete 

Card table byte_map: [0x00000221f2c20000,0x00000221f3020000] _byte_map_base: 0x00000221f2820000

Marking Bits (Prev, Next): (CMBitMap*) 0x00000221dfd348b0, (CMBitMap*) 0x00000221dfd34878
 Prev Bits: [0x00000221f5420000, 0x00000221f7420000)
 Next Bits: [0x00000221f3420000, 0x00000221f5420000)

Polling page: 0x00000221ddc70000

Metaspace:

Usage:
  Non-class:     83.65 MB capacity,    82.02 MB ( 98%) used,     1.36 MB (  2%) free+waste,   274.88 KB ( <1%) overhead. 
      Class:     13.06 MB capacity,    12.12 MB ( 93%) used,   839.37 KB (  6%) free+waste,   127.75 KB ( <1%) overhead. 
       Both:     96.71 MB capacity,    94.14 MB ( 97%) used,     2.18 MB (  2%) free+waste,   402.62 KB ( <1%) overhead. 

Virtual space:
  Non-class space:       84.00 MB reserved,      83.84 MB (>99%) committed 
      Class space:        1.00 GB reserved,      13.07 MB (  1%) committed 
             Both:        1.08 GB reserved,      96.91 MB (  9%) committed 

Chunk freelists:
   Non-Class:  61.00 KB
       Class:  2.00 KB
        Both:  63.00 KB

MaxMetaspaceSize: 17179869184.00 GB
CompressedClassSpaceSize: 1.00 GB
Initial GC threshold: 20.80 MB
Current GC threshold: 157.77 MB
CDS: off

CodeHeap 'non-profiled nmethods': size=120064Kb used=6064Kb max_used=6064Kb free=114000Kb
 bounds [0x00000221eb2e0000, 0x00000221eb8d0000, 0x00000221f2820000]
CodeHeap 'profiled nmethods': size=120000Kb used=20411Kb max_used=20411Kb free=99588Kb
 bounds [0x00000221e3db0000, 0x00000221e51a0000, 0x00000221eb2e0000]
CodeHeap 'non-nmethods': size=5696Kb used=2388Kb max_used=2485Kb free=3307Kb
 bounds [0x00000221e3820000, 0x00000221e3aa0000, 0x00000221e3db0000]
 total_blobs=10292 nmethods=9378 adapters=826
 compilation: enabled
              stopped_count=0, restarted_count=0
 full_count=0

Compilation events (20 events):
Event: 17.891 Thread 0x00000221fa1b0800 nmethod 9402 0x00000221e5197990 code [0x00000221e5198060, 0x00000221e519b238]
Event: 17.891 Thread 0x00000221fa1b0800 9403       3       jdk.internal.reflect.ClassFileAssembler::getMaxStack (6 bytes)
Event: 17.891 Thread 0x00000221fa1b0800 nmethod 9403 0x00000221e519cd10 code [0x00000221e519cec0, 0x00000221e519cfd8]
Event: 17.891 Thread 0x00000221fa1b0800 9404       3       java.util.Collections$SetFromMap::contains (11 bytes)
Event: 17.891 Thread 0x00000221fa1b0800 nmethod 9404 0x00000221e519d090 code [0x00000221e519d240, 0x00000221e519d408]
Event: 17.904 Thread 0x00000221f994b000 9406       4       java.security.SecureClassLoader$CodeSourceKey::equals (56 bytes)
Event: 17.912 Thread 0x00000221f994b000 nmethod 9406 0x00000221eb8c4290 code [0x00000221eb8c4460, 0x00000221eb8c4948]
Event: 17.912 Thread 0x00000221f994b000 9407       4       java.security.CodeSource::matchCerts (254 bytes)
Event: 17.916 Thread 0x00000221f994b000 nmethod 9407 0x00000221eb8c4d90 code [0x00000221eb8c4f40, 0x00000221eb8c5208]
Event: 17.917 Thread 0x00000221fa1b0800 9408       3       java.io.RandomAccessFile::<init> (8 bytes)
Event: 17.917 Thread 0x00000221fa1b0800 nmethod 9408 0x00000221e519d510 code [0x00000221e519d6c0, 0x00000221e519d7e8]
Event: 18.097 Thread 0x00000221fd5cc800 nmethod 9401 0x00000221eb8c5510 code [0x00000221eb8c58e0, 0x00000221eb8ca440]
Event: 18.106 Thread 0x00000221fa1b0800 9409       3       org.gradle.internal.hash.HashCode$HashCode128::hashCode (6 bytes)
Event: 18.106 Thread 0x00000221fa1b0800 nmethod 9409 0x00000221e519d890 code [0x00000221e519da40, 0x00000221e519db38]
Event: 18.117 Thread 0x00000221fa1b0800 9410   !   3       org.gradle.internal.serialize.kryo.KryoBackedDecoder::readByte (15 bytes)
Event: 18.118 Thread 0x00000221fa1b0800 nmethod 9410 0x00000221e519dc10 code [0x00000221e519de40, 0x00000221e519e468]
Event: 18.119 Thread 0x00000221fa1b0800 9411       3       com.google.common.collect.MapMakerInternalMap$WeakKeyDummyValueSegment::self (5 bytes)
Event: 18.119 Thread 0x00000221fa1b0800 nmethod 9411 0x00000221e519e790 code [0x00000221e519e940, 0x00000221e519ea98]
Event: 18.119 Thread 0x00000221fa1b0800 9412       3       com.google.common.collect.MapMakerInternalMap$WeakKeyDummyValueSegment::self (2 bytes)
Event: 18.119 Thread 0x00000221fa1b0800 nmethod 9412 0x00000221e519eb90 code [0x00000221e519ed40, 0x00000221e519ee38]

GC Heap History (20 events):
Event: 15.989 GC heap before
{Heap before GC invocations=24 (full 0):
 garbage-first heap   total 211968K, used 183696K [0x0000000080000000, 0x0000000100000000)
  region size 1024K, 21 young (21504K), 6 survivors (6144K)
 Metaspace       used 83371K, capacity 85580K, committed 85668K, reserved 1124352K
  class space    used 10699K, capacity 11549K, committed 11596K, reserved 1048576K
}
Event: 15.996 GC heap after
{Heap after GC invocations=25 (full 0):
 garbage-first heap   total 211968K, used 169209K [0x0000000080000000, 0x0000000100000000)
  region size 1024K, 1 young (1024K), 1 survivors (1024K)
 Metaspace       used 83371K, capacity 85580K, committed 85668K, reserved 1124352K
  class space    used 10699K, capacity 11549K, committed 11596K, reserved 1048576K
}
Event: 16.099 GC heap before
{Heap before GC invocations=25 (full 0):
 garbage-first heap   total 211968K, used 184569K [0x0000000080000000, 0x0000000100000000)
  region size 1024K, 16 young (16384K), 1 survivors (1024K)
 Metaspace       used 83773K, capacity 86054K, committed 86308K, reserved 1124352K
  class space    used 10773K, capacity 11643K, committed 11724K, reserved 1048576K
}
Event: 16.102 GC heap after
{Heap after GC invocations=26 (full 0):
 garbage-first heap   total 211968K, used 169417K [0x0000000080000000, 0x0000000100000000)
  region size 1024K, 1 young (1024K), 1 survivors (1024K)
 Metaspace       used 83773K, capacity 86054K, committed 86308K, reserved 1124352K
  class space    used 10773K, capacity 11643K, committed 11724K, reserved 1048576K
}
Event: 16.187 GC heap before
{Heap before GC invocations=26 (full 0):
 garbage-first heap   total 211968K, used 184777K [0x0000000080000000, 0x0000000100000000)
  region size 1024K, 16 young (16384K), 1 survivors (1024K)
 Metaspace       used 84251K, capacity 86601K, committed 86948K, reserved 1124352K
  class space    used 10828K, capacity 11740K, committed 11852K, reserved 1048576K
}
Event: 16.189 GC heap after
{Heap after GC invocations=27 (full 0):
 garbage-first heap   total 211968K, used 169426K [0x0000000080000000, 0x0000000100000000)
  region size 1024K, 1 young (1024K), 1 survivors (1024K)
 Metaspace       used 84251K, capacity 86601K, committed 86948K, reserved 1124352K
  class space    used 10828K, capacity 11740K, committed 11852K, reserved 1048576K
}
Event: 16.227 GC heap before
{Heap before GC invocations=28 (full 0):
 garbage-first heap   total 211968K, used 184786K [0x0000000080000000, 0x0000000100000000)
  region size 1024K, 16 young (16384K), 1 survivors (1024K)
 Metaspace       used 84581K, capacity 86953K, committed 87204K, reserved 1124352K
  class space    used 10876K, capacity 11772K, committed 11852K, reserved 1048576K
}
Event: 16.230 GC heap after
{Heap after GC invocations=29 (full 0):
 garbage-first heap   total 211968K, used 169855K [0x0000000080000000, 0x0000000100000000)
  region size 1024K, 2 young (2048K), 2 survivors (2048K)
 Metaspace       used 84581K, capacity 86953K, committed 87204K, reserved 1124352K
  class space    used 10876K, capacity 11772K, committed 11852K, reserved 1048576K
}
Event: 16.314 GC heap before
{Heap before GC invocations=29 (full 0):
 garbage-first heap   total 211968K, used 184191K [0x0000000080000000, 0x0000000100000000)
  region size 1024K, 17 young (17408K), 2 survivors (2048K)
 Metaspace       used 84978K, capacity 87341K, committed 87588K, reserved 1124352K
  class space    used 10934K, capacity 11854K, committed 11980K, reserved 1048576K
}
Event: 16.318 GC heap after
{Heap after GC invocations=30 (full 0):
 garbage-first heap   total 211968K, used 170348K [0x0000000080000000, 0x0000000100000000)
  region size 1024K, 2 young (2048K), 2 survivors (2048K)
 Metaspace       used 84978K, capacity 87341K, committed 87588K, reserved 1124352K
  class space    used 10934K, capacity 11854K, committed 11980K, reserved 1048576K
}
Event: 16.521 GC heap before
{Heap before GC invocations=30 (full 0):
 garbage-first heap   total 211968K, used 185708K [0x0000000080000000, 0x0000000100000000)
  region size 1024K, 17 young (17408K), 2 survivors (2048K)
 Metaspace       used 85724K, capacity 88096K, committed 88356K, reserved 1126400K
  class space    used 11040K, capacity 11955K, committed 11980K, reserved 1048576K
}
Event: 16.526 GC heap after
{Heap after GC invocations=31 (full 0):
 garbage-first heap   total 211968K, used 171436K [0x0000000080000000, 0x0000000100000000)
  region size 1024K, 3 young (3072K), 3 survivors (3072K)
 Metaspace       used 85724K, capacity 88096K, committed 88356K, reserved 1126400K
  class space    used 11040K, capacity 11955K, committed 11980K, reserved 1048576K
}
Event: 16.579 GC heap before
{Heap before GC invocations=32 (full 0):
 garbage-first heap   total 211968K, used 184748K [0x0000000080000000, 0x0000000100000000)
  region size 1024K, 17 young (17408K), 3 survivors (3072K)
 Metaspace       used 86221K, capacity 88615K, committed 88740K, reserved 1126400K
  class space    used 11110K, capacity 12021K, committed 12108K, reserved 1048576K
}
Event: 16.585 GC heap after
{Heap after GC invocations=33 (full 0):
 garbage-first heap   total 254976K, used 171728K [0x0000000080000000, 0x0000000100000000)
  region size 1024K, 2 young (2048K), 2 survivors (2048K)
 Metaspace       used 86221K, capacity 88615K, committed 88740K, reserved 1126400K
  class space    used 11110K, capacity 12021K, committed 12108K, reserved 1048576K
}
Event: 16.610 GC heap before
{Heap before GC invocations=33 (full 0):
 garbage-first heap   total 254976K, used 176848K [0x0000000080000000, 0x0000000100000000)
  region size 1024K, 9 young (9216K), 2 survivors (2048K)
 Metaspace       used 86676K, capacity 89095K, committed 89252K, reserved 1126400K
  class space    used 11149K, capacity 12053K, committed 12108K, reserved 1048576K
}
Event: 16.614 GC heap after
{Heap after GC invocations=34 (full 0):
 garbage-first heap   total 254976K, used 172187K [0x0000000080000000, 0x0000000100000000)
  region size 1024K, 2 young (2048K), 2 survivors (2048K)
 Metaspace       used 86676K, capacity 89095K, committed 89252K, reserved 1126400K
  class space    used 11149K, capacity 12053K, committed 12108K, reserved 1048576K
}
Event: 16.878 GC heap before
{Heap before GC invocations=35 (full 0):
 garbage-first heap   total 254976K, used 207003K [0x0000000080000000, 0x0000000100000000)
  region size 1024K, 35 young (35840K), 2 survivors (2048K)
 Metaspace       used 89171K, capacity 91657K, committed 91812K, reserved 1128448K
  class space    used 11382K, capacity 12284K, committed 12364K, reserved 1048576K
}
Event: 16.881 GC heap after
{Heap after GC invocations=36 (full 0):
 garbage-first heap   total 254976K, used 171859K [0x0000000080000000, 0x0000000100000000)
  region size 1024K, 2 young (2048K), 2 survivors (2048K)
 Metaspace       used 89171K, capacity 91657K, committed 91812K, reserved 1128448K
  class space    used 11382K, capacity 12284K, committed 12364K, reserved 1048576K
}
Event: 17.374 GC heap before
{Heap before GC invocations=36 (full 0):
 garbage-first heap   total 254976K, used 206675K [0x0000000080000000, 0x0000000100000000)
  region size 1024K, 36 young (36864K), 2 survivors (2048K)
 Metaspace       used 93697K, capacity 96211K, committed 96292K, reserved 1132544K
  class space    used 12017K, capacity 12959K, committed 13004K, reserved 1048576K
}
Event: 17.380 GC heap after
{Heap after GC invocations=37 (full 0):
 garbage-first heap   total 254976K, used 173363K [0x0000000080000000, 0x0000000100000000)
  region size 1024K, 3 young (3072K), 3 survivors (3072K)
 Metaspace       used 93697K, capacity 96211K, committed 96292K, reserved 1132544K
  class space    used 12017K, capacity 12959K, committed 13004K, reserved 1048576K
}

Deoptimization events (20 events):
Event: 17.648 Thread 0x00000221fb21c000 Uncommon trap: trap_request=0xffffff4d fr.pc=0x00000221eb649f84 relative=0x0000000000000704
Event: 17.648 Thread 0x00000221fb21c000 Uncommon trap: reason=unstable_if action=reinterpret pc=0x00000221eb649f84 method=java.util.HashMap.putVal(ILjava/lang/Object;Ljava/lang/Object;ZZ)Ljava/lang/Object; @ 109 c2
Event: 17.648 Thread 0x00000221fb21c000 DEOPT PACKING pc=0x00000221eb649f84 sp=0x000000fd937f8db0
Event: 17.648 Thread 0x00000221fb21c000 DEOPT UNPACKING pc=0x00000221e386a1af sp=0x000000fd937f8cc8 mode 2
Event: 17.648 Thread 0x00000221fb21c000 Uncommon trap: trap_request=0xffffff4d fr.pc=0x00000221eb72fb0c relative=0x000000000000068c
Event: 17.648 Thread 0x00000221fb21c000 Uncommon trap: reason=unstable_if action=reinterpret pc=0x00000221eb72fb0c method=java.util.HashMap.putVal(ILjava/lang/Object;Ljava/lang/Object;ZZ)Ljava/lang/Object; @ 109 c2
Event: 17.648 Thread 0x00000221fb21c000 DEOPT PACKING pc=0x00000221eb72fb0c sp=0x000000fd937f8d00
Event: 17.648 Thread 0x00000221fb21c000 DEOPT UNPACKING pc=0x00000221e386a1af sp=0x000000fd937f8cb8 mode 2
Event: 17.744 Thread 0x00000221fb21c000 Uncommon trap: trap_request=0xfffffff4 fr.pc=0x00000221eb8a7e08 relative=0x0000000000000068
Event: 17.744 Thread 0x00000221fb21c000 Uncommon trap: reason=null_check action=make_not_entrant pc=0x00000221eb8a7e08 method=java.lang.Class.isAnnotation()Z @ 1 c2
Event: 17.744 Thread 0x00000221fb21c000 DEOPT PACKING pc=0x00000221eb8a7e08 sp=0x000000fd937f6a30
Event: 17.744 Thread 0x00000221fb21c000 DEOPT UNPACKING pc=0x00000221e386a1af sp=0x000000fd937f69c0 mode 2
Event: 17.918 Thread 0x00000221fcb22800 Uncommon trap: trap_request=0xffffffc6 fr.pc=0x00000221eb3e05ac relative=0x0000000000000ecc
Event: 17.918 Thread 0x00000221fcb22800 Uncommon trap: reason=bimorphic_or_optimized_type_check action=maybe_recompile pc=0x00000221eb3e05ac method=java.io.DataOutputStream.writeShort(I)V @ 12 c2
Event: 17.918 Thread 0x00000221fcb22800 DEOPT PACKING pc=0x00000221eb3e05ac sp=0x000000fd946fe090
Event: 17.918 Thread 0x00000221fcb22800 DEOPT UNPACKING pc=0x00000221e386a1af sp=0x000000fd946fe098 mode 2
Event: 18.105 Thread 0x00000221fcb25000 Uncommon trap: trap_request=0xfffffff4 fr.pc=0x00000221eb8c3e7c relative=0x00000000000000dc
Event: 18.105 Thread 0x00000221fcb25000 Uncommon trap: reason=null_check action=make_not_entrant pc=0x00000221eb8c3e7c method=org.gradle.tooling.internal.provider.runner.ClientBuildEventGenerator$Disabled.accept(Lorg/gradle/internal/operations/BuildOperationDescriptor;)Lorg/gradle/tooling/inter
Event: 18.105 Thread 0x00000221fcb25000 DEOPT PACKING pc=0x00000221eb8c3e7c sp=0x000000fd94cfe780
Event: 18.105 Thread 0x00000221fcb25000 DEOPT UNPACKING pc=0x00000221e386a1af sp=0x000000fd94cfe708 mode 2

Classes redefined (0 events):
No events

Internal exceptions (20 events):
Event: 16.349 Thread 0x00000221fb21c000 Exception <a 'java/lang/ClassNotFoundException'{0x000000008c2f52e0}: java/util/HashMapCustomizer> (0x000000008c2f52e0) thrown at [src/hotspot/share/classfile/systemDictionary.cpp, line 230]
Event: 16.350 Thread 0x00000221fb21c000 Exception <a 'java/lang/ClassNotFoundException'{0x000000008c1168d0}: java/util/LinkedHashMapCustomizer> (0x000000008c1168d0) thrown at [src/hotspot/share/classfile/systemDictionary.cpp, line 230]
Event: 16.855 Thread 0x00000221fdeb1800 Exception <a 'java/lang/NoSuchMethodError'{0x000000008d710fa8}: <clinit>> (0x000000008d710fa8) thrown at [src/hotspot/share/prims/jni.cpp, line 1367]
Event: 16.889 Thread 0x00000221fb21c000 Exception <a 'sun/nio/fs/WindowsException'{0x000000008f870f50}> (0x000000008f870f50) thrown at [src/hotspot/share/prims/jni.cpp, line 617]
Event: 17.005 Thread 0x00000221fb21c000 Exception <a 'java/lang/NullPointerException'{0x000000008ee4a410}> (0x000000008ee4a410) thrown at [src/hotspot/share/interpreter/linkResolver.cpp, line 1440]
Event: 17.075 Thread 0x00000221fb21c000 Implicit null exception at 0x00000221eb6c5267 to 0x00000221eb6c7130
Event: 17.286 Thread 0x00000221fb21c000 Exception <a 'sun/nio/fs/WindowsException'{0x000000008dd7b750}> (0x000000008dd7b750) thrown at [src/hotspot/share/prims/jni.cpp, line 617]
Event: 17.286 Thread 0x00000221fb21c000 Exception <a 'sun/nio/fs/WindowsException'{0x000000008dd7caf8}> (0x000000008dd7caf8) thrown at [src/hotspot/share/prims/jni.cpp, line 617]
Event: 17.286 Thread 0x00000221fb21c000 Exception <a 'sun/nio/fs/WindowsException'{0x000000008dd7def0}> (0x000000008dd7def0) thrown at [src/hotspot/share/prims/jni.cpp, line 617]
Event: 17.287 Thread 0x00000221fb21c000 Exception <a 'sun/nio/fs/WindowsException'{0x000000008dd7f2e8}> (0x000000008dd7f2e8) thrown at [src/hotspot/share/prims/jni.cpp, line 617]
Event: 17.365 Thread 0x00000221fb21c000 Exception <a 'java/lang/NoSuchMethodError'{0x000000008d7671e8}: 'java.lang.Object java.lang.invoke.DirectMethodHandle$Holder.invokeStatic(java.lang.Object, java.lang.Object, java.lang.Object, java.lang.Object, java.lang.Object, java.lang.Object, int)'> (0x000000008d7671e8) thrown at [src/hotspot/share/interpreter/linkResolver.cpp, line 773]
Event: 17.367 Thread 0x00000221fb21c000 Exception <a 'java/lang/NoSuchMethodError'{0x000000008d77f110}: 'java.lang.Object java.lang.invoke.DirectMethodHandle$Holder.invokeStatic(java.lang.Object, java.lang.Object, java.lang.Object, java.lang.Object, java.lang.Object, java.lang.Object, int, int)'> (0x000000008d77f110) thrown at [src/hotspot/share/interpreter/linkResolver.cpp, line 773]
Event: 17.368 Thread 0x00000221fb21c000 Exception <a 'java/lang/NoSuchMethodError'{0x000000008d797d00}: 'java.lang.Object java.lang.invoke.DirectMethodHandle$Holder.invokeStatic(java.lang.Object, java.lang.Object, java.lang.Object, java.lang.Object, java.lang.Object, java.lang.Object, int, int, java.lang.Object)'> (0x000000008d797d00) thrown at [src/hotspot/share/interpreter/linkResolver.cpp, line 773]
Event: 17.638 Thread 0x00000221fb21c000 Exception <a 'java/lang/NoSuchMethodError'{0x000000008ea2afd0}: 'int java.lang.invoke.DirectMethodHandle$Holder.invokeSpecialIFC(java.lang.Object, java.lang.Object, java.lang.Object)'> (0x000000008ea2afd0) thrown at [src/hotspot/share/interpreter/linkResolver.cpp, line 773]
Event: 17.679 Thread 0x00000221fb21c000 Exception <a 'java/lang/NoSuchMethodError'{0x000000008e786a38}: 'java.lang.Object java.lang.invoke.DirectMethodHandle$Holder.invokeStatic(java.lang.Object, java.lang.Object, java.lang.Object, java.lang.Object, int, java.lang.Object)'> (0x000000008e786a38) thrown at [src/hotspot/share/interpreter/linkResolver.cpp, line 773]
Event: 17.679 Thread 0x00000221fb21c000 Exception <a 'java/lang/NoSuchMethodError'{0x000000008e78b308}: 'java.lang.Object java.lang.invoke.DirectMethodHandle$Holder.invokeSpecial(java.lang.Object, java.lang.Object, java.lang.Object, java.lang.Object, java.lang.Object, int, java.lang.Object)'> (0x000000008e78b308) thrown at [src/hotspot/share/interpreter/linkResolver.cpp, line 773]
Event: 17.679 Thread 0x00000221fb21c000 Exception <a 'java/lang/NoSuchMethodError'{0x000000008e78f598}: 'java.lang.Object java.lang.invoke.Invokers$Holder.linkToTargetMethod(java.lang.Object, java.lang.Object, java.lang.Object, int, java.lang.Object, java.lang.Object)'> (0x000000008e78f598) thrown at [src/hotspot/share/interpreter/linkResolver.cpp, line 773]
Event: 17.890 Thread 0x00000221fb21c000 Exception <a 'java/lang/NoSuchMethodError'{0x000000008d997508}: 'void java.lang.invoke.DirectMethodHandle$Holder.invokeStatic(java.lang.Object, java.lang.Object, java.lang.Object, java.lang.Object, int, java.lang.Object, java.lang.Object)'> (0x000000008d997508) thrown at [src/hotspot/share/interpreter/linkResolver.cpp, line 773]
Event: 17.914 Thread 0x00000221fb21c000 Exception <a 'java/lang/IncompatibleClassChangeError'{0x000000008d748ee0}: Found class java.lang.Object, but interface was expected> (0x000000008d748ee0) thrown at [src/hotspot/share/interpreter/linkResolver.cpp, line 839]
Event: 18.105 Thread 0x00000221fcb25000 Implicit null exception at 0x00000221eb8c3ddb to 0x00000221eb8c3e70

Events (20 events):
Event: 18.124 loading class org/gradle/internal/execution/UnitOfWork
Event: 18.124 loading class org/gradle/internal/execution/UnitOfWork done
Event: 18.124 loading class org/gradle/internal/execution/history/ExecutionHistoryStore
Event: 18.124 loading class org/gradle/internal/execution/history/ExecutionHistoryStore done
Event: 18.124 loading class org/gradle/internal/execution/steps/CaptureStateBeforeExecutionStep
Event: 18.124 loading class org/gradle/internal/execution/steps/CaptureStateBeforeExecutionStep done
Event: 18.124 loading class org/gradle/internal/execution/UnitOfWork
Event: 18.124 loading class org/gradle/internal/execution/UnitOfWork done
Event: 18.124 loading class org/gradle/internal/operations/BuildOperationContext
Event: 18.124 loading class org/gradle/internal/operations/BuildOperationContext done
Event: 18.124 loading class org/gradle/internal/execution/steps/CaptureStateBeforeExecutionStep
Event: 18.124 loading class org/gradle/internal/execution/steps/CaptureStateBeforeExecutionStep done
Event: 18.125 loading class org/gradle/internal/execution/steps/CaptureStateBeforeExecutionStep$Operation$Details
Event: 18.125 loading class org/gradle/internal/execution/steps/CaptureStateBeforeExecutionStep$Operation$Details done
Event: 18.125 loading class org/gradle/internal/execution/steps/CaptureStateBeforeExecutionStep$Operation$Details$1
Event: 18.125 loading class org/gradle/internal/execution/steps/CaptureStateBeforeExecutionStep$Operation$Details$1 done
Event: 18.126 loading class org/gradle/internal/execution/steps/BuildOperationStep$1
Event: 18.126 loading class org/gradle/internal/execution/steps/BuildOperationStep$1 done
Event: 18.126 loading class org/gradle/internal/execution/impl/DefaultOutputSnapshotter$1
Event: 18.126 loading class org/gradle/internal/execution/impl/DefaultOutputSnapshotter$1 done


Dynamic libraries:
0x00007ff670740000 - 0x00007ff67074a000 	C:\Program Files\Android\Android Studio\jbr\bin\java.exe
0x00007ff9f7390000 - 0x00007ff9f7588000 	C:\Windows\SYSTEM32\ntdll.dll
0x00007ff9f62b0000 - 0x00007ff9f636f000 	C:\Windows\System32\KERNEL32.DLL
0x00007ff9f5080000 - 0x00007ff9f5352000 	C:\Windows\System32\KERNELBASE.dll
0x00007ff9f4e00000 - 0x00007ff9f4f00000 	C:\Windows\System32\ucrtbase.dll
0x00007ff9e0a90000 - 0x00007ff9e0aab000 	C:\Program Files\Android\Android Studio\jbr\bin\VCRUNTIME140.dll
0x00007ff9e0ab0000 - 0x00007ff9e0ac7000 	C:\Program Files\Android\Android Studio\jbr\bin\jli.dll
0x00007ff9f63d0000 - 0x00007ff9f6571000 	C:\Windows\System32\USER32.dll
0x00007ff9f5050000 - 0x00007ff9f5072000 	C:\Windows\System32\win32u.dll
0x00007ff9e1810000 - 0x00007ff9e1aaa000 	C:\Windows\WinSxS\amd64_microsoft.windows.common-controls_6595b64144ccf1df_6.0.19041.1110_none_60b5254171f9507e\COMCTL32.dll
0x00007ff9f6280000 - 0x00007ff9f62ab000 	C:\Windows\System32\GDI32.dll
0x00007ff9f6080000 - 0x00007ff9f611e000 	C:\Windows\System32\msvcrt.dll
0x00007ff9f4be0000 - 0x00007ff9f4cef000 	C:\Windows\System32\gdi32full.dll
0x00007ff9f4f00000 - 0x00007ff9f4f9d000 	C:\Windows\System32\msvcp_win.dll
0x00007ff9f53d0000 - 0x00007ff9f5402000 	C:\Windows\System32\IMM32.DLL
0x00007ff9cfff0000 - 0x00007ff9d007d000 	C:\Program Files\Android\Android Studio\jbr\bin\msvcp140.dll
0x00007ff9e2040000 - 0x00007ff9e204c000 	C:\Windows\SYSTEM32\VCRUNTIME140_1.dll
0x00007ff988330000 - 0x00007ff988eec000 	C:\Program Files\Android\Android Studio\jbr\bin\server\jvm.dll
0x00007ff9f7170000 - 0x00007ff9f721e000 	C:\Windows\System32\ADVAPI32.dll
0x00007ff9f5b50000 - 0x00007ff9f5bec000 	C:\Windows\System32\sechost.dll
0x00007ff9f6fc0000 - 0x00007ff9f70e5000 	C:\Windows\System32\RPCRT4.dll
0x00007ff9f7150000 - 0x00007ff9f7158000 	C:\Windows\System32\PSAPI.DLL
0x00007ff9e9830000 - 0x00007ff9e9857000 	C:\Windows\SYSTEM32\WINMM.dll
0x00007ff9ece20000 - 0x00007ff9ece29000 	C:\Windows\SYSTEM32\WSOCK32.dll
0x00007ff9f6210000 - 0x00007ff9f627b000 	C:\Windows\System32\WS2_32.dll
0x00007ff9ee860000 - 0x00007ff9ee86a000 	C:\Windows\SYSTEM32\VERSION.dll
0x00007ff9f2960000 - 0x00007ff9f2972000 	C:\Windows\SYSTEM32\kernel.appcore.dll
0x00007ff9e8120000 - 0x00007ff9e8130000 	C:\Program Files\Android\Android Studio\jbr\bin\verify.dll
0x00007ff9deb90000 - 0x00007ff9ded74000 	C:\Windows\SYSTEM32\DBGHELP.DLL
0x00007ff9dea50000 - 0x00007ff9dea85000 	C:\Windows\SYSTEM32\dbgcore.DLL
0x00007ff9f4cf0000 - 0x00007ff9f4d72000 	C:\Windows\System32\bcryptPrimitives.dll
0x00007ff9e1350000 - 0x00007ff9e1378000 	C:\Program Files\Android\Android Studio\jbr\bin\java.dll
0x00007ff9e2eb0000 - 0x00007ff9e2eba000 	C:\Program Files\Android\Android Studio\jbr\bin\jimage.dll
0x00007ff9e1330000 - 0x00007ff9e1348000 	C:\Program Files\Android\Android Studio\jbr\bin\zip.dll
0x00007ff9f6580000 - 0x00007ff9f6cc4000 	C:\Windows\System32\SHELL32.dll
0x00007ff9f2b60000 - 0x00007ff9f32f2000 	C:\Windows\SYSTEM32\windows.storage.dll
0x00007ff9f57f0000 - 0x00007ff9f5b45000 	C:\Windows\System32\combase.dll
0x00007ff9f4400000 - 0x00007ff9f4430000 	C:\Windows\SYSTEM32\Wldp.dll
0x00007ff9f54e0000 - 0x00007ff9f558d000 	C:\Windows\System32\SHCORE.dll
0x00007ff9f6db0000 - 0x00007ff9f6e05000 	C:\Windows\System32\shlwapi.dll
0x00007ff9f49c0000 - 0x00007ff9f49df000 	C:\Windows\SYSTEM32\profapi.dll
0x00007ff9e1100000 - 0x00007ff9e1119000 	C:\Program Files\Android\Android Studio\jbr\bin\net.dll
0x00007ff9ed840000 - 0x00007ff9ed94c000 	C:\Windows\SYSTEM32\WINHTTP.dll
0x00007ff9f4160000 - 0x00007ff9f41ca000 	C:\Windows\system32\mswsock.dll
0x00007ff9e0f90000 - 0x00007ff9e0fa3000 	C:\Program Files\Android\Android Studio\jbr\bin\nio.dll
0x00007ff9e8130000 - 0x00007ff9e8157000 	C:\Users\Administrator\.gradle\native\e1d6ef7f7dcc3fd88c89a11ec53ec762bb8ba0a96d01ffa2cd45eb1d1d8dd5c5\windows-amd64\native-platform.dll
0x00007ff99bf10000 - 0x00007ff99c054000 	C:\Users\Administrator\.gradle\native\0d407fdbe67a94daf76414ababcb853783967236a71b16ec16e742cd7a986fd3\windows-amd64\native-platform-file-events.dll
0x00007ff9e2a50000 - 0x00007ff9e2a5a000 	C:\Program Files\Android\Android Studio\jbr\bin\management.dll
0x00007ff9e1190000 - 0x00007ff9e119b000 	C:\Program Files\Android\Android Studio\jbr\bin\management_ext.dll
0x00007ff9f4350000 - 0x00007ff9f4368000 	C:\Windows\SYSTEM32\CRYPTSP.dll
0x00007ff9f3a80000 - 0x00007ff9f3ab4000 	C:\Windows\system32\rsaenh.dll
0x00007ff9f4dd0000 - 0x00007ff9f4df7000 	C:\Windows\System32\bcrypt.dll
0x00007ff9f4980000 - 0x00007ff9f49ae000 	C:\Windows\SYSTEM32\USERENV.dll
0x00007ff9f4370000 - 0x00007ff9f437c000 	C:\Windows\SYSTEM32\CRYPTBASE.dll
0x00007ff9f3e50000 - 0x00007ff9f3e8b000 	C:\Windows\SYSTEM32\IPHLPAPI.DLL
0x00007ff9f7160000 - 0x00007ff9f7168000 	C:\Windows\System32\NSI.dll
0x00007ff9ee940000 - 0x00007ff9ee957000 	C:\Windows\SYSTEM32\dhcpcsvc6.DLL
0x00007ff9ee920000 - 0x00007ff9ee93d000 	C:\Windows\SYSTEM32\dhcpcsvc.DLL
0x00007ff9f3e90000 - 0x00007ff9f3f5a000 	C:\Windows\SYSTEM32\DNSAPI.dll

dbghelp: loaded successfully - version: 4.0.5 - missing functions: none
symbol engine: initialized successfully - sym options: 0x614 - pdb path: .;C:\Program Files\Android\Android Studio\jbr\bin;C:\Windows\SYSTEM32;C:\Windows\WinSxS\amd64_microsoft.windows.common-controls_6595b64144ccf1df_6.0.19041.1110_none_60b5254171f9507e;C:\Program Files\Android\Android Studio\jbr\bin\server;C:\Users\Administrator\.gradle\native\e1d6ef7f7dcc3fd88c89a11ec53ec762bb8ba0a96d01ffa2cd45eb1d1d8dd5c5\windows-amd64;C:\Users\Administrator\.gradle\native\0d407fdbe67a94daf76414ababcb853783967236a71b16ec16e742cd7a986fd3\windows-amd64

VM Arguments:
jvm_args: --add-opens=java.base/java.util=ALL-UNNAMED --add-opens=java.base/java.lang=ALL-UNNAMED --add-opens=java.base/java.lang.invoke=ALL-UNNAMED --add-opens=java.base/java.util=ALL-UNNAMED --add-opens=java.prefs/java.util.prefs=ALL-UNNAMED --add-opens=java.prefs/java.util.prefs=ALL-UNNAMED --add-opens=java.base/java.nio.charset=ALL-UNNAMED --add-opens=java.base/java.net=ALL-UNNAMED --add-opens=java.base/java.util.concurrent.atomic=ALL-UNNAMED -Xmx2048m -Dfile.encoding=UTF-8 -Duser.country=US -Duser.language=en -Duser.variant 
java_command: org.gradle.launcher.daemon.bootstrap.GradleDaemon 7.5
java_class_path (initial): C:\Users\Administrator\.gradle\wrapper\dists\gradle-7.5-bin\f1w0cc9nuo0eivz97x2xlu9sv\gradle-7.5\lib\gradle-launcher-7.5.jar
Launcher Type: SUN_STANDARD

[Global flags]
     intx CICompilerCount                          = 3                                         {product} {ergonomic}
     uint ConcGCThreads                            = 1                                         {product} {ergonomic}
     uint G1ConcRefinementThreads                  = 4                                         {product} {ergonomic}
   size_t G1HeapRegionSize                         = 1048576                                   {product} {ergonomic}
    uintx GCDrainStackTargetSize                   = 64                                        {product} {ergonomic}
   size_t InitialHeapSize                          = 201326592                                 {product} {ergonomic}
   size_t MarkStackSize                            = 4194304                                   {product} {ergonomic}
   size_t MaxHeapSize                              = 2147483648                                {product} {command line}
   size_t MaxNewSize                               = 1287651328                                {product} {ergonomic}
   size_t MinHeapDeltaBytes                        = 1048576                                   {product} {ergonomic}
    uintx NonNMethodCodeHeapSize                   = 5830732                                {pd product} {ergonomic}
    uintx NonProfiledCodeHeapSize                  = 122913754                              {pd product} {ergonomic}
    uintx ProfiledCodeHeapSize                     = 122913754                              {pd product} {ergonomic}
    uintx ReservedCodeCacheSize                    = 251658240                              {pd product} {ergonomic}
     bool SegmentedCodeCache                       = true                                      {product} {ergonomic}
     bool UseCompressedClassPointers               = true                                 {lp64_product} {ergonomic}
     bool UseCompressedOops                        = true                                 {lp64_product} {ergonomic}
     bool UseG1GC                                  = true                                      {product} {ergonomic}
     bool UseLargePagesIndividualAllocation        = false                                  {pd product} {ergonomic}

Logging:
Log output configuration:
 #0: stdout all=warning uptime,level,tags
 #1: stderr all=off uptime,level,tags

Environment Variables:
PATH=C:\Program Files\Common Files\Oracle\Java\javapath;C:\Windows\system32;C:\Windows;C:\Windows\System32\Wbem;C:\Windows\System32\WindowsPowerShell\v1.0\;C:\Windows\System32\OpenSSH\;C:\Program Files\nodejs\;C:\Program Files (x86)\dotnet\;C:\Program Files\Git\cmd;C:\Users\Administrator\AppData\Local\Microsoft\WindowsApps;D:\Microsoft VS Code\bin;C:\Program Files\Java\jdk-19\bin;;C:\Program Files\JetBrains\IntelliJ IDEA Community Edition 2022.3.1\bin;;C:\Users\Administrator\AppData\Roaming\npm
USERNAME=Administrator
OS=Windows_NT
PROCESSOR_IDENTIFIER=Intel64 Family 6 Model 158 Stepping 9, GenuineIntel



---------------  S Y S T E M  ---------------

OS: Windows 10 , 64 bit Build 19041 (10.0.19041.2364)
OS uptime: 0 days 0:09 hours

CPU:total 4 (initial active 4) (2 cores per cpu, 2 threads per core) family 6 model 158 stepping 9 microcode 0xb4, cmov, cx8, fxsr, mmx, sse, sse2, sse3, ssse3, sse4.1, sse4.2, popcnt, avx, avx2, aes, clmul, erms, 3dnowpref, lzcnt, ht, tsc, tscinvbit, bmi1, bmi2, adx, fma

Memory: 4k page, system-wide physical 12246M (3716M free)
TotalPageFile size 17622M (AvailPageFile size 7765M)
current process WorkingSet (physical memory assigned to process): 524M, peak: 525M
current process commit charge ("private bytes"): 561M, peak: 563M

vm_info: OpenJDK 64-Bit Server VM (11.0.15+0-b2043.56-8887301) for windows-amd64 JRE (11.0.15+0-b2043.56-8887301), built on Jul 29 2022 23:19:47 by "builduser" with unknown MS VC++:1929

END.
