#
# A fatal error has been detected by the Java Runtime Environment:
#
#  EXCEPTION_ACCESS_VIOLATION (0xc0000005) at pc=0x00007ff91993df90, pid=9172, tid=11008
#
# JRE version: OpenJDK Runtime Environment (11.0.15) (build 11.0.15+0-b2043.56-8887301)
# Java VM: OpenJDK 64-Bit Server VM (11.0.15+0-b2043.56-8887301, mixed mode, tiered, compressed oops, g1 gc, windows-amd64)
# Problematic frame:
# V  [jvm.dll+0x13df90]
#
# No core dump will be written. Minidumps are not enabled by default on client versions of Windows
#
# If you would like to submit a bug report, please visit:
#   https://bugreport.java.com/bugreport/crash.jsp
#

---------------  S U M M A R Y ------------

Command Line: org.jetbrains.kotlin.cli.jvm.K2JVMCompiler @P:\SocialMedia\app\build\20230209_5934088742411853644.compiler.options

Host: Intel(R) Core(TM) i3-7100 CPU @ 3.90GHz, 4 cores, 11G,  Windows 10 , 64 bit Build 19041 (10.0.19041.2364)
Time: Thu Feb  9 13:24:00 2023 Bangladesh Standard Time elapsed time: 6.359063 seconds (0d 0h 0m 6s)

---------------  T H R E A D  ---------------

Current thread (0x000001e767a15800):  JavaThread "C1 CompilerThread0" daemon [_thread_in_native, id=11008, stack(0x0000005701c00000,0x0000005701d00000)]


Current CompileTask:
C1:   6359 7210   !   3       java.lang.invoke.BootstrapMethodInvoker::invoke (688 bytes)

Stack: [0x0000005701c00000,0x0000005701d00000],  sp=0x0000005701cfed00,  free space=1019k
Native frames: (J=compiled Java code, j=interpreted, Vv=VM code, C=native code)
V  [jvm.dll+0x13df90]
V  [jvm.dll+0x16c5c5]
V  [jvm.dll+0x1685ce]
V  [jvm.dll+0x154bd0]
V  [jvm.dll+0x13bf69]
V  [jvm.dll+0x13b89f]
V  [jvm.dll+0x13bad4]
V  [jvm.dll+0x13ae22]
V  [jvm.dll+0x13ccbc]
V  [jvm.dll+0x230479]
V  [jvm.dll+0x22e5ef]
V  [jvm.dll+0x794de1]
V  [jvm.dll+0x78dc24]
V  [jvm.dll+0x6400f6]
C  [ucrtbase.dll+0x21bb2]
C  [KERNEL32.DLL+0x17614]
C  [ntdll.dll+0x526a1]


siginfo: EXCEPTION_ACCESS_VIOLATION (0xc0000005), reading address 0x000001676b8bbab0


Register to memory mapping:

RIP=0x00007ff91993df90 jvm.dll
RAX=0x0000000000000001 is an unknown value
RBX=0x0 is NULL
RCX=0x0 is NULL
RDX=0x0 is NULL
RSP=0x0000005701cfed00 is pointing into the stack for thread: 0x000001e767a15800
RBP=0x0000000000000001 is an unknown value
RSI=0x0000005701cfeea0 is pointing into the stack for thread: 0x000001e767a15800
RDI=0x000001e76b8bba90 points into unknown readable memory: 0x0000000100000001 | 01 00 00 00 01 00 00 00
R8 =0x0 is NULL
R9 =0x000001676b8bbab0 is an unknown value
R10=0x0000000000000001 is an unknown value
R11=0x0000005701cfeda0 is pointing into the stack for thread: 0x000001e767a15800
R12=0x0 is NULL
R13=0x000001e76ae0dac0 points into unknown readable memory: 0x00000006ffffffff | ff ff ff ff 06 00 00 00
R14=0x0 is NULL
R15=0x00007ff91a27e7a0 jvm.dll


Registers:
RAX=0x0000000000000001, RBX=0x0000000000000000, RCX=0x0000000000000000, RDX=0x0000000000000000
RSP=0x0000005701cfed00, RBP=0x0000000000000001, RSI=0x0000005701cfeea0, RDI=0x000001e76b8bba90
R8 =0x0000000000000000, R9 =0x000001676b8bbab0, R10=0x0000000000000001, R11=0x0000005701cfeda0
R12=0x0000000000000000, R13=0x000001e76ae0dac0, R14=0x0000000000000000, R15=0x00007ff91a27e7a0
RIP=0x00007ff91993df90, EFLAGS=0x0000000000010297

Top of Stack: (sp=0x0000005701cfed00)
0x0000005701cfed00:   000001e76b8ba490 00007ff91997aeff
0x0000005701cfed10:   000001e76920b2e0 000000000000000a
0x0000005701cfed20:   000001e74eb03290 0000000000000000
0x0000005701cfed30:   0000005701cff6c0 000001e767182980
0x0000005701cfed40:   000001e76b8bb9f0 0000005701cfeea0
0x0000005701cfed50:   0000005701cff220 00007ff91996c5c5
0x0000005701cfed60:   000001e76ae0dac0 0000005701cfee00
0x0000005701cfed70:   ffffffffffffff01 000001e76b8bb9f0
0x0000005701cfed80:   0000005701cfeea0 000000000165500b
0x0000005701cfed90:   000001e74eb03290 0000000000000000
0x0000005701cfeda0:   0000005701cff6c0 0000000000000000
0x0000005701cfedb0:   0000005701cfeeb0 0000005701cff220
0x0000005701cfedc0:   000001e76b8bb9f0 00007ff9199685ce
0x0000005701cfedd0:   000001e76b8bb950 0000005701cfeeb0
0x0000005701cfede0:   000001e76b8bb950 0000005701cff220
0x0000005701cfedf0:   000001e76b8955f0 00007ff919954bd0 

Instructions: (pc=0x00007ff91993df90)
0x00007ff91993de90:   4f 63 44 13 04 83 c3 08 4b 63 14 13 48 83 c6 08
0x00007ff91993dea0:   4b 63 4c 13 fc 4b 63 44 13 f8 4d 8d 52 20 66 43
0x00007ff91993deb0:   0f 6e 0c 87 66 41 0f 6e 14 97 66 41 0f 6e 04 8f
0x00007ff91993dec0:   66 41 0f 6e 1c 87 4f 63 44 13 f4 4b 63 54 13 f0
0x00007ff91993ded0:   4b 63 4c 13 ec 4b 63 44 13 e8 66 0f 62 d8 66 0f
0x00007ff91993dee0:   62 d1 66 43 0f 6e 0c 87 66 41 0f 6e 04 8f 66 0f
0x00007ff91993def0:   6c da 66 41 0f 6e 14 97 66 0f fe e3 66 41 0f 6e
0x00007ff91993df00:   1c 87 66 0f 62 d8 66 0f 62 d1 66 0f 6c da 66 0f
0x00007ff91993df10:   fe dd 66 0f 6f eb 48 3b f5 0f 8c 71 ff ff ff 0f
0x00007ff91993df20:   b6 6c 24 70 66 0f fe e3 66 0f 6f c4 66 0f 73 d8
0x00007ff91993df30:   08 66 0f fe e0 66 0f 6f c4 66 0f 73 d8 04 66 0f
0x00007ff91993df40:   fe e0 66 41 0f 7e e4 48 63 cb 41 8b d6 45 8b c6
0x00007ff91993df50:   4d 8b d1 49 3b c9 7d 47 49 8b c1 4c 8b 4f 18 48
0x00007ff91993df60:   2b c1 48 83 f8 02 7c 28 4d 8d 5a ff 0f 1f 40 00
0x00007ff91993df70:   49 63 04 89 41 03 14 87 49 63 44 89 04 48 83 c1
0x00007ff91993df80:   02 45 03 04 87 49 3b cb 7c e6 49 3b ca 7d 09 90
0x00007ff91993df90:   49 63 04 89 45 03 24 87 41 8d 04 10 44 03 e0 49
0x00007ff91993dfa0:   63 dc 33 d2 48 8d 0c 9d 00 00 00 00 e8 9f 2e 56
0x00007ff91993dfb0:   00 48 8b cb 33 d2 48 c1 e1 04 4c 8b f8 e8 8e 2e
0x00007ff91993dfc0:   56 00 48 89 44 24 68 48 8b f0 45 85 e4 7e 3f 49
0x00007ff91993dfd0:   8b d6 4d 8b c6 66 66 66 0f 1f 84 00 00 00 00 00
0x00007ff91993dfe0:   48 8b 4f 18 41 8b 04 08 41 89 04 97 83 c0 f9 a9
0x00007ff91993dff0:   fb ff ff ff 75 0c 41 c7 44 97 04 0e 00 00 00 48
0x00007ff91993e000:   ff c2 48 ff c2 49 83 c0 04 48 3b d3 7c d2 44 0f
0x00007ff91993e010:   b6 cd 45 8b c4 48 8b d6 49 8b cf e8 70 53 58 00
0x00007ff91993e020:   33 d2 48 63 e8 8d 4a 20 e8 23 2e 56 00 48 8b d8
0x00007ff91993e030:   48 85 c0 74 52 8b 07 ba 08 00 00 00 48 8b cb 44
0x00007ff91993e040:   89 33 89 43 04 c7 43 10 07 00 00 00 4c 89 73 08
0x00007ff91993e050:   e8 0b 0d 22 00 41 8b d6 48 89 43 18 39 53 04 7e
0x00007ff91993e060:   29 0f 1f 40 00 66 66 66 0f 1f 84 00 00 00 00 00
0x00007ff91993e070:   48 8b 43 18 45 33 c0 48 63 ca ff c2 4c 89 04 c8
0x00007ff91993e080:   3b 53 04 7c eb eb 03 49 8b de 45 85 e4 0f 8e 26 


Stack slot to memory mapping:
stack at sp + 0 slots: 0x000001e76b8ba490 points into unknown readable memory: 0x00007ff91a0adf98 | 98 df 0a 1a f9 7f 00 00
stack at sp + 1 slots: 0x00007ff91997aeff jvm.dll
stack at sp + 2 slots: 0x000001e76920b2e0 points into unknown readable memory: 0x000000400000002a | 2a 00 00 00 40 00 00 00
stack at sp + 3 slots: 0x000000000000000a is an unknown value
stack at sp + 4 slots: 0x000001e74eb03290 is at code_begin+-112 in 
[CodeBlob (0x000001e74eb03290)]
Framesize: 0
BufferBlob (0x000001e74eb03290) used for C1 temporary CodeBuffer
stack at sp + 5 slots: 0x0 is NULL
stack at sp + 6 slots: 0x0000005701cff6c0 is pointing into the stack for thread: 0x000001e767a15800
stack at sp + 7 slots: 0x000001e767182980 points into unknown readable memory: 0x00007ff91a0aa1d8 | d8 a1 0a 1a f9 7f 00 00


---------------  P R O C E S S  ---------------

Threads class SMR info:
_java_thread_list=0x000001e767b7d1b0, length=11, elements={
0x000001e74af70800, 0x000001e767173000, 0x000001e767181000, 0x000001e7679c2000,
0x000001e7679c4000, 0x000001e7679c6000, 0x000001e7679ce800, 0x000001e767a15800,
0x000001e767a17000, 0x000001e767b88000, 0x000001e767b82000
}

Java Threads: ( => current thread )
  0x000001e74af70800 JavaThread "main" [_thread_in_vm, id=1780, stack(0x0000005700f00000,0x0000005701000000)]
  0x000001e767173000 JavaThread "Reference Handler" daemon [_thread_blocked, id=3832, stack(0x0000005701600000,0x0000005701700000)]
  0x000001e767181000 JavaThread "Finalizer" daemon [_thread_blocked, id=6792, stack(0x0000005701700000,0x0000005701800000)]
  0x000001e7679c2000 JavaThread "Signal Dispatcher" daemon [_thread_blocked, id=10952, stack(0x0000005701800000,0x0000005701900000)]
  0x000001e7679c4000 JavaThread "Attach Listener" daemon [_thread_blocked, id=5336, stack(0x0000005701900000,0x0000005701a00000)]
  0x000001e7679c6000 JavaThread "Service Thread" daemon [_thread_blocked, id=9952, stack(0x0000005701a00000,0x0000005701b00000)]
  0x000001e7679ce800 JavaThread "C2 CompilerThread0" daemon [_thread_in_native, id=10280, stack(0x0000005701b00000,0x0000005701c00000)]
=>0x000001e767a15800 JavaThread "C1 CompilerThread0" daemon [_thread_in_native, id=11008, stack(0x0000005701c00000,0x0000005701d00000)]
  0x000001e767a17000 JavaThread "Sweeper thread" daemon [_thread_blocked, id=1084, stack(0x0000005701d00000,0x0000005701e00000)]
  0x000001e767b88000 JavaThread "Common-Cleaner" daemon [_thread_blocked, id=5468, stack(0x0000005701f00000,0x0000005702000000)]
  0x000001e767b82000 JavaThread "C2 CompilerThread1" daemon [_thread_in_native, id=788, stack(0x0000005702000000,0x0000005702100000)]

Other Threads:
  0x000001e7679b4000 VMThread "VM Thread" [stack: 0x0000005701500000,0x0000005701600000] [id=5088]
  0x000001e767b81000 WatcherThread [stack: 0x0000005701e00000,0x0000005701f00000] [id=7996]
  0x000001e74af89000 GCTaskThread "GC Thread#0" [stack: 0x0000005701000000,0x0000005701100000] [id=4896]
  0x000001e768106000 GCTaskThread "GC Thread#1" [stack: 0x0000005702100000,0x0000005702200000] [id=4700]
  0x000001e768106800 GCTaskThread "GC Thread#2" [stack: 0x0000005702200000,0x0000005702300000] [id=2784]
  0x000001e768113800 GCTaskThread "GC Thread#3" [stack: 0x0000005702300000,0x0000005702400000] [id=6752]
  0x000001e74afcf800 ConcurrentGCThread "G1 Main Marker" [stack: 0x0000005701100000,0x0000005701200000] [id=6744]
  0x000001e74afd2000 ConcurrentGCThread "G1 Conc#0" [stack: 0x0000005701200000,0x0000005701300000] [id=10472]
  0x000001e766fe0800 ConcurrentGCThread "G1 Refine#0" [stack: 0x0000005701300000,0x0000005701400000] [id=3112]
  0x000001e76cf65000 ConcurrentGCThread "G1 Refine#1" [stack: 0x0000005702400000,0x0000005702500000] [id=1108]
  0x000001e76cb17800 ConcurrentGCThread "G1 Refine#2" [stack: 0x0000005702500000,0x0000005702600000] [id=9856]
  0x000001e766fe1800 ConcurrentGCThread "G1 Young RemSet Sampling" [stack: 0x0000005701400000,0x0000005701500000] [id=5252]

Threads with active compile tasks:
C2 CompilerThread0     6376 7056       4       org.jetbrains.kotlin.metadata.ProtoBuf$Function::writeTo (448 bytes)
C1 CompilerThread0     6376 7210   !   3       java.lang.invoke.BootstrapMethodInvoker::invoke (688 bytes)

VM state:not at safepoint (normal execution)

VM Mutex/Monitor currently owned by a thread: None

Heap address: 0x0000000740a00000, size: 3062 MB, Compressed Oops mode: Zero based, Oop shift amount: 3
Narrow klass base: 0x0000000800000000, Narrow klass shift: 0
Compressed class space size: 1073741824 Address: 0x0000000800000000

Heap:
 garbage-first heap   total 243712K, used 67975K [0x0000000740a00000, 0x0000000800000000)
  region size 1024K, 22 young (22528K), 8 survivors (8192K)
 Metaspace       used 62630K, capacity 63398K, committed 63616K, reserved 1105920K
  class space    used 7181K, capacity 7523K, committed 7552K, reserved 1048576K
Heap Regions: E=young(eden), S=young(survivor), O=old, HS=humongous(starts), HC=humongous(continues), CS=collection set, F=free, A=archive, TAMS=top-at-mark-start (previous, next)
|   0|0x0000000740a00000, 0x0000000740b00000, 0x0000000740b00000|100%|HS|  |TAMS 0x0000000740b00000, 0x0000000740a00000| Complete 
|   1|0x0000000740b00000, 0x0000000740c00000, 0x0000000740c00000|100%|HC|  |TAMS 0x0000000740c00000, 0x0000000740b00000| Complete 
|   2|0x0000000740c00000, 0x0000000740d00000, 0x0000000740d00000|100%|HC|  |TAMS 0x0000000740d00000, 0x0000000740c00000| Complete 
|   3|0x0000000740d00000, 0x0000000740e00000, 0x0000000740e00000|100%|HC|  |TAMS 0x0000000740e00000, 0x0000000740d00000| Complete 
|   4|0x0000000740e00000, 0x0000000740f00000, 0x0000000740f00000|100%| O|  |TAMS 0x0000000740f00000, 0x0000000740e00000| Untracked 
|   5|0x0000000740f00000, 0x0000000741000000, 0x0000000741000000|100%| O|  |TAMS 0x0000000741000000, 0x0000000740f00000| Untracked 
|   6|0x0000000741000000, 0x0000000741100000, 0x0000000741100000|100%|HS|  |TAMS 0x0000000741100000, 0x0000000741000000| Complete 
|   7|0x0000000741100000, 0x0000000741200000, 0x0000000741200000|100%|HC|  |TAMS 0x0000000741200000, 0x0000000741100000| Complete 
|   8|0x0000000741200000, 0x0000000741300000, 0x0000000741300000|100%|HC|  |TAMS 0x0000000741300000, 0x0000000741200000| Complete 
|   9|0x0000000741300000, 0x0000000741400000, 0x0000000741400000|100%|HC|  |TAMS 0x0000000741400000, 0x0000000741300000| Complete 
|  10|0x0000000741400000, 0x0000000741500000, 0x0000000741500000|100%|HS|  |TAMS 0x0000000741500000, 0x0000000741400000| Complete 
|  11|0x0000000741500000, 0x0000000741600000, 0x0000000741600000|100%|HC|  |TAMS 0x0000000741600000, 0x0000000741500000| Complete 
|  12|0x0000000741600000, 0x0000000741700000, 0x0000000741700000|100%| O|  |TAMS 0x0000000741700000, 0x0000000741600000| Untracked 
|  13|0x0000000741700000, 0x0000000741800000, 0x0000000741800000|100%| O|  |TAMS 0x0000000741800000, 0x0000000741700000| Untracked 
|  14|0x0000000741800000, 0x0000000741900000, 0x0000000741900000|100%| O|  |TAMS 0x0000000741900000, 0x0000000741800000| Untracked 
|  15|0x0000000741900000, 0x0000000741a00000, 0x0000000741a00000|100%| O|  |TAMS 0x0000000741a00000, 0x0000000741900000| Untracked 
|  16|0x0000000741a00000, 0x0000000741b00000, 0x0000000741b00000|100%| O|  |TAMS 0x0000000741b00000, 0x0000000741a00000| Untracked 
|  17|0x0000000741b00000, 0x0000000741c00000, 0x0000000741c00000|100%| O|  |TAMS 0x0000000741c00000, 0x0000000741b00000| Untracked 
|  18|0x0000000741c00000, 0x0000000741d00000, 0x0000000741d00000|100%| O|  |TAMS 0x0000000741d00000, 0x0000000741c00000| Untracked 
|  19|0x0000000741d00000, 0x0000000741e00000, 0x0000000741e00000|100%| O|  |TAMS 0x0000000741e00000, 0x0000000741d00000| Untracked 
|  20|0x0000000741e00000, 0x0000000741f00000, 0x0000000741f00000|100%| O|  |TAMS 0x0000000741f00000, 0x0000000741e00000| Untracked 
|  21|0x0000000741f00000, 0x0000000742000000, 0x0000000742000000|100%| O|  |TAMS 0x0000000742000000, 0x0000000741f00000| Untracked 
|  22|0x0000000742000000, 0x0000000742100000, 0x0000000742100000|100%| O|  |TAMS 0x0000000742100000, 0x0000000742000000| Untracked 
|  23|0x0000000742100000, 0x0000000742200000, 0x0000000742200000|100%| O|  |TAMS 0x0000000742200000, 0x0000000742100000| Untracked 
|  24|0x0000000742200000, 0x0000000742300000, 0x0000000742300000|100%| O|  |TAMS 0x0000000742300000, 0x0000000742200000| Untracked 
|  25|0x0000000742300000, 0x0000000742400000, 0x0000000742400000|100%| O|  |TAMS 0x0000000742400000, 0x0000000742300000| Untracked 
|  26|0x0000000742400000, 0x0000000742500000, 0x0000000742500000|100%| O|  |TAMS 0x0000000742500000, 0x0000000742400000| Untracked 
|  27|0x0000000742500000, 0x0000000742600000, 0x0000000742600000|100%| O|  |TAMS 0x0000000742600000, 0x0000000742500000| Untracked 
|  28|0x0000000742600000, 0x0000000742700000, 0x0000000742700000|100%| O|  |TAMS 0x0000000742700000, 0x0000000742600000| Untracked 
|  29|0x0000000742700000, 0x0000000742800000, 0x0000000742800000|100%| O|  |TAMS 0x0000000742800000, 0x0000000742700000| Untracked 
|  30|0x0000000742800000, 0x0000000742900000, 0x0000000742900000|100%| O|  |TAMS 0x0000000742900000, 0x0000000742800000| Untracked 
|  31|0x0000000742900000, 0x0000000742a00000, 0x0000000742a00000|100%| O|  |TAMS 0x0000000742a00000, 0x0000000742900000| Untracked 
|  32|0x0000000742a00000, 0x0000000742b00000, 0x0000000742b00000|100%| O|  |TAMS 0x0000000742b00000, 0x0000000742a00000| Untracked 
|  33|0x0000000742b00000, 0x0000000742c00000, 0x0000000742c00000|100%| O|  |TAMS 0x0000000742c00000, 0x0000000742b00000| Untracked 
|  34|0x0000000742c00000, 0x0000000742d00000, 0x0000000742d00000|100%| O|  |TAMS 0x0000000742d00000, 0x0000000742c00000| Untracked 
|  35|0x0000000742d00000, 0x0000000742e00000, 0x0000000742e00000|100%| O|  |TAMS 0x0000000742e00000, 0x0000000742d00000| Untracked 
|  36|0x0000000742e00000, 0x0000000742f00000, 0x0000000742f00000|100%| O|  |TAMS 0x0000000742f00000, 0x0000000742e00000| Untracked 
|  37|0x0000000742f00000, 0x0000000743000000, 0x0000000743000000|100%| O|  |TAMS 0x0000000743000000, 0x0000000742f00000| Untracked 
|  38|0x0000000743000000, 0x0000000743100000, 0x0000000743100000|100%| O|  |TAMS 0x0000000743100000, 0x0000000743000000| Untracked 
|  39|0x0000000743100000, 0x0000000743200000, 0x0000000743200000|100%| O|  |TAMS 0x0000000743200000, 0x0000000743100000| Untracked 
|  40|0x0000000743200000, 0x0000000743300000, 0x0000000743300000|100%| O|  |TAMS 0x0000000743300000, 0x0000000743200000| Untracked 
|  41|0x0000000743300000, 0x0000000743400000, 0x0000000743400000|100%| O|  |TAMS 0x0000000743400000, 0x0000000743300000| Untracked 
|  42|0x0000000743400000, 0x0000000743500000, 0x0000000743500000|100%| O|  |TAMS 0x0000000743500000, 0x0000000743400000| Untracked 
|  43|0x0000000743500000, 0x0000000743600000, 0x0000000743600000|100%| O|  |TAMS 0x0000000743600000, 0x0000000743500000| Untracked 
|  44|0x0000000743600000, 0x0000000743700000, 0x0000000743700000|100%| O|  |TAMS 0x0000000743700000, 0x0000000743600000| Untracked 
|  45|0x0000000743700000, 0x00000007437bee00, 0x0000000743800000| 74%| O|  |TAMS 0x00000007437bee00, 0x0000000743700000| Untracked 
|  46|0x0000000743800000, 0x0000000743800000, 0x0000000743900000|  0%| F|  |TAMS 0x0000000743800000, 0x0000000743800000| Untracked 
|  47|0x0000000743900000, 0x0000000743900000, 0x0000000743a00000|  0%| F|  |TAMS 0x0000000743900000, 0x0000000743900000| Untracked 
|  48|0x0000000743a00000, 0x0000000743a00000, 0x0000000743b00000|  0%| F|  |TAMS 0x0000000743a00000, 0x0000000743a00000| Untracked 
|  49|0x0000000743b00000, 0x0000000743b00000, 0x0000000743c00000|  0%| F|  |TAMS 0x0000000743b00000, 0x0000000743b00000| Untracked 
|  50|0x0000000743c00000, 0x0000000743c00000, 0x0000000743d00000|  0%| F|  |TAMS 0x0000000743c00000, 0x0000000743c00000| Untracked 
|  51|0x0000000743d00000, 0x0000000743d00000, 0x0000000743e00000|  0%| F|  |TAMS 0x0000000743d00000, 0x0000000743d00000| Untracked 
|  52|0x0000000743e00000, 0x0000000743e00000, 0x0000000743f00000|  0%| F|  |TAMS 0x0000000743e00000, 0x0000000743e00000| Untracked 
|  53|0x0000000743f00000, 0x0000000743f00000, 0x0000000744000000|  0%| F|  |TAMS 0x0000000743f00000, 0x0000000743f00000| Untracked 
|  54|0x0000000744000000, 0x0000000744000000, 0x0000000744100000|  0%| F|  |TAMS 0x0000000744000000, 0x0000000744000000| Untracked 
|  55|0x0000000744100000, 0x0000000744100000, 0x0000000744200000|  0%| F|  |TAMS 0x0000000744100000, 0x0000000744100000| Untracked 
|  56|0x0000000744200000, 0x0000000744200000, 0x0000000744300000|  0%| F|  |TAMS 0x0000000744200000, 0x0000000744200000| Untracked 
|  57|0x0000000744300000, 0x0000000744300000, 0x0000000744400000|  0%| F|  |TAMS 0x0000000744300000, 0x0000000744300000| Untracked 
|  58|0x0000000744400000, 0x0000000744400000, 0x0000000744500000|  0%| F|  |TAMS 0x0000000744400000, 0x0000000744400000| Untracked 
|  59|0x0000000744500000, 0x0000000744500000, 0x0000000744600000|  0%| F|  |TAMS 0x0000000744500000, 0x0000000744500000| Untracked 
|  60|0x0000000744600000, 0x0000000744600000, 0x0000000744700000|  0%| F|  |TAMS 0x0000000744600000, 0x0000000744600000| Untracked 
|  61|0x0000000744700000, 0x0000000744700000, 0x0000000744800000|  0%| F|  |TAMS 0x0000000744700000, 0x0000000744700000| Untracked 
|  62|0x0000000744800000, 0x0000000744800000, 0x0000000744900000|  0%| F|  |TAMS 0x0000000744800000, 0x0000000744800000| Untracked 
|  63|0x0000000744900000, 0x0000000744900000, 0x0000000744a00000|  0%| F|  |TAMS 0x0000000744900000, 0x0000000744900000| Untracked 
|  64|0x0000000744a00000, 0x0000000744a00000, 0x0000000744b00000|  0%| F|  |TAMS 0x0000000744a00000, 0x0000000744a00000| Untracked 
|  65|0x0000000744b00000, 0x0000000744b00000, 0x0000000744c00000|  0%| F|  |TAMS 0x0000000744b00000, 0x0000000744b00000| Untracked 
|  66|0x0000000744c00000, 0x0000000744c00000, 0x0000000744d00000|  0%| F|  |TAMS 0x0000000744c00000, 0x0000000744c00000| Untracked 
|  67|0x0000000744d00000, 0x0000000744d00000, 0x0000000744e00000|  0%| F|  |TAMS 0x0000000744d00000, 0x0000000744d00000| Untracked 
|  68|0x0000000744e00000, 0x0000000744e00000, 0x0000000744f00000|  0%| F|  |TAMS 0x0000000744e00000, 0x0000000744e00000| Untracked 
|  69|0x0000000744f00000, 0x0000000744f00000, 0x0000000745000000|  0%| F|  |TAMS 0x0000000744f00000, 0x0000000744f00000| Untracked 
|  70|0x0000000745000000, 0x0000000745000000, 0x0000000745100000|  0%| F|  |TAMS 0x0000000745000000, 0x0000000745000000| Untracked 
|  71|0x0000000745100000, 0x0000000745100000, 0x0000000745200000|  0%| F|  |TAMS 0x0000000745100000, 0x0000000745100000| Untracked 
|  72|0x0000000745200000, 0x0000000745200000, 0x0000000745300000|  0%| F|  |TAMS 0x0000000745200000, 0x0000000745200000| Untracked 
|  73|0x0000000745300000, 0x0000000745300000, 0x0000000745400000|  0%| F|  |TAMS 0x0000000745300000, 0x0000000745300000| Untracked 
|  74|0x0000000745400000, 0x0000000745400000, 0x0000000745500000|  0%| F|  |TAMS 0x0000000745400000, 0x0000000745400000| Untracked 
|  75|0x0000000745500000, 0x0000000745500000, 0x0000000745600000|  0%| F|  |TAMS 0x0000000745500000, 0x0000000745500000| Untracked 
|  76|0x0000000745600000, 0x0000000745600000, 0x0000000745700000|  0%| F|  |TAMS 0x0000000745600000, 0x0000000745600000| Untracked 
|  77|0x0000000745700000, 0x0000000745700000, 0x0000000745800000|  0%| F|  |TAMS 0x0000000745700000, 0x0000000745700000| Untracked 
|  78|0x0000000745800000, 0x0000000745800000, 0x0000000745900000|  0%| F|  |TAMS 0x0000000745800000, 0x0000000745800000| Untracked 
|  79|0x0000000745900000, 0x0000000745900000, 0x0000000745a00000|  0%| F|  |TAMS 0x0000000745900000, 0x0000000745900000| Untracked 
|  80|0x0000000745a00000, 0x0000000745a00000, 0x0000000745b00000|  0%| F|  |TAMS 0x0000000745a00000, 0x0000000745a00000| Untracked 
|  81|0x0000000745b00000, 0x0000000745b00000, 0x0000000745c00000|  0%| F|  |TAMS 0x0000000745b00000, 0x0000000745b00000| Untracked 
|  82|0x0000000745c00000, 0x0000000745c00000, 0x0000000745d00000|  0%| F|  |TAMS 0x0000000745c00000, 0x0000000745c00000| Untracked 
|  83|0x0000000745d00000, 0x0000000745d00000, 0x0000000745e00000|  0%| F|  |TAMS 0x0000000745d00000, 0x0000000745d00000| Untracked 
|  84|0x0000000745e00000, 0x0000000745e00000, 0x0000000745f00000|  0%| F|  |TAMS 0x0000000745e00000, 0x0000000745e00000| Untracked 
|  85|0x0000000745f00000, 0x0000000745f00000, 0x0000000746000000|  0%| F|  |TAMS 0x0000000745f00000, 0x0000000745f00000| Untracked 
|  86|0x0000000746000000, 0x0000000746000000, 0x0000000746100000|  0%| F|  |TAMS 0x0000000746000000, 0x0000000746000000| Untracked 
|  87|0x0000000746100000, 0x0000000746100000, 0x0000000746200000|  0%| F|  |TAMS 0x0000000746100000, 0x0000000746100000| Untracked 
|  88|0x0000000746200000, 0x0000000746200000, 0x0000000746300000|  0%| F|  |TAMS 0x0000000746200000, 0x0000000746200000| Untracked 
|  89|0x0000000746300000, 0x0000000746300000, 0x0000000746400000|  0%| F|  |TAMS 0x0000000746300000, 0x0000000746300000| Untracked 
|  90|0x0000000746400000, 0x0000000746400000, 0x0000000746500000|  0%| F|  |TAMS 0x0000000746400000, 0x0000000746400000| Untracked 
|  91|0x0000000746500000, 0x0000000746500000, 0x0000000746600000|  0%| F|  |TAMS 0x0000000746500000, 0x0000000746500000| Untracked 
|  92|0x0000000746600000, 0x0000000746600000, 0x0000000746700000|  0%| F|  |TAMS 0x0000000746600000, 0x0000000746600000| Untracked 
|  93|0x0000000746700000, 0x0000000746700000, 0x0000000746800000|  0%| F|  |TAMS 0x0000000746700000, 0x0000000746700000| Untracked 
|  94|0x0000000746800000, 0x0000000746800000, 0x0000000746900000|  0%| F|  |TAMS 0x0000000746800000, 0x0000000746800000| Untracked 
|  95|0x0000000746900000, 0x0000000746900000, 0x0000000746a00000|  0%| F|  |TAMS 0x0000000746900000, 0x0000000746900000| Untracked 
|  96|0x0000000746a00000, 0x0000000746a00000, 0x0000000746b00000|  0%| F|  |TAMS 0x0000000746a00000, 0x0000000746a00000| Untracked 
|  97|0x0000000746b00000, 0x0000000746b00000, 0x0000000746c00000|  0%| F|  |TAMS 0x0000000746b00000, 0x0000000746b00000| Untracked 
|  98|0x0000000746c00000, 0x0000000746c00000, 0x0000000746d00000|  0%| F|  |TAMS 0x0000000746c00000, 0x0000000746c00000| Untracked 
|  99|0x0000000746d00000, 0x0000000746d00000, 0x0000000746e00000|  0%| F|  |TAMS 0x0000000746d00000, 0x0000000746d00000| Untracked 
| 100|0x0000000746e00000, 0x0000000746e00000, 0x0000000746f00000|  0%| F|  |TAMS 0x0000000746e00000, 0x0000000746e00000| Untracked 
| 101|0x0000000746f00000, 0x0000000746f00000, 0x0000000747000000|  0%| F|  |TAMS 0x0000000746f00000, 0x0000000746f00000| Untracked 
| 102|0x0000000747000000, 0x0000000747000000, 0x0000000747100000|  0%| F|  |TAMS 0x0000000747000000, 0x0000000747000000| Untracked 
| 103|0x0000000747100000, 0x0000000747100000, 0x0000000747200000|  0%| F|  |TAMS 0x0000000747100000, 0x0000000747100000| Untracked 
| 104|0x0000000747200000, 0x0000000747200000, 0x0000000747300000|  0%| F|  |TAMS 0x0000000747200000, 0x0000000747200000| Untracked 
| 105|0x0000000747300000, 0x0000000747300000, 0x0000000747400000|  0%| F|  |TAMS 0x0000000747300000, 0x0000000747300000| Untracked 
| 106|0x0000000747400000, 0x0000000747400000, 0x0000000747500000|  0%| F|  |TAMS 0x0000000747400000, 0x0000000747400000| Untracked 
| 107|0x0000000747500000, 0x0000000747500000, 0x0000000747600000|  0%| F|  |TAMS 0x0000000747500000, 0x0000000747500000| Untracked 
| 108|0x0000000747600000, 0x0000000747600000, 0x0000000747700000|  0%| F|  |TAMS 0x0000000747600000, 0x0000000747600000| Untracked 
| 109|0x0000000747700000, 0x0000000747700000, 0x0000000747800000|  0%| F|  |TAMS 0x0000000747700000, 0x0000000747700000| Untracked 
| 110|0x0000000747800000, 0x0000000747800000, 0x0000000747900000|  0%| F|  |TAMS 0x0000000747800000, 0x0000000747800000| Untracked 
| 111|0x0000000747900000, 0x0000000747900000, 0x0000000747a00000|  0%| F|  |TAMS 0x0000000747900000, 0x0000000747900000| Untracked 
| 112|0x0000000747a00000, 0x0000000747a00000, 0x0000000747b00000|  0%| F|  |TAMS 0x0000000747a00000, 0x0000000747a00000| Untracked 
| 113|0x0000000747b00000, 0x0000000747b00000, 0x0000000747c00000|  0%| F|  |TAMS 0x0000000747b00000, 0x0000000747b00000| Untracked 
| 114|0x0000000747c00000, 0x0000000747c00000, 0x0000000747d00000|  0%| F|  |TAMS 0x0000000747c00000, 0x0000000747c00000| Untracked 
| 115|0x0000000747d00000, 0x0000000747d00000, 0x0000000747e00000|  0%| F|  |TAMS 0x0000000747d00000, 0x0000000747d00000| Untracked 
| 116|0x0000000747e00000, 0x0000000747e00000, 0x0000000747f00000|  0%| F|  |TAMS 0x0000000747e00000, 0x0000000747e00000| Untracked 
| 117|0x0000000747f00000, 0x0000000747f00000, 0x0000000748000000|  0%| F|  |TAMS 0x0000000747f00000, 0x0000000747f00000| Untracked 
| 118|0x0000000748000000, 0x0000000748000000, 0x0000000748100000|  0%| F|  |TAMS 0x0000000748000000, 0x0000000748000000| Untracked 
| 119|0x0000000748100000, 0x0000000748100000, 0x0000000748200000|  0%| F|  |TAMS 0x0000000748100000, 0x0000000748100000| Untracked 
| 120|0x0000000748200000, 0x0000000748200000, 0x0000000748300000|  0%| F|  |TAMS 0x0000000748200000, 0x0000000748200000| Untracked 
| 121|0x0000000748300000, 0x0000000748300000, 0x0000000748400000|  0%| F|  |TAMS 0x0000000748300000, 0x0000000748300000| Untracked 
| 122|0x0000000748400000, 0x0000000748400000, 0x0000000748500000|  0%| F|  |TAMS 0x0000000748400000, 0x0000000748400000| Untracked 
| 123|0x0000000748500000, 0x0000000748500000, 0x0000000748600000|  0%| F|  |TAMS 0x0000000748500000, 0x0000000748500000| Untracked 
| 124|0x0000000748600000, 0x0000000748600000, 0x0000000748700000|  0%| F|  |TAMS 0x0000000748600000, 0x0000000748600000| Untracked 
| 125|0x0000000748700000, 0x0000000748700000, 0x0000000748800000|  0%| F|  |TAMS 0x0000000748700000, 0x0000000748700000| Untracked 
| 126|0x0000000748800000, 0x0000000748800000, 0x0000000748900000|  0%| F|  |TAMS 0x0000000748800000, 0x0000000748800000| Untracked 
| 127|0x0000000748900000, 0x0000000748900000, 0x0000000748a00000|  0%| F|  |TAMS 0x0000000748900000, 0x0000000748900000| Untracked 
| 128|0x0000000748a00000, 0x0000000748a00000, 0x0000000748b00000|  0%| F|  |TAMS 0x0000000748a00000, 0x0000000748a00000| Untracked 
| 129|0x0000000748b00000, 0x0000000748b00000, 0x0000000748c00000|  0%| F|  |TAMS 0x0000000748b00000, 0x0000000748b00000| Untracked 
| 130|0x0000000748c00000, 0x0000000748c00000, 0x0000000748d00000|  0%| F|  |TAMS 0x0000000748c00000, 0x0000000748c00000| Untracked 
| 131|0x0000000748d00000, 0x0000000748d00000, 0x0000000748e00000|  0%| F|  |TAMS 0x0000000748d00000, 0x0000000748d00000| Untracked 
| 132|0x0000000748e00000, 0x0000000748e00000, 0x0000000748f00000|  0%| F|  |TAMS 0x0000000748e00000, 0x0000000748e00000| Untracked 
| 133|0x0000000748f00000, 0x0000000748f00000, 0x0000000749000000|  0%| F|  |TAMS 0x0000000748f00000, 0x0000000748f00000| Untracked 
| 134|0x0000000749000000, 0x0000000749000000, 0x0000000749100000|  0%| F|  |TAMS 0x0000000749000000, 0x0000000749000000| Untracked 
| 135|0x0000000749100000, 0x0000000749100000, 0x0000000749200000|  0%| F|  |TAMS 0x0000000749100000, 0x0000000749100000| Untracked 
| 136|0x0000000749200000, 0x0000000749200000, 0x0000000749300000|  0%| F|  |TAMS 0x0000000749200000, 0x0000000749200000| Untracked 
| 137|0x0000000749300000, 0x0000000749300000, 0x0000000749400000|  0%| F|  |TAMS 0x0000000749300000, 0x0000000749300000| Untracked 
| 138|0x0000000749400000, 0x0000000749400000, 0x0000000749500000|  0%| F|  |TAMS 0x0000000749400000, 0x0000000749400000| Untracked 
| 139|0x0000000749500000, 0x0000000749500000, 0x0000000749600000|  0%| F|  |TAMS 0x0000000749500000, 0x0000000749500000| Untracked 
| 140|0x0000000749600000, 0x0000000749600000, 0x0000000749700000|  0%| F|  |TAMS 0x0000000749600000, 0x0000000749600000| Untracked 
| 141|0x0000000749700000, 0x0000000749700000, 0x0000000749800000|  0%| F|  |TAMS 0x0000000749700000, 0x0000000749700000| Untracked 
| 142|0x0000000749800000, 0x0000000749800000, 0x0000000749900000|  0%| F|  |TAMS 0x0000000749800000, 0x0000000749800000| Untracked 
| 143|0x0000000749900000, 0x0000000749900000, 0x0000000749a00000|  0%| F|  |TAMS 0x0000000749900000, 0x0000000749900000| Untracked 
| 144|0x0000000749a00000, 0x0000000749a00000, 0x0000000749b00000|  0%| F|  |TAMS 0x0000000749a00000, 0x0000000749a00000| Untracked 
| 145|0x0000000749b00000, 0x0000000749b00000, 0x0000000749c00000|  0%| F|  |TAMS 0x0000000749b00000, 0x0000000749b00000| Untracked 
| 146|0x0000000749c00000, 0x0000000749c00000, 0x0000000749d00000|  0%| F|  |TAMS 0x0000000749c00000, 0x0000000749c00000| Untracked 
| 147|0x0000000749d00000, 0x0000000749d00000, 0x0000000749e00000|  0%| F|  |TAMS 0x0000000749d00000, 0x0000000749d00000| Untracked 
| 148|0x0000000749e00000, 0x0000000749e00000, 0x0000000749f00000|  0%| F|  |TAMS 0x0000000749e00000, 0x0000000749e00000| Untracked 
| 149|0x0000000749f00000, 0x0000000749f00000, 0x000000074a000000|  0%| F|  |TAMS 0x0000000749f00000, 0x0000000749f00000| Untracked 
| 150|0x000000074a000000, 0x000000074a000000, 0x000000074a100000|  0%| F|  |TAMS 0x000000074a000000, 0x000000074a000000| Untracked 
| 151|0x000000074a100000, 0x000000074a100000, 0x000000074a200000|  0%| F|  |TAMS 0x000000074a100000, 0x000000074a100000| Untracked 
| 152|0x000000074a200000, 0x000000074a200000, 0x000000074a300000|  0%| F|  |TAMS 0x000000074a200000, 0x000000074a200000| Untracked 
| 153|0x000000074a300000, 0x000000074a300000, 0x000000074a400000|  0%| F|  |TAMS 0x000000074a300000, 0x000000074a300000| Untracked 
| 154|0x000000074a400000, 0x000000074a400000, 0x000000074a500000|  0%| F|  |TAMS 0x000000074a400000, 0x000000074a400000| Untracked 
| 155|0x000000074a500000, 0x000000074a500000, 0x000000074a600000|  0%| F|  |TAMS 0x000000074a500000, 0x000000074a500000| Untracked 
| 156|0x000000074a600000, 0x000000074a600000, 0x000000074a700000|  0%| F|  |TAMS 0x000000074a600000, 0x000000074a600000| Untracked 
| 157|0x000000074a700000, 0x000000074a700000, 0x000000074a800000|  0%| F|  |TAMS 0x000000074a700000, 0x000000074a700000| Untracked 
| 158|0x000000074a800000, 0x000000074a800000, 0x000000074a900000|  0%| F|  |TAMS 0x000000074a800000, 0x000000074a800000| Untracked 
| 159|0x000000074a900000, 0x000000074a900000, 0x000000074aa00000|  0%| F|  |TAMS 0x000000074a900000, 0x000000074a900000| Untracked 
| 160|0x000000074aa00000, 0x000000074aa00000, 0x000000074ab00000|  0%| F|  |TAMS 0x000000074aa00000, 0x000000074aa00000| Untracked 
| 161|0x000000074ab00000, 0x000000074ab00000, 0x000000074ac00000|  0%| F|  |TAMS 0x000000074ab00000, 0x000000074ab00000| Untracked 
| 162|0x000000074ac00000, 0x000000074ac00000, 0x000000074ad00000|  0%| F|  |TAMS 0x000000074ac00000, 0x000000074ac00000| Untracked 
| 163|0x000000074ad00000, 0x000000074ad00000, 0x000000074ae00000|  0%| F|  |TAMS 0x000000074ad00000, 0x000000074ad00000| Untracked 
| 164|0x000000074ae00000, 0x000000074ae00000, 0x000000074af00000|  0%| F|  |TAMS 0x000000074ae00000, 0x000000074ae00000| Untracked 
| 165|0x000000074af00000, 0x000000074af00000, 0x000000074b000000|  0%| F|  |TAMS 0x000000074af00000, 0x000000074af00000| Untracked 
| 166|0x000000074b000000, 0x000000074b000000, 0x000000074b100000|  0%| F|  |TAMS 0x000000074b000000, 0x000000074b000000| Untracked 
| 167|0x000000074b100000, 0x000000074b100000, 0x000000074b200000|  0%| F|  |TAMS 0x000000074b100000, 0x000000074b100000| Untracked 
| 168|0x000000074b200000, 0x000000074b200000, 0x000000074b300000|  0%| F|  |TAMS 0x000000074b200000, 0x000000074b200000| Untracked 
| 169|0x000000074b300000, 0x000000074b300000, 0x000000074b400000|  0%| F|  |TAMS 0x000000074b300000, 0x000000074b300000| Untracked 
| 170|0x000000074b400000, 0x000000074b400000, 0x000000074b500000|  0%| F|  |TAMS 0x000000074b400000, 0x000000074b400000| Untracked 
| 171|0x000000074b500000, 0x000000074b500000, 0x000000074b600000|  0%| F|  |TAMS 0x000000074b500000, 0x000000074b500000| Untracked 
| 172|0x000000074b600000, 0x000000074b600000, 0x000000074b700000|  0%| F|  |TAMS 0x000000074b600000, 0x000000074b600000| Untracked 
| 173|0x000000074b700000, 0x000000074b700000, 0x000000074b800000|  0%| F|  |TAMS 0x000000074b700000, 0x000000074b700000| Untracked 
| 174|0x000000074b800000, 0x000000074b800000, 0x000000074b900000|  0%| F|  |TAMS 0x000000074b800000, 0x000000074b800000| Untracked 
| 175|0x000000074b900000, 0x000000074b900000, 0x000000074ba00000|  0%| F|  |TAMS 0x000000074b900000, 0x000000074b900000| Untracked 
| 176|0x000000074ba00000, 0x000000074ba00000, 0x000000074bb00000|  0%| F|  |TAMS 0x000000074ba00000, 0x000000074ba00000| Untracked 
| 177|0x000000074bb00000, 0x000000074bb00000, 0x000000074bc00000|  0%| F|  |TAMS 0x000000074bb00000, 0x000000074bb00000| Untracked 
| 178|0x000000074bc00000, 0x000000074bc00000, 0x000000074bd00000|  0%| F|  |TAMS 0x000000074bc00000, 0x000000074bc00000| Untracked 
| 179|0x000000074bd00000, 0x000000074bd00000, 0x000000074be00000|  0%| F|  |TAMS 0x000000074bd00000, 0x000000074bd00000| Untracked 
| 180|0x000000074be00000, 0x000000074be00000, 0x000000074bf00000|  0%| F|  |TAMS 0x000000074be00000, 0x000000074be00000| Untracked 
| 181|0x000000074bf00000, 0x000000074bfa2f30, 0x000000074c000000| 63%| S|CS|TAMS 0x000000074bf00000, 0x000000074bf00000| Complete 
| 182|0x000000074c000000, 0x000000074c100000, 0x000000074c100000|100%| S|CS|TAMS 0x000000074c000000, 0x000000074c000000| Complete 
| 183|0x000000074c100000, 0x000000074c200000, 0x000000074c200000|100%| S|CS|TAMS 0x000000074c100000, 0x000000074c100000| Complete 
| 184|0x000000074c200000, 0x000000074c300000, 0x000000074c300000|100%| S|CS|TAMS 0x000000074c200000, 0x000000074c200000| Complete 
| 185|0x000000074c300000, 0x000000074c400000, 0x000000074c400000|100%| S|CS|TAMS 0x000000074c300000, 0x000000074c300000| Complete 
| 186|0x000000074c400000, 0x000000074c500000, 0x000000074c500000|100%| S|CS|TAMS 0x000000074c400000, 0x000000074c400000| Complete 
| 187|0x000000074c500000, 0x000000074c600000, 0x000000074c600000|100%| S|CS|TAMS 0x000000074c500000, 0x000000074c500000| Complete 
| 188|0x000000074c600000, 0x000000074c700000, 0x000000074c700000|100%| S|CS|TAMS 0x000000074c600000, 0x000000074c600000| Complete 
| 189|0x000000074c700000, 0x000000074c700000, 0x000000074c800000|  0%| F|  |TAMS 0x000000074c700000, 0x000000074c700000| Untracked 
| 190|0x000000074c800000, 0x000000074c800000, 0x000000074c900000|  0%| F|  |TAMS 0x000000074c800000, 0x000000074c800000| Untracked 
| 191|0x000000074c900000, 0x000000074c900000, 0x000000074ca00000|  0%| F|  |TAMS 0x000000074c900000, 0x000000074c900000| Untracked 
| 192|0x000000074ca00000, 0x000000074ca00000, 0x000000074cb00000|  0%| F|  |TAMS 0x000000074ca00000, 0x000000074ca00000| Untracked 
| 193|0x000000074cb00000, 0x000000074cb00000, 0x000000074cc00000|  0%| F|  |TAMS 0x000000074cb00000, 0x000000074cb00000| Untracked 
| 194|0x000000074cc00000, 0x000000074cc00000, 0x000000074cd00000|  0%| F|  |TAMS 0x000000074cc00000, 0x000000074cc00000| Untracked 
| 195|0x000000074cd00000, 0x000000074cd00000, 0x000000074ce00000|  0%| F|  |TAMS 0x000000074cd00000, 0x000000074cd00000| Untracked 
| 196|0x000000074ce00000, 0x000000074ce00000, 0x000000074cf00000|  0%| F|  |TAMS 0x000000074ce00000, 0x000000074ce00000| Untracked 
| 197|0x000000074cf00000, 0x000000074cf00000, 0x000000074d000000|  0%| F|  |TAMS 0x000000074cf00000, 0x000000074cf00000| Untracked 
| 198|0x000000074d000000, 0x000000074d000000, 0x000000074d100000|  0%| F|  |TAMS 0x000000074d000000, 0x000000074d000000| Untracked 
| 199|0x000000074d100000, 0x000000074d100000, 0x000000074d200000|  0%| F|  |TAMS 0x000000074d100000, 0x000000074d100000| Untracked 
| 200|0x000000074d200000, 0x000000074d200000, 0x000000074d300000|  0%| F|  |TAMS 0x000000074d200000, 0x000000074d200000| Untracked 
| 201|0x000000074d300000, 0x000000074d300000, 0x000000074d400000|  0%| F|  |TAMS 0x000000074d300000, 0x000000074d300000| Untracked 
| 202|0x000000074d400000, 0x000000074d400000, 0x000000074d500000|  0%| F|  |TAMS 0x000000074d400000, 0x000000074d400000| Untracked 
| 203|0x000000074d500000, 0x000000074d500000, 0x000000074d600000|  0%| F|  |TAMS 0x000000074d500000, 0x000000074d500000| Untracked 
| 204|0x000000074d600000, 0x000000074d600000, 0x000000074d700000|  0%| F|  |TAMS 0x000000074d600000, 0x000000074d600000| Untracked 
| 205|0x000000074d700000, 0x000000074d700000, 0x000000074d800000|  0%| F|  |TAMS 0x000000074d700000, 0x000000074d700000| Untracked 
| 206|0x000000074d800000, 0x000000074d800000, 0x000000074d900000|  0%| F|  |TAMS 0x000000074d800000, 0x000000074d800000| Untracked 
| 207|0x000000074d900000, 0x000000074d900000, 0x000000074da00000|  0%| F|  |TAMS 0x000000074d900000, 0x000000074d900000| Untracked 
| 208|0x000000074da00000, 0x000000074da00000, 0x000000074db00000|  0%| F|  |TAMS 0x000000074da00000, 0x000000074da00000| Untracked 
| 209|0x000000074db00000, 0x000000074db00000, 0x000000074dc00000|  0%| F|  |TAMS 0x000000074db00000, 0x000000074db00000| Untracked 
| 210|0x000000074dc00000, 0x000000074dc00000, 0x000000074dd00000|  0%| F|  |TAMS 0x000000074dc00000, 0x000000074dc00000| Untracked 
| 211|0x000000074dd00000, 0x000000074dd00000, 0x000000074de00000|  0%| F|  |TAMS 0x000000074dd00000, 0x000000074dd00000| Untracked 
| 212|0x000000074de00000, 0x000000074de00000, 0x000000074df00000|  0%| F|  |TAMS 0x000000074de00000, 0x000000074de00000| Untracked 
| 213|0x000000074df00000, 0x000000074df00000, 0x000000074e000000|  0%| F|  |TAMS 0x000000074df00000, 0x000000074df00000| Untracked 
| 214|0x000000074e000000, 0x000000074e000000, 0x000000074e100000|  0%| F|  |TAMS 0x000000074e000000, 0x000000074e000000| Untracked 
| 215|0x000000074e100000, 0x000000074e100000, 0x000000074e200000|  0%| F|  |TAMS 0x000000074e100000, 0x000000074e100000| Untracked 
| 216|0x000000074e200000, 0x000000074e200000, 0x000000074e300000|  0%| F|  |TAMS 0x000000074e200000, 0x000000074e200000| Untracked 
| 217|0x000000074e300000, 0x000000074e300000, 0x000000074e400000|  0%| F|  |TAMS 0x000000074e300000, 0x000000074e300000| Untracked 
| 218|0x000000074e400000, 0x000000074e400000, 0x000000074e500000|  0%| F|  |TAMS 0x000000074e400000, 0x000000074e400000| Untracked 
| 219|0x000000074e500000, 0x000000074e500000, 0x000000074e600000|  0%| F|  |TAMS 0x000000074e500000, 0x000000074e500000| Untracked 
| 220|0x000000074e600000, 0x000000074e600000, 0x000000074e700000|  0%| F|  |TAMS 0x000000074e600000, 0x000000074e600000| Untracked 
| 221|0x000000074e700000, 0x000000074e700000, 0x000000074e800000|  0%| F|  |TAMS 0x000000074e700000, 0x000000074e700000| Untracked 
| 222|0x000000074e800000, 0x000000074e800000, 0x000000074e900000|  0%| F|  |TAMS 0x000000074e800000, 0x000000074e800000| Untracked 
| 223|0x000000074e900000, 0x000000074e900000, 0x000000074ea00000|  0%| F|  |TAMS 0x000000074e900000, 0x000000074e900000| Untracked 
| 224|0x000000074ea00000, 0x000000074eb00000, 0x000000074eb00000|100%| E|  |TAMS 0x000000074ea00000, 0x000000074ea00000| Complete 
| 225|0x000000074eb00000, 0x000000074ec00000, 0x000000074ec00000|100%| E|CS|TAMS 0x000000074eb00000, 0x000000074eb00000| Complete 
| 226|0x000000074ec00000, 0x000000074ed00000, 0x000000074ed00000|100%| E|CS|TAMS 0x000000074ec00000, 0x000000074ec00000| Complete 
| 227|0x000000074ed00000, 0x000000074ee00000, 0x000000074ee00000|100%| E|CS|TAMS 0x000000074ed00000, 0x000000074ed00000| Complete 
| 228|0x000000074ee00000, 0x000000074ef00000, 0x000000074ef00000|100%| E|CS|TAMS 0x000000074ee00000, 0x000000074ee00000| Complete 
| 229|0x000000074ef00000, 0x000000074f000000, 0x000000074f000000|100%| E|CS|TAMS 0x000000074ef00000, 0x000000074ef00000| Complete 
| 230|0x000000074f000000, 0x000000074f100000, 0x000000074f100000|100%| E|CS|TAMS 0x000000074f000000, 0x000000074f000000| Complete 
| 231|0x000000074f100000, 0x000000074f200000, 0x000000074f200000|100%| E|CS|TAMS 0x000000074f100000, 0x000000074f100000| Complete 
| 232|0x000000074f200000, 0x000000074f300000, 0x000000074f300000|100%| E|CS|TAMS 0x000000074f200000, 0x000000074f200000| Complete 
| 233|0x000000074f300000, 0x000000074f400000, 0x000000074f400000|100%| E|CS|TAMS 0x000000074f300000, 0x000000074f300000| Complete 
| 234|0x000000074f400000, 0x000000074f500000, 0x000000074f500000|100%| E|CS|TAMS 0x000000074f400000, 0x000000074f400000| Complete 
| 235|0x000000074f500000, 0x000000074f600000, 0x000000074f600000|100%| E|CS|TAMS 0x000000074f500000, 0x000000074f500000| Complete 
| 236|0x000000074f600000, 0x000000074f700000, 0x000000074f700000|100%| E|CS|TAMS 0x000000074f600000, 0x000000074f600000| Complete 
| 237|0x000000074f700000, 0x000000074f800000, 0x000000074f800000|100%| E|CS|TAMS 0x000000074f700000, 0x000000074f700000| Complete 

Card table byte_map: [0x000001e75e0a0000,0x000001e75e6a0000] _byte_map_base: 0x000001e75a69b000

Marking Bits (Prev, Next): (CMBitMap*) 0x000001e74afc2ed0, (CMBitMap*) 0x000001e74afc2e98
 Prev Bits: [0x000001e761c80000, 0x000001e764c58000)
 Next Bits: [0x000001e75eca0000, 0x000001e761c78000)

Polling page: 0x000001e748d30000

Metaspace:

Usage:
  Non-class:     54.63 MB capacity,    54.20 MB (>99%) used,   331.15 KB ( <1%) free+waste,   107.62 KB ( <1%) overhead. 
      Class:      7.35 MB capacity,     7.02 MB ( 96%) used,   283.93 KB (  4%) free+waste,    48.31 KB ( <1%) overhead. 
       Both:     61.98 MB capacity,    61.22 MB ( 99%) used,   615.08 KB ( <1%) free+waste,   155.94 KB ( <1%) overhead. 

Virtual space:
  Non-class space:       56.00 MB reserved,      54.75 MB ( 98%) committed 
      Class space:        1.00 GB reserved,       7.38 MB ( <1%) committed 
             Both:        1.05 GB reserved,      62.12 MB (  6%) committed 

Chunk freelists:
   Non-Class:  60.00 KB
       Class:  29.00 KB
        Both:  89.00 KB

MaxMetaspaceSize: 17179869184.00 GB
CompressedClassSpaceSize: 1.00 GB
Initial GC threshold: 20.80 MB
Current GC threshold: 98.12 MB
CDS: off

CodeHeap 'non-profiled nmethods': size=120064Kb used=3572Kb max_used=3572Kb free=116491Kb
 bounds [0x000001e756560000, 0x000001e7568e0000, 0x000001e75daa0000]
CodeHeap 'profiled nmethods': size=120000Kb used=18889Kb max_used=18889Kb free=101110Kb
 bounds [0x000001e74f030000, 0x000001e7502b0000, 0x000001e756560000]
CodeHeap 'non-nmethods': size=5696Kb used=1297Kb max_used=1336Kb free=4398Kb
 bounds [0x000001e74eaa0000, 0x000001e74ed10000, 0x000001e74f030000]
 total_blobs=7783 nmethods=7201 adapters=493
 compilation: enabled
              stopped_count=0, restarted_count=0
 full_count=0

Compilation events (20 events):
Event: 6.346 Thread 0x000001e767a15800 nmethod 7201 0x000001e75029e310 code [0x000001e75029e560, 0x000001e75029ee28]
Event: 6.349 Thread 0x000001e767b82000 nmethod 7200 0x000001e7568db190 code [0x000001e7568db360, 0x000001e7568db758]
Event: 6.350 Thread 0x000001e767a15800 7203       3       java.lang.invoke.MethodHandleNatives::staticArgumentsPulled (5 bytes)
Event: 6.350 Thread 0x000001e767a15800 nmethod 7203 0x000001e75029f090 code [0x000001e75029f240, 0x000001e75029f438]
Event: 6.350 Thread 0x000001e767a15800 7204       3       java.lang.invoke.MethodHandles$Lookup::lookupModes (8 bytes)
Event: 6.350 Thread 0x000001e767a15800 nmethod 7204 0x000001e75029f510 code [0x000001e75029f6c0, 0x000001e75029f7b8]
Event: 6.350 Thread 0x000001e767a15800 7205       3       java.lang.invoke.ConstantCallSite::<init> (11 bytes)
Event: 6.351 Thread 0x000001e767a15800 nmethod 7205 0x000001e75029f890 code [0x000001e75029fac0, 0x000001e7502a02c8]
Event: 6.351 Thread 0x000001e767a15800 7206       3       java.lang.invoke.CallSite::<init> (23 bytes)
Event: 6.351 Thread 0x000001e767a15800 nmethod 7206 0x000001e7502a0610 code [0x000001e7502a0840, 0x000001e7502a0fe8]
Event: 6.351 Thread 0x000001e767a15800 7207       3       java.lang.invoke.MethodHandleNatives$CallSiteContext::make (19 bytes)
Event: 6.352 Thread 0x000001e767a15800 nmethod 7207 0x000001e7502a1310 code [0x000001e7502a1520, 0x000001e7502a1b58]
Event: 6.352 Thread 0x000001e767a15800 7208       3       java.lang.invoke.MethodHandleNatives$CallSiteContext::<init> (5 bytes)
Event: 6.352 Thread 0x000001e767a15800 nmethod 7208 0x000001e7502a1e10 code [0x000001e7502a1fc0, 0x000001e7502a2118]
Event: 6.352 Thread 0x000001e767a15800 7209       3       java.lang.invoke.ConstantCallSite::dynamicInvoker (5 bytes)
Event: 6.352 Thread 0x000001e767a15800 nmethod 7209 0x000001e7502a2210 code [0x000001e7502a23e0, 0x000001e7502a2668]
Event: 6.352 Thread 0x000001e767a15800 7210   !   3       java.lang.invoke.BootstrapMethodInvoker::invoke (688 bytes)
Event: 6.352 Thread 0x000001e767b82000 7211       4       java.util.concurrent.atomic.AtomicInteger::incrementAndGet (14 bytes)
Event: 6.352 Thread 0x000001e767b82000 nmethod 7211 0x000001e7568dbd90 code [0x000001e7568dbf20, 0x000001e7568dbf98]
Event: 6.355 Thread 0x000001e767b82000 7218       4       java.lang.invoke.DirectMethodHandle$Holder::invokeStatic (14 bytes)

GC Heap History (16 events):
Event: 0.338 GC heap before
{Heap before GC invocations=0 (full 0):
 garbage-first heap   total 196608K, used 18432K [0x0000000740a00000, 0x0000000800000000)
  region size 1024K, 14 young (14336K), 0 survivors (0K)
 Metaspace       used 9516K, capacity 9615K, committed 9856K, reserved 1058816K
  class space    used 785K, capacity 820K, committed 896K, reserved 1048576K
}
Event: 0.340 GC heap after
{Heap after GC invocations=1 (full 0):
 garbage-first heap   total 196608K, used 6434K [0x0000000740a00000, 0x0000000800000000)
  region size 1024K, 2 young (2048K), 2 survivors (2048K)
 Metaspace       used 9516K, capacity 9615K, committed 9856K, reserved 1058816K
  class space    used 785K, capacity 820K, committed 896K, reserved 1048576K
}
Event: 1.013 GC heap before
{Heap before GC invocations=1 (full 0):
 garbage-first heap   total 196608K, used 54562K [0x0000000740a00000, 0x0000000800000000)
  region size 1024K, 50 young (51200K), 2 survivors (2048K)
 Metaspace       used 20992K, capacity 21188K, committed 21248K, reserved 1069056K
  class space    used 2221K, capacity 2303K, committed 2304K, reserved 1048576K
}
Event: 1.022 GC heap after
{Heap after GC invocations=2 (full 0):
 garbage-first heap   total 196608K, used 10920K [0x0000000740a00000, 0x0000000800000000)
  region size 1024K, 7 young (7168K), 7 survivors (7168K)
 Metaspace       used 20992K, capacity 21188K, committed 21248K, reserved 1069056K
  class space    used 2221K, capacity 2303K, committed 2304K, reserved 1048576K
}
Event: 1.846 GC heap before
{Heap before GC invocations=3 (full 0):
 garbage-first heap   total 196608K, used 66216K [0x0000000740a00000, 0x0000000800000000)
  region size 1024K, 55 young (56320K), 7 survivors (7168K)
 Metaspace       used 30963K, capacity 31392K, committed 31488K, reserved 1077248K
  class space    used 3635K, capacity 3824K, committed 3840K, reserved 1048576K
}
Event: 1.859 GC heap after
{Heap after GC invocations=4 (full 0):
 garbage-first heap   total 196608K, used 24197K [0x0000000740a00000, 0x0000000800000000)
  region size 1024K, 7 young (7168K), 7 survivors (7168K)
 Metaspace       used 30963K, capacity 31392K, committed 31488K, reserved 1077248K
  class space    used 3635K, capacity 3824K, committed 3840K, reserved 1048576K
}
Event: 2.134 GC heap before
{Heap before GC invocations=4 (full 0):
 garbage-first heap   total 196608K, used 45701K [0x0000000740a00000, 0x0000000800000000)
  region size 1024K, 29 young (29696K), 7 survivors (7168K)
 Metaspace       used 35280K, capacity 35658K, committed 35840K, reserved 1081344K
  class space    used 4322K, capacity 4498K, committed 4608K, reserved 1048576K
}
Event: 2.153 GC heap after
{Heap after GC invocations=5 (full 0):
 garbage-first heap   total 196608K, used 27535K [0x0000000740a00000, 0x0000000800000000)
  region size 1024K, 4 young (4096K), 4 survivors (4096K)
 Metaspace       used 35280K, capacity 35658K, committed 35840K, reserved 1081344K
  class space    used 4322K, capacity 4498K, committed 4608K, reserved 1048576K
}
Event: 2.921 GC heap before
{Heap before GC invocations=6 (full 0):
 garbage-first heap   total 196608K, used 80783K [0x0000000740a00000, 0x0000000800000000)
  region size 1024K, 56 young (57344K), 4 survivors (4096K)
 Metaspace       used 46344K, capacity 46897K, committed 47232K, reserved 1091584K
  class space    used 5450K, capacity 5678K, committed 5760K, reserved 1048576K
}
Event: 2.929 GC heap after
{Heap after GC invocations=7 (full 0):
 garbage-first heap   total 196608K, used 30288K [0x0000000740a00000, 0x0000000800000000)
  region size 1024K, 7 young (7168K), 7 survivors (7168K)
 Metaspace       used 46344K, capacity 46897K, committed 47232K, reserved 1091584K
  class space    used 5450K, capacity 5678K, committed 5760K, reserved 1048576K
}
Event: 4.768 GC heap before
{Heap before GC invocations=7 (full 0):
 garbage-first heap   total 196608K, used 135760K [0x0000000740a00000, 0x0000000800000000)
  region size 1024K, 107 young (109568K), 7 survivors (7168K)
 Metaspace       used 54654K, capacity 55268K, committed 55424K, reserved 1097728K
  class space    used 6181K, capacity 6433K, committed 6528K, reserved 1048576K
}
Event: 4.789 GC heap after
{Heap after GC invocations=8 (full 0):
 garbage-first heap   total 243712K, used 46268K [0x0000000740a00000, 0x0000000800000000)
  region size 1024K, 14 young (14336K), 14 survivors (14336K)
 Metaspace       used 54654K, capacity 55268K, committed 55424K, reserved 1097728K
  class space    used 6181K, capacity 6433K, committed 6528K, reserved 1048576K
}
Event: 4.944 GC heap before
{Heap before GC invocations=8 (full 0):
 garbage-first heap   total 243712K, used 55484K [0x0000000740a00000, 0x0000000800000000)
  region size 1024K, 23 young (23552K), 14 survivors (14336K)
 Metaspace       used 54711K, capacity 55332K, committed 55680K, reserved 1097728K
  class space    used 6181K, capacity 6433K, committed 6528K, reserved 1048576K
}
Event: 4.960 GC heap after
{Heap after GC invocations=9 (full 0):
 garbage-first heap   total 243712K, used 49403K [0x0000000740a00000, 0x0000000800000000)
  region size 1024K, 3 young (3072K), 3 survivors (3072K)
 Metaspace       used 54711K, capacity 55332K, committed 55680K, reserved 1097728K
  class space    used 6181K, capacity 6433K, committed 6528K, reserved 1048576K
}
Event: 5.815 GC heap before
{Heap before GC invocations=9 (full 0):
 garbage-first heap   total 243712K, used 95483K [0x0000000740a00000, 0x0000000800000000)
  region size 1024K, 49 young (50176K), 3 survivors (3072K)
 Metaspace       used 59415K, capacity 60073K, committed 60160K, reserved 1101824K
  class space    used 6699K, capacity 6990K, committed 7040K, reserved 1048576K
}
Event: 5.827 GC heap after
{Heap after GC invocations=10 (full 0):
 garbage-first heap   total 243712K, used 54663K [0x0000000740a00000, 0x0000000800000000)
  region size 1024K, 8 young (8192K), 8 survivors (8192K)
 Metaspace       used 59415K, capacity 60073K, committed 60160K, reserved 1101824K
  class space    used 6699K, capacity 6990K, committed 7040K, reserved 1048576K
}

Deoptimization events (20 events):
Event: 6.282 Thread 0x000001e74af70800 Uncommon trap: trap_request=0xffffffc6 fr.pc=0x000001e7568b2390 relative=0x0000000000001110
Event: 6.282 Thread 0x000001e74af70800 Uncommon trap: reason=bimorphic_or_optimized_type_check action=maybe_recompile pc=0x000001e7568b2390 method=gnu.trove.TObjectHash.insertionIndex(Ljava/lang/Object;)I @ 75 c2
Event: 6.282 Thread 0x000001e74af70800 DEOPT PACKING pc=0x000001e7568b2390 sp=0x0000005700ff97b0
Event: 6.282 Thread 0x000001e74af70800 DEOPT UNPACKING pc=0x000001e74eaea1af sp=0x0000005700ff9758 mode 2
Event: 6.283 Thread 0x000001e74af70800 Uncommon trap: trap_request=0xffffffc6 fr.pc=0x000001e756750488 relative=0x0000000000000dc8
Event: 6.283 Thread 0x000001e74af70800 Uncommon trap: reason=bimorphic_or_optimized_type_check action=maybe_recompile pc=0x000001e756750488 method=gnu.trove.TObjectHash.index(Ljava/lang/Object;)I @ 64 c2
Event: 6.283 Thread 0x000001e74af70800 DEOPT PACKING pc=0x000001e756750488 sp=0x0000005700ffa040
Event: 6.283 Thread 0x000001e74af70800 DEOPT UNPACKING pc=0x000001e74eaea1af sp=0x0000005700ff9fd0 mode 2
Event: 6.285 Thread 0x000001e74af70800 Uncommon trap: trap_request=0xffffffc6 fr.pc=0x000001e756750488 relative=0x0000000000000dc8
Event: 6.285 Thread 0x000001e74af70800 Uncommon trap: reason=bimorphic_or_optimized_type_check action=maybe_recompile pc=0x000001e756750488 method=gnu.trove.TObjectHash.index(Ljava/lang/Object;)I @ 64 c2
Event: 6.285 Thread 0x000001e74af70800 DEOPT PACKING pc=0x000001e756750488 sp=0x0000005700ffa040
Event: 6.285 Thread 0x000001e74af70800 DEOPT UNPACKING pc=0x000001e74eaea1af sp=0x0000005700ff9fd0 mode 2
Event: 6.288 Thread 0x000001e74af70800 Uncommon trap: trap_request=0xffffffc6 fr.pc=0x000001e756750488 relative=0x0000000000000dc8
Event: 6.289 Thread 0x000001e74af70800 Uncommon trap: reason=bimorphic_or_optimized_type_check action=maybe_recompile pc=0x000001e756750488 method=gnu.trove.TObjectHash.index(Ljava/lang/Object;)I @ 64 c2
Event: 6.289 Thread 0x000001e74af70800 DEOPT PACKING pc=0x000001e756750488 sp=0x0000005700ffa040
Event: 6.289 Thread 0x000001e74af70800 DEOPT UNPACKING pc=0x000001e74eaea1af sp=0x0000005700ff9fd0 mode 2
Event: 6.289 Thread 0x000001e74af70800 Uncommon trap: trap_request=0xffffffc6 fr.pc=0x000001e756750488 relative=0x0000000000000dc8
Event: 6.289 Thread 0x000001e74af70800 Uncommon trap: reason=bimorphic_or_optimized_type_check action=maybe_recompile pc=0x000001e756750488 method=gnu.trove.TObjectHash.index(Ljava/lang/Object;)I @ 64 c2
Event: 6.289 Thread 0x000001e74af70800 DEOPT PACKING pc=0x000001e756750488 sp=0x0000005700ffa040
Event: 6.289 Thread 0x000001e74af70800 DEOPT UNPACKING pc=0x000001e74eaea1af sp=0x0000005700ff9fd0 mode 2

Classes redefined (0 events):
No events

Internal exceptions (20 events):
Event: 3.967 Thread 0x000001e74af70800 Exception <a 'java/lang/NoSuchMethodError'{0x0000000747b85238}: 'java.lang.Object java.lang.invoke.DirectMethodHandle$Holder.invokeSpecial(java.lang.Object, java.lang.Object, java.lang.Object, java.lang.Object, java.lang.Object, java.lang.Object, java.lang.Object, java.lang.Object, java.lang.Object)'> (0x0000000747b85238) thrown at [src/hotspot/share/interpreter/linkResolver.cpp, line 773]
Event: 3.967 Thread 0x000001e74af70800 Exception <a 'java/lang/NoSuchMethodError'{0x0000000747b89430}: 'java.lang.Object java.lang.invoke.Invokers$Holder.linkToTargetMethod(java.lang.Object, java.lang.Object, java.lang.Object, java.lang.Object, java.lang.Object, java.lang.Object, java.lang.Object, java.lang.Object)'> (0x0000000747b89430) thrown at [src/hotspot/share/interpreter/linkResolver.cpp, line 773]
Event: 3.976 Thread 0x000001e74af70800 Implicit null exception at 0x000001e75676502f to 0x000001e75676505c
Event: 4.048 Thread 0x000001e74af70800 Exception <a 'java/lang/NoSuchMethodError'{0x00000007478c3c88}: 'java.lang.Object java.lang.invoke.DirectMethodHandle$Holder.invokeStaticInit(java.lang.Object, java.lang.Object, java.lang.Object)'> (0x00000007478c3c88) thrown at [src/hotspot/share/interpreter/linkResolver.cpp, line 773]
Event: 4.055 Thread 0x000001e74af70800 Exception <a 'java/lang/NoSuchMethodError'{0x0000000747703920}: 'java.lang.Object java.lang.invoke.DirectMethodHandle$Holder.invokeStatic(java.lang.Object, int, java.lang.Object, java.lang.Object)'> (0x0000000747703920) thrown at [src/hotspot/share/interpreter/linkResolver.cpp, line 773]
Event: 4.056 Thread 0x000001e74af70800 Exception <a 'java/lang/NoSuchMethodError'{0x000000074770af40}: 'java.lang.Object java.lang.invoke.DirectMethodHandle$Holder.invokeStatic(java.lang.Object, int, java.lang.Object)'> (0x000000074770af40) thrown at [src/hotspot/share/interpreter/linkResolver.cpp, line 773]
Event: 4.057 Thread 0x000001e74af70800 Exception <a 'java/lang/NoSuchMethodError'{0x0000000747710d98}: 'int java.lang.invoke.DirectMethodHandle$Holder.invokeInterface(java.lang.Object, java.lang.Object)'> (0x0000000747710d98) thrown at [src/hotspot/share/interpreter/linkResolver.cpp, line 773]
Event: 5.283 Thread 0x000001e74af70800 Exception <a 'java/lang/NoSuchMethodError'{0x000000074dd74978}: 'java.lang.Object java.lang.invoke.Invokers$Holder.linkToTargetMethod(java.lang.Object, java.lang.Object, java.lang.Object, java.lang.Object, java.lang.Object, java.lang.Object)'> (0x000000074dd74978) thrown at [src/hotspot/share/interpreter/linkResolver.cpp, line 773]
Event: 5.323 Thread 0x000001e74af70800 Exception <a 'java/lang/NoSuchMethodError'{0x000000074dbf9a28}: 'java.lang.Object java.lang.invoke.Invokers$Holder.linkToTargetMethod(java.lang.Object, java.lang.Object, java.lang.Object, int, int, java.lang.Object)'> (0x000000074dbf9a28) thrown at [src/hotspot/share/interpreter/linkResolver.cpp, line 773]
Event: 5.328 Thread 0x000001e74af70800 Implicit null exception at 0x000001e756812b39 to 0x000001e75681314b
Event: 5.373 Thread 0x000001e74af70800 Exception <a 'java/lang/NoSuchMethodError'{0x000000074d803170}: 'java.lang.Object java.lang.invoke.Invokers$Holder.linkToTargetMethod(java.lang.Object, java.lang.Object, java.lang.Object, java.lang.Object, java.lang.Object, java.lang.Object, java.lang.Object)'> (0x000000074d803170) thrown at [src/hotspot/share/interpreter/linkResolver.cpp, line 773]
Event: 5.474 Thread 0x000001e74af70800 Implicit null exception at 0x000001e7566b364c to 0x000001e7566b3734
Event: 5.641 Thread 0x000001e74af70800 Implicit null exception at 0x000001e75684c8fc to 0x000001e75684dc70
Event: 6.104 Thread 0x000001e74af70800 Exception <a 'java/lang/NoSuchMethodError'{0x000000074f300128}: 'int java.lang.invoke.DirectMethodHandle$Holder.invokeStaticInit(java.lang.Object, int)'> (0x000000074f300128) thrown at [src/hotspot/share/interpreter/linkResolver.cpp, line 773]
Event: 6.157 Thread 0x000001e74af70800 Exception <a 'java/lang/NoSuchMethodError'{0x000000074f234488}: 'java.lang.Object java.lang.invoke.DirectMethodHandle$Holder.invokeInterface(java.lang.Object, java.lang.Object, java.lang.Object)'> (0x000000074f234488) thrown at [src/hotspot/share/interpreter/linkResolver.cpp, line 773]
Event: 6.157 Thread 0x000001e74af70800 Exception <a 'java/lang/IncompatibleClassChangeError'{0x000000074f2376b8}: Found class java.lang.Object, but interface was expected> (0x000000074f2376b8) thrown at [src/hotspot/share/interpreter/linkResolver.cpp, line 839]
Event: 6.206 Thread 0x000001e74af70800 Exception <a 'java/lang/NoSuchMethodError'{0x000000074f033c08}: 'int java.lang.invoke.DirectMethodHandle$Holder.invokeVirtual(java.lang.Object, java.lang.Object, java.lang.Object)'> (0x000000074f033c08) thrown at [src/hotspot/share/interpreter/linkResolver.cpp, line 773]
Event: 6.304 Thread 0x000001e74af70800 Exception <a 'java/lang/NoSuchMethodError'{0x000000074ec20430}: 'java.lang.Object java.lang.invoke.DirectMethodHandle$Holder.invokeSpecial(java.lang.Object, java.lang.Object, java.lang.Object, java.lang.Object, java.lang.Object, int)'> (0x000000074ec20430) thrown at [src/hotspot/share/interpreter/linkResolver.cpp, line 773]
Event: 6.304 Thread 0x000001e74af70800 Exception <a 'java/lang/NoSuchMethodError'{0x000000074ec24278}: 'java.lang.Object java.lang.invoke.Invokers$Holder.linkToTargetMethod(java.lang.Object, java.lang.Object, java.lang.Object, int, java.lang.Object)'> (0x000000074ec24278) thrown at [src/hotspot/share/interpreter/linkResolver.cpp, line 773]
Event: 6.350 Thread 0x000001e74af70800 Exception <a 'java/lang/NoSuchMethodError'{0x000000074ebd7c50}: 'void java.lang.invoke.DirectMethodHandle$Holder.invokeInterface(java.lang.Object, java.lang.Object)'> (0x000000074ebd7c50) thrown at [src/hotspot/share/interpreter/linkResolver.cpp, line 773]

Events (20 events):
Event: 6.354 loading class java/util/stream/Node$OfInt done
Event: 6.354 loading class java/util/stream/Nodes$EmptyNode$OfInt done
Event: 6.354 loading class java/util/stream/Nodes$EmptyNode$OfLong
Event: 6.354 loading class java/util/stream/Node$OfLong
Event: 6.354 loading class java/util/stream/Node$OfLong done
Event: 6.354 loading class java/util/stream/Nodes$EmptyNode$OfLong done
Event: 6.354 loading class java/util/stream/Nodes$EmptyNode$OfDouble
Event: 6.354 loading class java/util/stream/Node$OfDouble
Event: 6.354 loading class java/util/stream/Node$OfDouble done
Event: 6.354 loading class java/util/stream/Nodes$EmptyNode$OfDouble done
Event: 6.354 loading class java/util/stream/Nodes$SpinedNodeBuilder
Event: 6.355 loading class java/util/stream/Node$Builder
Event: 6.355 loading class java/util/stream/Node$Builder done
Event: 6.355 loading class java/util/stream/SpinedBuffer
Event: 6.355 loading class java/util/stream/AbstractSpinedBuffer
Event: 6.355 loading class java/util/stream/AbstractSpinedBuffer done
Event: 6.355 loading class java/util/stream/SpinedBuffer done
Event: 6.355 loading class java/util/stream/Nodes$SpinedNodeBuilder done
Event: 6.355 loading class org/jetbrains/kotlin/com/intellij/psi/impl/compiled/FirstPassData
Event: 6.355 loading class org/jetbrains/kotlin/com/intellij/psi/impl/compiled/FirstPassData done


Dynamic libraries:
0x00007ff6ff1f0000 - 0x00007ff6ff1fa000 	C:\Program Files\Android\Android Studio\jbr\bin\java.exe
0x00007ff9500f0000 - 0x00007ff9502e8000 	C:\Windows\SYSTEM32\ntdll.dll
0x00007ff94e1e0000 - 0x00007ff94e29f000 	C:\Windows\System32\KERNEL32.DLL
0x00007ff94d8e0000 - 0x00007ff94dbb2000 	C:\Windows\System32\KERNELBASE.dll
0x00007ff94d7e0000 - 0x00007ff94d8e0000 	C:\Windows\System32\ucrtbase.dll
0x00007ff947ee0000 - 0x00007ff947efb000 	C:\Program Files\Android\Android Studio\jbr\bin\VCRUNTIME140.dll
0x00007ff947f00000 - 0x00007ff947f17000 	C:\Program Files\Android\Android Studio\jbr\bin\jli.dll
0x00007ff94f5e0000 - 0x00007ff94f781000 	C:\Windows\System32\USER32.dll
0x00007ff94dff0000 - 0x00007ff94e012000 	C:\Windows\System32\win32u.dll
0x00007ff94cb70000 - 0x00007ff94ce0a000 	C:\Windows\WinSxS\amd64_microsoft.windows.common-controls_6595b64144ccf1df_6.0.19041.1110_none_60b5254171f9507e\COMCTL32.dll
0x00007ff94ec60000 - 0x00007ff94ec8b000 	C:\Windows\System32\GDI32.dll
0x00007ff94e020000 - 0x00007ff94e12f000 	C:\Windows\System32\gdi32full.dll
0x00007ff94e550000 - 0x00007ff94e5ee000 	C:\Windows\System32\msvcrt.dll
0x00007ff94de50000 - 0x00007ff94deed000 	C:\Windows\System32\msvcp_win.dll
0x00007ff94eca0000 - 0x00007ff94ecd2000 	C:\Windows\System32\IMM32.DLL
0x00007ff947e50000 - 0x00007ff947edd000 	C:\Program Files\Android\Android Studio\jbr\bin\msvcp140.dll
0x00007ff91c2c0000 - 0x00007ff91c2cc000 	C:\Windows\SYSTEM32\VCRUNTIME140_1.dll
0x00007ff919800000 - 0x00007ff91a3bc000 	C:\Program Files\Android\Android Studio\jbr\bin\server\jvm.dll
0x00007ff94e740000 - 0x00007ff94e7ee000 	C:\Windows\System32\ADVAPI32.dll
0x00007ff94e2a0000 - 0x00007ff94e33c000 	C:\Windows\System32\sechost.dll
0x00007ff94e350000 - 0x00007ff94e475000 	C:\Windows\System32\RPCRT4.dll
0x00007ff94e340000 - 0x00007ff94e348000 	C:\Windows\System32\PSAPI.DLL
0x00007ff91c2d0000 - 0x00007ff91c2d9000 	C:\Windows\SYSTEM32\WSOCK32.dll
0x00007ff944120000 - 0x00007ff944147000 	C:\Windows\SYSTEM32\WINMM.dll
0x00007ff94e5f0000 - 0x00007ff94e65b000 	C:\Windows\System32\WS2_32.dll
0x00007ff946950000 - 0x00007ff94695a000 	C:\Windows\SYSTEM32\VERSION.dll
0x00007ff94a9c0000 - 0x00007ff94a9d2000 	C:\Windows\SYSTEM32\kernel.appcore.dll
0x00007ff91c2b0000 - 0x00007ff91c2c0000 	C:\Program Files\Android\Android Studio\jbr\bin\verify.dll
0x00007ff94cfe0000 - 0x00007ff94d1c4000 	C:\Windows\SYSTEM32\DBGHELP.DLL
0x00007ff94cf00000 - 0x00007ff94cf35000 	C:\Windows\SYSTEM32\dbgcore.DLL
0x00007ff94df60000 - 0x00007ff94dfe2000 	C:\Windows\System32\bcryptPrimitives.dll
0x00007ff91c280000 - 0x00007ff91c2a8000 	C:\Program Files\Android\Android Studio\jbr\bin\java.dll
0x00007ff91c270000 - 0x00007ff91c27a000 	C:\Program Files\Android\Android Studio\jbr\bin\jimage.dll
0x00007ff91c250000 - 0x00007ff91c268000 	C:\Program Files\Android\Android Studio\jbr\bin\zip.dll
0x00007ff94f960000 - 0x00007ff9500a4000 	C:\Windows\System32\SHELL32.dll
0x00007ff94b250000 - 0x00007ff94b9e2000 	C:\Windows\SYSTEM32\windows.storage.dll
0x00007ff94ece0000 - 0x00007ff94f035000 	C:\Windows\System32\combase.dll
0x00007ff94cad0000 - 0x00007ff94cb00000 	C:\Windows\SYSTEM32\Wldp.dll
0x00007ff94e130000 - 0x00007ff94e1dd000 	C:\Windows\System32\SHCORE.dll
0x00007ff94e6e0000 - 0x00007ff94e735000 	C:\Windows\System32\shlwapi.dll
0x00007ff94d720000 - 0x00007ff94d73f000 	C:\Windows\SYSTEM32\profapi.dll
0x00007ff9197e0000 - 0x00007ff9197f9000 	C:\Program Files\Android\Android Studio\jbr\bin\net.dll
0x00007ff946440000 - 0x00007ff94654c000 	C:\Windows\SYSTEM32\WINHTTP.dll
0x00007ff94c830000 - 0x00007ff94c89a000 	C:\Windows\system32\mswsock.dll
0x00007ff9197c0000 - 0x00007ff9197d3000 	C:\Program Files\Android\Android Studio\jbr\bin\nio.dll

dbghelp: loaded successfully - version: 4.0.5 - missing functions: none
symbol engine: initialized successfully - sym options: 0x614 - pdb path: .;C:\Program Files\Android\Android Studio\jbr\bin;C:\Windows\SYSTEM32;C:\Windows\WinSxS\amd64_microsoft.windows.common-controls_6595b64144ccf1df_6.0.19041.1110_none_60b5254171f9507e;C:\Program Files\Android\Android Studio\jbr\bin\server

VM Arguments:
java_command: org.jetbrains.kotlin.cli.jvm.K2JVMCompiler @P:\SocialMedia\app\build\20230209_5934088742411853644.compiler.options
java_class_path (initial): C:\Users\Administrator\.gradle\caches\modules-2\files-2.1\org.jetbrains.kotlin\kotlin-compiler-embeddable\1.7.21\a36688d6a38ea94ac3fce84e198ea2cb6c6a8e88\kotlin-compiler-embeddable-1.7.21.jar;C:\Users\Administrator\.gradle\caches\modules-2\files-2.1\org.jetbrains.kotlin\kotlin-reflect\1.7.21\ad6d09bc4db0eab1069112eea8ebea0be7be44f\kotlin-reflect-1.7.21.jar;C:\Users\Administrator\.gradle\caches\modules-2\files-2.1\org.jetbrains.kotlin\kotlin-stdlib\1.7.21\1a2eaf898a0dda83037034b10a42053cf8a7caf8\kotlin-stdlib-1.7.21.jar;C:\Users\Administrator\.gradle\caches\modules-2\files-2.1\org.jetbrains.kotlin\kotlin-script-runtime\1.7.21\b06d5c58297dccce2a0f69b0636804b0a73b3b9\kotlin-script-runtime-1.7.21.jar;C:\Users\Administrator\.gradle\caches\modules-2\files-2.1\org.jetbrains.kotlin\kotlin-daemon-embeddable\1.7.21\b94818f660cc50f5d39f04b6396ac38e4d3a9eb7\kotlin-daemon-embeddable-1.7.21.jar;C:\Users\Administrator\.gradle\caches\modules-2\files-2.1\org.jetbrains.intellij.deps\trove4j\1.0.20200330\3afb14d5f9ceb459d724e907a21145e8ff394f02\trove4j-1.0.20200330.jar;C:\Users\Administrator\.gradle\caches\modules-2\files-2.1\net.java.dev.jna\jna\5.6.0\330f2244e9030119ab3030fc3fededc86713d9cc\jna-5.6.0.jar;C:\Users\Administrator\.gradle\caches\modules-2\files-2.1\org.jetbrains.kotlin\kotlin-stdlib-common\1.7.21\cb02257de8e13e8498f8e2f69f742f2d438e794d\kotlin-stdlib-common-1.7.21.jar;C:\Users\Administrator\.gradle\caches\modules-2\files-2.1\org.jetbrains\annotations\13.0\919f0dfe192fb4e063e7dacadee7f8bb9a2672a9\annotations-13.0.jar
Launcher Type: SUN_STANDARD

[Global flags]
     intx CICompilerCount                          = 3                                         {product} {ergonomic}
     uint ConcGCThreads                            = 1                                         {product} {ergonomic}
     uint G1ConcRefinementThreads                  = 4                                         {product} {ergonomic}
   size_t G1HeapRegionSize                         = 1048576                                   {product} {ergonomic}
    uintx GCDrainStackTargetSize                   = 64                                        {product} {ergonomic}
   size_t InitialHeapSize                          = 201326592                                 {product} {ergonomic}
   size_t MarkStackSize                            = 4194304                                   {product} {ergonomic}
   size_t MaxHeapSize                              = 3210739712                                {product} {ergonomic}
   size_t MaxNewSize                               = 1926234112                                {product} {ergonomic}
   size_t MinHeapDeltaBytes                        = 1048576                                   {product} {ergonomic}
    uintx NonNMethodCodeHeapSize                   = 5830732                                {pd product} {ergonomic}
    uintx NonProfiledCodeHeapSize                  = 122913754                              {pd product} {ergonomic}
    uintx ProfiledCodeHeapSize                     = 122913754                              {pd product} {ergonomic}
    uintx ReservedCodeCacheSize                    = 251658240                              {pd product} {ergonomic}
     bool SegmentedCodeCache                       = true                                      {product} {ergonomic}
     bool UseCompressedClassPointers               = true                                 {lp64_product} {ergonomic}
     bool UseCompressedOops                        = true                                 {lp64_product} {ergonomic}
     bool UseG1GC                                  = true                                      {product} {ergonomic}
     bool UseLargePagesIndividualAllocation        = false                                  {pd product} {ergonomic}

Logging:
Log output configuration:
 #0: stdout all=warning uptime,level,tags
 #1: stderr all=off uptime,level,tags

Environment Variables:
PATH=C:\Program Files\Common Files\Oracle\Java\javapath;C:\Windows\system32;C:\Windows;C:\Windows\System32\Wbem;C:\Windows\System32\WindowsPowerShell\v1.0\;C:\Windows\System32\OpenSSH\;C:\Program Files\nodejs\;C:\Program Files (x86)\dotnet\;C:\Program Files\Git\cmd;C:\Users\Administrator\AppData\Local\Microsoft\WindowsApps;D:\Microsoft VS Code\bin;C:\Program Files\Java\jdk-19\bin;C:\Program Files\JetBrains\IntelliJ IDEA Community Edition 2022.3.1\bin;C:\Users\Administrator\AppData\Roaming\npm;C:\Users\Administrator\AppData\Local\JetBrains\Toolbox\scripts;
USERNAME=Administrator
OS=Windows_NT
PROCESSOR_IDENTIFIER=Intel64 Family 6 Model 158 Stepping 9, GenuineIntel



---------------  S Y S T E M  ---------------

OS: Windows 10 , 64 bit Build 19041 (10.0.19041.2364)
OS uptime: 0 days 1:09 hours

CPU:total 4 (initial active 4) (2 cores per cpu, 2 threads per core) family 6 model 158 stepping 9 microcode 0xb4, cmov, cx8, fxsr, mmx, sse, sse2, sse3, ssse3, sse4.1, sse4.2, popcnt, avx, avx2, aes, clmul, erms, 3dnowpref, lzcnt, ht, tsc, tscinvbit, bmi1, bmi2, adx, fma

Memory: 4k page, system-wide physical 12246M (1886M free)
TotalPageFile size 17366M (AvailPageFile size 3562M)
current process WorkingSet (physical memory assigned to process): 394M, peak: 394M
current process commit charge ("private bytes"): 449M, peak: 449M

vm_info: OpenJDK 64-Bit Server VM (11.0.15+0-b2043.56-8887301) for windows-amd64 JRE (11.0.15+0-b2043.56-8887301), built on Jul 29 2022 23:19:47 by "builduser" with unknown MS VC++:1929

END.
