#
# A fatal error has been detected by the Java Runtime Environment:
#
#  EXCEPTION_ACCESS_VIOLATION (0xc0000005) at pc=0x00007ffc55790465, pid=11600, tid=1676
#
# JRE version: OpenJDK Runtime Environment (11.0.15) (build 11.0.15+0-b2043.56-8887301)
# Java VM: OpenJDK 64-Bit Server VM (11.0.15+0-b2043.56-8887301, mixed mode, tiered, compressed oops, g1 gc, windows-amd64)
# Problematic frame:
# V  [jvm.dll+0x300465]
#
# No core dump will be written. Minidumps are not enabled by default on client versions of Windows
#
# If you would like to submit a bug report, please visit:
#   https://bugreport.java.com/bugreport/crash.jsp
#

---------------  S U M M A R Y ------------

Command Line: --add-opens=java.base/java.util=ALL-UNNAMED --add-opens=java.base/java.lang=ALL-UNNAMED --add-opens=java.base/java.lang.invoke=ALL-UNNAMED --add-opens=java.base/java.util=ALL-UNNAMED --add-opens=java.prefs/java.util.prefs=ALL-UNNAMED --add-opens=java.prefs/java.util.prefs=ALL-UNNAMED --add-opens=java.base/java.nio.charset=ALL-UNNAMED --add-opens=java.base/java.net=ALL-UNNAMED --add-opens=java.base/java.util.concurrent.atomic=ALL-UNNAMED -Xmx2048m -Dfile.encoding=UTF-8 -Duser.country=US -Duser.language=en -Duser.variant org.gradle.launcher.daemon.bootstrap.GradleDaemon 7.5

Host: Intel(R) Core(TM) i3-7100 CPU @ 3.90GHz, 4 cores, 11G,  Windows 10 , 64 bit Build 19041 (10.0.19041.2364)
Time: Tue Feb 14 22:48:48 2023 Bangladesh Standard Time elapsed time: 1010.415778 seconds (0d 0h 16m 50s)

---------------  T H R E A D  ---------------

Current thread (0x000001b9eb76c800):  ConcurrentGCThread "G1 Conc#0" [stack: 0x0000008d63700000,0x0000008d63800000] [id=1676]

Stack: [0x0000008d63700000,0x0000008d63800000],  sp=0x0000008d637ff900,  free space=1022k
Native frames: (J=compiled Java code, j=interpreted, Vv=VM code, C=native code)
V  [jvm.dll+0x300465]
V  [jvm.dll+0x300342]
V  [jvm.dll+0x2f7c6d]
V  [jvm.dll+0x2f7811]
V  [jvm.dll+0x30be0e]
V  [jvm.dll+0x307c8b]
V  [jvm.dll+0x309a1c]
V  [jvm.dll+0x30868d]
V  [jvm.dll+0x30ce06]
V  [jvm.dll+0x802c20]
V  [jvm.dll+0x78dc24]
V  [jvm.dll+0x6400f6]
C  [ucrtbase.dll+0x21bb2]
C  [KERNEL32.DLL+0x17614]
C  [ntdll.dll+0x526a1]


siginfo: EXCEPTION_ACCESS_VIOLATION (0xc0000005), reading address 0x0000000000000160


Register to memory mapping:

RIP=0x00007ffc55790465 jvm.dll
RAX=0x000001b9eb74aa00 points into unknown readable memory: 0x0000000000000000 | 00 00 00 00 00 00 00 00
RBX=0x000001b9eb76f570 points into unknown readable memory: 0x00007ffc55d6bc60 | 60 bc d6 55 fc 7f 00 00
RCX=0x0000000000000014 is an unknown value
RDX=0x0 is NULL
RSP=0x0000008d637ff900 points into unknown readable memory: 0x0000000000000002 | 02 00 00 00 00 00 00 00
RBP=0x0 is NULL
RSI=0x0000000100008fe8 is pointing into metadata
RDI=0x0000000000002000 is an unknown value
R8 =0x0000000000002000 is an unknown value
R9 =0x0 is NULL
R10=0x0 is NULL
R11=0x346dc5d63886594b is an unknown value
R12=0x0 is NULL
R13=0x0 is NULL
R14=0x0000000100008ff8 is a pointer to class: 
java.lang.reflect.Constructor {0x0000000100009000}
R15=0x000001b9eb762400 points into unknown readable memory: 0x000001b9eb76b000 | 00 b0 76 eb b9 01 00 00


Registers:
RAX=0x000001b9eb74aa00, RBX=0x000001b9eb76f570, RCX=0x0000000000000014, RDX=0x0000000000000000
RSP=0x0000008d637ff900, RBP=0x0000000000000000, RSI=0x0000000100008fe8, RDI=0x0000000000002000
R8 =0x0000000000002000, R9 =0x0000000000000000, R10=0x0000000000000000, R11=0x346dc5d63886594b
R12=0x0000000000000000, R13=0x0000000000000000, R14=0x0000000100008ff8, R15=0x000001b9eb762400
RIP=0x00007ffc55790465, EFLAGS=0x0000000000010246

Top of Stack: (sp=0x0000008d637ff900)
0x0000008d637ff900:   0000000000000002 00007ffc5579055d
0x0000008d637ff910:   0000000083a20590 00007ffc557903f6
0x0000008d637ff920:   0000000083a20750 000001b9eb76f6b0
0x0000008d637ff930:   0000000000002000 00007ffc55790342
0x0000008d637ff940:   000001b9eb76f570 0000000100001a68
0x0000008d637ff950:   0000000100001a70 0000008d637ffae0
0x0000008d637ff960:   0000000083a20770 00007ffc55787c6d
0x0000008d637ff970:   0000000100008ba0 0000000083a20768
0x0000008d637ff980:   0000000000000003 0000000083a206d0
0x0000008d637ff990:   000001b9eb76ce01 000001b9eb762450
0x0000008d637ff9a0:   0000000083a20750 00007ffc55787811
0x0000008d637ff9b0:   0000000100008ba0 000000000000000b
0x0000008d637ff9c0:   0000008d637ffae0 0000000083a20590
0x0000008d637ff9d0:   000001b9eb76f570 00007ffc5579be0e
0x0000008d637ff9e0:   0000000083a20750 0000008d637ffaa0
0x0000008d637ff9f0:   0000008d637ffaa0 0000000000744081 

Instructions: (pc=0x00007ffc55790465)
0x00007ffc55790365:   c0 74 12 48 3b f8 72 16 48 3b bb a0 00 00 00 0f
0x00007ffc55790375:   82 9b 00 00 00 48 3b f9 0f 83 92 00 00 00 80 3d
0x00007ffc55790385:   17 6c 7e 00 00 74 15 8b 47 08 8b 0d c3 b3 79 00
0x00007ffc55790395:   48 d3 e0 48 03 05 b1 b3 79 00 eb 04 48 8b 47 08
0x00007ffc557903a5:   81 78 08 00 00 00 c0 72 35 48 8b 83 b0 00 00 00
0x00007ffc557903b5:   48 39 83 a8 00 00 00 73 10 48 8b 83 c8 00 00 00
0x00007ffc557903c5:   48 39 83 c0 00 00 00 72 47 48 8b cb e8 7a a6 00
0x00007ffc557903d5:   00 b0 01 48 8b 5c 24 38 48 83 c4 20 5f c3 48 8b
0x00007ffc557903e5:   4b 30 48 8d 54 24 30 48 89 7c 24 30 e8 fa 1b 00
0x00007ffc557903f5:   00 84 c0 75 1b 48 8b cb e8 0e 99 00 00 48 8b 4b
0x00007ffc55790405:   30 48 8d 54 24 30 48 89 7c 24 30 e8 db 1b 00 00
0x00007ffc55790415:   48 8b 5c 24 38 b0 01 48 83 c4 20 5f c3 cc cc cc
0x00007ffc55790425:   cc cc cc cc cc cc cc cc cc cc cc 48 89 6c 24 20
0x00007ffc55790435:   57 41 54 41 57 48 83 ec 20 48 8b 41 08 4c 8b f9
0x00007ffc55790445:   4d 8b d0 44 8b e2 49 8b e9 49 8b f8 8b 88 c0 02
0x00007ffc55790455:   00 00 48 8b 80 b0 02 00 00 49 d3 ea 4e 8b 14 d0
0x00007ffc55790465:   4d 3b 82 60 01 00 00 72 11 32 c0 48 8b 6c 24 58
0x00007ffc55790475:   48 83 c4 20 41 5f 41 5c 5f c3 49 8b 87 90 00 00
0x00007ffc55790485:   00 48 8b d7 48 89 5c 24 40 48 89 74 24 48 be 01
0x00007ffc55790495:   00 00 00 4c 89 74 24 50 48 2b 10 8b 48 10 48 8b
0x00007ffc557904a5:   40 18 48 c1 ea 03 48 d3 ea 48 8b ca 48 c1 e9 06
0x00007ffc557904b5:   48 8b 1c c8 4c 8d 34 c8 0f b6 ca 48 8b c3 80 e1
0x00007ffc557904c5:   3f 48 d3 e6 48 0b c6 48 3b c3 74 35 0f 1f 40 00
0x00007ffc557904d5:   66 66 66 0f 1f 84 00 00 00 00 00 4c 8b 0d e1 85
0x00007ffc557904e5:   79 00 4c 8b c3 49 8b d6 48 8b c8 41 ff d1 48 8b
0x00007ffc557904f5:   c8 48 3b c3 74 30 48 8b d8 48 0b c6 48 3b c3 75
0x00007ffc55790505:   da 40 32 f6 4c 8b 74 24 50 40 0f b6 c6 48 8b 74
0x00007ffc55790515:   24 48 48 8b 5c 24 40 48 8b 6c 24 58 48 83 c4 20
0x00007ffc55790525:   41 5f 41 5c 5f c3 40 b6 01 48 85 ed 75 2d 40 38
0x00007ffc55790535:   2d 67 6a 7e 00 74 15 8b 57 08 8b 0d 13 b2 79 00
0x00007ffc55790545:   48 d3 e2 48 03 15 01 b2 79 00 eb 04 48 8b 57 08
0x00007ffc55790555:   48 8b cf e8 43 83 ea ff 48 63 e8 49 8b 87 f0 02 


Stack slot to memory mapping:
stack at sp + 0 slots: 0x0000000000000002 is an unknown value
stack at sp + 1 slots: 0x00007ffc5579055d jvm.dll
stack at sp + 2 slots: 0x0000000083a20590 is an oop: org.codehaus.groovy.util.ReferenceType$SoftRef 
{0x0000000083a20590} - klass: 'org/codehaus/groovy/util/ReferenceType$SoftRef'
stack at sp + 3 slots: 0x00007ffc557903f6 jvm.dll
stack at sp + 4 slots: 0x0000000083a20750 is an oop: java.lang.reflect.Method 
{0x0000000083a20750} - klass: 'java/lang/reflect/Method'
stack at sp + 5 slots: 0x000001b9eb76f6b0 points into unknown readable memory: 0x00007ffc55db1ba0 | a0 1b db 55 fc 7f 00 00
stack at sp + 6 slots: 0x0000000000002000 is an unknown value
stack at sp + 7 slots: 0x00007ffc55790342 jvm.dll


---------------  P R O C E S S  ---------------

Threads class SMR info:
_java_thread_list=0x000001b98bbb5c10, length=95, elements={
0x000001b9eb720000, 0x000001b987348000, 0x000001b98734a000, 0x000001b987b9b800,
0x000001b987b9d000, 0x000001b987ba0800, 0x000001b987ba7800, 0x000001b987ba9800,
0x000001b987baa800, 0x000001b987cfd000, 0x000001b9896dc000, 0x000001b989ca7800,
0x000001b98a7b1000, 0x000001b989c3c000, 0x000001b989c37800, 0x000001b989c3d000,
0x000001b989c3e000, 0x000001b989c39000, 0x000001b989c3a800, 0x000001b98b446000,
0x000001b98b447000, 0x000001b98b448000, 0x000001b98b444000, 0x000001b98b443000,
0x000001b98d940000, 0x000001b98d941000, 0x000001b98b31f000, 0x000001b98b31c000,
0x000001b98b319800, 0x000001b98b31a000, 0x000001b98b320800, 0x000001b993ff8800,
0x000001b98d937000, 0x000001b98d935800, 0x000001b98d938000, 0x000001b98d939000,
0x000001b98d939800, 0x000001b98d93c000, 0x000001b98d93a800, 0x000001b98d93b800,
0x000001b98d936800, 0x000001b98d93d000, 0x000001b98d942000, 0x000001b98d93e800,
0x000001b98d93d800, 0x000001b98d942800, 0x000001b98a001000, 0x000001b98d93f800,
0x000001b98d943800, 0x000001b98d944800, 0x000001b993ff7000, 0x000001b993ffb000,
0x000001b993ff9800, 0x000001b993ff7800, 0x000001b993ffd800, 0x000001b993ffc000,
0x000001b993ffe800, 0x000001b993fff000, 0x000001b994000000, 0x000001b993ffa000,
0x000001b994003000, 0x000001b994001800, 0x000001b994000800, 0x000001b994004000,
0x000001b994002800, 0x000001b994005000, 0x000001b994005800, 0x000001b98b313000,
0x000001b98b317000, 0x000001b98b317800, 0x000001b98b313800, 0x000001b98b318800,
0x000001b98b314800, 0x000001b98b31b000, 0x000001b98b315800, 0x000001b98b320000,
0x000001b98b321800, 0x000001b98b31c800, 0x000001b98b31d800, 0x000001b98b449800,
0x000001b98b44a800, 0x000001b98b444800, 0x000001b98b44b000, 0x000001b98b445800,
0x000001b98b44e800, 0x000001b98b44f000, 0x000001b98b44c000, 0x000001b98b44d000,
0x000001b98b450000, 0x000001b98b451000, 0x000001b98b44d800, 0x000001b989c3a000,
0x000001b989c38000, 0x000001b989c3b800, 0x000001b98f107800
}

Java Threads: ( => current thread )
  0x000001b9eb720000 JavaThread "main" [_thread_blocked, id=11480, stack(0x0000008d63400000,0x0000008d63500000)]
  0x000001b987348000 JavaThread "Reference Handler" daemon [_thread_blocked, id=1144, stack(0x0000008d63b00000,0x0000008d63c00000)]
  0x000001b98734a000 JavaThread "Finalizer" daemon [_thread_blocked, id=6472, stack(0x0000008d63c00000,0x0000008d63d00000)]
  0x000001b987b9b800 JavaThread "Signal Dispatcher" daemon [_thread_blocked, id=6400, stack(0x0000008d63d00000,0x0000008d63e00000)]
  0x000001b987b9d000 JavaThread "Attach Listener" daemon [_thread_blocked, id=5936, stack(0x0000008d63e00000,0x0000008d63f00000)]
  0x000001b987ba0800 JavaThread "Service Thread" daemon [_thread_blocked, id=8864, stack(0x0000008d63f00000,0x0000008d64000000)]
  0x000001b987ba7800 JavaThread "C2 CompilerThread0" daemon [_thread_in_native, id=8904, stack(0x0000008d64000000,0x0000008d64100000)]
  0x000001b987ba9800 JavaThread "C1 CompilerThread0" daemon [_thread_blocked, id=1708, stack(0x0000008d64100000,0x0000008d64200000)]
  0x000001b987baa800 JavaThread "Sweeper thread" daemon [_thread_blocked, id=11356, stack(0x0000008d64200000,0x0000008d64300000)]
  0x000001b987cfd000 JavaThread "Common-Cleaner" daemon [_thread_blocked, id=3628, stack(0x0000008d64300000,0x0000008d64400000)]
  0x000001b9896dc000 JavaThread "Daemon health stats" [_thread_blocked, id=10072, stack(0x0000008d64900000,0x0000008d64a00000)]
  0x000001b989ca7800 JavaThread "Incoming local TCP Connector on port 50014" [_thread_in_native, id=6976, stack(0x0000008d64a00000,0x0000008d64b00000)]
  0x000001b98a7b1000 JavaThread "Daemon periodic checks" [_thread_blocked, id=11548, stack(0x0000008d64b00000,0x0000008d64c00000)]
  0x000001b989c3c000 JavaThread "Cache worker for journal cache (C:\Users\Administrator\.gradle\caches\journal-1)" [_thread_blocked, id=8636, stack(0x0000008d65300000,0x0000008d65400000)]
  0x000001b989c37800 JavaThread "File lock request listener" [_thread_in_native, id=7460, stack(0x0000008d65400000,0x0000008d65500000)]
  0x000001b989c3d000 JavaThread "Cache worker for file hash cache (C:\Users\Administrator\.gradle\caches\7.5\fileHashes)" [_thread_blocked, id=10164, stack(0x0000008d65500000,0x0000008d65600000)]
  0x000001b989c3e000 JavaThread "File watcher server" daemon [_thread_in_native, id=2456, stack(0x0000008d65600000,0x0000008d65700000)]
  0x000001b989c39000 JavaThread "File watcher consumer" daemon [_thread_blocked, id=10756, stack(0x0000008d65700000,0x0000008d65800000)]
  0x000001b989c3a800 JavaThread "Cache worker for file content cache (C:\Users\Administrator\.gradle\caches\7.5\fileContent)" [_thread_blocked, id=12216, stack(0x0000008d65a00000,0x0000008d65b00000)]
  0x000001b98b446000 JavaThread "Cache worker for execution history cache (C:\Users\Administrator\.gradle\caches\7.5\executionHistory)" [_thread_blocked, id=1456, stack(0x0000008d65d00000,0x0000008d65e00000)]
  0x000001b98b447000 JavaThread "jar transforms" [_thread_blocked, id=1460, stack(0x0000008d65e00000,0x0000008d65f00000)]
  0x000001b98b448000 JavaThread "jar transforms Thread 2" [_thread_blocked, id=4728, stack(0x0000008d65f00000,0x0000008d66000000)]
  0x000001b98b444000 JavaThread "jar transforms Thread 3" [_thread_blocked, id=7948, stack(0x0000008d66000000,0x0000008d66100000)]
  0x000001b98b443000 JavaThread "jar transforms Thread 4" [_thread_blocked, id=4684, stack(0x0000008d66100000,0x0000008d66200000)]
  0x000001b98d940000 JavaThread "Memory manager" [_thread_blocked, id=1116, stack(0x0000008d68d00000,0x0000008d68e00000)]
  0x000001b98d941000 JavaThread "pool-3-thread-1" [_thread_blocked, id=4632, stack(0x0000008d68e00000,0x0000008d68f00000)]
  0x000001b98b31f000 JavaThread "RMI Scheduler(0)" daemon [_thread_blocked, id=2016, stack(0x0000008d69f00000,0x0000008d6a000000)]
  0x000001b98b31c000 JavaThread "RMI GC Daemon" daemon [_thread_blocked, id=9968, stack(0x0000008d6a100000,0x0000008d6a200000)]
  0x000001b98b319800 JavaThread "RMI TCP Accept-0" daemon [_thread_in_native, id=1180, stack(0x0000008d6a200000,0x0000008d6a300000)]
  0x000001b98b31a000 JavaThread "RMI Reaper" [_thread_blocked, id=9428, stack(0x0000008d6a300000,0x0000008d6a400000)]
  0x000001b98b320800 JavaThread "Cache worker for Java compile cache (C:\Users\Administrator\.gradle\caches\7.5\javaCompile)" [_thread_blocked, id=7624, stack(0x0000008d63300000,0x0000008d63400000)]
  0x000001b993ff8800 JavaThread "ForkJoinPool.commonPool-worker-7" daemon [_thread_blocked, id=10824, stack(0x0000008d6aa00000,0x0000008d6ab00000)]
  0x000001b98d937000 JavaThread "RMI TCP Connection(idle)" daemon [_thread_blocked, id=11464, stack(0x0000008d64500000,0x0000008d64600000)]
  0x000001b98d935800 JavaThread "Daemon Thread 2" [_thread_blocked, id=1112, stack(0x0000008d63200000,0x0000008d63300000)]
  0x000001b98d938000 JavaThread "Handler for socket connection from /127.0.0.1:50014 to /127.0.0.1:51583" [_thread_in_native, id=5892, stack(0x0000008d64c00000,0x0000008d64d00000)]
  0x000001b98d939000 JavaThread "Cancel handler" [_thread_blocked, id=4192, stack(0x0000008d64d00000,0x0000008d64e00000)]
  0x000001b98d939800 JavaThread "Daemon worker Thread 2" [_thread_blocked, id=9280, stack(0x0000008d64e00000,0x0000008d64f00000)]
  0x000001b98d93c000 JavaThread "Asynchronous log dispatcher for DefaultDaemonConnection: socket connection from /127.0.0.1:50014 to /127.0.0.1:51583" [_thread_blocked, id=6324, stack(0x0000008d64f00000,0x0000008d65000000)]
  0x000001b98d93a800 JavaThread "Stdin handler" [_thread_blocked, id=5212, stack(0x0000008d65000000,0x0000008d65100000)]
  0x000001b98d93b800 JavaThread "Daemon client event forwarder" [_thread_in_native, id=964, stack(0x0000008d65100000,0x0000008d65200000)]
  0x000001b98d936800 JavaThread "Cache worker for checksums cache (P:\SocialMedia\.gradle\7.5\checksums)" [_thread_blocked, id=8684, stack(0x0000008d65200000,0x0000008d65300000)]
  0x000001b98d93d000 JavaThread "Cache worker for cache directory md-rule (C:\Users\Administrator\.gradle\caches\7.5\md-rule)" [_thread_blocked, id=1688, stack(0x0000008d65800000,0x0000008d65900000)]
  0x000001b98d942000 JavaThread "Cache worker for file hash cache (P:\SocialMedia\.gradle\7.5\fileHashes)" [_thread_blocked, id=7896, stack(0x0000008d65900000,0x0000008d65a00000)]
  0x000001b98d93e800 JavaThread "Cache worker for cache directory md-supplier (C:\Users\Administrator\.gradle\caches\7.5\md-supplier)" [_thread_blocked, id=3408, stack(0x0000008d65b00000,0x0000008d65c00000)]
  0x000001b98d93d800 JavaThread "Cache worker for dependencies-accessors (P:\SocialMedia\.gradle\7.5\dependencies-accessors)" [_thread_blocked, id=11804, stack(0x0000008d65c00000,0x0000008d65d00000)]
  0x000001b98d942800 JavaThread "Cache worker for Build Output Cleanup Cache (P:\SocialMedia\.gradle\buildOutputCleanup)" [_thread_blocked, id=10676, stack(0x0000008d66200000,0x0000008d66300000)]
  0x000001b98a001000 JavaThread "C2 CompilerThread1" daemon [_thread_in_native, id=2400, stack(0x0000008d66300000,0x0000008d66400000)]
  0x000001b98d93f800 JavaThread "Unconstrained build operations" [_thread_blocked, id=2212, stack(0x0000008d66400000,0x0000008d66500000)]
  0x000001b98d943800 JavaThread "Unconstrained build operations Thread 2" [_thread_blocked, id=7784, stack(0x0000008d66500000,0x0000008d66600000)]
  0x000001b98d944800 JavaThread "Unconstrained build operations Thread 3" [_thread_blocked, id=1752, stack(0x0000008d66600000,0x0000008d66700000)]
  0x000001b993ff7000 JavaThread "Unconstrained build operations Thread 4" [_thread_blocked, id=8640, stack(0x0000008d66700000,0x0000008d66800000)]
  0x000001b993ffb000 JavaThread "Unconstrained build operations Thread 5" [_thread_blocked, id=5780, stack(0x0000008d66800000,0x0000008d66900000)]
  0x000001b993ff9800 JavaThread "Unconstrained build operations Thread 6" [_thread_blocked, id=12240, stack(0x0000008d66900000,0x0000008d66a00000)]
  0x000001b993ff7800 JavaThread "Unconstrained build operations Thread 7" [_thread_blocked, id=7144, stack(0x0000008d66a00000,0x0000008d66b00000)]
  0x000001b993ffd800 JavaThread "Unconstrained build operations Thread 8" [_thread_blocked, id=5820, stack(0x0000008d66b00000,0x0000008d66c00000)]
  0x000001b993ffc000 JavaThread "Unconstrained build operations Thread 9" [_thread_blocked, id=10776, stack(0x0000008d66c00000,0x0000008d66d00000)]
  0x000001b993ffe800 JavaThread "Unconstrained build operations Thread 10" [_thread_blocked, id=11136, stack(0x0000008d66d00000,0x0000008d66e00000)]
  0x000001b993fff000 JavaThread "Unconstrained build operations Thread 11" [_thread_blocked, id=6072, stack(0x0000008d66e00000,0x0000008d66f00000)]
  0x000001b994000000 JavaThread "Unconstrained build operations Thread 12" [_thread_blocked, id=7732, stack(0x0000008d66f00000,0x0000008d67000000)]
  0x000001b993ffa000 JavaThread "Unconstrained build operations Thread 13" [_thread_blocked, id=7876, stack(0x0000008d67000000,0x0000008d67100000)]
  0x000001b994003000 JavaThread "Unconstrained build operations Thread 14" [_thread_blocked, id=1728, stack(0x0000008d67100000,0x0000008d67200000)]
  0x000001b994001800 JavaThread "Unconstrained build operations Thread 15" [_thread_blocked, id=6932, stack(0x0000008d67200000,0x0000008d67300000)]
  0x000001b994000800 JavaThread "Unconstrained build operations Thread 16" [_thread_blocked, id=11648, stack(0x0000008d67300000,0x0000008d67400000)]
  0x000001b994004000 JavaThread "Unconstrained build operations Thread 17" [_thread_blocked, id=12236, stack(0x0000008d67400000,0x0000008d67500000)]
  0x000001b994002800 JavaThread "Unconstrained build operations Thread 18" [_thread_blocked, id=7112, stack(0x0000008d67500000,0x0000008d67600000)]
  0x000001b994005000 JavaThread "Unconstrained build operations Thread 19" [_thread_blocked, id=4300, stack(0x0000008d67600000,0x0000008d67700000)]
  0x000001b994005800 JavaThread "Unconstrained build operations Thread 20" [_thread_blocked, id=12220, stack(0x0000008d67700000,0x0000008d67800000)]
  0x000001b98b313000 JavaThread "Unconstrained build operations Thread 21" [_thread_blocked, id=5496, stack(0x0000008d67800000,0x0000008d67900000)]
  0x000001b98b317000 JavaThread "Unconstrained build operations Thread 22" [_thread_blocked, id=1900, stack(0x0000008d67900000,0x0000008d67a00000)]
  0x000001b98b317800 JavaThread "Unconstrained build operations Thread 23" [_thread_blocked, id=7492, stack(0x0000008d67a00000,0x0000008d67b00000)]
  0x000001b98b313800 JavaThread "Unconstrained build operations Thread 24" [_thread_blocked, id=11428, stack(0x0000008d67b00000,0x0000008d67c00000)]
  0x000001b98b318800 JavaThread "Unconstrained build operations Thread 25" [_thread_blocked, id=11592, stack(0x0000008d67c00000,0x0000008d67d00000)]
  0x000001b98b314800 JavaThread "Unconstrained build operations Thread 26" [_thread_blocked, id=9352, stack(0x0000008d67d00000,0x0000008d67e00000)]
  0x000001b98b31b000 JavaThread "Unconstrained build operations Thread 27" [_thread_blocked, id=4324, stack(0x0000008d67e00000,0x0000008d67f00000)]
  0x000001b98b315800 JavaThread "Unconstrained build operations Thread 28" [_thread_blocked, id=1696, stack(0x0000008d67f00000,0x0000008d68000000)]
  0x000001b98b320000 JavaThread "Unconstrained build operations Thread 29" [_thread_blocked, id=11052, stack(0x0000008d68000000,0x0000008d68100000)]
  0x000001b98b321800 JavaThread "Unconstrained build operations Thread 30" [_thread_blocked, id=10848, stack(0x0000008d68100000,0x0000008d68200000)]
  0x000001b98b31c800 JavaThread "Unconstrained build operations Thread 31" [_thread_blocked, id=5264, stack(0x0000008d68200000,0x0000008d68300000)]
  0x000001b98b31d800 JavaThread "Unconstrained build operations Thread 32" [_thread_blocked, id=9964, stack(0x0000008d68300000,0x0000008d68400000)]
  0x000001b98b449800 JavaThread "Unconstrained build operations Thread 33" [_thread_blocked, id=4700, stack(0x0000008d68400000,0x0000008d68500000)]
  0x000001b98b44a800 JavaThread "Unconstrained build operations Thread 34" [_thread_blocked, id=6280, stack(0x0000008d68500000,0x0000008d68600000)]
  0x000001b98b444800 JavaThread "Unconstrained build operations Thread 35" [_thread_blocked, id=9512, stack(0x0000008d68600000,0x0000008d68700000)]
  0x000001b98b44b000 JavaThread "Unconstrained build operations Thread 36" [_thread_blocked, id=11820, stack(0x0000008d68700000,0x0000008d68800000)]
  0x000001b98b445800 JavaThread "Unconstrained build operations Thread 37" [_thread_blocked, id=11656, stack(0x0000008d68800000,0x0000008d68900000)]
  0x000001b98b44e800 JavaThread "Unconstrained build operations Thread 38" [_thread_blocked, id=3796, stack(0x0000008d68900000,0x0000008d68a00000)]
  0x000001b98b44f000 JavaThread "Unconstrained build operations Thread 39" [_thread_blocked, id=11688, stack(0x0000008d68a00000,0x0000008d68b00000)]
  0x000001b98b44c000 JavaThread "Unconstrained build operations Thread 40" [_thread_blocked, id=11292, stack(0x0000008d68b00000,0x0000008d68c00000)]
  0x000001b98b44d000 JavaThread "build event listener" [_thread_blocked, id=9524, stack(0x0000008d68c00000,0x0000008d68d00000)]
  0x000001b98b450000 JavaThread "pool-8-thread-1" [_thread_blocked, id=1268, stack(0x0000008d68f00000,0x0000008d69000000)]
  0x000001b98b451000 JavaThread "build event listener" [_thread_blocked, id=8092, stack(0x0000008d69000000,0x0000008d69100000)]
  0x000001b98b44d800 JavaThread "included builds" [_thread_in_native, id=3040, stack(0x0000008d69100000,0x0000008d69200000)]
  0x000001b989c3a000 JavaThread "Execution worker" [_thread_blocked, id=2272, stack(0x0000008d69200000,0x0000008d69300000)]
  0x000001b989c38000 JavaThread "Execution worker Thread 2" [_thread_blocked, id=6760, stack(0x0000008d69300000,0x0000008d69400000)]
  0x000001b989c3b800 JavaThread "Execution worker Thread 3" [_thread_blocked, id=2584, stack(0x0000008d69400000,0x0000008d69500000)]
  0x000001b98f107800 JavaThread "Cache worker for execution history cache (P:\SocialMedia\.gradle\7.5\executionHistory)" [_thread_blocked, id=10984, stack(0x0000008d69700000,0x0000008d69800000)]

Other Threads:
  0x000001b987332800 VMThread "VM Thread" [stack: 0x0000008d63a00000,0x0000008d63b00000] [id=8784]
  0x000001b987d2b800 WatcherThread [stack: 0x0000008d64400000,0x0000008d64500000] [id=10136]
  0x000001b9eb73b800 GCTaskThread "GC Thread#0" [stack: 0x0000008d63500000,0x0000008d63600000] [id=10476]
  0x000001b98883e800 GCTaskThread "GC Thread#1" [stack: 0x0000008d64600000,0x0000008d64700000] [id=7260]
  0x000001b988202800 GCTaskThread "GC Thread#2" [stack: 0x0000008d64700000,0x0000008d64800000] [id=4488]
  0x000001b9888d8800 GCTaskThread "GC Thread#3" [stack: 0x0000008d64800000,0x0000008d64900000] [id=6768]
  0x000001b9eb76b000 ConcurrentGCThread "G1 Main Marker" [stack: 0x0000008d63600000,0x0000008d63700000] [id=12032]
=>0x000001b9eb76c800 ConcurrentGCThread "G1 Conc#0" [stack: 0x0000008d63700000,0x0000008d63800000] [id=1676]
  0x000001b987184800 ConcurrentGCThread "G1 Refine#0" [stack: 0x0000008d63800000,0x0000008d63900000] [id=1320]
  0x000001b98edae800 ConcurrentGCThread "G1 Refine#1" [stack: 0x0000008d69500000,0x0000008d69600000] [id=11156]
  0x000001b98f412800 ConcurrentGCThread "G1 Refine#2" [stack: 0x0000008d69600000,0x0000008d69700000] [id=5932]
  0x000001b9eb7fe000 ConcurrentGCThread "G1 Young RemSet Sampling" [stack: 0x0000008d63900000,0x0000008d63a00000] [id=10568]

Threads with active compile tasks:
C2 CompilerThread0  1010450 23389       4       org.gradle.internal.component.model.ComponentAttributeMatcher::match (259 bytes)
C2 CompilerThread1  1010450 23366       4       org.gradle.api.internal.artifacts.transform.TransformationStep::createInvocation (92 bytes)

VM state:not at safepoint (normal execution)

VM Mutex/Monitor currently owned by a thread: None

Heap address: 0x0000000080000000, size: 2048 MB, Compressed Oops mode: 32-bit
Narrow klass base: 0x0000000000000000, Narrow klass shift: 3
Compressed class space size: 1073741824 Address: 0x0000000100000000

Heap:
 garbage-first heap   total 249856K, used 170361K [0x0000000080000000, 0x0000000100000000)
  region size 1024K, 12 young (12288K), 6 survivors (6144K)
 Metaspace       used 147323K, capacity 151705K, committed 152368K, reserved 1181696K
  class space    used 18400K, capacity 20158K, committed 20396K, reserved 1048576K
Heap Regions: E=young(eden), S=young(survivor), O=old, HS=humongous(starts), HC=humongous(continues), CS=collection set, F=free, A=archive, TAMS=top-at-mark-start (previous, next)
|   0|0x0000000080000000, 0x0000000080100000, 0x0000000080100000|100%|HS|  |TAMS 0x0000000080100000, 0x0000000080100000| Complete 
|   1|0x0000000080100000, 0x0000000080200000, 0x0000000080200000|100%|HC|  |TAMS 0x0000000080200000, 0x0000000080200000| Complete 
|   2|0x0000000080200000, 0x0000000080300000, 0x0000000080300000|100%|HC|  |TAMS 0x0000000080300000, 0x0000000080300000| Complete 
|   3|0x0000000080300000, 0x0000000080400000, 0x0000000080400000|100%| O|  |TAMS 0x0000000080400000, 0x0000000080400000| Untracked 
|   4|0x0000000080400000, 0x0000000080500000, 0x0000000080500000|100%| O|  |TAMS 0x0000000080500000, 0x0000000080500000| Untracked 
|   5|0x0000000080500000, 0x0000000080600000, 0x0000000080600000|100%| O|  |TAMS 0x0000000080600000, 0x0000000080600000| Untracked 
|   6|0x0000000080600000, 0x0000000080700000, 0x0000000080700000|100%| O|  |TAMS 0x0000000080700000, 0x0000000080700000| Untracked 
|   7|0x0000000080700000, 0x0000000080800000, 0x0000000080800000|100%| O|  |TAMS 0x0000000080800000, 0x0000000080800000| Untracked 
|   8|0x0000000080800000, 0x0000000080900000, 0x0000000080900000|100%| O|  |TAMS 0x0000000080900000, 0x0000000080900000| Untracked 
|   9|0x0000000080900000, 0x0000000080a00000, 0x0000000080a00000|100%| O|  |TAMS 0x0000000080a00000, 0x0000000080a00000| Untracked 
|  10|0x0000000080a00000, 0x0000000080b00000, 0x0000000080b00000|100%| O|  |TAMS 0x0000000080b00000, 0x0000000080b00000| Untracked 
|  11|0x0000000080b00000, 0x0000000080c00000, 0x0000000080c00000|100%| O|  |TAMS 0x0000000080c00000, 0x0000000080c00000| Untracked 
|  12|0x0000000080c00000, 0x0000000080d00000, 0x0000000080d00000|100%| O|  |TAMS 0x0000000080d00000, 0x0000000080d00000| Untracked 
|  13|0x0000000080d00000, 0x0000000080e00000, 0x0000000080e00000|100%| O|  |TAMS 0x0000000080e00000, 0x0000000080e00000| Untracked 
|  14|0x0000000080e00000, 0x0000000080f00000, 0x0000000080f00000|100%| O|  |TAMS 0x0000000080f00000, 0x0000000080f00000| Untracked 
|  15|0x0000000080f00000, 0x0000000081000000, 0x0000000081000000|100%| O|  |TAMS 0x0000000081000000, 0x0000000081000000| Untracked 
|  16|0x0000000081000000, 0x0000000081100000, 0x0000000081100000|100%| O|  |TAMS 0x0000000081100000, 0x0000000081100000| Untracked 
|  17|0x0000000081100000, 0x0000000081200000, 0x0000000081200000|100%|HS|  |TAMS 0x0000000081200000, 0x0000000081200000| Complete 
|  18|0x0000000081200000, 0x0000000081300000, 0x0000000081300000|100%| O|  |TAMS 0x0000000081300000, 0x0000000081300000| Untracked 
|  19|0x0000000081300000, 0x0000000081400000, 0x0000000081400000|100%| O|  |TAMS 0x0000000081400000, 0x0000000081400000| Untracked 
|  20|0x0000000081400000, 0x0000000081500000, 0x0000000081500000|100%| O|  |TAMS 0x0000000081500000, 0x0000000081500000| Untracked 
|  21|0x0000000081500000, 0x0000000081600000, 0x0000000081600000|100%| O|  |TAMS 0x0000000081600000, 0x0000000081600000| Untracked 
|  22|0x0000000081600000, 0x0000000081700000, 0x0000000081700000|100%| O|  |TAMS 0x0000000081700000, 0x0000000081700000| Untracked 
|  23|0x0000000081700000, 0x0000000081800000, 0x0000000081800000|100%|HS|  |TAMS 0x0000000081800000, 0x0000000081800000| Complete 
|  24|0x0000000081800000, 0x0000000081900000, 0x0000000081900000|100%|HC|  |TAMS 0x0000000081900000, 0x0000000081900000| Complete 
|  25|0x0000000081900000, 0x0000000081a00000, 0x0000000081a00000|100%|HS|  |TAMS 0x0000000081a00000, 0x0000000081a00000| Complete 
|  26|0x0000000081a00000, 0x0000000081b00000, 0x0000000081b00000|100%|HS|  |TAMS 0x0000000081b00000, 0x0000000081b00000| Complete 
|  27|0x0000000081b00000, 0x0000000081c00000, 0x0000000081c00000|100%|HC|  |TAMS 0x0000000081c00000, 0x0000000081c00000| Complete 
|  28|0x0000000081c00000, 0x0000000081d00000, 0x0000000081d00000|100%|HC|  |TAMS 0x0000000081d00000, 0x0000000081d00000| Complete 
|  29|0x0000000081d00000, 0x0000000081e00000, 0x0000000081e00000|100%|HC|  |TAMS 0x0000000081e00000, 0x0000000081e00000| Complete 
|  30|0x0000000081e00000, 0x0000000081f00000, 0x0000000081f00000|100%| O|  |TAMS 0x0000000081f00000, 0x0000000081f00000| Untracked 
|  31|0x0000000081f00000, 0x0000000082000000, 0x0000000082000000|100%| O|  |TAMS 0x0000000082000000, 0x0000000082000000| Untracked 
|  32|0x0000000082000000, 0x0000000082100000, 0x0000000082100000|100%| O|  |TAMS 0x0000000082100000, 0x0000000082100000| Untracked 
|  33|0x0000000082100000, 0x0000000082200000, 0x0000000082200000|100%| O|  |TAMS 0x0000000082200000, 0x0000000082200000| Untracked 
|  34|0x0000000082200000, 0x0000000082300000, 0x0000000082300000|100%| O|  |TAMS 0x0000000082300000, 0x0000000082300000| Untracked 
|  35|0x0000000082300000, 0x0000000082400000, 0x0000000082400000|100%| O|  |TAMS 0x0000000082400000, 0x0000000082400000| Untracked 
|  36|0x0000000082400000, 0x0000000082500000, 0x0000000082500000|100%| O|  |TAMS 0x0000000082500000, 0x0000000082500000| Untracked 
|  37|0x0000000082500000, 0x0000000082600000, 0x0000000082600000|100%| O|  |TAMS 0x0000000082600000, 0x0000000082600000| Untracked 
|  38|0x0000000082600000, 0x0000000082700000, 0x0000000082700000|100%| O|  |TAMS 0x0000000082700000, 0x0000000082700000| Untracked 
|  39|0x0000000082700000, 0x0000000082800000, 0x0000000082800000|100%| O|  |TAMS 0x0000000082800000, 0x0000000082800000| Untracked 
|  40|0x0000000082800000, 0x0000000082900000, 0x0000000082900000|100%| O|  |TAMS 0x0000000082900000, 0x0000000082900000| Untracked 
|  41|0x0000000082900000, 0x0000000082a00000, 0x0000000082a00000|100%| O|  |TAMS 0x0000000082a00000, 0x0000000082a00000| Untracked 
|  42|0x0000000082a00000, 0x0000000082b00000, 0x0000000082b00000|100%| O|  |TAMS 0x0000000082b00000, 0x0000000082b00000| Untracked 
|  43|0x0000000082b00000, 0x0000000082c00000, 0x0000000082c00000|100%| O|  |TAMS 0x0000000082c00000, 0x0000000082c00000| Untracked 
|  44|0x0000000082c00000, 0x0000000082d00000, 0x0000000082d00000|100%| O|  |TAMS 0x0000000082d00000, 0x0000000082d00000| Untracked 
|  45|0x0000000082d00000, 0x0000000082e00000, 0x0000000082e00000|100%| O|  |TAMS 0x0000000082e00000, 0x0000000082e00000| Untracked 
|  46|0x0000000082e00000, 0x0000000082f00000, 0x0000000082f00000|100%| O|  |TAMS 0x0000000082f00000, 0x0000000082f00000| Untracked 
|  47|0x0000000082f00000, 0x0000000083000000, 0x0000000083000000|100%| O|  |TAMS 0x0000000083000000, 0x0000000083000000| Untracked 
|  48|0x0000000083000000, 0x0000000083100000, 0x0000000083100000|100%| O|  |TAMS 0x0000000083100000, 0x0000000083100000| Untracked 
|  49|0x0000000083100000, 0x0000000083200000, 0x0000000083200000|100%| O|  |TAMS 0x0000000083200000, 0x0000000083200000| Untracked 
|  50|0x0000000083200000, 0x0000000083300000, 0x0000000083300000|100%| O|  |TAMS 0x0000000083300000, 0x0000000083300000| Untracked 
|  51|0x0000000083300000, 0x0000000083400000, 0x0000000083400000|100%| O|  |TAMS 0x0000000083400000, 0x0000000083400000| Untracked 
|  52|0x0000000083400000, 0x0000000083500000, 0x0000000083500000|100%| O|  |TAMS 0x0000000083500000, 0x0000000083500000| Untracked 
|  53|0x0000000083500000, 0x0000000083600000, 0x0000000083600000|100%| O|  |TAMS 0x0000000083600000, 0x0000000083600000| Untracked 
|  54|0x0000000083600000, 0x0000000083700000, 0x0000000083700000|100%| O|  |TAMS 0x0000000083700000, 0x0000000083700000| Untracked 
|  55|0x0000000083700000, 0x0000000083800000, 0x0000000083800000|100%| O|  |TAMS 0x0000000083800000, 0x0000000083800000| Untracked 
|  56|0x0000000083800000, 0x0000000083900000, 0x0000000083900000|100%| O|  |TAMS 0x0000000083900000, 0x0000000083900000| Untracked 
|  57|0x0000000083900000, 0x0000000083a00000, 0x0000000083a00000|100%| O|  |TAMS 0x0000000083a00000, 0x0000000083a00000| Untracked 
|  58|0x0000000083a00000, 0x0000000083b00000, 0x0000000083b00000|100%| O|  |TAMS 0x0000000083b00000, 0x0000000083b00000| Untracked 
|  59|0x0000000083b00000, 0x0000000083c00000, 0x0000000083c00000|100%| O|  |TAMS 0x0000000083c00000, 0x0000000083c00000| Untracked 
|  60|0x0000000083c00000, 0x0000000083d00000, 0x0000000083d00000|100%| O|  |TAMS 0x0000000083d00000, 0x0000000083d00000| Untracked 
|  61|0x0000000083d00000, 0x0000000083e00000, 0x0000000083e00000|100%| O|  |TAMS 0x0000000083e00000, 0x0000000083e00000| Untracked 
|  62|0x0000000083e00000, 0x0000000083f00000, 0x0000000083f00000|100%| O|  |TAMS 0x0000000083f00000, 0x0000000083f00000| Untracked 
|  63|0x0000000083f00000, 0x0000000084000000, 0x0000000084000000|100%| O|  |TAMS 0x0000000084000000, 0x0000000084000000| Untracked 
|  64|0x0000000084000000, 0x0000000084100000, 0x0000000084100000|100%| O|  |TAMS 0x0000000084100000, 0x0000000084100000| Untracked 
|  65|0x0000000084100000, 0x0000000084200000, 0x0000000084200000|100%| O|  |TAMS 0x0000000084100000, 0x0000000084200000| Untracked 
|  66|0x0000000084200000, 0x0000000084300000, 0x0000000084300000|100%| O|  |TAMS 0x0000000084300000, 0x0000000084300000| Untracked 
|  67|0x0000000084300000, 0x0000000084400000, 0x0000000084400000|100%| O|  |TAMS 0x0000000084400000, 0x0000000084400000| Untracked 
|  68|0x0000000084400000, 0x0000000084500000, 0x0000000084500000|100%| O|  |TAMS 0x0000000084500000, 0x0000000084500000| Untracked 
|  69|0x0000000084500000, 0x0000000084600000, 0x0000000084600000|100%| O|  |TAMS 0x0000000084600000, 0x0000000084600000| Untracked 
|  70|0x0000000084600000, 0x0000000084700000, 0x0000000084700000|100%| O|  |TAMS 0x0000000084700000, 0x0000000084700000| Untracked 
|  71|0x0000000084700000, 0x0000000084800000, 0x0000000084800000|100%| O|  |TAMS 0x0000000084800000, 0x0000000084800000| Untracked 
|  72|0x0000000084800000, 0x0000000084900000, 0x0000000084900000|100%| O|  |TAMS 0x0000000084900000, 0x0000000084900000| Untracked 
|  73|0x0000000084900000, 0x0000000084a00000, 0x0000000084a00000|100%| O|  |TAMS 0x0000000084a00000, 0x0000000084a00000| Untracked 
|  74|0x0000000084a00000, 0x0000000084b00000, 0x0000000084b00000|100%| O|  |TAMS 0x0000000084b00000, 0x0000000084b00000| Untracked 
|  75|0x0000000084b00000, 0x0000000084c00000, 0x0000000084c00000|100%| O|  |TAMS 0x0000000084c00000, 0x0000000084c00000| Untracked 
|  76|0x0000000084c00000, 0x0000000084d00000, 0x0000000084d00000|100%| O|  |TAMS 0x0000000084d00000, 0x0000000084d00000| Untracked 
|  77|0x0000000084d00000, 0x0000000084e00000, 0x0000000084e00000|100%| O|  |TAMS 0x0000000084e00000, 0x0000000084e00000| Untracked 
|  78|0x0000000084e00000, 0x0000000084f00000, 0x0000000084f00000|100%| O|  |TAMS 0x0000000084f00000, 0x0000000084f00000| Untracked 
|  79|0x0000000084f00000, 0x0000000085000000, 0x0000000085000000|100%| O|  |TAMS 0x0000000085000000, 0x0000000085000000| Untracked 
|  80|0x0000000085000000, 0x0000000085100000, 0x0000000085100000|100%| O|  |TAMS 0x0000000085100000, 0x0000000085100000| Untracked 
|  81|0x0000000085100000, 0x0000000085200000, 0x0000000085200000|100%| O|  |TAMS 0x0000000085200000, 0x0000000085200000| Untracked 
|  82|0x0000000085200000, 0x0000000085300000, 0x0000000085300000|100%| O|  |TAMS 0x0000000085300000, 0x0000000085300000| Untracked 
|  83|0x0000000085300000, 0x0000000085400000, 0x0000000085400000|100%| O|  |TAMS 0x0000000085400000, 0x0000000085400000| Untracked 
|  84|0x0000000085400000, 0x0000000085500000, 0x0000000085500000|100%| O|  |TAMS 0x0000000085500000, 0x0000000085500000| Untracked 
|  85|0x0000000085500000, 0x0000000085600000, 0x0000000085600000|100%| O|  |TAMS 0x0000000085600000, 0x0000000085600000| Untracked 
|  86|0x0000000085600000, 0x0000000085700000, 0x0000000085700000|100%| O|  |TAMS 0x0000000085700000, 0x0000000085700000| Untracked 
|  87|0x0000000085700000, 0x0000000085800000, 0x0000000085800000|100%| O|  |TAMS 0x0000000085800000, 0x0000000085800000| Untracked 
|  88|0x0000000085800000, 0x0000000085900000, 0x0000000085900000|100%| O|  |TAMS 0x0000000085900000, 0x0000000085900000| Untracked 
|  89|0x0000000085900000, 0x0000000085a00000, 0x0000000085a00000|100%| O|  |TAMS 0x0000000085a00000, 0x0000000085a00000| Untracked 
|  90|0x0000000085a00000, 0x0000000085b00000, 0x0000000085b00000|100%| O|  |TAMS 0x0000000085b00000, 0x0000000085b00000| Untracked 
|  91|0x0000000085b00000, 0x0000000085c00000, 0x0000000085c00000|100%| O|  |TAMS 0x0000000085c00000, 0x0000000085c00000| Untracked 
|  92|0x0000000085c00000, 0x0000000085d00000, 0x0000000085d00000|100%| O|  |TAMS 0x0000000085c00000, 0x0000000085d00000| Untracked 
|  93|0x0000000085d00000, 0x0000000085e00000, 0x0000000085e00000|100%| O|  |TAMS 0x0000000085e00000, 0x0000000085e00000| Untracked 
|  94|0x0000000085e00000, 0x0000000085f00000, 0x0000000085f00000|100%| O|  |TAMS 0x0000000085f00000, 0x0000000085f00000| Untracked 
|  95|0x0000000085f00000, 0x0000000086000000, 0x0000000086000000|100%| O|  |TAMS 0x0000000086000000, 0x0000000086000000| Untracked 
|  96|0x0000000086000000, 0x0000000086100000, 0x0000000086100000|100%| O|  |TAMS 0x0000000086100000, 0x0000000086100000| Untracked 
|  97|0x0000000086100000, 0x0000000086200000, 0x0000000086200000|100%| O|  |TAMS 0x0000000086200000, 0x0000000086200000| Untracked 
|  98|0x0000000086200000, 0x0000000086300000, 0x0000000086300000|100%| O|  |TAMS 0x0000000086300000, 0x0000000086300000| Untracked 
|  99|0x0000000086300000, 0x0000000086400000, 0x0000000086400000|100%| O|  |TAMS 0x0000000086400000, 0x0000000086400000| Untracked 
| 100|0x0000000086400000, 0x0000000086500000, 0x0000000086500000|100%| O|  |TAMS 0x0000000086400000, 0x0000000086500000| Untracked 
| 101|0x0000000086500000, 0x0000000086600000, 0x0000000086600000|100%| O|  |TAMS 0x0000000086600000, 0x0000000086600000| Untracked 
| 102|0x0000000086600000, 0x0000000086700000, 0x0000000086700000|100%| O|  |TAMS 0x0000000086700000, 0x0000000086700000| Untracked 
| 103|0x0000000086700000, 0x0000000086800000, 0x0000000086800000|100%| O|  |TAMS 0x0000000086800000, 0x0000000086800000| Untracked 
| 104|0x0000000086800000, 0x0000000086900000, 0x0000000086900000|100%| O|  |TAMS 0x0000000086900000, 0x0000000086900000| Untracked 
| 105|0x0000000086900000, 0x0000000086a00000, 0x0000000086a00000|100%| O|  |TAMS 0x0000000086a00000, 0x0000000086a00000| Untracked 
| 106|0x0000000086a00000, 0x0000000086b00000, 0x0000000086b00000|100%| O|  |TAMS 0x0000000086b00000, 0x0000000086b00000| Untracked 
| 107|0x0000000086b00000, 0x0000000086c00000, 0x0000000086c00000|100%| O|  |TAMS 0x0000000086c00000, 0x0000000086c00000| Untracked 
| 108|0x0000000086c00000, 0x0000000086d00000, 0x0000000086d00000|100%| O|  |TAMS 0x0000000086d00000, 0x0000000086d00000| Untracked 
| 109|0x0000000086d00000, 0x0000000086e00000, 0x0000000086e00000|100%| O|  |TAMS 0x0000000086e00000, 0x0000000086e00000| Untracked 
| 110|0x0000000086e00000, 0x0000000086f00000, 0x0000000086f00000|100%| O|  |TAMS 0x0000000086f00000, 0x0000000086f00000| Untracked 
| 111|0x0000000086f00000, 0x0000000087000000, 0x0000000087000000|100%| O|  |TAMS 0x0000000087000000, 0x0000000087000000| Untracked 
| 112|0x0000000087000000, 0x0000000087100000, 0x0000000087100000|100%| O|  |TAMS 0x0000000087100000, 0x0000000087100000| Untracked 
| 113|0x0000000087100000, 0x0000000087200000, 0x0000000087200000|100%| O|  |TAMS 0x0000000087200000, 0x0000000087200000| Untracked 
| 114|0x0000000087200000, 0x0000000087300000, 0x0000000087300000|100%| O|  |TAMS 0x0000000087300000, 0x0000000087300000| Untracked 
| 115|0x0000000087300000, 0x0000000087400000, 0x0000000087400000|100%| O|  |TAMS 0x0000000087400000, 0x0000000087400000| Untracked 
| 116|0x0000000087400000, 0x0000000087500000, 0x0000000087500000|100%| O|  |TAMS 0x0000000087500000, 0x0000000087500000| Untracked 
| 117|0x0000000087500000, 0x0000000087600000, 0x0000000087600000|100%| O|  |TAMS 0x0000000087500000, 0x0000000087600000| Untracked 
| 118|0x0000000087600000, 0x0000000087700000, 0x0000000087700000|100%| O|  |TAMS 0x0000000087600000, 0x0000000087700000| Untracked 
| 119|0x0000000087700000, 0x0000000087800000, 0x0000000087800000|100%| O|  |TAMS 0x0000000087800000, 0x0000000087800000| Untracked 
| 120|0x0000000087800000, 0x0000000087900000, 0x0000000087900000|100%| O|  |TAMS 0x0000000087900000, 0x0000000087900000| Untracked 
| 121|0x0000000087900000, 0x0000000087a00000, 0x0000000087a00000|100%| O|  |TAMS 0x0000000087a00000, 0x0000000087a00000| Untracked 
| 122|0x0000000087a00000, 0x0000000087b00000, 0x0000000087b00000|100%| O|  |TAMS 0x0000000087b00000, 0x0000000087b00000| Untracked 
| 123|0x0000000087b00000, 0x0000000087c00000, 0x0000000087c00000|100%| O|  |TAMS 0x0000000087c00000, 0x0000000087c00000| Untracked 
| 124|0x0000000087c00000, 0x0000000087d00000, 0x0000000087d00000|100%| O|  |TAMS 0x0000000087d00000, 0x0000000087d00000| Untracked 
| 125|0x0000000087d00000, 0x0000000087e00000, 0x0000000087e00000|100%| O|  |TAMS 0x0000000087e00000, 0x0000000087e00000| Untracked 
| 126|0x0000000087e00000, 0x0000000087f00000, 0x0000000087f00000|100%| O|  |TAMS 0x0000000087f00000, 0x0000000087f00000| Untracked 
| 127|0x0000000087f00000, 0x0000000088000000, 0x0000000088000000|100%| O|  |TAMS 0x0000000088000000, 0x0000000088000000| Untracked 
| 128|0x0000000088000000, 0x0000000088100000, 0x0000000088100000|100%| O|  |TAMS 0x0000000088100000, 0x0000000088100000| Untracked 
| 129|0x0000000088100000, 0x0000000088200000, 0x0000000088200000|100%| O|  |TAMS 0x0000000088200000, 0x0000000088200000| Untracked 
| 130|0x0000000088200000, 0x0000000088300000, 0x0000000088300000|100%| O|  |TAMS 0x0000000088300000, 0x0000000088300000| Untracked 
| 131|0x0000000088300000, 0x0000000088400000, 0x0000000088400000|100%| O|  |TAMS 0x0000000088400000, 0x0000000088400000| Untracked 
| 132|0x0000000088400000, 0x0000000088500000, 0x0000000088500000|100%| O|  |TAMS 0x0000000088500000, 0x0000000088500000| Untracked 
| 133|0x0000000088500000, 0x0000000088600000, 0x0000000088600000|100%| O|  |TAMS 0x0000000088500000, 0x0000000088600000| Untracked 
| 134|0x0000000088600000, 0x0000000088700000, 0x0000000088700000|100%| O|  |TAMS 0x0000000088700000, 0x0000000088700000| Untracked 
| 135|0x0000000088700000, 0x0000000088800000, 0x0000000088800000|100%| O|  |TAMS 0x0000000088800000, 0x0000000088800000| Untracked 
| 136|0x0000000088800000, 0x0000000088900000, 0x0000000088900000|100%| O|  |TAMS 0x0000000088900000, 0x0000000088900000| Untracked 
| 137|0x0000000088900000, 0x0000000088a00000, 0x0000000088a00000|100%| O|  |TAMS 0x0000000088a00000, 0x0000000088a00000| Untracked 
| 138|0x0000000088a00000, 0x0000000088b00000, 0x0000000088b00000|100%| O|  |TAMS 0x0000000088b00000, 0x0000000088b00000| Untracked 
| 139|0x0000000088b00000, 0x0000000088c00000, 0x0000000088c00000|100%| O|  |TAMS 0x0000000088c00000, 0x0000000088c00000| Untracked 
| 140|0x0000000088c00000, 0x0000000088d00000, 0x0000000088d00000|100%| O|  |TAMS 0x0000000088d00000, 0x0000000088d00000| Untracked 
| 141|0x0000000088d00000, 0x0000000088e00000, 0x0000000088e00000|100%| O|  |TAMS 0x0000000088e00000, 0x0000000088e00000| Untracked 
| 142|0x0000000088e00000, 0x0000000088e5e600, 0x0000000088f00000| 36%| O|  |TAMS 0x0000000088e00000, 0x0000000088e5e600| Untracked 
| 143|0x0000000088f00000, 0x0000000089000000, 0x0000000089000000|100%| O|  |TAMS 0x0000000088f00000, 0x0000000089000000| Untracked 
| 144|0x0000000089000000, 0x0000000089000000, 0x0000000089100000|  0%| F|  |TAMS 0x0000000089000000, 0x0000000089000000| Untracked 
| 145|0x0000000089100000, 0x0000000089100000, 0x0000000089200000|  0%| F|  |TAMS 0x0000000089100000, 0x0000000089100000| Untracked 
| 146|0x0000000089200000, 0x0000000089300000, 0x0000000089300000|100%| O|  |TAMS 0x0000000089300000, 0x0000000089300000| Untracked 
| 147|0x0000000089300000, 0x0000000089300000, 0x0000000089400000|  0%| F|  |TAMS 0x0000000089300000, 0x0000000089300000| Untracked 
| 148|0x0000000089400000, 0x0000000089400000, 0x0000000089500000|  0%| F|  |TAMS 0x0000000089400000, 0x0000000089400000| Untracked 
| 149|0x0000000089500000, 0x0000000089500000, 0x0000000089600000|  0%| F|  |TAMS 0x0000000089500000, 0x0000000089500000| Untracked 
| 150|0x0000000089600000, 0x0000000089600000, 0x0000000089700000|  0%| F|  |TAMS 0x0000000089600000, 0x0000000089600000| Untracked 
| 151|0x0000000089700000, 0x0000000089800000, 0x0000000089800000|100%| O|  |TAMS 0x00000000897b6800, 0x0000000089800000| Untracked 
| 152|0x0000000089800000, 0x0000000089800000, 0x0000000089900000|  0%| F|  |TAMS 0x0000000089800000, 0x0000000089800000| Untracked 
| 153|0x0000000089900000, 0x0000000089900000, 0x0000000089a00000|  0%| F|  |TAMS 0x0000000089900000, 0x0000000089900000| Untracked 
| 154|0x0000000089a00000, 0x0000000089a00000, 0x0000000089b00000|  0%| F|  |TAMS 0x0000000089a00000, 0x0000000089a00000| Untracked 
| 155|0x0000000089b00000, 0x0000000089b00000, 0x0000000089c00000|  0%| F|  |TAMS 0x0000000089b00000, 0x0000000089b00000| Untracked 
| 156|0x0000000089c00000, 0x0000000089c00000, 0x0000000089d00000|  0%| F|  |TAMS 0x0000000089c00000, 0x0000000089c00000| Untracked 
| 157|0x0000000089d00000, 0x0000000089e00000, 0x0000000089e00000|100%| O|  |TAMS 0x0000000089e00000, 0x0000000089e00000| Untracked 
| 158|0x0000000089e00000, 0x0000000089e00000, 0x0000000089f00000|  0%| F|  |TAMS 0x0000000089e00000, 0x0000000089e00000| Untracked 
| 159|0x0000000089f00000, 0x0000000089f00000, 0x000000008a000000|  0%| F|  |TAMS 0x0000000089f00000, 0x0000000089f00000| Untracked 
| 160|0x000000008a000000, 0x000000008a000000, 0x000000008a100000|  0%| F|  |TAMS 0x000000008a000000, 0x000000008a000000| Untracked 
| 161|0x000000008a100000, 0x000000008a200000, 0x000000008a200000|100%| O|  |TAMS 0x000000008a200000, 0x000000008a200000| Untracked 
| 162|0x000000008a200000, 0x000000008a300000, 0x000000008a300000|100%| O|  |TAMS 0x000000008a300000, 0x000000008a300000| Untracked 
| 163|0x000000008a300000, 0x000000008a400000, 0x000000008a400000|100%| O|  |TAMS 0x000000008a400000, 0x000000008a400000| Untracked 
| 164|0x000000008a400000, 0x000000008a400000, 0x000000008a500000|  0%| F|  |TAMS 0x000000008a400000, 0x000000008a400000| Untracked 
| 165|0x000000008a500000, 0x000000008a600000, 0x000000008a600000|100%| O|  |TAMS 0x000000008a600000, 0x000000008a600000| Untracked 
| 166|0x000000008a600000, 0x000000008a700000, 0x000000008a700000|100%| O|  |TAMS 0x000000008a700000, 0x000000008a700000| Untracked 
| 167|0x000000008a700000, 0x000000008a700000, 0x000000008a800000|  0%| F|  |TAMS 0x000000008a700000, 0x000000008a700000| Untracked 
| 168|0x000000008a800000, 0x000000008a800000, 0x000000008a900000|  0%| F|  |TAMS 0x000000008a800000, 0x000000008a800000| Untracked 
| 169|0x000000008a900000, 0x000000008a900000, 0x000000008aa00000|  0%| F|  |TAMS 0x000000008a900000, 0x000000008a900000| Untracked 
| 170|0x000000008aa00000, 0x000000008ab00000, 0x000000008ab00000|100%| O|  |TAMS 0x000000008ab00000, 0x000000008ab00000| Untracked 
| 171|0x000000008ab00000, 0x000000008ac00000, 0x000000008ac00000|100%| O|  |TAMS 0x000000008ac00000, 0x000000008ac00000| Untracked 
| 172|0x000000008ac00000, 0x000000008ad00000, 0x000000008ad00000|100%| O|  |TAMS 0x000000008ad00000, 0x000000008ad00000| Untracked 
| 173|0x000000008ad00000, 0x000000008ad00000, 0x000000008ae00000|  0%| F|  |TAMS 0x000000008ad00000, 0x000000008ad00000| Untracked 
| 174|0x000000008ae00000, 0x000000008af00000, 0x000000008af00000|100%| O|  |TAMS 0x000000008af00000, 0x000000008af00000| Untracked 
| 175|0x000000008af00000, 0x000000008b000000, 0x000000008b000000|100%| O|  |TAMS 0x000000008b000000, 0x000000008b000000| Untracked 
| 176|0x000000008b000000, 0x000000008b000000, 0x000000008b100000|  0%| F|  |TAMS 0x000000008b000000, 0x000000008b000000| Untracked 
| 177|0x000000008b100000, 0x000000008b100000, 0x000000008b200000|  0%| F|  |TAMS 0x000000008b100000, 0x000000008b100000| Untracked 
| 178|0x000000008b200000, 0x000000008b200000, 0x000000008b300000|  0%| F|  |TAMS 0x000000008b200000, 0x000000008b200000| Untracked 
| 179|0x000000008b300000, 0x000000008b300000, 0x000000008b400000|  0%| F|  |TAMS 0x000000008b300000, 0x000000008b300000| Untracked 
| 180|0x000000008b400000, 0x000000008b400000, 0x000000008b500000|  0%| F|  |TAMS 0x000000008b400000, 0x000000008b400000| Untracked 
| 181|0x000000008b500000, 0x000000008b500000, 0x000000008b600000|  0%| F|  |TAMS 0x000000008b500000, 0x000000008b500000| Untracked 
| 182|0x000000008b600000, 0x000000008b600000, 0x000000008b700000|  0%| F|  |TAMS 0x000000008b600000, 0x000000008b600000| Untracked 
| 183|0x000000008b700000, 0x000000008b700000, 0x000000008b800000|  0%| F|  |TAMS 0x000000008b700000, 0x000000008b700000| Untracked 
| 184|0x000000008b800000, 0x000000008b800000, 0x000000008b900000|  0%| F|  |TAMS 0x000000008b800000, 0x000000008b800000| Untracked 
| 185|0x000000008b900000, 0x000000008b900000, 0x000000008ba00000|  0%| F|  |TAMS 0x000000008b900000, 0x000000008b900000| Untracked 
| 186|0x000000008ba00000, 0x000000008ba00000, 0x000000008bb00000|  0%| F|  |TAMS 0x000000008ba00000, 0x000000008ba00000| Untracked 
| 187|0x000000008bb00000, 0x000000008bb00000, 0x000000008bc00000|  0%| F|  |TAMS 0x000000008bb00000, 0x000000008bb00000| Untracked 
| 188|0x000000008bc00000, 0x000000008bc00000, 0x000000008bd00000|  0%| F|  |TAMS 0x000000008bc00000, 0x000000008bc00000| Untracked 
| 189|0x000000008bd00000, 0x000000008bd00000, 0x000000008be00000|  0%| F|  |TAMS 0x000000008bd00000, 0x000000008bd00000| Untracked 
| 190|0x000000008be00000, 0x000000008be00000, 0x000000008bf00000|  0%| F|  |TAMS 0x000000008be00000, 0x000000008be00000| Untracked 
| 191|0x000000008bf00000, 0x000000008bf00000, 0x000000008c000000|  0%| F|  |TAMS 0x000000008bf00000, 0x000000008bf00000| Untracked 
| 192|0x000000008c000000, 0x000000008c000000, 0x000000008c100000|  0%| F|  |TAMS 0x000000008c000000, 0x000000008c000000| Untracked 
| 193|0x000000008c100000, 0x000000008c200000, 0x000000008c200000|100%| S|CS|TAMS 0x000000008c100000, 0x000000008c100000| Complete 
| 194|0x000000008c200000, 0x000000008c300000, 0x000000008c300000|100%| S|CS|TAMS 0x000000008c200000, 0x000000008c200000| Complete 
| 195|0x000000008c300000, 0x000000008c400000, 0x000000008c400000|100%| S|CS|TAMS 0x000000008c300000, 0x000000008c300000| Complete 
| 196|0x000000008c400000, 0x000000008c500000, 0x000000008c500000|100%| S|CS|TAMS 0x000000008c400000, 0x000000008c400000| Complete 
| 197|0x000000008c500000, 0x000000008c600000, 0x000000008c600000|100%| S|CS|TAMS 0x000000008c500000, 0x000000008c500000| Complete 
| 198|0x000000008c600000, 0x000000008c600000, 0x000000008c700000|  0%| F|  |TAMS 0x000000008c600000, 0x000000008c600000| Untracked 
| 199|0x000000008c700000, 0x000000008c700000, 0x000000008c800000|  0%| F|  |TAMS 0x000000008c700000, 0x000000008c700000| Untracked 
| 200|0x000000008c800000, 0x000000008c800000, 0x000000008c900000|  0%| F|  |TAMS 0x000000008c800000, 0x000000008c800000| Untracked 
| 201|0x000000008c900000, 0x000000008c900000, 0x000000008ca00000|  0%| F|  |TAMS 0x000000008c900000, 0x000000008c900000| Untracked 
| 202|0x000000008ca00000, 0x000000008cb00000, 0x000000008cb00000|100%| S|CS|TAMS 0x000000008ca00000, 0x000000008ca00000| Complete 
| 203|0x000000008cb00000, 0x000000008cb00000, 0x000000008cc00000|  0%| F|  |TAMS 0x000000008cb00000, 0x000000008cb00000| Untracked 
| 204|0x000000008cc00000, 0x000000008cc00000, 0x000000008cd00000|  0%| F|  |TAMS 0x000000008cc00000, 0x000000008cc00000| Untracked 
| 205|0x000000008cd00000, 0x000000008cd00000, 0x000000008ce00000|  0%| F|  |TAMS 0x000000008cd00000, 0x000000008cd00000| Untracked 
| 206|0x000000008ce00000, 0x000000008ce00000, 0x000000008cf00000|  0%| F|  |TAMS 0x000000008ce00000, 0x000000008ce00000| Untracked 
| 207|0x000000008cf00000, 0x000000008cf00000, 0x000000008d000000|  0%| F|  |TAMS 0x000000008cf00000, 0x000000008cf00000| Untracked 
| 208|0x000000008d000000, 0x000000008d000000, 0x000000008d100000|  0%| F|  |TAMS 0x000000008d000000, 0x000000008d000000| Untracked 
| 209|0x000000008d100000, 0x000000008d100000, 0x000000008d200000|  0%| F|  |TAMS 0x000000008d100000, 0x000000008d100000| Untracked 
| 210|0x000000008d200000, 0x000000008d200000, 0x000000008d300000|  0%| F|  |TAMS 0x000000008d200000, 0x000000008d200000| Untracked 
| 211|0x000000008d300000, 0x000000008d300000, 0x000000008d400000|  0%| F|  |TAMS 0x000000008d300000, 0x000000008d300000| Untracked 
| 212|0x000000008d400000, 0x000000008d400000, 0x000000008d500000|  0%| F|  |TAMS 0x000000008d400000, 0x000000008d400000| Untracked 
| 213|0x000000008d500000, 0x000000008d500000, 0x000000008d600000|  0%| F|  |TAMS 0x000000008d500000, 0x000000008d500000| Untracked 
| 214|0x000000008d600000, 0x000000008d600000, 0x000000008d700000|  0%| F|  |TAMS 0x000000008d600000, 0x000000008d600000| Untracked 
| 215|0x000000008d700000, 0x000000008d700000, 0x000000008d800000|  0%| F|  |TAMS 0x000000008d700000, 0x000000008d700000| Untracked 
| 216|0x000000008d800000, 0x000000008d800000, 0x000000008d900000|  0%| F|  |TAMS 0x000000008d800000, 0x000000008d800000| Untracked 
| 217|0x000000008d900000, 0x000000008d900000, 0x000000008da00000|  0%| F|  |TAMS 0x000000008d900000, 0x000000008d900000| Untracked 
| 218|0x000000008da00000, 0x000000008da00000, 0x000000008db00000|  0%| F|  |TAMS 0x000000008da00000, 0x000000008da00000| Untracked 
| 219|0x000000008db00000, 0x000000008db00000, 0x000000008dc00000|  0%| F|  |TAMS 0x000000008db00000, 0x000000008db00000| Untracked 
| 220|0x000000008dc00000, 0x000000008dc00000, 0x000000008dd00000|  0%| F|  |TAMS 0x000000008dc00000, 0x000000008dc00000| Untracked 
| 221|0x000000008dd00000, 0x000000008dd00000, 0x000000008de00000|  0%| F|  |TAMS 0x000000008dd00000, 0x000000008dd00000| Untracked 
| 222|0x000000008de00000, 0x000000008de00000, 0x000000008df00000|  0%| F|  |TAMS 0x000000008de00000, 0x000000008de00000| Untracked 
| 223|0x000000008df00000, 0x000000008df00000, 0x000000008e000000|  0%| F|  |TAMS 0x000000008df00000, 0x000000008df00000| Untracked 
| 224|0x000000008e000000, 0x000000008e000000, 0x000000008e100000|  0%| F|  |TAMS 0x000000008e000000, 0x000000008e000000| Untracked 
| 225|0x000000008e100000, 0x000000008e100000, 0x000000008e200000|  0%| F|  |TAMS 0x000000008e100000, 0x000000008e100000| Untracked 
| 226|0x000000008e200000, 0x000000008e200000, 0x000000008e300000|  0%| F|  |TAMS 0x000000008e200000, 0x000000008e200000| Untracked 
| 227|0x000000008e300000, 0x000000008e300000, 0x000000008e400000|  0%| F|  |TAMS 0x000000008e300000, 0x000000008e300000| Untracked 
| 228|0x000000008e400000, 0x000000008e400000, 0x000000008e500000|  0%| F|  |TAMS 0x000000008e400000, 0x000000008e400000| Untracked 
| 229|0x000000008e500000, 0x000000008e500000, 0x000000008e600000|  0%| F|  |TAMS 0x000000008e500000, 0x000000008e500000| Untracked 
| 230|0x000000008e600000, 0x000000008e600000, 0x000000008e700000|  0%| F|  |TAMS 0x000000008e600000, 0x000000008e600000| Untracked 
| 231|0x000000008e700000, 0x000000008e700000, 0x000000008e800000|  0%| F|  |TAMS 0x000000008e700000, 0x000000008e700000| Untracked 
| 232|0x000000008e800000, 0x000000008e800000, 0x000000008e900000|  0%| F|  |TAMS 0x000000008e800000, 0x000000008e800000| Untracked 
| 233|0x000000008e900000, 0x000000008e900000, 0x000000008ea00000|  0%| F|  |TAMS 0x000000008e900000, 0x000000008e900000| Untracked 
| 234|0x000000008ea00000, 0x000000008ea00000, 0x000000008eb00000|  0%| F|  |TAMS 0x000000008ea00000, 0x000000008ea00000| Untracked 
| 235|0x000000008eb00000, 0x000000008eb00000, 0x000000008ec00000|  0%| F|  |TAMS 0x000000008eb00000, 0x000000008eb00000| Untracked 
| 236|0x000000008ec00000, 0x000000008ec00000, 0x000000008ed00000|  0%| F|  |TAMS 0x000000008ec00000, 0x000000008ec00000| Untracked 
| 237|0x000000008ed00000, 0x000000008ed00000, 0x000000008ee00000|  0%| F|  |TAMS 0x000000008ed00000, 0x000000008ed00000| Untracked 
| 238|0x000000008ee00000, 0x000000008ee6a3e8, 0x000000008ef00000| 41%| E|  |TAMS 0x000000008ee00000, 0x000000008ee00000| Complete 
| 239|0x000000008ef00000, 0x000000008f000000, 0x000000008f000000|100%| E|CS|TAMS 0x000000008ef00000, 0x000000008ef00000| Complete 
| 240|0x000000008f000000, 0x000000008f100000, 0x000000008f100000|100%| E|CS|TAMS 0x000000008f000000, 0x000000008f000000| Complete 
| 241|0x000000008f100000, 0x000000008f200000, 0x000000008f200000|100%| E|CS|TAMS 0x000000008f100000, 0x000000008f100000| Complete 
| 242|0x000000008f200000, 0x000000008f300000, 0x000000008f300000|100%| E|  |TAMS 0x000000008f200000, 0x000000008f200000| Complete 
| 243|0x000000008f300000, 0x000000008f400000, 0x000000008f400000|100%| E|CS|TAMS 0x000000008f300000, 0x000000008f300000| Complete 

Card table byte_map: [0x000001b980510000,0x000001b980910000] _byte_map_base: 0x000001b980110000

Marking Bits (Prev, Next): (CMBitMap*) 0x000001b9eb762418, (CMBitMap*) 0x000001b9eb762450
 Prev Bits: [0x000001b980d10000, 0x000001b982d10000)
 Next Bits: [0x000001b982d10000, 0x000001b984d10000)

Polling page: 0x000001b9eb800000

Metaspace:

Usage:
  Non-class:    128.46 MB capacity,   125.90 MB ( 98%) used,     2.03 MB (  2%) free+waste,   546.75 KB ( <1%) overhead. 
      Class:     19.69 MB capacity,    17.97 MB ( 91%) used,     1.48 MB (  8%) free+waste,   243.31 KB (  1%) overhead. 
       Both:    148.15 MB capacity,   143.87 MB ( 97%) used,     3.51 MB (  2%) free+waste,   790.06 KB ( <1%) overhead. 

Virtual space:
  Non-class space:      130.00 MB reserved,     128.88 MB (>99%) committed 
      Class space:        1.00 GB reserved,      19.92 MB (  2%) committed 
             Both:        1.13 GB reserved,     148.80 MB ( 13%) committed 

Chunk freelists:
   Non-Class:  233.00 KB
       Class:  226.00 KB
        Both:  459.00 KB

MaxMetaspaceSize: 17179869184.00 GB
CompressedClassSpaceSize: 1.00 GB
Initial GC threshold: 20.80 MB
Current GC threshold: 241.75 MB
CDS: off

CodeHeap 'non-profiled nmethods': size=120064Kb used=14862Kb max_used=14862Kb free=105201Kb
 bounds [0x000001b9f8510000, 0x000001b9f93a0000, 0x000001b9ffa50000]
CodeHeap 'profiled nmethods': size=120000Kb used=49328Kb max_used=49328Kb free=70671Kb
 bounds [0x000001b9f0fe0000, 0x000001b9f4010000, 0x000001b9f8510000]
CodeHeap 'non-nmethods': size=5696Kb used=2504Kb max_used=2567Kb free=3191Kb
 bounds [0x000001b9f0a50000, 0x000001b9f0cf0000, 0x000001b9f0fe0000]
 total_blobs=22692 nmethods=21641 adapters=962
 compilation: enabled
              stopped_count=0, restarted_count=0
 full_count=0

Compilation events (20 events):
Event: 1010.354 Thread 0x000001b987ba7800 nmethod 23291 0x000001b9f938bd90 code [0x000001b9f938c3c0, 0x000001b9f9390a68]
Event: 1010.354 Thread 0x000001b987ba7800 23389       4       org.gradle.internal.component.model.ComponentAttributeMatcher::match (259 bytes)
Event: 1010.357 Thread 0x000001b987ba9800 23391       3       org.gradle.internal.snapshot.VfsRelativePath::compareToFirstSegment (203 bytes)
Event: 1010.359 Thread 0x000001b987ba9800 nmethod 23391 0x000001b9f4007790 code [0x000001b9f4007be0, 0x000001b9f4009f58]
Event: 1010.359 Thread 0x000001b987ba9800 23392       2       java.util.stream.ForEachOps$ForEachOp$OfRef::evaluateSequential (7 bytes)
Event: 1010.359 Thread 0x000001b987ba9800 nmethod 23392 0x000001b9f400ac10 code [0x000001b9f400adc0, 0x000001b9f400af28]
Event: 1010.360 Thread 0x000001b987ba9800 23393       3       org.gradle.api.internal.tasks.properties.GetInputPropertiesVisitor::visitInputProperty (18 bytes)
Event: 1010.360 Thread 0x000001b987ba9800 nmethod 23393 0x000001b9f400b010 code [0x000001b9f400b1e0, 0x000001b9f400b548]
Event: 1010.361 Thread 0x000001b987ba9800 23394       3       org.gradle.api.internal.tasks.properties.DefaultTaskProperties$ValidationVisitor::visitInputProperty (24 bytes)
Event: 1010.361 Thread 0x000001b987ba9800 nmethod 23394 0x000001b9f400b710 code [0x000001b9f400b900, 0x000001b9f400bd68]
Event: 1010.363 Thread 0x000001b987ba9800 23396       3       org.gradle.api.internal.provider.ProviderResolutionStrategy$2::resolve (7 bytes)
Event: 1010.363 Thread 0x000001b987ba9800 nmethod 23396 0x000001b9f400bf10 code [0x000001b9f400c0c0, 0x000001b9f400c288]
Event: 1010.363 Thread 0x000001b987ba9800 23397       3       org.gradle.api.internal.tasks.properties.InputParameterUtils::finalizeValue (31 bytes)
Event: 1010.363 Thread 0x000001b987ba9800 nmethod 23397 0x000001b9f400c390 code [0x000001b9f400c580, 0x000001b9f400cb58]
Event: 1010.371 Thread 0x000001b987ba9800 23398       3       org.gradle.launcher.daemon.protocol.DaemonMessageSerializer$OutputMessageSerializer::write (10 bytes)
Event: 1010.372 Thread 0x000001b987ba9800 nmethod 23398 0x000001b9f400cc90 code [0x000001b9f400ce60, 0x000001b9f400d1a8]
Event: 1010.373 Thread 0x000001b987ba9800 23399       3       org.gradle.internal.remote.internal.inet.SocketConnection$SocketOutputStream::writeWithNonBlockingRetry (52 bytes)
Event: 1010.373 Thread 0x000001b987ba9800 nmethod 23399 0x000001b9f400d310 code [0x000001b9f400d500, 0x000001b9f400d9a8]
Event: 1010.373 Thread 0x000001b987ba9800 23400   !   3       org.gradle.launcher.daemon.server.SynchronizedDispatchConnection::dispatchAndFlush (118 bytes)
Event: 1010.374 Thread 0x000001b987ba9800 nmethod 23400 0x000001b9f400db90 code [0x000001b9f400de80, 0x000001b9f400ef28]

GC Heap History (20 events):
Event: 84.956 GC heap before
{Heap before GC invocations=50 (full 0):
 garbage-first heap   total 249856K, used 185464K [0x0000000080000000, 0x0000000100000000)
  region size 1024K, 12 young (12288K), 5 survivors (5120K)
 Metaspace       used 135327K, capacity 139308K, committed 139568K, reserved 1169408K
  class space    used 17250K, capacity 18827K, committed 18860K, reserved 1048576K
}
Event: 84.966 GC heap after
{Heap after GC invocations=51 (full 0):
 garbage-first heap   total 249856K, used 167374K [0x0000000080000000, 0x0000000100000000)
  region size 1024K, 1 young (1024K), 1 survivors (1024K)
 Metaspace       used 135327K, capacity 139308K, committed 139568K, reserved 1169408K
  class space    used 17250K, capacity 18827K, committed 18860K, reserved 1048576K
}
Event: 85.773 GC heap before
{Heap before GC invocations=51 (full 0):
 garbage-first heap   total 249856K, used 205262K [0x0000000080000000, 0x0000000100000000)
  region size 1024K, 38 young (38912K), 1 survivors (1024K)
 Metaspace       used 136922K, capacity 140987K, committed 141232K, reserved 1171456K
  class space    used 17378K, capacity 18968K, committed 18988K, reserved 1048576K
}
Event: 85.778 GC heap after
{Heap after GC invocations=52 (full 0):
 garbage-first heap   total 249856K, used 167531K [0x0000000080000000, 0x0000000100000000)
  region size 1024K, 1 young (1024K), 1 survivors (1024K)
 Metaspace       used 136922K, capacity 140987K, committed 141232K, reserved 1171456K
  class space    used 17378K, capacity 18968K, committed 18988K, reserved 1048576K
}
Event: 86.292 GC heap before
{Heap before GC invocations=52 (full 0):
 garbage-first heap   total 249856K, used 206443K [0x0000000080000000, 0x0000000100000000)
  region size 1024K, 40 young (40960K), 1 survivors (1024K)
 Metaspace       used 139298K, capacity 143698K, committed 143792K, reserved 1173504K
  class space    used 17698K, capacity 19417K, committed 19500K, reserved 1048576K
}
Event: 86.297 GC heap after
{Heap after GC invocations=53 (full 0):
 garbage-first heap   total 249856K, used 170114K [0x0000000080000000, 0x0000000100000000)
  region size 1024K, 4 young (4096K), 4 survivors (4096K)
 Metaspace       used 139298K, capacity 143698K, committed 143792K, reserved 1173504K
  class space    used 17698K, capacity 19417K, committed 19500K, reserved 1048576K
}
Event: 86.921 GC heap before
{Heap before GC invocations=53 (full 0):
 garbage-first heap   total 249856K, used 215170K [0x0000000080000000, 0x0000000100000000)
  region size 1024K, 42 young (43008K), 4 survivors (4096K)
 Metaspace       used 140482K, capacity 144919K, committed 145200K, reserved 1175552K
  class space    used 17830K, capacity 19583K, committed 19628K, reserved 1048576K
}
Event: 86.928 GC heap after
{Heap after GC invocations=54 (full 0):
 garbage-first heap   total 249856K, used 173001K [0x0000000080000000, 0x0000000100000000)
  region size 1024K, 4 young (4096K), 4 survivors (4096K)
 Metaspace       used 140482K, capacity 144919K, committed 145200K, reserved 1175552K
  class space    used 17830K, capacity 19583K, committed 19628K, reserved 1048576K
}
Event: 87.504 GC heap before
{Heap before GC invocations=54 (full 0):
 garbage-first heap   total 249856K, used 212937K [0x0000000080000000, 0x0000000100000000)
  region size 1024K, 41 young (41984K), 4 survivors (4096K)
 Metaspace       used 141187K, capacity 145657K, committed 145840K, reserved 1175552K
  class space    used 17961K, capacity 19710K, committed 19756K, reserved 1048576K
}
Event: 87.513 GC heap after
{Heap after GC invocations=55 (full 0):
 garbage-first heap   total 249856K, used 170714K [0x0000000080000000, 0x0000000100000000)
  region size 1024K, 2 young (2048K), 2 survivors (2048K)
 Metaspace       used 141187K, capacity 145657K, committed 145840K, reserved 1175552K
  class space    used 17961K, capacity 19710K, committed 19756K, reserved 1048576K
}
Event: 88.135 GC heap before
{Heap before GC invocations=55 (full 0):
 garbage-first heap   total 249856K, used 208602K [0x0000000080000000, 0x0000000100000000)
  region size 1024K, 21 young (21504K), 2 survivors (2048K)
 Metaspace       used 142965K, capacity 147447K, committed 147632K, reserved 1177600K
  class space    used 18173K, capacity 19938K, committed 20012K, reserved 1048576K
}
Event: 88.140 GC heap after
{Heap after GC invocations=56 (full 0):
 garbage-first heap   total 249856K, used 182392K [0x0000000080000000, 0x0000000100000000)
  region size 1024K, 4 young (4096K), 4 survivors (4096K)
 Metaspace       used 142965K, capacity 147447K, committed 147632K, reserved 1177600K
  class space    used 18173K, capacity 19938K, committed 20012K, reserved 1048576K
}
Event: 88.843 GC heap before
{Heap before GC invocations=57 (full 0):
 garbage-first heap   total 249856K, used 212088K [0x0000000080000000, 0x0000000100000000)
  region size 1024K, 30 young (30720K), 4 survivors (4096K)
 Metaspace       used 145743K, capacity 150059K, committed 151088K, reserved 1179648K
  class space    used 18321K, capacity 20023K, committed 20396K, reserved 1048576K
}
Event: 88.852 GC heap after
{Heap after GC invocations=58 (full 0):
 garbage-first heap   total 249856K, used 166306K [0x0000000080000000, 0x0000000100000000)
  region size 1024K, 2 young (2048K), 2 survivors (2048K)
 Metaspace       used 145743K, capacity 150059K, committed 151088K, reserved 1179648K
  class space    used 18321K, capacity 20023K, committed 20396K, reserved 1048576K
}
Event: 381.336 GC heap before
{Heap before GC invocations=58 (full 0):
 garbage-first heap   total 249856K, used 175522K [0x0000000080000000, 0x0000000100000000)
  region size 1024K, 12 young (12288K), 2 survivors (2048K)
 Metaspace       used 146572K, capacity 150933K, committed 151600K, reserved 1181696K
  class space    used 18381K, capacity 20122K, committed 20396K, reserved 1048576K
}
Event: 381.347 GC heap after
{Heap after GC invocations=59 (full 0):
 garbage-first heap   total 249856K, used 158193K [0x0000000080000000, 0x0000000100000000)
  region size 1024K, 1 young (1024K), 1 survivors (1024K)
 Metaspace       used 146572K, capacity 150933K, committed 151600K, reserved 1181696K
  class space    used 18381K, capacity 20122K, committed 20396K, reserved 1048576K
}
Event: 1009.560 GC heap before
{Heap before GC invocations=59 (full 0):
 garbage-first heap   total 249856K, used 199153K [0x0000000080000000, 0x0000000100000000)
  region size 1024K, 42 young (43008K), 1 survivors (1024K)
 Metaspace       used 146985K, capacity 151369K, committed 152112K, reserved 1181696K
  class space    used 18391K, capacity 20140K, committed 20396K, reserved 1048576K
}
Event: 1009.572 GC heap after
{Heap after GC invocations=60 (full 0):
 garbage-first heap   total 249856K, used 160713K [0x0000000080000000, 0x0000000100000000)
  region size 1024K, 4 young (4096K), 4 survivors (4096K)
 Metaspace       used 146985K, capacity 151369K, committed 152112K, reserved 1181696K
  class space    used 18391K, capacity 20140K, committed 20396K, reserved 1048576K
}
Event: 1010.305 GC heap before
{Heap before GC invocations=60 (full 0):
 garbage-first heap   total 249856K, used 202697K [0x0000000080000000, 0x0000000100000000)
  region size 1024K, 45 young (46080K), 4 survivors (4096K)
 Metaspace       used 147308K, capacity 151696K, committed 152368K, reserved 1181696K
  class space    used 18399K, capacity 20155K, committed 20396K, reserved 1048576K
}
Event: 1010.318 GC heap after
{Heap after GC invocations=61 (full 0):
 garbage-first heap   total 249856K, used 166265K [0x0000000080000000, 0x0000000100000000)
  region size 1024K, 6 young (6144K), 6 survivors (6144K)
 Metaspace       used 147308K, capacity 151696K, committed 152368K, reserved 1181696K
  class space    used 18399K, capacity 20155K, committed 20396K, reserved 1048576K
}

Deoptimization events (20 events):
Event: 1010.007 Thread 0x000001b98b44d800 Uncommon trap: trap_request=0xffffffc6 fr.pc=0x000001b9f8981b04 relative=0x00000000000001a4
Event: 1010.007 Thread 0x000001b98b44d800 Uncommon trap: reason=bimorphic_or_optimized_type_check action=maybe_recompile pc=0x000001b9f8981b04 method=java.util.Collections$SetFromMap.contains(Ljava/lang/Object;)Z @ 5 c2
Event: 1010.007 Thread 0x000001b98b44d800 DEOPT PACKING pc=0x000001b9f8981b04 sp=0x0000008d691f8f10
Event: 1010.007 Thread 0x000001b98b44d800 DEOPT UNPACKING pc=0x000001b9f0a9a1af sp=0x0000008d691f8eb8 mode 2
Event: 1010.007 Thread 0x000001b98b44d800 Uncommon trap: trap_request=0xffffffc6 fr.pc=0x000001b9f8981b04 relative=0x00000000000001a4
Event: 1010.007 Thread 0x000001b98b44d800 Uncommon trap: reason=bimorphic_or_optimized_type_check action=maybe_recompile pc=0x000001b9f8981b04 method=java.util.Collections$SetFromMap.contains(Ljava/lang/Object;)Z @ 5 c2
Event: 1010.007 Thread 0x000001b98b44d800 DEOPT PACKING pc=0x000001b9f8981b04 sp=0x0000008d691f8f10
Event: 1010.007 Thread 0x000001b98b44d800 DEOPT UNPACKING pc=0x000001b9f0a9a1af sp=0x0000008d691f8eb8 mode 2
Event: 1010.195 Thread 0x000001b98b44d800 Uncommon trap: trap_request=0xffffffc6 fr.pc=0x000001b9f8981b04 relative=0x00000000000001a4
Event: 1010.195 Thread 0x000001b98b44d800 Uncommon trap: reason=bimorphic_or_optimized_type_check action=maybe_recompile pc=0x000001b9f8981b04 method=java.util.Collections$SetFromMap.contains(Ljava/lang/Object;)Z @ 5 c2
Event: 1010.195 Thread 0x000001b98b44d800 DEOPT PACKING pc=0x000001b9f8981b04 sp=0x0000008d691f9c60
Event: 1010.195 Thread 0x000001b98b44d800 DEOPT UNPACKING pc=0x000001b9f0a9a1af sp=0x0000008d691f9c08 mode 2
Event: 1010.195 Thread 0x000001b98b44d800 Uncommon trap: trap_request=0xffffffc6 fr.pc=0x000001b9f8981b04 relative=0x00000000000001a4
Event: 1010.195 Thread 0x000001b98b44d800 Uncommon trap: reason=bimorphic_or_optimized_type_check action=maybe_recompile pc=0x000001b9f8981b04 method=java.util.Collections$SetFromMap.contains(Ljava/lang/Object;)Z @ 5 c2
Event: 1010.195 Thread 0x000001b98b44d800 DEOPT PACKING pc=0x000001b9f8981b04 sp=0x0000008d691f9c60
Event: 1010.195 Thread 0x000001b98b44d800 DEOPT UNPACKING pc=0x000001b9f0a9a1af sp=0x0000008d691f9c08 mode 2
Event: 1010.356 Thread 0x000001b98b44d800 Uncommon trap: trap_request=0xffffff4d fr.pc=0x000001b9f8d01694 relative=0x0000000000000f34
Event: 1010.356 Thread 0x000001b98b44d800 Uncommon trap: reason=unstable_if action=reinterpret pc=0x000001b9f8d01694 method=org.gradle.internal.snapshot.VfsRelativePath.compareToFirstSegment(Ljava/lang/String;Lorg/gradle/internal/snapshot/CaseSensitivity;)I @ 156 c2
Event: 1010.356 Thread 0x000001b98b44d800 DEOPT PACKING pc=0x000001b9f8d01694 sp=0x0000008d691faef0
Event: 1010.356 Thread 0x000001b98b44d800 DEOPT UNPACKING pc=0x000001b9f0a9a1af sp=0x0000008d691fae70 mode 2

Classes redefined (0 events):
No events

Internal exceptions (20 events):
Event: 87.854 Thread 0x000001b98b315800 Exception <a 'java/lang/NoSuchMethodError'{0x000000008e9499b0}: 'java.lang.Object java.lang.invoke.Invokers$Holder.linkToTargetMethod(java.lang.Object, java.lang.Object, java.lang.Object, java.lang.Object, java.lang.Object, java.lang.Object, int, java.lang.Object)'> (0x000000008e9499b0) thrown at [src/hotspot/share/interpreter/linkResolver.cpp, line 773]
Event: 88.377 Thread 0x000001b993ff7000 Exception <a 'sun/nio/fs/WindowsException'{0x000000008f036a48}> (0x000000008f036a48) thrown at [src/hotspot/share/prims/jni.cpp, line 617]
Event: 88.383 Thread 0x000001b9893f8800 Exception <a 'sun/nio/fs/WindowsException'{0x000000008f06f210}> (0x000000008f06f210) thrown at [src/hotspot/share/prims/jni.cpp, line 617]
Event: 88.383 Thread 0x000001b9893f8800 Exception <a 'sun/nio/fs/WindowsException'{0x000000008f06f298}> (0x000000008f06f298) thrown at [src/hotspot/share/prims/jni.cpp, line 617]
Event: 88.383 Thread 0x000001b9893f8800 Exception <a 'sun/nio/fs/WindowsException'{0x000000008f070b40}> (0x000000008f070b40) thrown at [src/hotspot/share/prims/jni.cpp, line 617]
Event: 88.748 Thread 0x000001b9893f8800 Implicit null exception at 0x000001b9f927e456 to 0x000001b9f927f504
Event: 338.170 Thread 0x000001b98d935800 Exception <a 'java/lang/NoSuchMethodError'{0x000000008ebed900}: 'java.lang.Object java.lang.invoke.DirectMethodHandle$Holder.invokeSpecial(java.lang.Object, java.lang.Object, int, int, int, java.lang.Object, java.lang.Object, java.lang.Object)'> (0x000000008ebed900) thrown at [src/hotspot/share/interpreter/linkResolver.cpp, line 773]
Event: 338.170 Thread 0x000001b98d935800 Exception <a 'java/lang/NoSuchMethodError'{0x000000008ebf1188}: 'java.lang.Object java.lang.invoke.DelegatingMethodHandle$Holder.reinvoke_L(java.lang.Object, int, int, int, java.lang.Object, java.lang.Object, java.lang.Object)'> (0x000000008ebf1188) thrown at [src/hotspot/share/interpreter/linkResolver.cpp, line 773]
Event: 1009.035 Thread 0x000001b98d939800 Implicit null exception at 0x000001b9f8e5a4be to 0x000001b9f8e61650
Event: 1009.035 Thread 0x000001b98d939800 Implicit null exception at 0x000001b9f8d2bdaf to 0x000001b9f8d2bdfc
Event: 1009.035 Thread 0x000001b98d939800 Implicit null exception at 0x000001b9f8d28149 to 0x000001b9f8d28444
Event: 1009.035 Thread 0x000001b98d939800 Implicit null exception at 0x000001b9f92b20a7 to 0x000001b9f92b2eb4
Event: 1009.477 Thread 0x000001b98d939800 Exception <a 'sun/nio/fs/WindowsException'{0x000000008cb59138}> (0x000000008cb59138) thrown at [src/hotspot/share/prims/jni.cpp, line 617]
Event: 1009.798 Thread 0x000001b98d939800 Exception <a 'sun/nio/fs/WindowsException'{0x000000008e84b6c8}> (0x000000008e84b6c8) thrown at [src/hotspot/share/prims/jni.cpp, line 617]
Event: 1009.807 Thread 0x000001b98d939800 Exception <a 'sun/nio/fs/WindowsException'{0x000000008e8eedc8}> (0x000000008e8eedc8) thrown at [src/hotspot/share/prims/jni.cpp, line 617]
Event: 1009.807 Thread 0x000001b98d939800 Exception <a 'sun/nio/fs/WindowsException'{0x000000008e8f0170}> (0x000000008e8f0170) thrown at [src/hotspot/share/prims/jni.cpp, line 617]
Event: 1009.807 Thread 0x000001b98d939800 Exception <a 'sun/nio/fs/WindowsException'{0x000000008e8f1568}> (0x000000008e8f1568) thrown at [src/hotspot/share/prims/jni.cpp, line 617]
Event: 1009.807 Thread 0x000001b98d939800 Exception <a 'sun/nio/fs/WindowsException'{0x000000008e8f2960}> (0x000000008e8f2960) thrown at [src/hotspot/share/prims/jni.cpp, line 617]
Event: 1009.901 Thread 0x000001b98d939800 Implicit null exception at 0x000001b9f92cb2d2 to 0x000001b9f92cbdd0
Event: 1009.910 Thread 0x000001b98d939800 Exception <a 'sun/nio/fs/WindowsException'{0x000000008e2cf898}> (0x000000008e2cf898) thrown at [src/hotspot/share/prims/jni.cpp, line 617]

Events (20 events):
Event: 1009.966 Executing VM operation: RevokeBias
Event: 1009.968 Executing VM operation: RevokeBias done
Event: 1009.986 Executing VM operation: RevokeBias
Event: 1009.986 Executing VM operation: RevokeBias done
Event: 1009.989 Executing VM operation: RevokeBias
Event: 1009.989 Executing VM operation: RevokeBias done
Event: 1010.007 Executing VM operation: RevokeBias
Event: 1010.007 Executing VM operation: RevokeBias done
Event: 1010.067 Executing VM operation: RevokeBias
Event: 1010.068 Executing VM operation: RevokeBias done
Event: 1010.132 Executing VM operation: RevokeBias
Event: 1010.132 Executing VM operation: RevokeBias done
Event: 1010.142 Executing VM operation: RevokeBias
Event: 1010.142 Executing VM operation: RevokeBias done
Event: 1010.147 Executing VM operation: RevokeBias
Event: 1010.147 Executing VM operation: RevokeBias done
Event: 1010.147 Executing VM operation: BulkRevokeBias
Event: 1010.148 Executing VM operation: BulkRevokeBias done
Event: 1010.305 Executing VM operation: G1CollectForAllocation
Event: 1010.318 Executing VM operation: G1CollectForAllocation done


Dynamic libraries:
0x00007ff7f15a0000 - 0x00007ff7f15aa000 	C:\Program Files\Android\Android Studio\jbr\bin\java.exe
0x00007ffc8b810000 - 0x00007ffc8ba08000 	C:\Windows\SYSTEM32\ntdll.dll
0x00007ffc8b4a0000 - 0x00007ffc8b55f000 	C:\Windows\System32\KERNEL32.DLL
0x00007ffc893c0000 - 0x00007ffc89692000 	C:\Windows\System32\KERNELBASE.dll
0x00007ffc89040000 - 0x00007ffc89140000 	C:\Windows\System32\ucrtbase.dll
0x00007ffc69cc0000 - 0x00007ffc69cd7000 	C:\Program Files\Android\Android Studio\jbr\bin\jli.dll
0x00007ffc89850000 - 0x00007ffc899f1000 	C:\Windows\System32\USER32.dll
0x00007ffc88f00000 - 0x00007ffc88f22000 	C:\Windows\System32\win32u.dll
0x00007ffc8a460000 - 0x00007ffc8a48b000 	C:\Windows\System32\GDI32.dll
0x00007ffc88f30000 - 0x00007ffc8903f000 	C:\Windows\System32\gdi32full.dll
0x00007ffc89320000 - 0x00007ffc893bd000 	C:\Windows\System32\msvcp_win.dll
0x00007ffc64090000 - 0x00007ffc640ab000 	C:\Program Files\Android\Android Studio\jbr\bin\VCRUNTIME140.dll
0x00007ffc88290000 - 0x00007ffc8852a000 	C:\Windows\WinSxS\amd64_microsoft.windows.common-controls_6595b64144ccf1df_6.0.19041.1110_none_60b5254171f9507e\COMCTL32.dll
0x00007ffc8a3c0000 - 0x00007ffc8a45e000 	C:\Windows\System32\msvcrt.dll
0x00007ffc8a6e0000 - 0x00007ffc8a712000 	C:\Windows\System32\IMM32.DLL
0x00007ffc183f0000 - 0x00007ffc1847d000 	C:\Program Files\Android\Android Studio\jbr\bin\msvcp140.dll
0x00007ffc55460000 - 0x00007ffc5546c000 	C:\Windows\SYSTEM32\VCRUNTIME140_1.dll
0x00007ffc55490000 - 0x00007ffc5604c000 	C:\Program Files\Android\Android Studio\jbr\bin\server\jvm.dll
0x00007ffc8b160000 - 0x00007ffc8b20e000 	C:\Windows\System32\ADVAPI32.dll
0x00007ffc8b570000 - 0x00007ffc8b60c000 	C:\Windows\System32\sechost.dll
0x00007ffc8b610000 - 0x00007ffc8b735000 	C:\Windows\System32\RPCRT4.dll
0x00007ffc8b560000 - 0x00007ffc8b568000 	C:\Windows\System32\PSAPI.DLL
0x00007ffc57f50000 - 0x00007ffc57f59000 	C:\Windows\SYSTEM32\WSOCK32.dll
0x00007ffc8a5c0000 - 0x00007ffc8a62b000 	C:\Windows\System32\WS2_32.dll
0x00007ffc7abd0000 - 0x00007ffc7abf7000 	C:\Windows\SYSTEM32\WINMM.dll
0x00007ffc821e0000 - 0x00007ffc821ea000 	C:\Windows\SYSTEM32\VERSION.dll
0x00007ffc86770000 - 0x00007ffc86782000 	C:\Windows\SYSTEM32\kernel.appcore.dll
0x00007ffc55450000 - 0x00007ffc55460000 	C:\Program Files\Android\Android Studio\jbr\bin\verify.dll
0x00007ffc88680000 - 0x00007ffc88864000 	C:\Windows\SYSTEM32\DBGHELP.DLL
0x00007ffc88640000 - 0x00007ffc88675000 	C:\Windows\SYSTEM32\dbgcore.DLL
0x00007ffc891f0000 - 0x00007ffc89272000 	C:\Windows\System32\bcryptPrimitives.dll
0x00007ffc55420000 - 0x00007ffc55448000 	C:\Program Files\Android\Android Studio\jbr\bin\java.dll
0x00007ffc55410000 - 0x00007ffc5541a000 	C:\Program Files\Android\Android Studio\jbr\bin\jimage.dll
0x00007ffc553f0000 - 0x00007ffc55408000 	C:\Program Files\Android\Android Studio\jbr\bin\zip.dll
0x00007ffc89b10000 - 0x00007ffc8a254000 	C:\Windows\System32\SHELL32.dll
0x00007ffc86970000 - 0x00007ffc87102000 	C:\Windows\SYSTEM32\windows.storage.dll
0x00007ffc8a7f0000 - 0x00007ffc8ab45000 	C:\Windows\System32\combase.dll
0x00007ffc881f0000 - 0x00007ffc88220000 	C:\Windows\SYSTEM32\Wldp.dll
0x00007ffc8a630000 - 0x00007ffc8a6dd000 	C:\Windows\System32\SHCORE.dll
0x00007ffc89ab0000 - 0x00007ffc89b05000 	C:\Windows\System32\shlwapi.dll
0x00007ffc88e40000 - 0x00007ffc88e5f000 	C:\Windows\SYSTEM32\profapi.dll
0x00007ffc553d0000 - 0x00007ffc553e9000 	C:\Program Files\Android\Android Studio\jbr\bin\net.dll
0x00007ffc81b20000 - 0x00007ffc81c2c000 	C:\Windows\SYSTEM32\WINHTTP.dll
0x00007ffc880c0000 - 0x00007ffc8812a000 	C:\Windows\system32\mswsock.dll
0x00007ffc553b0000 - 0x00007ffc553c3000 	C:\Program Files\Android\Android Studio\jbr\bin\nio.dll
0x00007ffc640e0000 - 0x00007ffc64107000 	C:\Users\Administrator\.gradle\native\e1d6ef7f7dcc3fd88c89a11ec53ec762bb8ba0a96d01ffa2cd45eb1d1d8dd5c5\windows-amd64\native-platform.dll
0x00007ffc182a0000 - 0x00007ffc183e4000 	C:\Users\Administrator\.gradle\native\0d407fdbe67a94daf76414ababcb853783967236a71b16ec16e742cd7a986fd3\windows-amd64\native-platform-file-events.dll
0x00007ffc553a0000 - 0x00007ffc553aa000 	C:\Program Files\Android\Android Studio\jbr\bin\management.dll
0x00007ffc55390000 - 0x00007ffc5539b000 	C:\Program Files\Android\Android Studio\jbr\bin\management_ext.dll
0x00007ffc88bb0000 - 0x00007ffc88bc8000 	C:\Windows\SYSTEM32\CRYPTSP.dll
0x00007ffc878d0000 - 0x00007ffc87904000 	C:\Windows\system32\rsaenh.dll
0x00007ffc89280000 - 0x00007ffc892a7000 	C:\Windows\System32\bcrypt.dll
0x00007ffc88dc0000 - 0x00007ffc88dee000 	C:\Windows\SYSTEM32\USERENV.dll
0x00007ffc881b0000 - 0x00007ffc881bc000 	C:\Windows\SYSTEM32\CRYPTBASE.dll
0x00007ffc87c40000 - 0x00007ffc87c7b000 	C:\Windows\SYSTEM32\IPHLPAPI.DLL
0x00007ffc8b490000 - 0x00007ffc8b498000 	C:\Windows\System32\NSI.dll
0x00007ffc824a0000 - 0x00007ffc824b7000 	C:\Windows\SYSTEM32\dhcpcsvc6.DLL
0x00007ffc82480000 - 0x00007ffc8249d000 	C:\Windows\SYSTEM32\dhcpcsvc.DLL
0x00007ffc87c80000 - 0x00007ffc87d4a000 	C:\Windows\SYSTEM32\DNSAPI.dll
0x00007ffc55370000 - 0x00007ffc55387000 	C:\Windows\system32\napinsp.dll
0x00007ffc55350000 - 0x00007ffc5536b000 	C:\Windows\system32\pnrpnsp.dll
0x00007ffc6b8b0000 - 0x00007ffc6b8c5000 	C:\Windows\system32\wshbth.dll
0x00007ffc84380000 - 0x00007ffc8439d000 	C:\Windows\system32\NLAapi.dll
0x00007ffc55330000 - 0x00007ffc55342000 	C:\Windows\System32\winrnr.dll
0x0000000060790000 - 0x00000000607b6000 	C:\Program Files\Bonjour\mdnsNSP.dll
0x00007ffc77a50000 - 0x00007ffc77a5a000 	C:\Windows\System32\rasadhlp.dll
0x00007ffc79450000 - 0x00007ffc794d0000 	C:\Windows\System32\fwpuclnt.dll
0x00007ffc88a90000 - 0x00007ffc88ac3000 	C:\Windows\SYSTEM32\ntmarta.dll
0x00007ffc86240000 - 0x00007ffc862d1000 	C:\Windows\system32\apphelp.dll
0x00007ffc632c0000 - 0x00007ffc632de000 	C:\Users\Administrator\AppData\Local\Temp\native-platform2366868751293518812dir\native-platform.dll
0x00007ffc6c690000 - 0x00007ffc6c697000 	C:\Program Files\Android\Android Studio\jbr\bin\rmi.dll
0x00007ffc78500000 - 0x00007ffc78527000 	C:\Program Files\Android\Android Studio\jbr\bin\sunec.dll

dbghelp: loaded successfully - version: 4.0.5 - missing functions: none
symbol engine: initialized successfully - sym options: 0x614 - pdb path: .;C:\Program Files\Android\Android Studio\jbr\bin;C:\Windows\SYSTEM32;C:\Windows\WinSxS\amd64_microsoft.windows.common-controls_6595b64144ccf1df_6.0.19041.1110_none_60b5254171f9507e;C:\Program Files\Android\Android Studio\jbr\bin\server;C:\Users\Administrator\.gradle\native\e1d6ef7f7dcc3fd88c89a11ec53ec762bb8ba0a96d01ffa2cd45eb1d1d8dd5c5\windows-amd64;C:\Users\Administrator\.gradle\native\0d407fdbe67a94daf76414ababcb853783967236a71b16ec16e742cd7a986fd3\windows-amd64;C:\Program Files\Bonjour;C:\Users\Administrator\AppData\Local\Temp\native-platform2366868751293518812dir

VM Arguments:
jvm_args: --add-opens=java.base/java.util=ALL-UNNAMED --add-opens=java.base/java.lang=ALL-UNNAMED --add-opens=java.base/java.lang.invoke=ALL-UNNAMED --add-opens=java.base/java.util=ALL-UNNAMED --add-opens=java.prefs/java.util.prefs=ALL-UNNAMED --add-opens=java.prefs/java.util.prefs=ALL-UNNAMED --add-opens=java.base/java.nio.charset=ALL-UNNAMED --add-opens=java.base/java.net=ALL-UNNAMED --add-opens=java.base/java.util.concurrent.atomic=ALL-UNNAMED -Xmx2048m -Dfile.encoding=UTF-8 -Duser.country=US -Duser.language=en -Duser.variant 
java_command: org.gradle.launcher.daemon.bootstrap.GradleDaemon 7.5
java_class_path (initial): C:\Users\Administrator\.gradle\wrapper\dists\gradle-7.5-bin\f1w0cc9nuo0eivz97x2xlu9sv\gradle-7.5\lib\gradle-launcher-7.5.jar
Launcher Type: SUN_STANDARD

[Global flags]
     intx CICompilerCount                          = 3                                         {product} {ergonomic}
     uint ConcGCThreads                            = 1                                         {product} {ergonomic}
     uint G1ConcRefinementThreads                  = 4                                         {product} {ergonomic}
   size_t G1HeapRegionSize                         = 1048576                                   {product} {ergonomic}
    uintx GCDrainStackTargetSize                   = 64                                        {product} {ergonomic}
   size_t InitialHeapSize                          = 201326592                                 {product} {ergonomic}
   size_t MarkStackSize                            = 4194304                                   {product} {ergonomic}
   size_t MaxHeapSize                              = 2147483648                                {product} {command line}
   size_t MaxNewSize                               = 1287651328                                {product} {ergonomic}
   size_t MinHeapDeltaBytes                        = 1048576                                   {product} {ergonomic}
    uintx NonNMethodCodeHeapSize                   = 5830732                                {pd product} {ergonomic}
    uintx NonProfiledCodeHeapSize                  = 122913754                              {pd product} {ergonomic}
    uintx ProfiledCodeHeapSize                     = 122913754                              {pd product} {ergonomic}
    uintx ReservedCodeCacheSize                    = 251658240                              {pd product} {ergonomic}
     bool SegmentedCodeCache                       = true                                      {product} {ergonomic}
     bool UseCompressedClassPointers               = true                                 {lp64_product} {ergonomic}
     bool UseCompressedOops                        = true                                 {lp64_product} {ergonomic}
     bool UseG1GC                                  = true                                      {product} {ergonomic}
     bool UseLargePagesIndividualAllocation        = false                                  {pd product} {ergonomic}

Logging:
Log output configuration:
 #0: stdout all=warning uptime,level,tags
 #1: stderr all=off uptime,level,tags

Environment Variables:
PATH=C:\Program Files\Common Files\Oracle\Java\javapath;C:\Windows\system32;C:\Windows;C:\Windows\System32\Wbem;C:\Windows\System32\WindowsPowerShell\v1.0\;C:\Windows\System32\OpenSSH\;C:\Program Files\nodejs\;C:\Program Files (x86)\dotnet\;C:\Program Files\Git\cmd;C:\Users\Administrator\AppData\Local\Microsoft\WindowsApps;D:\Microsoft VS Code\bin;C:\Program Files\Java\jdk-19\bin;C:\Program Files\JetBrains\IntelliJ IDEA Community Edition 2022.3.1\bin;C:\Users\Administrator\AppData\Roaming\npm;C:\Users\Administrator\AppData\Local\JetBrains\Toolbox\scripts;
USERNAME=Administrator
OS=Windows_NT
PROCESSOR_IDENTIFIER=Intel64 Family 6 Model 158 Stepping 9, GenuineIntel



---------------  S Y S T E M  ---------------

OS: Windows 10 , 64 bit Build 19041 (10.0.19041.2364)
OS uptime: 0 days 0:33 hours

CPU:total 4 (initial active 4) (2 cores per cpu, 2 threads per core) family 6 model 158 stepping 9 microcode 0xb4, cmov, cx8, fxsr, mmx, sse, sse2, sse3, ssse3, sse4.1, sse4.2, popcnt, avx, avx2, aes, clmul, erms, 3dnowpref, lzcnt, ht, tsc, tscinvbit, bmi1, bmi2, adx, fma

Memory: 4k page, system-wide physical 12246M (2283M free)
TotalPageFile size 18134M (AvailPageFile size 5719M)
current process WorkingSet (physical memory assigned to process): 626M, peak: 639M
current process commit charge ("private bytes"): 660M, peak: 667M

vm_info: OpenJDK 64-Bit Server VM (11.0.15+0-b2043.56-8887301) for windows-amd64 JRE (11.0.15+0-b2043.56-8887301), built on Jul 29 2022 23:19:47 by "builduser" with unknown MS VC++:1929

END.
