#
# A fatal error has been detected by the Java Runtime Environment:
#
#  EXCEPTION_ACCESS_VIOLATION (0xc0000005) at pc=0x00007ffeb22dbc39, pid=5220, tid=9240
#
# JRE version: OpenJDK Runtime Environment (11.0.15) (build 11.0.15+0-b2043.56-8887301)
# Java VM: OpenJDK 64-Bit Server VM (11.0.15+0-b2043.56-8887301, mixed mode, tiered, compressed oops, g1 gc, windows-amd64)
# Problematic frame:
# V  [jvm.dll+0x53bc39]
#
# No core dump will be written. Minidumps are not enabled by default on client versions of Windows
#
# If you would like to submit a bug report, please visit:
#   https://bugreport.java.com/bugreport/crash.jsp
#

---------------  S U M M A R Y ------------

Command Line: --add-opens=java.base/java.util=ALL-UNNAMED --add-opens=java.base/java.lang=ALL-UNNAMED --add-opens=java.base/java.lang.invoke=ALL-UNNAMED --add-opens=java.base/java.util=ALL-UNNAMED --add-opens=java.prefs/java.util.prefs=ALL-UNNAMED --add-opens=java.prefs/java.util.prefs=ALL-UNNAMED --add-opens=java.base/java.nio.charset=ALL-UNNAMED --add-opens=java.base/java.net=ALL-UNNAMED --add-opens=java.base/java.util.concurrent.atomic=ALL-UNNAMED -Xmx2048m -Dfile.encoding=UTF-8 -Duser.country=US -Duser.language=en -Duser.variant org.gradle.launcher.daemon.bootstrap.GradleDaemon 7.5

Host: Intel(R) Core(TM) i3-7100 CPU @ 3.90GHz, 4 cores, 11G,  Windows 10 , 64 bit Build 19041 (10.0.19041.2364)
Time: Mon Feb  6 05:07:15 2023 Bangladesh Standard Time elapsed time: 6.375987 seconds (0d 0h 0m 6s)

---------------  T H R E A D  ---------------

Current thread (0x000002359e2e4000):  JavaThread "C2 CompilerThread0" daemon [_thread_in_native, id=9240, stack(0x0000009cdf000000,0x0000009cdf100000)]


Current CompileTask:
C2:   6376 4379       4       groovyjarjarantlr4.v4.runtime.atn.LexerATNSimulator::closure (258 bytes)

Stack: [0x0000009cdf000000,0x0000009cdf100000],  sp=0x0000009cdf0fa500,  free space=1001k
Native frames: (J=compiled Java code, j=interpreted, Vv=VM code, C=native code)
V  [jvm.dll+0x53bc39]
V  [jvm.dll+0x5507be]
V  [jvm.dll+0x54d8d8]
V  [jvm.dll+0x54cd7f]
V  [jvm.dll+0x22a011]
V  [jvm.dll+0x223809]
V  [jvm.dll+0x220384]
V  [jvm.dll+0x19e851]
V  [jvm.dll+0x230479]
V  [jvm.dll+0x22e5ef]
V  [jvm.dll+0x794de1]
V  [jvm.dll+0x78dc24]
V  [jvm.dll+0x6400f6]
C  [ucrtbase.dll+0x21bb2]
C  [KERNEL32.DLL+0x17614]
C  [ntdll.dll+0x526a1]


siginfo: EXCEPTION_ACCESS_VIOLATION (0xc0000005), reading address 0x0000008000000008


Register to memory mapping:

RIP=0x00007ffeb22dbc39 jvm.dll
RAX=0x0000000000004000 is an unknown value
RBX=0x0000008000000000 is an unknown value
RCX=0x0000009cdf0fab10 is pointing into the stack for thread: 0x000002359e2e4000
RDX=0x0000000000004000 is an unknown value
RSP=0x0000009cdf0fa500 is pointing into the stack for thread: 0x000002359e2e4000
RBP=0x0000009cdf0fab10 is pointing into the stack for thread: 0x000002359e2e4000
RSI=0x0000009cdf0fab10 is pointing into the stack for thread: 0x000002359e2e4000
RDI=0x0000000000002091 is an unknown value
R8 =0x0000000000020000 is an unknown value
R9 =0x0 is NULL
R10=0x00007ffeeea90000 VCRUNTIME140.dll
R11=0x000002359e8ecdf0 points into unknown readable memory: 0x00000235a0e9e498 | 98 e4 e9 a0 35 02 00 00
R12=0x0000000000000002 is an unknown value
R13=0x000002359f60a128 points into unknown readable memory: 0x00007ffeb2643ba0 | a0 3b 64 b2 fe 7f 00 00
R14=0x0 is NULL
R15=0x0000009cdf0fa648 is pointing into the stack for thread: 0x000002359e2e4000


Registers:
RAX=0x0000000000004000, RBX=0x0000008000000000, RCX=0x0000009cdf0fab10, RDX=0x0000000000004000
RSP=0x0000009cdf0fa500, RBP=0x0000009cdf0fab10, RSI=0x0000009cdf0fab10, RDI=0x0000000000002091
R8 =0x0000000000020000, R9 =0x0000000000000000, R10=0x00007ffeeea90000, R11=0x000002359e8ecdf0
R12=0x0000000000000002, R13=0x000002359f60a128, R14=0x0000000000000000, R15=0x0000009cdf0fa648
RIP=0x00007ffeb22dbc39, EFLAGS=0x0000000000010206

Top of Stack: (sp=0x0000009cdf0fa500)
0x0000009cdf0fa500:   000002359e29f550 00007ffeb1e61b85
0x0000009cdf0fa510:   000002359e8eb5f0 0000000000000800
0x0000009cdf0fa520:   00000000000000e1 00007ffeb22f07be
0x0000009cdf0fa530:   000002359f60a020 0000009cdf0fab10
0x0000009cdf0fa540:   0000000000000800 00007ffeb23ad767
0x0000009cdf0fa550:   0000009cdf0fa648 0000000000000002
0x0000009cdf0fa560:   000002359f60a128 0000009cdf0fa620
0x0000009cdf0fa570:   0000000000000002 00007ffeb22ed8d8
0x0000009cdf0fa580:   000002359f22c820 0000009cdf0fab10
0x0000009cdf0fa590:   00000000000000e1 0000009cdf0fa690
0x0000009cdf0fa5a0:   00000235a1ae7640 00007ffeb22eee01
0x0000009cdf0fa5b0:   0000000000000000 0000009cdf0fb498
0x0000009cdf0fa5c0:   0000000000000000 0000009cdf0fab10
0x0000009cdf0fa5d0:   000002359e29f550 0000000000000000
0x0000009cdf0fa5e0:   0000009cdf0fa6f0 00007ffeb22ecd7f
0x0000009cdf0fa5f0:   00000235a0bca9a0 0000009cdf0fa648 

Instructions: (pc=0x00007ffeb22dbc39)
0x00007ffeb22dbb39:   cc cc cc cc cc cc cc 40 53 48 83 ec 20 48 8b d9
0x00007ffeb22dbb49:   48 85 c9 74 18 8b 41 2c 24 0f 3c 08 75 0f ba 11
0x00007ffeb22dbb59:   00 00 00 e8 1f 1c 0d 00 48 85 c0 75 52 80 3d 27
0x00007ffeb22dbb69:   01 54 00 00 74 20 48 85 db 74 1b 8b 43 2c 24 0f
0x00007ffeb22dbb79:   3c 08 75 12 ba 10 00 00 00 48 8b cb e8 f6 1b 0d
0x00007ffeb22dbb89:   00 48 85 c0 75 29 80 3d eb 01 54 00 00 74 29 48
0x00007ffeb22dbb99:   85 db 74 24 8b 43 2c 24 0f 3c 08 75 1b ba 08 00
0x00007ffeb22dbba9:   00 00 48 8b cb e8 cd 1b 0d 00 48 85 c0 74 09 48
0x00007ffeb22dbbb9:   8b c3 48 83 c4 20 5b c3 33 c0 48 83 c4 20 5b c3
0x00007ffeb22dbbc9:   cc cc cc cc cc cc cc 40 53 48 83 ec 20 48 8b d9
0x00007ffeb22dbbd9:   48 85 c9 74 1c 8b 41 2c 24 0f 3c 08 75 13 e8 94
0x00007ffeb22dbbe9:   1b 0d 00 48 85 c0 74 09 48 8b c3 48 83 c4 20 5b
0x00007ffeb22dbbf9:   c3 33 c0 48 83 c4 20 5b c3 cc cc cc cc cc cc cc
0x00007ffeb22dbc09:   cc cc cc cc cc cc cc 48 89 5c 24 08 48 89 74 24
0x00007ffeb22dbc19:   10 57 48 83 ec 20 8b 7a 28 8b 51 28 3b fa 73 0a
0x00007ffeb22dbc29:   48 8b 59 30 48 8b 1c fb eb 02 33 db 48 83 e3 fe
0x00007ffeb22dbc39:   48 8b 43 08 48 83 38 00 75 35 8b 43 28 3b c2 73
0x00007ffeb22dbc49:   0a 48 8b 59 30 48 8b 1c c3 eb 02 33 db 48 83 e3
0x00007ffeb22dbc59:   fe 4c 8b cb 48 8b 43 08 4c 8b 00 4d 85 c0 74 da
0x00007ffeb22dbc69:   8b 43 2c 49 8b d8 83 e0 07 3c 05 49 0f 45 d9 48
0x00007ffeb22dbc79:   8d 71 20 3b fa 72 0a 8b d7 48 8b ce e8 56 23 0e
0x00007ffeb22dbc89:   00 48 8b 46 10 48 8d 53 01 48 8b 74 24 38 48 89
0x00007ffeb22dbc99:   14 f8 48 8b c3 48 8b 5c 24 30 48 83 c4 20 5f c3
0x00007ffeb22dbca9:   cc cc cc cc cc cc cc 8b 42 28 3b 41 28 73 11 8b
0x00007ffeb22dbcb9:   d0 48 8b 41 30 48 8b 0c d0 80 e1 01 0f b6 c1 c3
0x00007ffeb22dbcc9:   33 c9 80 e1 01 0f b6 c1 c3 cc cc cc cc cc cc cc
0x00007ffeb22dbcd9:   cc cc cc cc cc cc cc 8b 52 28 4c 8b c1 48 8b 81
0x00007ffeb22dbce9:   f8 09 00 00 4c 8d 0c d0 48 8b 04 d0 48 8b 50 08
0x00007ffeb22dbcf9:   48 83 3a 00 75 24 8b 51 28 8b 48 28 3b ca 73 0a
0x00007ffeb22dbd09:   49 8b 40 30 48 8b 04 c8 eb 02 33 c0 48 83 e0 fe
0x00007ffeb22dbd19:   48 8b 48 08 48 83 39 00 74 df 49 89 01 c3 cc cc
0x00007ffeb22dbd29:   cc cc cc cc cc cc cc 48 89 5c 24 10 4c 89 44 24 


Stack slot to memory mapping:
stack at sp + 0 slots: 0x000002359e29f550 points into unknown readable memory: 0x746e456500000006 | 06 00 00 00 65 45 6e 74
stack at sp + 1 slots: 0x00007ffeb1e61b85 jvm.dll
stack at sp + 2 slots: 0x000002359e8eb5f0 points into unknown readable memory: 0x00000235a203f4a8 | a8 f4 03 a2 35 02 00 00
stack at sp + 3 slots: 0x0000000000000800 is an unknown value
stack at sp + 4 slots: 0x00000000000000e1 is an unknown value
stack at sp + 5 slots: 0x00007ffeb22f07be jvm.dll
stack at sp + 6 slots: 0x000002359f60a020 points into unknown readable memory: 0x00007ffeb26b62a8 | a8 62 6b b2 fe 7f 00 00
stack at sp + 7 slots: 0x0000009cdf0fab10 is pointing into the stack for thread: 0x000002359e2e4000


---------------  P R O C E S S  ---------------

Threads class SMR info:
_java_thread_list=0x000002359fc58b90, length=35, elements={
0x0000023583e26000, 0x000002359da82800, 0x000002359da7f000, 0x000002359da8a000,
0x000002359da8b000, 0x000002359e2e3800, 0x000002359e2e4000, 0x000002359e342800,
0x000002359e34a800, 0x000002359e447000, 0x000002359e68d000, 0x00000235a1161800,
0x00000235a134e800, 0x00000235a1186000, 0x00000235a0d2e800, 0x00000235a0388800,
0x00000235a0984000, 0x00000235a0959000, 0x00000235a08e7000, 0x00000235a133b000,
0x00000235a12c3000, 0x00000235a0db2800, 0x00000235a0dad800, 0x00000235a0dac800,
0x00000235a0db0000, 0x00000235a0db3000, 0x00000235a0dae000, 0x00000235a0daf000,
0x00000235a0db0800, 0x00000235a0db1800, 0x00000235a0faf800, 0x00000235a0fad000,
0x00000235a0fac800, 0x00000235a0faf000, 0x00000235a33d7000
}

Java Threads: ( => current thread )
  0x0000023583e26000 JavaThread "main" [_thread_blocked, id=7520, stack(0x0000009cde400000,0x0000009cde500000)]
  0x000002359da82800 JavaThread "Reference Handler" daemon [_thread_blocked, id=1876, stack(0x0000009cdeb00000,0x0000009cdec00000)]
  0x000002359da7f000 JavaThread "Finalizer" daemon [_thread_blocked, id=4176, stack(0x0000009cdec00000,0x0000009cded00000)]
  0x000002359da8a000 JavaThread "Signal Dispatcher" daemon [_thread_blocked, id=2432, stack(0x0000009cded00000,0x0000009cdee00000)]
  0x000002359da8b000 JavaThread "Attach Listener" daemon [_thread_blocked, id=9736, stack(0x0000009cdee00000,0x0000009cdef00000)]
  0x000002359e2e3800 JavaThread "Service Thread" daemon [_thread_blocked, id=2864, stack(0x0000009cdef00000,0x0000009cdf000000)]
=>0x000002359e2e4000 JavaThread "C2 CompilerThread0" daemon [_thread_in_native, id=9240, stack(0x0000009cdf000000,0x0000009cdf100000)]
  0x000002359e342800 JavaThread "C1 CompilerThread0" daemon [_thread_in_native, id=11836, stack(0x0000009cdf100000,0x0000009cdf200000)]
  0x000002359e34a800 JavaThread "Sweeper thread" daemon [_thread_blocked, id=7092, stack(0x0000009cdf200000,0x0000009cdf300000)]
  0x000002359e447000 JavaThread "Common-Cleaner" daemon [_thread_blocked, id=10120, stack(0x0000009cdf300000,0x0000009cdf400000)]
  0x000002359e68d000 JavaThread "C2 CompilerThread1" daemon [_thread_in_native, id=8360, stack(0x0000009cdf500000,0x0000009cdf600000)]
  0x00000235a1161800 JavaThread "Daemon health stats" [_thread_blocked, id=9196, stack(0x0000009cdf900000,0x0000009cdfa00000)]
  0x00000235a134e800 JavaThread "Incoming local TCP Connector on port 53224" [_thread_in_native, id=9980, stack(0x0000009cdfa00000,0x0000009cdfb00000)]
  0x00000235a1186000 JavaThread "Daemon periodic checks" [_thread_blocked, id=7564, stack(0x0000009cdfb00000,0x0000009cdfc00000)]
  0x00000235a0d2e800 JavaThread "Daemon" [_thread_blocked, id=7324, stack(0x0000009cdfc00000,0x0000009cdfd00000)]
  0x00000235a0388800 JavaThread "Handler for socket connection from /127.0.0.1:53224 to /127.0.0.1:53225" [_thread_in_native, id=11304, stack(0x0000009cdfd00000,0x0000009cdfe00000)]
  0x00000235a0984000 JavaThread "Cancel handler" [_thread_blocked, id=9296, stack(0x0000009cdfe00000,0x0000009cdff00000)]
  0x00000235a0959000 JavaThread "Daemon worker" [_thread_in_Java, id=1228, stack(0x0000009cdff00000,0x0000009ce0000000)]
  0x00000235a08e7000 JavaThread "Asynchronous log dispatcher for DefaultDaemonConnection: socket connection from /127.0.0.1:53224 to /127.0.0.1:53225" [_thread_blocked, id=3356, stack(0x0000009ce0000000,0x0000009ce0100000)]
  0x00000235a133b000 JavaThread "Stdin handler" [_thread_blocked, id=9344, stack(0x0000009ce0100000,0x0000009ce0200000)]
  0x00000235a12c3000 JavaThread "Daemon client event forwarder" [_thread_blocked, id=11440, stack(0x0000009ce0200000,0x0000009ce0300000)]
  0x00000235a0db2800 JavaThread "Cache worker for journal cache (C:\Users\Administrator\.gradle\caches\journal-1)" [_thread_blocked, id=9368, stack(0x0000009ce0300000,0x0000009ce0400000)]
  0x00000235a0dad800 JavaThread "File lock request listener" [_thread_in_native, id=9816, stack(0x0000009ce0400000,0x0000009ce0500000)]
  0x00000235a0dac800 JavaThread "Cache worker for file hash cache (C:\Users\Administrator\.gradle\caches\7.5\fileHashes)" [_thread_blocked, id=5208, stack(0x0000009ce0500000,0x0000009ce0600000)]
  0x00000235a0db0000 JavaThread "File watcher server" daemon [_thread_in_native, id=7820, stack(0x0000009ce0600000,0x0000009ce0700000)]
  0x00000235a0db3000 JavaThread "File watcher consumer" daemon [_thread_blocked, id=11912, stack(0x0000009ce0700000,0x0000009ce0800000)]
  0x00000235a0dae000 JavaThread "Cache worker for checksums cache (P:\SocialMedia\.gradle\7.5\checksums)" [_thread_blocked, id=8500, stack(0x0000009ce0800000,0x0000009ce0900000)]
  0x00000235a0daf000 JavaThread "Cache worker for cache directory md-rule (C:\Users\Administrator\.gradle\caches\7.5\md-rule)" [_thread_blocked, id=1264, stack(0x0000009ce0900000,0x0000009ce0a00000)]
  0x00000235a0db0800 JavaThread "Cache worker for file content cache (C:\Users\Administrator\.gradle\caches\7.5\fileContent)" [_thread_blocked, id=2264, stack(0x0000009ce0a00000,0x0000009ce0b00000)]
  0x00000235a0db1800 JavaThread "Cache worker for file hash cache (P:\SocialMedia\.gradle\7.5\fileHashes)" [_thread_blocked, id=11500, stack(0x0000009ce0b00000,0x0000009ce0c00000)]
  0x00000235a0faf800 JavaThread "Cache worker for cache directory md-supplier (C:\Users\Administrator\.gradle\caches\7.5\md-supplier)" [_thread_blocked, id=4576, stack(0x0000009ce0c00000,0x0000009ce0d00000)]
  0x00000235a0fad000 JavaThread "Cache worker for execution history cache (C:\Users\Administrator\.gradle\caches\7.5\executionHistory)" [_thread_blocked, id=8120, stack(0x0000009ce0d00000,0x0000009ce0e00000)]
  0x00000235a0fac800 JavaThread "jar transforms" [_thread_blocked, id=3712, stack(0x0000009ce0e00000,0x0000009ce0f00000)]
  0x00000235a0faf000 JavaThread "jar transforms Thread 2" [_thread_blocked, id=10336, stack(0x0000009ce0f00000,0x0000009ce1000000)]
  0x00000235a33d7000 JavaThread "jar transforms Thread 3" [_thread_blocked, id=5192, stack(0x0000009ce1000000,0x0000009ce1100000)]

Other Threads:
  0x000002359e296000 VMThread "VM Thread" [stack: 0x0000009cdea00000,0x0000009cdeb00000] [id=4416]
  0x000002359e473000 WatcherThread [stack: 0x0000009cdf400000,0x0000009cdf500000] [id=10376]
  0x0000023583e3e000 GCTaskThread "GC Thread#0" [stack: 0x0000009cde500000,0x0000009cde600000] [id=4872]
  0x000002359e516000 GCTaskThread "GC Thread#1" [stack: 0x0000009cdf600000,0x0000009cdf700000] [id=7484]
  0x000002359f089000 GCTaskThread "GC Thread#2" [stack: 0x0000009cdf700000,0x0000009cdf800000] [id=6032]
  0x000002359e810000 GCTaskThread "GC Thread#3" [stack: 0x0000009cdf800000,0x0000009cdf900000] [id=8824]
  0x0000023583e71000 ConcurrentGCThread "G1 Main Marker" [stack: 0x0000009cde600000,0x0000009cde700000] [id=2748]
  0x0000023583e72000 ConcurrentGCThread "G1 Conc#0" [stack: 0x0000009cde700000,0x0000009cde800000] [id=2076]
  0x0000023583efd800 ConcurrentGCThread "G1 Refine#0" [stack: 0x0000009cde800000,0x0000009cde900000] [id=4424]
  0x000002359d8c8800 ConcurrentGCThread "G1 Young RemSet Sampling" [stack: 0x0000009cde900000,0x0000009cdea00000] [id=4692]

Threads with active compile tasks:
C2 CompilerThread0     6406 4379       4       groovyjarjarantlr4.v4.runtime.atn.LexerATNSimulator::closure (258 bytes)
C1 CompilerThread0     6406 4573 %     3       groovyjarjarasm.asm.ClassReader::readCode @ 1738 (5109 bytes)
C2 CompilerThread1     6406 4366 %     4       groovyjarjarantlr4.v4.runtime.atn.LexerATNSimulator::getReachableConfigSet @ 77 (198 bytes)

VM state:not at safepoint (normal execution)

VM Mutex/Monitor currently owned by a thread: None

Heap address: 0x0000000080000000, size: 2048 MB, Compressed Oops mode: 32-bit
Narrow klass base: 0x0000000000000000, Narrow klass shift: 3
Compressed class space size: 1073741824 Address: 0x0000000100000000

Heap:
 garbage-first heap   total 394240K, used 97575K [0x0000000080000000, 0x0000000100000000)
  region size 1024K, 74 young (75776K), 14 survivors (14336K)
 Metaspace       used 44920K, capacity 45977K, committed 46236K, reserved 1089536K
  class space    used 5693K, capacity 6103K, committed 6168K, reserved 1048576K
Heap Regions: E=young(eden), S=young(survivor), O=old, HS=humongous(starts), HC=humongous(continues), CS=collection set, F=free, A=archive, TAMS=top-at-mark-start (previous, next)
|   0|0x0000000080000000, 0x0000000080100000, 0x0000000080100000|100%|HS|  |TAMS 0x0000000080100000, 0x0000000080000000| Complete 
|   1|0x0000000080100000, 0x0000000080200000, 0x0000000080200000|100%|HC|  |TAMS 0x0000000080200000, 0x0000000080100000| Complete 
|   2|0x0000000080200000, 0x0000000080300000, 0x0000000080300000|100%|HC|  |TAMS 0x0000000080300000, 0x0000000080200000| Complete 
|   3|0x0000000080300000, 0x0000000080400000, 0x0000000080400000|100%| O|  |TAMS 0x0000000080400000, 0x0000000080300000| Untracked 
|   4|0x0000000080400000, 0x0000000080500000, 0x0000000080500000|100%| O|  |TAMS 0x0000000080500000, 0x0000000080400000| Untracked 
|   5|0x0000000080500000, 0x0000000080600000, 0x0000000080600000|100%| O|  |TAMS 0x0000000080600000, 0x0000000080500000| Untracked 
|   6|0x0000000080600000, 0x0000000080700000, 0x0000000080700000|100%| O|  |TAMS 0x0000000080700000, 0x0000000080600000| Untracked 
|   7|0x0000000080700000, 0x0000000080800000, 0x0000000080800000|100%| O|  |TAMS 0x0000000080800000, 0x0000000080700000| Untracked 
|   8|0x0000000080800000, 0x0000000080900000, 0x0000000080900000|100%| O|  |TAMS 0x0000000080900000, 0x0000000080800000| Untracked 
|   9|0x0000000080900000, 0x0000000080a00000, 0x0000000080a00000|100%| O|  |TAMS 0x0000000080a00000, 0x0000000080900000| Untracked 
|  10|0x0000000080a00000, 0x0000000080b00000, 0x0000000080b00000|100%| O|  |TAMS 0x0000000080b00000, 0x0000000080a00000| Untracked 
|  11|0x0000000080b00000, 0x0000000080c00000, 0x0000000080c00000|100%| O|  |TAMS 0x0000000080c00000, 0x0000000080b00000| Untracked 
|  12|0x0000000080c00000, 0x0000000080d00000, 0x0000000080d00000|100%| O|  |TAMS 0x0000000080d00000, 0x0000000080c00000| Untracked 
|  13|0x0000000080d00000, 0x0000000080e00000, 0x0000000080e00000|100%| O|  |TAMS 0x0000000080e00000, 0x0000000080d00000| Untracked 
|  14|0x0000000080e00000, 0x0000000080f00000, 0x0000000080f00000|100%| O|  |TAMS 0x0000000080e00000, 0x0000000080e00000| Untracked 
|  15|0x0000000080f00000, 0x0000000081000000, 0x0000000081000000|100%| O|  |TAMS 0x0000000080f00000, 0x0000000080f00000| Untracked 
|  16|0x0000000081000000, 0x0000000081100000, 0x0000000081100000|100%| O|  |TAMS 0x0000000081000000, 0x0000000081000000| Untracked 
|  17|0x0000000081100000, 0x0000000081200000, 0x0000000081200000|100%| O|  |TAMS 0x0000000081200000, 0x0000000081100000| Untracked 
|  18|0x0000000081200000, 0x0000000081300000, 0x0000000081300000|100%| O|  |TAMS 0x00000000812f9200, 0x0000000081200000| Untracked 
|  19|0x0000000081300000, 0x0000000081400000, 0x0000000081400000|100%| O|  |TAMS 0x0000000081300000, 0x0000000081300000| Untracked 
|  20|0x0000000081400000, 0x0000000081500000, 0x0000000081500000|100%| O|  |TAMS 0x0000000081400000, 0x0000000081400000| Untracked 
|  21|0x0000000081500000, 0x0000000081600000, 0x0000000081600000|100%| O|  |TAMS 0x0000000081500000, 0x0000000081500000| Untracked 
|  22|0x0000000081600000, 0x0000000081649e00, 0x0000000081700000| 28%| O|  |TAMS 0x0000000081600000, 0x0000000081600000| Untracked 
|  23|0x0000000081700000, 0x0000000081700000, 0x0000000081800000|  0%| F|  |TAMS 0x0000000081700000, 0x0000000081700000| Untracked 
|  24|0x0000000081800000, 0x0000000081800000, 0x0000000081900000|  0%| F|  |TAMS 0x0000000081800000, 0x0000000081800000| Untracked 
|  25|0x0000000081900000, 0x0000000081900000, 0x0000000081a00000|  0%| F|  |TAMS 0x0000000081900000, 0x0000000081900000| Untracked 
|  26|0x0000000081a00000, 0x0000000081a00000, 0x0000000081b00000|  0%| F|  |TAMS 0x0000000081a00000, 0x0000000081a00000| Untracked 
|  27|0x0000000081b00000, 0x0000000081b00000, 0x0000000081c00000|  0%| F|  |TAMS 0x0000000081b00000, 0x0000000081b00000| Untracked 
|  28|0x0000000081c00000, 0x0000000081c00000, 0x0000000081d00000|  0%| F|  |TAMS 0x0000000081c00000, 0x0000000081c00000| Untracked 
|  29|0x0000000081d00000, 0x0000000081d00000, 0x0000000081e00000|  0%| F|  |TAMS 0x0000000081d00000, 0x0000000081d00000| Untracked 
|  30|0x0000000081e00000, 0x0000000081e00000, 0x0000000081f00000|  0%| F|  |TAMS 0x0000000081e00000, 0x0000000081e00000| Untracked 
|  31|0x0000000081f00000, 0x0000000081f00000, 0x0000000082000000|  0%| F|  |TAMS 0x0000000081f00000, 0x0000000081f00000| Untracked 
|  32|0x0000000082000000, 0x0000000082000000, 0x0000000082100000|  0%| F|  |TAMS 0x0000000082000000, 0x0000000082000000| Untracked 
|  33|0x0000000082100000, 0x0000000082100000, 0x0000000082200000|  0%| F|  |TAMS 0x0000000082100000, 0x0000000082100000| Untracked 
|  34|0x0000000082200000, 0x0000000082200000, 0x0000000082300000|  0%| F|  |TAMS 0x0000000082200000, 0x0000000082200000| Untracked 
|  35|0x0000000082300000, 0x0000000082300000, 0x0000000082400000|  0%| F|  |TAMS 0x0000000082300000, 0x0000000082300000| Untracked 
|  36|0x0000000082400000, 0x0000000082400000, 0x0000000082500000|  0%| F|  |TAMS 0x0000000082400000, 0x0000000082400000| Untracked 
|  37|0x0000000082500000, 0x0000000082500000, 0x0000000082600000|  0%| F|  |TAMS 0x0000000082500000, 0x0000000082500000| Untracked 
|  38|0x0000000082600000, 0x0000000082600000, 0x0000000082700000|  0%| F|  |TAMS 0x0000000082600000, 0x0000000082600000| Untracked 
|  39|0x0000000082700000, 0x0000000082700000, 0x0000000082800000|  0%| F|  |TAMS 0x0000000082700000, 0x0000000082700000| Untracked 
|  40|0x0000000082800000, 0x0000000082800000, 0x0000000082900000|  0%| F|  |TAMS 0x0000000082800000, 0x0000000082800000| Untracked 
|  41|0x0000000082900000, 0x0000000082900000, 0x0000000082a00000|  0%| F|  |TAMS 0x0000000082900000, 0x0000000082900000| Untracked 
|  42|0x0000000082a00000, 0x0000000082a00000, 0x0000000082b00000|  0%| F|  |TAMS 0x0000000082a00000, 0x0000000082a00000| Untracked 
|  43|0x0000000082b00000, 0x0000000082b00000, 0x0000000082c00000|  0%| F|  |TAMS 0x0000000082b00000, 0x0000000082b00000| Untracked 
|  44|0x0000000082c00000, 0x0000000082c00000, 0x0000000082d00000|  0%| F|  |TAMS 0x0000000082c00000, 0x0000000082c00000| Untracked 
|  45|0x0000000082d00000, 0x0000000082d00000, 0x0000000082e00000|  0%| F|  |TAMS 0x0000000082d00000, 0x0000000082d00000| Untracked 
|  46|0x0000000082e00000, 0x0000000082e00000, 0x0000000082f00000|  0%| F|  |TAMS 0x0000000082e00000, 0x0000000082e00000| Untracked 
|  47|0x0000000082f00000, 0x0000000082f00000, 0x0000000083000000|  0%| F|  |TAMS 0x0000000082f00000, 0x0000000082f00000| Untracked 
|  48|0x0000000083000000, 0x0000000083000000, 0x0000000083100000|  0%| F|  |TAMS 0x0000000083000000, 0x0000000083000000| Untracked 
|  49|0x0000000083100000, 0x0000000083100000, 0x0000000083200000|  0%| F|  |TAMS 0x0000000083100000, 0x0000000083100000| Untracked 
|  50|0x0000000083200000, 0x0000000083200000, 0x0000000083300000|  0%| F|  |TAMS 0x0000000083200000, 0x0000000083200000| Untracked 
|  51|0x0000000083300000, 0x0000000083300000, 0x0000000083400000|  0%| F|  |TAMS 0x0000000083300000, 0x0000000083300000| Untracked 
|  52|0x0000000083400000, 0x0000000083400000, 0x0000000083500000|  0%| F|  |TAMS 0x0000000083400000, 0x0000000083400000| Untracked 
|  53|0x0000000083500000, 0x0000000083500000, 0x0000000083600000|  0%| F|  |TAMS 0x0000000083500000, 0x0000000083500000| Untracked 
|  54|0x0000000083600000, 0x0000000083600000, 0x0000000083700000|  0%| F|  |TAMS 0x0000000083600000, 0x0000000083600000| Untracked 
|  55|0x0000000083700000, 0x0000000083700000, 0x0000000083800000|  0%| F|  |TAMS 0x0000000083700000, 0x0000000083700000| Untracked 
|  56|0x0000000083800000, 0x0000000083800000, 0x0000000083900000|  0%| F|  |TAMS 0x0000000083800000, 0x0000000083800000| Untracked 
|  57|0x0000000083900000, 0x0000000083900000, 0x0000000083a00000|  0%| F|  |TAMS 0x0000000083900000, 0x0000000083900000| Untracked 
|  58|0x0000000083a00000, 0x0000000083a00000, 0x0000000083b00000|  0%| F|  |TAMS 0x0000000083a00000, 0x0000000083a00000| Untracked 
|  59|0x0000000083b00000, 0x0000000083b00000, 0x0000000083c00000|  0%| F|  |TAMS 0x0000000083b00000, 0x0000000083b00000| Untracked 
|  60|0x0000000083c00000, 0x0000000083c00000, 0x0000000083d00000|  0%| F|  |TAMS 0x0000000083c00000, 0x0000000083c00000| Untracked 
|  61|0x0000000083d00000, 0x0000000083d00000, 0x0000000083e00000|  0%| F|  |TAMS 0x0000000083d00000, 0x0000000083d00000| Untracked 
|  62|0x0000000083e00000, 0x0000000083e00000, 0x0000000083f00000|  0%| F|  |TAMS 0x0000000083e00000, 0x0000000083e00000| Untracked 
|  63|0x0000000083f00000, 0x0000000083f00000, 0x0000000084000000|  0%| F|  |TAMS 0x0000000083f00000, 0x0000000083f00000| Untracked 
|  64|0x0000000084000000, 0x0000000084000000, 0x0000000084100000|  0%| F|  |TAMS 0x0000000084000000, 0x0000000084000000| Untracked 
|  65|0x0000000084100000, 0x0000000084100000, 0x0000000084200000|  0%| F|  |TAMS 0x0000000084100000, 0x0000000084100000| Untracked 
|  66|0x0000000084200000, 0x0000000084200000, 0x0000000084300000|  0%| F|  |TAMS 0x0000000084200000, 0x0000000084200000| Untracked 
|  67|0x0000000084300000, 0x0000000084300000, 0x0000000084400000|  0%| F|  |TAMS 0x0000000084300000, 0x0000000084300000| Untracked 
|  68|0x0000000084400000, 0x0000000084400000, 0x0000000084500000|  0%| F|  |TAMS 0x0000000084400000, 0x0000000084400000| Untracked 
|  69|0x0000000084500000, 0x0000000084500000, 0x0000000084600000|  0%| F|  |TAMS 0x0000000084500000, 0x0000000084500000| Untracked 
|  70|0x0000000084600000, 0x0000000084600000, 0x0000000084700000|  0%| F|  |TAMS 0x0000000084600000, 0x0000000084600000| Untracked 
|  71|0x0000000084700000, 0x0000000084700000, 0x0000000084800000|  0%| F|  |TAMS 0x0000000084700000, 0x0000000084700000| Untracked 
|  72|0x0000000084800000, 0x0000000084800000, 0x0000000084900000|  0%| F|  |TAMS 0x0000000084800000, 0x0000000084800000| Untracked 
|  73|0x0000000084900000, 0x0000000084900000, 0x0000000084a00000|  0%| F|  |TAMS 0x0000000084900000, 0x0000000084900000| Untracked 
|  74|0x0000000084a00000, 0x0000000084a00000, 0x0000000084b00000|  0%| F|  |TAMS 0x0000000084a00000, 0x0000000084a00000| Untracked 
|  75|0x0000000084b00000, 0x0000000084b00000, 0x0000000084c00000|  0%| F|  |TAMS 0x0000000084b00000, 0x0000000084b00000| Untracked 
|  76|0x0000000084c00000, 0x0000000084c00000, 0x0000000084d00000|  0%| F|  |TAMS 0x0000000084c00000, 0x0000000084c00000| Untracked 
|  77|0x0000000084d00000, 0x0000000084d00000, 0x0000000084e00000|  0%| F|  |TAMS 0x0000000084d00000, 0x0000000084d00000| Untracked 
|  78|0x0000000084e00000, 0x0000000084e00000, 0x0000000084f00000|  0%| F|  |TAMS 0x0000000084e00000, 0x0000000084e00000| Untracked 
|  79|0x0000000084f00000, 0x0000000084f00000, 0x0000000085000000|  0%| F|  |TAMS 0x0000000084f00000, 0x0000000084f00000| Untracked 
|  80|0x0000000085000000, 0x0000000085000000, 0x0000000085100000|  0%| F|  |TAMS 0x0000000085000000, 0x0000000085000000| Untracked 
|  81|0x0000000085100000, 0x0000000085100000, 0x0000000085200000|  0%| F|  |TAMS 0x0000000085100000, 0x0000000085100000| Untracked 
|  82|0x0000000085200000, 0x0000000085200000, 0x0000000085300000|  0%| F|  |TAMS 0x0000000085200000, 0x0000000085200000| Untracked 
|  83|0x0000000085300000, 0x0000000085300000, 0x0000000085400000|  0%| F|  |TAMS 0x0000000085300000, 0x0000000085300000| Untracked 
|  84|0x0000000085400000, 0x0000000085400000, 0x0000000085500000|  0%| F|  |TAMS 0x0000000085400000, 0x0000000085400000| Untracked 
|  85|0x0000000085500000, 0x0000000085500000, 0x0000000085600000|  0%| F|  |TAMS 0x0000000085500000, 0x0000000085500000| Untracked 
|  86|0x0000000085600000, 0x0000000085600000, 0x0000000085700000|  0%| F|  |TAMS 0x0000000085600000, 0x0000000085600000| Untracked 
|  87|0x0000000085700000, 0x0000000085700000, 0x0000000085800000|  0%| F|  |TAMS 0x0000000085700000, 0x0000000085700000| Untracked 
|  88|0x0000000085800000, 0x0000000085800000, 0x0000000085900000|  0%| F|  |TAMS 0x0000000085800000, 0x0000000085800000| Untracked 
|  89|0x0000000085900000, 0x0000000085900000, 0x0000000085a00000|  0%| F|  |TAMS 0x0000000085900000, 0x0000000085900000| Untracked 
|  90|0x0000000085a00000, 0x0000000085a00000, 0x0000000085b00000|  0%| F|  |TAMS 0x0000000085a00000, 0x0000000085a00000| Untracked 
|  91|0x0000000085b00000, 0x0000000085b00000, 0x0000000085c00000|  0%| F|  |TAMS 0x0000000085b00000, 0x0000000085b00000| Untracked 
|  92|0x0000000085c00000, 0x0000000085c00000, 0x0000000085d00000|  0%| F|  |TAMS 0x0000000085c00000, 0x0000000085c00000| Untracked 
|  93|0x0000000085d00000, 0x0000000085d00000, 0x0000000085e00000|  0%| F|  |TAMS 0x0000000085d00000, 0x0000000085d00000| Untracked 
|  94|0x0000000085e00000, 0x0000000085e00000, 0x0000000085f00000|  0%| F|  |TAMS 0x0000000085e00000, 0x0000000085e00000| Untracked 
|  95|0x0000000085f00000, 0x0000000085f00000, 0x0000000086000000|  0%| F|  |TAMS 0x0000000085f00000, 0x0000000085f00000| Untracked 
|  96|0x0000000086000000, 0x0000000086000000, 0x0000000086100000|  0%| F|  |TAMS 0x0000000086000000, 0x0000000086000000| Untracked 
|  97|0x0000000086100000, 0x0000000086100000, 0x0000000086200000|  0%| F|  |TAMS 0x0000000086100000, 0x0000000086100000| Untracked 
|  98|0x0000000086200000, 0x0000000086200000, 0x0000000086300000|  0%| F|  |TAMS 0x0000000086200000, 0x0000000086200000| Untracked 
|  99|0x0000000086300000, 0x0000000086300000, 0x0000000086400000|  0%| F|  |TAMS 0x0000000086300000, 0x0000000086300000| Untracked 
| 100|0x0000000086400000, 0x0000000086400000, 0x0000000086500000|  0%| F|  |TAMS 0x0000000086400000, 0x0000000086400000| Untracked 
| 101|0x0000000086500000, 0x0000000086500000, 0x0000000086600000|  0%| F|  |TAMS 0x0000000086500000, 0x0000000086500000| Untracked 
| 102|0x0000000086600000, 0x0000000086600000, 0x0000000086700000|  0%| F|  |TAMS 0x0000000086600000, 0x0000000086600000| Untracked 
| 103|0x0000000086700000, 0x0000000086700000, 0x0000000086800000|  0%| F|  |TAMS 0x0000000086700000, 0x0000000086700000| Untracked 
| 104|0x0000000086800000, 0x0000000086800000, 0x0000000086900000|  0%| F|  |TAMS 0x0000000086800000, 0x0000000086800000| Untracked 
| 105|0x0000000086900000, 0x0000000086900000, 0x0000000086a00000|  0%| F|  |TAMS 0x0000000086900000, 0x0000000086900000| Untracked 
| 106|0x0000000086a00000, 0x0000000086a00000, 0x0000000086b00000|  0%| F|  |TAMS 0x0000000086a00000, 0x0000000086a00000| Untracked 
| 107|0x0000000086b00000, 0x0000000086b00000, 0x0000000086c00000|  0%| F|  |TAMS 0x0000000086b00000, 0x0000000086b00000| Untracked 
| 108|0x0000000086c00000, 0x0000000086c00000, 0x0000000086d00000|  0%| F|  |TAMS 0x0000000086c00000, 0x0000000086c00000| Untracked 
| 109|0x0000000086d00000, 0x0000000086d00000, 0x0000000086e00000|  0%| F|  |TAMS 0x0000000086d00000, 0x0000000086d00000| Untracked 
| 110|0x0000000086e00000, 0x0000000086e00000, 0x0000000086f00000|  0%| F|  |TAMS 0x0000000086e00000, 0x0000000086e00000| Untracked 
| 111|0x0000000086f00000, 0x0000000086f00000, 0x0000000087000000|  0%| F|  |TAMS 0x0000000086f00000, 0x0000000086f00000| Untracked 
| 112|0x0000000087000000, 0x0000000087000000, 0x0000000087100000|  0%| F|  |TAMS 0x0000000087000000, 0x0000000087000000| Untracked 
| 113|0x0000000087100000, 0x0000000087100000, 0x0000000087200000|  0%| F|  |TAMS 0x0000000087100000, 0x0000000087100000| Untracked 
| 114|0x0000000087200000, 0x0000000087200000, 0x0000000087300000|  0%| F|  |TAMS 0x0000000087200000, 0x0000000087200000| Untracked 
| 115|0x0000000087300000, 0x0000000087300000, 0x0000000087400000|  0%| F|  |TAMS 0x0000000087300000, 0x0000000087300000| Untracked 
| 116|0x0000000087400000, 0x0000000087400000, 0x0000000087500000|  0%| F|  |TAMS 0x0000000087400000, 0x0000000087400000| Untracked 
| 117|0x0000000087500000, 0x0000000087500000, 0x0000000087600000|  0%| F|  |TAMS 0x0000000087500000, 0x0000000087500000| Untracked 
| 118|0x0000000087600000, 0x0000000087600000, 0x0000000087700000|  0%| F|  |TAMS 0x0000000087600000, 0x0000000087600000| Untracked 
| 119|0x0000000087700000, 0x0000000087700000, 0x0000000087800000|  0%| F|  |TAMS 0x0000000087700000, 0x0000000087700000| Untracked 
| 120|0x0000000087800000, 0x0000000087800000, 0x0000000087900000|  0%| F|  |TAMS 0x0000000087800000, 0x0000000087800000| Untracked 
| 121|0x0000000087900000, 0x0000000087900000, 0x0000000087a00000|  0%| F|  |TAMS 0x0000000087900000, 0x0000000087900000| Untracked 
| 122|0x0000000087a00000, 0x0000000087a00000, 0x0000000087b00000|  0%| F|  |TAMS 0x0000000087a00000, 0x0000000087a00000| Untracked 
| 123|0x0000000087b00000, 0x0000000087b00000, 0x0000000087c00000|  0%| F|  |TAMS 0x0000000087b00000, 0x0000000087b00000| Untracked 
| 124|0x0000000087c00000, 0x0000000087c00000, 0x0000000087d00000|  0%| F|  |TAMS 0x0000000087c00000, 0x0000000087c00000| Untracked 
| 125|0x0000000087d00000, 0x0000000087d00000, 0x0000000087e00000|  0%| F|  |TAMS 0x0000000087d00000, 0x0000000087d00000| Untracked 
| 126|0x0000000087e00000, 0x0000000087e00000, 0x0000000087f00000|  0%| F|  |TAMS 0x0000000087e00000, 0x0000000087e00000| Untracked 
| 127|0x0000000087f00000, 0x0000000087f00000, 0x0000000088000000|  0%| F|  |TAMS 0x0000000087f00000, 0x0000000087f00000| Untracked 
| 128|0x0000000088000000, 0x0000000088000000, 0x0000000088100000|  0%| F|  |TAMS 0x0000000088000000, 0x0000000088000000| Untracked 
| 129|0x0000000088100000, 0x0000000088100000, 0x0000000088200000|  0%| F|  |TAMS 0x0000000088100000, 0x0000000088100000| Untracked 
| 130|0x0000000088200000, 0x0000000088200000, 0x0000000088300000|  0%| F|  |TAMS 0x0000000088200000, 0x0000000088200000| Untracked 
| 131|0x0000000088300000, 0x0000000088300000, 0x0000000088400000|  0%| F|  |TAMS 0x0000000088300000, 0x0000000088300000| Untracked 
| 132|0x0000000088400000, 0x0000000088400000, 0x0000000088500000|  0%| F|  |TAMS 0x0000000088400000, 0x0000000088400000| Untracked 
| 133|0x0000000088500000, 0x0000000088500000, 0x0000000088600000|  0%| F|  |TAMS 0x0000000088500000, 0x0000000088500000| Untracked 
| 134|0x0000000088600000, 0x0000000088600000, 0x0000000088700000|  0%| F|  |TAMS 0x0000000088600000, 0x0000000088600000| Untracked 
| 135|0x0000000088700000, 0x0000000088700000, 0x0000000088800000|  0%| F|  |TAMS 0x0000000088700000, 0x0000000088700000| Untracked 
| 136|0x0000000088800000, 0x0000000088800000, 0x0000000088900000|  0%| F|  |TAMS 0x0000000088800000, 0x0000000088800000| Untracked 
| 137|0x0000000088900000, 0x0000000088900000, 0x0000000088a00000|  0%| F|  |TAMS 0x0000000088900000, 0x0000000088900000| Untracked 
| 138|0x0000000088a00000, 0x0000000088a00000, 0x0000000088b00000|  0%| F|  |TAMS 0x0000000088a00000, 0x0000000088a00000| Untracked 
| 139|0x0000000088b00000, 0x0000000088b00000, 0x0000000088c00000|  0%| F|  |TAMS 0x0000000088b00000, 0x0000000088b00000| Untracked 
| 140|0x0000000088c00000, 0x0000000088c00000, 0x0000000088d00000|  0%| F|  |TAMS 0x0000000088c00000, 0x0000000088c00000| Untracked 
| 141|0x0000000088d00000, 0x0000000088d00000, 0x0000000088e00000|  0%| F|  |TAMS 0x0000000088d00000, 0x0000000088d00000| Untracked 
| 142|0x0000000088e00000, 0x0000000088e00000, 0x0000000088f00000|  0%| F|  |TAMS 0x0000000088e00000, 0x0000000088e00000| Untracked 
| 143|0x0000000088f00000, 0x0000000088f00000, 0x0000000089000000|  0%| F|  |TAMS 0x0000000088f00000, 0x0000000088f00000| Untracked 
| 144|0x0000000089000000, 0x0000000089000000, 0x0000000089100000|  0%| F|  |TAMS 0x0000000089000000, 0x0000000089000000| Untracked 
| 145|0x0000000089100000, 0x0000000089100000, 0x0000000089200000|  0%| F|  |TAMS 0x0000000089100000, 0x0000000089100000| Untracked 
| 146|0x0000000089200000, 0x0000000089200000, 0x0000000089300000|  0%| F|  |TAMS 0x0000000089200000, 0x0000000089200000| Untracked 
| 147|0x0000000089300000, 0x0000000089300000, 0x0000000089400000|  0%| F|  |TAMS 0x0000000089300000, 0x0000000089300000| Untracked 
| 148|0x0000000089400000, 0x0000000089400000, 0x0000000089500000|  0%| F|  |TAMS 0x0000000089400000, 0x0000000089400000| Untracked 
| 149|0x0000000089500000, 0x0000000089500000, 0x0000000089600000|  0%| F|  |TAMS 0x0000000089500000, 0x0000000089500000| Untracked 
| 150|0x0000000089600000, 0x0000000089600000, 0x0000000089700000|  0%| F|  |TAMS 0x0000000089600000, 0x0000000089600000| Untracked 
| 151|0x0000000089700000, 0x0000000089700000, 0x0000000089800000|  0%| F|  |TAMS 0x0000000089700000, 0x0000000089700000| Untracked 
| 152|0x0000000089800000, 0x0000000089800000, 0x0000000089900000|  0%| F|  |TAMS 0x0000000089800000, 0x0000000089800000| Untracked 
| 153|0x0000000089900000, 0x0000000089900000, 0x0000000089a00000|  0%| F|  |TAMS 0x0000000089900000, 0x0000000089900000| Untracked 
| 154|0x0000000089a00000, 0x0000000089a00000, 0x0000000089b00000|  0%| F|  |TAMS 0x0000000089a00000, 0x0000000089a00000| Untracked 
| 155|0x0000000089b00000, 0x0000000089b00000, 0x0000000089c00000|  0%| F|  |TAMS 0x0000000089b00000, 0x0000000089b00000| Untracked 
| 156|0x0000000089c00000, 0x0000000089c00000, 0x0000000089d00000|  0%| F|  |TAMS 0x0000000089c00000, 0x0000000089c00000| Untracked 
| 157|0x0000000089d00000, 0x0000000089d00000, 0x0000000089e00000|  0%| F|  |TAMS 0x0000000089d00000, 0x0000000089d00000| Untracked 
| 158|0x0000000089e00000, 0x0000000089e00000, 0x0000000089f00000|  0%| F|  |TAMS 0x0000000089e00000, 0x0000000089e00000| Untracked 
| 159|0x0000000089f00000, 0x0000000089f00000, 0x000000008a000000|  0%| F|  |TAMS 0x0000000089f00000, 0x0000000089f00000| Untracked 
| 160|0x000000008a000000, 0x000000008a000000, 0x000000008a100000|  0%| F|  |TAMS 0x000000008a000000, 0x000000008a000000| Untracked 
| 161|0x000000008a100000, 0x000000008a100000, 0x000000008a200000|  0%| F|  |TAMS 0x000000008a100000, 0x000000008a100000| Untracked 
| 162|0x000000008a200000, 0x000000008a200000, 0x000000008a300000|  0%| F|  |TAMS 0x000000008a200000, 0x000000008a200000| Untracked 
| 163|0x000000008a300000, 0x000000008a300000, 0x000000008a400000|  0%| F|  |TAMS 0x000000008a300000, 0x000000008a300000| Untracked 
| 164|0x000000008a400000, 0x000000008a400000, 0x000000008a500000|  0%| F|  |TAMS 0x000000008a400000, 0x000000008a400000| Untracked 
| 165|0x000000008a500000, 0x000000008a500000, 0x000000008a600000|  0%| F|  |TAMS 0x000000008a500000, 0x000000008a500000| Untracked 
| 166|0x000000008a600000, 0x000000008a600000, 0x000000008a700000|  0%| F|  |TAMS 0x000000008a600000, 0x000000008a600000| Untracked 
| 167|0x000000008a700000, 0x000000008a700000, 0x000000008a800000|  0%| F|  |TAMS 0x000000008a700000, 0x000000008a700000| Untracked 
| 168|0x000000008a800000, 0x000000008a800000, 0x000000008a900000|  0%| F|  |TAMS 0x000000008a800000, 0x000000008a800000| Untracked 
| 169|0x000000008a900000, 0x000000008a900000, 0x000000008aa00000|  0%| F|  |TAMS 0x000000008a900000, 0x000000008a900000| Untracked 
| 170|0x000000008aa00000, 0x000000008aa00000, 0x000000008ab00000|  0%| F|  |TAMS 0x000000008aa00000, 0x000000008aa00000| Untracked 
| 171|0x000000008ab00000, 0x000000008ab00000, 0x000000008ac00000|  0%| F|  |TAMS 0x000000008ab00000, 0x000000008ab00000| Untracked 
| 172|0x000000008ac00000, 0x000000008ac00000, 0x000000008ad00000|  0%| F|  |TAMS 0x000000008ac00000, 0x000000008ac00000| Untracked 
| 173|0x000000008ad00000, 0x000000008ad00000, 0x000000008ae00000|  0%| F|  |TAMS 0x000000008ad00000, 0x000000008ad00000| Untracked 
| 174|0x000000008ae00000, 0x000000008ae00000, 0x000000008af00000|  0%| F|  |TAMS 0x000000008ae00000, 0x000000008ae00000| Untracked 
| 175|0x000000008af00000, 0x000000008af00000, 0x000000008b000000|  0%| F|  |TAMS 0x000000008af00000, 0x000000008af00000| Untracked 
| 176|0x000000008b000000, 0x000000008b000000, 0x000000008b100000|  0%| F|  |TAMS 0x000000008b000000, 0x000000008b000000| Untracked 
| 177|0x000000008b100000, 0x000000008b100000, 0x000000008b200000|  0%| F|  |TAMS 0x000000008b100000, 0x000000008b100000| Untracked 
| 178|0x000000008b200000, 0x000000008b200000, 0x000000008b300000|  0%| F|  |TAMS 0x000000008b200000, 0x000000008b200000| Untracked 
| 179|0x000000008b300000, 0x000000008b300000, 0x000000008b400000|  0%| F|  |TAMS 0x000000008b300000, 0x000000008b300000| Untracked 
| 180|0x000000008b400000, 0x000000008b400000, 0x000000008b500000|  0%| F|  |TAMS 0x000000008b400000, 0x000000008b400000| Untracked 
| 181|0x000000008b500000, 0x000000008b500000, 0x000000008b600000|  0%| F|  |TAMS 0x000000008b500000, 0x000000008b500000| Untracked 
| 182|0x000000008b600000, 0x000000008b600000, 0x000000008b700000|  0%| F|  |TAMS 0x000000008b600000, 0x000000008b600000| Untracked 
| 183|0x000000008b700000, 0x000000008b700000, 0x000000008b800000|  0%| F|  |TAMS 0x000000008b700000, 0x000000008b700000| Untracked 
| 184|0x000000008b800000, 0x000000008b800000, 0x000000008b900000|  0%| F|  |TAMS 0x000000008b800000, 0x000000008b800000| Untracked 
| 185|0x000000008b900000, 0x000000008b900000, 0x000000008ba00000|  0%| F|  |TAMS 0x000000008b900000, 0x000000008b900000| Untracked 
| 186|0x000000008ba00000, 0x000000008ba00000, 0x000000008bb00000|  0%| F|  |TAMS 0x000000008ba00000, 0x000000008ba00000| Untracked 
| 187|0x000000008bb00000, 0x000000008bb00000, 0x000000008bc00000|  0%| F|  |TAMS 0x000000008bb00000, 0x000000008bb00000| Untracked 
| 188|0x000000008bc00000, 0x000000008bc00000, 0x000000008bd00000|  0%| F|  |TAMS 0x000000008bc00000, 0x000000008bc00000| Untracked 
| 189|0x000000008bd00000, 0x000000008bd00000, 0x000000008be00000|  0%| F|  |TAMS 0x000000008bd00000, 0x000000008bd00000| Untracked 
| 190|0x000000008be00000, 0x000000008be00000, 0x000000008bf00000|  0%| F|  |TAMS 0x000000008be00000, 0x000000008be00000| Untracked 
| 191|0x000000008bf00000, 0x000000008bf00000, 0x000000008c000000|  0%| F|  |TAMS 0x000000008bf00000, 0x000000008bf00000| Untracked 
| 192|0x000000008c000000, 0x000000008c000000, 0x000000008c100000|  0%| F|  |TAMS 0x000000008c000000, 0x000000008c000000| Untracked 
| 193|0x000000008c100000, 0x000000008c100000, 0x000000008c200000|  0%| F|  |TAMS 0x000000008c100000, 0x000000008c100000| Untracked 
| 194|0x000000008c200000, 0x000000008c200000, 0x000000008c300000|  0%| F|  |TAMS 0x000000008c200000, 0x000000008c200000| Untracked 
| 195|0x000000008c300000, 0x000000008c300000, 0x000000008c400000|  0%| F|  |TAMS 0x000000008c300000, 0x000000008c300000| Untracked 
| 196|0x000000008c400000, 0x000000008c400000, 0x000000008c500000|  0%| F|  |TAMS 0x000000008c400000, 0x000000008c400000| Untracked 
| 197|0x000000008c500000, 0x000000008c500000, 0x000000008c600000|  0%| F|  |TAMS 0x000000008c500000, 0x000000008c500000| Untracked 
| 198|0x000000008c600000, 0x000000008c600000, 0x000000008c700000|  0%| F|  |TAMS 0x000000008c600000, 0x000000008c600000| Untracked 
| 199|0x000000008c700000, 0x000000008c700000, 0x000000008c800000|  0%| F|  |TAMS 0x000000008c700000, 0x000000008c700000| Untracked 
| 200|0x000000008c800000, 0x000000008c800000, 0x000000008c900000|  0%| F|  |TAMS 0x000000008c800000, 0x000000008c800000| Untracked 
| 201|0x000000008c900000, 0x000000008c900000, 0x000000008ca00000|  0%| F|  |TAMS 0x000000008c900000, 0x000000008c900000| Untracked 
| 202|0x000000008ca00000, 0x000000008ca00000, 0x000000008cb00000|  0%| F|  |TAMS 0x000000008ca00000, 0x000000008ca00000| Untracked 
| 203|0x000000008cb00000, 0x000000008cb00000, 0x000000008cc00000|  0%| F|  |TAMS 0x000000008cb00000, 0x000000008cb00000| Untracked 
| 204|0x000000008cc00000, 0x000000008cc00000, 0x000000008cd00000|  0%| F|  |TAMS 0x000000008cc00000, 0x000000008cc00000| Untracked 
| 205|0x000000008cd00000, 0x000000008cd00000, 0x000000008ce00000|  0%| F|  |TAMS 0x000000008cd00000, 0x000000008cd00000| Untracked 
| 206|0x000000008ce00000, 0x000000008ce00000, 0x000000008cf00000|  0%| F|  |TAMS 0x000000008ce00000, 0x000000008ce00000| Untracked 
| 207|0x000000008cf00000, 0x000000008cf00000, 0x000000008d000000|  0%| F|  |TAMS 0x000000008cf00000, 0x000000008cf00000| Untracked 
| 208|0x000000008d000000, 0x000000008d000000, 0x000000008d100000|  0%| F|  |TAMS 0x000000008d000000, 0x000000008d000000| Untracked 
| 209|0x000000008d100000, 0x000000008d100000, 0x000000008d200000|  0%| F|  |TAMS 0x000000008d100000, 0x000000008d100000| Untracked 
| 210|0x000000008d200000, 0x000000008d200000, 0x000000008d300000|  0%| F|  |TAMS 0x000000008d200000, 0x000000008d200000| Untracked 
| 211|0x000000008d300000, 0x000000008d300000, 0x000000008d400000|  0%| F|  |TAMS 0x000000008d300000, 0x000000008d300000| Untracked 
| 212|0x000000008d400000, 0x000000008d400000, 0x000000008d500000|  0%| F|  |TAMS 0x000000008d400000, 0x000000008d400000| Untracked 
| 213|0x000000008d500000, 0x000000008d500000, 0x000000008d600000|  0%| F|  |TAMS 0x000000008d500000, 0x000000008d500000| Untracked 
| 214|0x000000008d600000, 0x000000008d600000, 0x000000008d700000|  0%| F|  |TAMS 0x000000008d600000, 0x000000008d600000| Untracked 
| 215|0x000000008d700000, 0x000000008d700000, 0x000000008d800000|  0%| F|  |TAMS 0x000000008d700000, 0x000000008d700000| Untracked 
| 216|0x000000008d800000, 0x000000008d800000, 0x000000008d900000|  0%| F|  |TAMS 0x000000008d800000, 0x000000008d800000| Untracked 
| 217|0x000000008d900000, 0x000000008d900000, 0x000000008da00000|  0%| F|  |TAMS 0x000000008d900000, 0x000000008d900000| Untracked 
| 218|0x000000008da00000, 0x000000008da00000, 0x000000008db00000|  0%| F|  |TAMS 0x000000008da00000, 0x000000008da00000| Untracked 
| 219|0x000000008db00000, 0x000000008db00000, 0x000000008dc00000|  0%| F|  |TAMS 0x000000008db00000, 0x000000008db00000| Untracked 
| 220|0x000000008dc00000, 0x000000008dc00000, 0x000000008dd00000|  0%| F|  |TAMS 0x000000008dc00000, 0x000000008dc00000| Untracked 
| 221|0x000000008dd00000, 0x000000008dd00000, 0x000000008de00000|  0%| F|  |TAMS 0x000000008dd00000, 0x000000008dd00000| Untracked 
| 222|0x000000008de00000, 0x000000008de00000, 0x000000008df00000|  0%| F|  |TAMS 0x000000008de00000, 0x000000008de00000| Untracked 
| 223|0x000000008df00000, 0x000000008df00000, 0x000000008e000000|  0%| F|  |TAMS 0x000000008df00000, 0x000000008df00000| Untracked 
| 224|0x000000008e000000, 0x000000008e000000, 0x000000008e100000|  0%| F|  |TAMS 0x000000008e000000, 0x000000008e000000| Untracked 
| 225|0x000000008e100000, 0x000000008e100000, 0x000000008e200000|  0%| F|  |TAMS 0x000000008e100000, 0x000000008e100000| Untracked 
| 226|0x000000008e200000, 0x000000008e200000, 0x000000008e300000|  0%| F|  |TAMS 0x000000008e200000, 0x000000008e200000| Untracked 
| 227|0x000000008e300000, 0x000000008e300000, 0x000000008e400000|  0%| F|  |TAMS 0x000000008e300000, 0x000000008e300000| Untracked 
| 228|0x000000008e400000, 0x000000008e400000, 0x000000008e500000|  0%| F|  |TAMS 0x000000008e400000, 0x000000008e400000| Untracked 
| 229|0x000000008e500000, 0x000000008e500000, 0x000000008e600000|  0%| F|  |TAMS 0x000000008e500000, 0x000000008e500000| Untracked 
| 230|0x000000008e600000, 0x000000008e600000, 0x000000008e700000|  0%| F|  |TAMS 0x000000008e600000, 0x000000008e600000| Untracked 
| 231|0x000000008e700000, 0x000000008e700000, 0x000000008e800000|  0%| F|  |TAMS 0x000000008e700000, 0x000000008e700000| Untracked 
| 232|0x000000008e800000, 0x000000008e800000, 0x000000008e900000|  0%| F|  |TAMS 0x000000008e800000, 0x000000008e800000| Untracked 
| 233|0x000000008e900000, 0x000000008e900000, 0x000000008ea00000|  0%| F|  |TAMS 0x000000008e900000, 0x000000008e900000| Untracked 
| 234|0x000000008ea00000, 0x000000008ea00000, 0x000000008eb00000|  0%| F|  |TAMS 0x000000008ea00000, 0x000000008ea00000| Untracked 
| 235|0x000000008eb00000, 0x000000008eb00000, 0x000000008ec00000|  0%| F|  |TAMS 0x000000008eb00000, 0x000000008eb00000| Untracked 
| 236|0x000000008ec00000, 0x000000008ec00000, 0x000000008ed00000|  0%| F|  |TAMS 0x000000008ec00000, 0x000000008ec00000| Untracked 
| 237|0x000000008ed00000, 0x000000008ed00000, 0x000000008ee00000|  0%| F|  |TAMS 0x000000008ed00000, 0x000000008ed00000| Untracked 
| 238|0x000000008ee00000, 0x000000008ee00000, 0x000000008ef00000|  0%| F|  |TAMS 0x000000008ee00000, 0x000000008ee00000| Untracked 
| 239|0x000000008ef00000, 0x000000008ef00000, 0x000000008f000000|  0%| F|  |TAMS 0x000000008ef00000, 0x000000008ef00000| Untracked 
| 240|0x000000008f000000, 0x000000008f000000, 0x000000008f100000|  0%| F|  |TAMS 0x000000008f000000, 0x000000008f000000| Untracked 
| 241|0x000000008f100000, 0x000000008f100000, 0x000000008f200000|  0%| F|  |TAMS 0x000000008f100000, 0x000000008f100000| Untracked 
| 242|0x000000008f200000, 0x000000008f200000, 0x000000008f300000|  0%| F|  |TAMS 0x000000008f200000, 0x000000008f200000| Untracked 
| 243|0x000000008f300000, 0x000000008f300000, 0x000000008f400000|  0%| F|  |TAMS 0x000000008f300000, 0x000000008f300000| Untracked 
| 244|0x000000008f400000, 0x000000008f400000, 0x000000008f500000|  0%| F|  |TAMS 0x000000008f400000, 0x000000008f400000| Untracked 
| 245|0x000000008f500000, 0x000000008f600000, 0x000000008f600000|100%| S|CS|TAMS 0x000000008f500000, 0x000000008f500000| Complete 
| 246|0x000000008f600000, 0x000000008f700000, 0x000000008f700000|100%| S|CS|TAMS 0x000000008f600000, 0x000000008f600000| Complete 
| 247|0x000000008f700000, 0x000000008f800000, 0x000000008f800000|100%| S|CS|TAMS 0x000000008f700000, 0x000000008f700000| Complete 
| 248|0x000000008f800000, 0x000000008f900000, 0x000000008f900000|100%| S|CS|TAMS 0x000000008f800000, 0x000000008f800000| Complete 
| 249|0x000000008f900000, 0x000000008fa00000, 0x000000008fa00000|100%| S|CS|TAMS 0x000000008f900000, 0x000000008f900000| Complete 
| 250|0x000000008fa00000, 0x000000008fb00000, 0x000000008fb00000|100%| S|CS|TAMS 0x000000008fa00000, 0x000000008fa00000| Complete 
| 251|0x000000008fb00000, 0x000000008fc00000, 0x000000008fc00000|100%| S|CS|TAMS 0x000000008fb00000, 0x000000008fb00000| Complete 
| 252|0x000000008fc00000, 0x000000008fd00000, 0x000000008fd00000|100%| S|CS|TAMS 0x000000008fc00000, 0x000000008fc00000| Complete 
| 253|0x000000008fd00000, 0x000000008fe00000, 0x000000008fe00000|100%| S|CS|TAMS 0x000000008fd00000, 0x000000008fd00000| Complete 
| 254|0x000000008fe00000, 0x000000008ff00000, 0x000000008ff00000|100%| S|CS|TAMS 0x000000008fe00000, 0x000000008fe00000| Complete 
| 255|0x000000008ff00000, 0x0000000090000000, 0x0000000090000000|100%| S|CS|TAMS 0x000000008ff00000, 0x000000008ff00000| Complete 
| 256|0x0000000090000000, 0x0000000090100000, 0x0000000090100000|100%| S|CS|TAMS 0x0000000090000000, 0x0000000090000000| Complete 
| 257|0x0000000090100000, 0x0000000090200000, 0x0000000090200000|100%| S|CS|TAMS 0x0000000090100000, 0x0000000090100000| Complete 
| 258|0x0000000090200000, 0x0000000090300000, 0x0000000090300000|100%| S|CS|TAMS 0x0000000090200000, 0x0000000090200000| Complete 
| 259|0x0000000090300000, 0x0000000090300000, 0x0000000090400000|  0%| F|  |TAMS 0x0000000090300000, 0x0000000090300000| Untracked 
| 260|0x0000000090400000, 0x0000000090400000, 0x0000000090500000|  0%| F|  |TAMS 0x0000000090400000, 0x0000000090400000| Untracked 
| 261|0x0000000090500000, 0x0000000090500000, 0x0000000090600000|  0%| F|  |TAMS 0x0000000090500000, 0x0000000090500000| Untracked 
| 262|0x0000000090600000, 0x0000000090600000, 0x0000000090700000|  0%| F|  |TAMS 0x0000000090600000, 0x0000000090600000| Untracked 
| 263|0x0000000090700000, 0x0000000090700000, 0x0000000090800000|  0%| F|  |TAMS 0x0000000090700000, 0x0000000090700000| Untracked 
| 264|0x0000000090800000, 0x0000000090800000, 0x0000000090900000|  0%| F|  |TAMS 0x0000000090800000, 0x0000000090800000| Untracked 
| 265|0x0000000090900000, 0x0000000090900000, 0x0000000090a00000|  0%| F|  |TAMS 0x0000000090900000, 0x0000000090900000| Untracked 
| 266|0x0000000090a00000, 0x0000000090a00000, 0x0000000090b00000|  0%| F|  |TAMS 0x0000000090a00000, 0x0000000090a00000| Untracked 
| 267|0x0000000090b00000, 0x0000000090b00000, 0x0000000090c00000|  0%| F|  |TAMS 0x0000000090b00000, 0x0000000090b00000| Untracked 
| 268|0x0000000090c00000, 0x0000000090c00000, 0x0000000090d00000|  0%| F|  |TAMS 0x0000000090c00000, 0x0000000090c00000| Untracked 
| 269|0x0000000090d00000, 0x0000000090d00000, 0x0000000090e00000|  0%| F|  |TAMS 0x0000000090d00000, 0x0000000090d00000| Untracked 
| 270|0x0000000090e00000, 0x0000000090e00000, 0x0000000090f00000|  0%| F|  |TAMS 0x0000000090e00000, 0x0000000090e00000| Untracked 
| 271|0x0000000090f00000, 0x0000000090f00000, 0x0000000091000000|  0%| F|  |TAMS 0x0000000090f00000, 0x0000000090f00000| Untracked 
| 272|0x0000000091000000, 0x0000000091000000, 0x0000000091100000|  0%| F|  |TAMS 0x0000000091000000, 0x0000000091000000| Untracked 
| 273|0x0000000091100000, 0x0000000091100000, 0x0000000091200000|  0%| F|  |TAMS 0x0000000091100000, 0x0000000091100000| Untracked 
| 274|0x0000000091200000, 0x0000000091200000, 0x0000000091300000|  0%| F|  |TAMS 0x0000000091200000, 0x0000000091200000| Untracked 
| 275|0x0000000091300000, 0x0000000091300000, 0x0000000091400000|  0%| F|  |TAMS 0x0000000091300000, 0x0000000091300000| Untracked 
| 276|0x0000000091400000, 0x0000000091400000, 0x0000000091500000|  0%| F|  |TAMS 0x0000000091400000, 0x0000000091400000| Untracked 
| 277|0x0000000091500000, 0x0000000091500000, 0x0000000091600000|  0%| F|  |TAMS 0x0000000091500000, 0x0000000091500000| Untracked 
| 278|0x0000000091600000, 0x0000000091600000, 0x0000000091700000|  0%| F|  |TAMS 0x0000000091600000, 0x0000000091600000| Untracked 
| 279|0x0000000091700000, 0x0000000091700000, 0x0000000091800000|  0%| F|  |TAMS 0x0000000091700000, 0x0000000091700000| Untracked 
| 280|0x0000000091800000, 0x0000000091800000, 0x0000000091900000|  0%| F|  |TAMS 0x0000000091800000, 0x0000000091800000| Untracked 
| 281|0x0000000091900000, 0x0000000091900000, 0x0000000091a00000|  0%| F|  |TAMS 0x0000000091900000, 0x0000000091900000| Untracked 
| 282|0x0000000091a00000, 0x0000000091a00000, 0x0000000091b00000|  0%| F|  |TAMS 0x0000000091a00000, 0x0000000091a00000| Untracked 
| 283|0x0000000091b00000, 0x0000000091b00000, 0x0000000091c00000|  0%| F|  |TAMS 0x0000000091b00000, 0x0000000091b00000| Untracked 
| 284|0x0000000091c00000, 0x0000000091c00000, 0x0000000091d00000|  0%| F|  |TAMS 0x0000000091c00000, 0x0000000091c00000| Untracked 
| 285|0x0000000091d00000, 0x0000000091d00000, 0x0000000091e00000|  0%| F|  |TAMS 0x0000000091d00000, 0x0000000091d00000| Untracked 
| 286|0x0000000091e00000, 0x0000000091e00000, 0x0000000091f00000|  0%| F|  |TAMS 0x0000000091e00000, 0x0000000091e00000| Untracked 
| 287|0x0000000091f00000, 0x0000000091f00000, 0x0000000092000000|  0%| F|  |TAMS 0x0000000091f00000, 0x0000000091f00000| Untracked 
| 288|0x0000000092000000, 0x0000000092000000, 0x0000000092100000|  0%| F|  |TAMS 0x0000000092000000, 0x0000000092000000| Untracked 
| 289|0x0000000092100000, 0x0000000092100000, 0x0000000092200000|  0%| F|  |TAMS 0x0000000092100000, 0x0000000092100000| Untracked 
| 290|0x0000000092200000, 0x0000000092200000, 0x0000000092300000|  0%| F|  |TAMS 0x0000000092200000, 0x0000000092200000| Untracked 
| 291|0x0000000092300000, 0x0000000092300000, 0x0000000092400000|  0%| F|  |TAMS 0x0000000092300000, 0x0000000092300000| Untracked 
| 292|0x0000000092400000, 0x0000000092400000, 0x0000000092500000|  0%| F|  |TAMS 0x0000000092400000, 0x0000000092400000| Untracked 
| 293|0x0000000092500000, 0x0000000092500000, 0x0000000092600000|  0%| F|  |TAMS 0x0000000092500000, 0x0000000092500000| Untracked 
| 294|0x0000000092600000, 0x0000000092600000, 0x0000000092700000|  0%| F|  |TAMS 0x0000000092600000, 0x0000000092600000| Untracked 
| 295|0x0000000092700000, 0x0000000092700000, 0x0000000092800000|  0%| F|  |TAMS 0x0000000092700000, 0x0000000092700000| Untracked 
| 296|0x0000000092800000, 0x0000000092800000, 0x0000000092900000|  0%| F|  |TAMS 0x0000000092800000, 0x0000000092800000| Untracked 
| 297|0x0000000092900000, 0x0000000092900000, 0x0000000092a00000|  0%| F|  |TAMS 0x0000000092900000, 0x0000000092900000| Untracked 
| 298|0x0000000092a00000, 0x0000000092a00000, 0x0000000092b00000|  0%| F|  |TAMS 0x0000000092a00000, 0x0000000092a00000| Untracked 
| 299|0x0000000092b00000, 0x0000000092b00000, 0x0000000092c00000|  0%| F|  |TAMS 0x0000000092b00000, 0x0000000092b00000| Untracked 
| 300|0x0000000092c00000, 0x0000000092c00000, 0x0000000092d00000|  0%| F|  |TAMS 0x0000000092c00000, 0x0000000092c00000| Untracked 
| 301|0x0000000092d00000, 0x0000000092d00000, 0x0000000092e00000|  0%| F|  |TAMS 0x0000000092d00000, 0x0000000092d00000| Untracked 
| 302|0x0000000092e00000, 0x0000000092e00000, 0x0000000092f00000|  0%| F|  |TAMS 0x0000000092e00000, 0x0000000092e00000| Untracked 
| 303|0x0000000092f00000, 0x0000000092f00000, 0x0000000093000000|  0%| F|  |TAMS 0x0000000092f00000, 0x0000000092f00000| Untracked 
| 304|0x0000000093000000, 0x0000000093000000, 0x0000000093100000|  0%| F|  |TAMS 0x0000000093000000, 0x0000000093000000| Untracked 
| 305|0x0000000093100000, 0x0000000093100000, 0x0000000093200000|  0%| F|  |TAMS 0x0000000093100000, 0x0000000093100000| Untracked 
| 306|0x0000000093200000, 0x0000000093200000, 0x0000000093300000|  0%| F|  |TAMS 0x0000000093200000, 0x0000000093200000| Untracked 
| 307|0x0000000093300000, 0x0000000093300000, 0x0000000093400000|  0%| F|  |TAMS 0x0000000093300000, 0x0000000093300000| Untracked 
| 308|0x0000000093400000, 0x0000000093400000, 0x0000000093500000|  0%| F|  |TAMS 0x0000000093400000, 0x0000000093400000| Untracked 
| 309|0x0000000093500000, 0x0000000093500000, 0x0000000093600000|  0%| F|  |TAMS 0x0000000093500000, 0x0000000093500000| Untracked 
| 310|0x0000000093600000, 0x0000000093600000, 0x0000000093700000|  0%| F|  |TAMS 0x0000000093600000, 0x0000000093600000| Untracked 
| 311|0x0000000093700000, 0x0000000093700000, 0x0000000093800000|  0%| F|  |TAMS 0x0000000093700000, 0x0000000093700000| Untracked 
| 312|0x0000000093800000, 0x0000000093800000, 0x0000000093900000|  0%| F|  |TAMS 0x0000000093800000, 0x0000000093800000| Untracked 
| 313|0x0000000093900000, 0x0000000093900000, 0x0000000093a00000|  0%| F|  |TAMS 0x0000000093900000, 0x0000000093900000| Untracked 
| 314|0x0000000093a00000, 0x0000000093a00000, 0x0000000093b00000|  0%| F|  |TAMS 0x0000000093a00000, 0x0000000093a00000| Untracked 
| 315|0x0000000093b00000, 0x0000000093b00000, 0x0000000093c00000|  0%| F|  |TAMS 0x0000000093b00000, 0x0000000093b00000| Untracked 
| 316|0x0000000093c00000, 0x0000000093c00000, 0x0000000093d00000|  0%| F|  |TAMS 0x0000000093c00000, 0x0000000093c00000| Untracked 
| 317|0x0000000093d00000, 0x0000000093d00000, 0x0000000093e00000|  0%| F|  |TAMS 0x0000000093d00000, 0x0000000093d00000| Untracked 
| 318|0x0000000093e00000, 0x0000000093e00000, 0x0000000093f00000|  0%| F|  |TAMS 0x0000000093e00000, 0x0000000093e00000| Untracked 
| 319|0x0000000093f00000, 0x0000000093f00000, 0x0000000094000000|  0%| F|  |TAMS 0x0000000093f00000, 0x0000000093f00000| Untracked 
| 320|0x0000000094000000, 0x0000000094000000, 0x0000000094100000|  0%| F|  |TAMS 0x0000000094000000, 0x0000000094000000| Untracked 
| 321|0x0000000094100000, 0x0000000094100000, 0x0000000094200000|  0%| F|  |TAMS 0x0000000094100000, 0x0000000094100000| Untracked 
| 322|0x0000000094200000, 0x0000000094200000, 0x0000000094300000|  0%| F|  |TAMS 0x0000000094200000, 0x0000000094200000| Untracked 
| 323|0x0000000094300000, 0x0000000094300000, 0x0000000094400000|  0%| F|  |TAMS 0x0000000094300000, 0x0000000094300000| Untracked 
| 324|0x0000000094400000, 0x0000000094499770, 0x0000000094500000| 59%| E|  |TAMS 0x0000000094400000, 0x0000000094400000| Complete 
| 325|0x0000000094500000, 0x0000000094600000, 0x0000000094600000|100%| E|CS|TAMS 0x0000000094500000, 0x0000000094500000| Complete 
| 326|0x0000000094600000, 0x0000000094700000, 0x0000000094700000|100%| E|CS|TAMS 0x0000000094600000, 0x0000000094600000| Complete 
| 327|0x0000000094700000, 0x0000000094800000, 0x0000000094800000|100%| E|CS|TAMS 0x0000000094700000, 0x0000000094700000| Complete 
| 328|0x0000000094800000, 0x0000000094900000, 0x0000000094900000|100%| E|CS|TAMS 0x0000000094800000, 0x0000000094800000| Complete 
| 329|0x0000000094900000, 0x0000000094a00000, 0x0000000094a00000|100%| E|CS|TAMS 0x0000000094900000, 0x0000000094900000| Complete 
| 330|0x0000000094a00000, 0x0000000094b00000, 0x0000000094b00000|100%| E|CS|TAMS 0x0000000094a00000, 0x0000000094a00000| Complete 
| 331|0x0000000094b00000, 0x0000000094c00000, 0x0000000094c00000|100%| E|CS|TAMS 0x0000000094b00000, 0x0000000094b00000| Complete 
| 332|0x0000000094c00000, 0x0000000094d00000, 0x0000000094d00000|100%| E|CS|TAMS 0x0000000094c00000, 0x0000000094c00000| Complete 
| 333|0x0000000094d00000, 0x0000000094e00000, 0x0000000094e00000|100%| E|CS|TAMS 0x0000000094d00000, 0x0000000094d00000| Complete 
| 334|0x0000000094e00000, 0x0000000094f00000, 0x0000000094f00000|100%| E|CS|TAMS 0x0000000094e00000, 0x0000000094e00000| Complete 
| 335|0x0000000094f00000, 0x0000000095000000, 0x0000000095000000|100%| E|CS|TAMS 0x0000000094f00000, 0x0000000094f00000| Complete 
| 336|0x0000000095000000, 0x0000000095100000, 0x0000000095100000|100%| E|CS|TAMS 0x0000000095000000, 0x0000000095000000| Complete 
| 337|0x0000000095100000, 0x0000000095200000, 0x0000000095200000|100%| E|CS|TAMS 0x0000000095100000, 0x0000000095100000| Complete 
| 338|0x0000000095200000, 0x0000000095300000, 0x0000000095300000|100%| E|CS|TAMS 0x0000000095200000, 0x0000000095200000| Complete 
| 339|0x0000000095300000, 0x0000000095400000, 0x0000000095400000|100%| E|CS|TAMS 0x0000000095300000, 0x0000000095300000| Complete 
| 340|0x0000000095400000, 0x0000000095500000, 0x0000000095500000|100%| E|CS|TAMS 0x0000000095400000, 0x0000000095400000| Complete 
| 341|0x0000000095500000, 0x0000000095600000, 0x0000000095600000|100%| E|CS|TAMS 0x0000000095500000, 0x0000000095500000| Complete 
| 342|0x0000000095600000, 0x0000000095700000, 0x0000000095700000|100%| E|CS|TAMS 0x0000000095600000, 0x0000000095600000| Complete 
| 343|0x0000000095700000, 0x0000000095800000, 0x0000000095800000|100%| E|CS|TAMS 0x0000000095700000, 0x0000000095700000| Complete 
| 344|0x0000000095800000, 0x0000000095900000, 0x0000000095900000|100%| E|CS|TAMS 0x0000000095800000, 0x0000000095800000| Complete 
| 345|0x0000000095900000, 0x0000000095a00000, 0x0000000095a00000|100%| E|CS|TAMS 0x0000000095900000, 0x0000000095900000| Complete 
| 346|0x0000000095a00000, 0x0000000095b00000, 0x0000000095b00000|100%| E|CS|TAMS 0x0000000095a00000, 0x0000000095a00000| Complete 
| 347|0x0000000095b00000, 0x0000000095c00000, 0x0000000095c00000|100%| E|CS|TAMS 0x0000000095b00000, 0x0000000095b00000| Complete 
| 348|0x0000000095c00000, 0x0000000095d00000, 0x0000000095d00000|100%| E|CS|TAMS 0x0000000095c00000, 0x0000000095c00000| Complete 
| 349|0x0000000095d00000, 0x0000000095e00000, 0x0000000095e00000|100%| E|CS|TAMS 0x0000000095d00000, 0x0000000095d00000| Complete 
| 350|0x0000000095e00000, 0x0000000095f00000, 0x0000000095f00000|100%| E|CS|TAMS 0x0000000095e00000, 0x0000000095e00000| Complete 
| 351|0x0000000095f00000, 0x0000000096000000, 0x0000000096000000|100%| E|CS|TAMS 0x0000000095f00000, 0x0000000095f00000| Complete 
| 352|0x0000000096000000, 0x0000000096100000, 0x0000000096100000|100%| E|CS|TAMS 0x0000000096000000, 0x0000000096000000| Complete 
| 353|0x0000000096100000, 0x0000000096200000, 0x0000000096200000|100%| E|CS|TAMS 0x0000000096100000, 0x0000000096100000| Complete 
| 354|0x0000000096200000, 0x0000000096300000, 0x0000000096300000|100%| E|CS|TAMS 0x0000000096200000, 0x0000000096200000| Complete 
| 355|0x0000000096300000, 0x0000000096400000, 0x0000000096400000|100%| E|CS|TAMS 0x0000000096300000, 0x0000000096300000| Complete 
| 356|0x0000000096400000, 0x0000000096500000, 0x0000000096500000|100%| E|CS|TAMS 0x0000000096400000, 0x0000000096400000| Complete 
| 357|0x0000000096500000, 0x0000000096600000, 0x0000000096600000|100%| E|CS|TAMS 0x0000000096500000, 0x0000000096500000| Complete 
| 358|0x0000000096600000, 0x0000000096700000, 0x0000000096700000|100%| E|CS|TAMS 0x0000000096600000, 0x0000000096600000| Complete 
| 359|0x0000000096700000, 0x0000000096800000, 0x0000000096800000|100%| E|CS|TAMS 0x0000000096700000, 0x0000000096700000| Complete 
| 360|0x0000000096800000, 0x0000000096900000, 0x0000000096900000|100%| E|CS|TAMS 0x0000000096800000, 0x0000000096800000| Complete 
| 361|0x0000000096900000, 0x0000000096a00000, 0x0000000096a00000|100%| E|CS|TAMS 0x0000000096900000, 0x0000000096900000| Complete 
| 362|0x0000000096a00000, 0x0000000096b00000, 0x0000000096b00000|100%| E|CS|TAMS 0x0000000096a00000, 0x0000000096a00000| Complete 
| 363|0x0000000096b00000, 0x0000000096c00000, 0x0000000096c00000|100%| E|CS|TAMS 0x0000000096b00000, 0x0000000096b00000| Complete 
| 364|0x0000000096c00000, 0x0000000096d00000, 0x0000000096d00000|100%| E|CS|TAMS 0x0000000096c00000, 0x0000000096c00000| Complete 
| 365|0x0000000096d00000, 0x0000000096e00000, 0x0000000096e00000|100%| E|CS|TAMS 0x0000000096d00000, 0x0000000096d00000| Complete 
| 366|0x0000000096e00000, 0x0000000096f00000, 0x0000000096f00000|100%| E|CS|TAMS 0x0000000096e00000, 0x0000000096e00000| Complete 
| 367|0x0000000096f00000, 0x0000000097000000, 0x0000000097000000|100%| E|CS|TAMS 0x0000000096f00000, 0x0000000096f00000| Complete 
| 368|0x0000000097000000, 0x0000000097100000, 0x0000000097100000|100%| E|CS|TAMS 0x0000000097000000, 0x0000000097000000| Complete 
| 369|0x0000000097100000, 0x0000000097200000, 0x0000000097200000|100%| E|CS|TAMS 0x0000000097100000, 0x0000000097100000| Complete 
| 370|0x0000000097200000, 0x0000000097300000, 0x0000000097300000|100%| E|CS|TAMS 0x0000000097200000, 0x0000000097200000| Complete 
| 371|0x0000000097300000, 0x0000000097400000, 0x0000000097400000|100%| E|CS|TAMS 0x0000000097300000, 0x0000000097300000| Complete 
| 372|0x0000000097400000, 0x0000000097500000, 0x0000000097500000|100%| E|CS|TAMS 0x0000000097400000, 0x0000000097400000| Complete 
| 373|0x0000000097500000, 0x0000000097600000, 0x0000000097600000|100%| E|CS|TAMS 0x0000000097500000, 0x0000000097500000| Complete 
| 374|0x0000000097600000, 0x0000000097700000, 0x0000000097700000|100%| E|CS|TAMS 0x0000000097600000, 0x0000000097600000| Complete 
| 375|0x0000000097700000, 0x0000000097800000, 0x0000000097800000|100%| E|CS|TAMS 0x0000000097700000, 0x0000000097700000| Complete 
| 376|0x0000000097800000, 0x0000000097900000, 0x0000000097900000|100%| E|CS|TAMS 0x0000000097800000, 0x0000000097800000| Complete 
| 377|0x0000000097900000, 0x0000000097a00000, 0x0000000097a00000|100%| E|CS|TAMS 0x0000000097900000, 0x0000000097900000| Complete 
| 378|0x0000000097a00000, 0x0000000097b00000, 0x0000000097b00000|100%| E|CS|TAMS 0x0000000097a00000, 0x0000000097a00000| Complete 
| 379|0x0000000097b00000, 0x0000000097c00000, 0x0000000097c00000|100%| E|CS|TAMS 0x0000000097b00000, 0x0000000097b00000| Complete 
| 380|0x0000000097c00000, 0x0000000097d00000, 0x0000000097d00000|100%| E|CS|TAMS 0x0000000097c00000, 0x0000000097c00000| Complete 
| 381|0x0000000097d00000, 0x0000000097e00000, 0x0000000097e00000|100%| E|CS|TAMS 0x0000000097d00000, 0x0000000097d00000| Complete 
| 382|0x0000000097e00000, 0x0000000097f00000, 0x0000000097f00000|100%| E|CS|TAMS 0x0000000097e00000, 0x0000000097e00000| Complete 
| 383|0x0000000097f00000, 0x0000000098000000, 0x0000000098000000|100%| E|CS|TAMS 0x0000000097f00000, 0x0000000097f00000| Complete 
| 384|0x0000000098000000, 0x0000000098100000, 0x0000000098100000|100%| E|CS|TAMS 0x0000000098000000, 0x0000000098000000| Complete 

Card table byte_map: [0x0000023596d50000,0x0000023597150000] _byte_map_base: 0x0000023596950000

Marking Bits (Prev, Next): (CMBitMap*) 0x0000023583e684c0, (CMBitMap*) 0x0000023583e68488
 Prev Bits: [0x0000023599550000, 0x000002359b550000)
 Next Bits: [0x0000023597550000, 0x0000023599550000)

Polling page: 0x0000023581dc0000

Metaspace:

Usage:
  Non-class:     38.94 MB capacity,    38.31 MB ( 98%) used,   529.72 KB (  1%) free+waste,   115.94 KB ( <1%) overhead. 
      Class:      5.96 MB capacity,     5.56 MB ( 93%) used,   354.11 KB (  6%) free+waste,    55.50 KB ( <1%) overhead. 
       Both:     44.90 MB capacity,    43.87 MB ( 98%) used,   883.83 KB (  2%) free+waste,   171.44 KB ( <1%) overhead. 

Virtual space:
  Non-class space:       40.00 MB reserved,      39.13 MB ( 98%) committed 
      Class space:        1.00 GB reserved,       6.02 MB ( <1%) committed 
             Both:        1.04 GB reserved,      45.15 MB (  4%) committed 

Chunk freelists:
   Non-Class:  2.00 KB
       Class:  9.00 KB
        Both:  11.00 KB

MaxMetaspaceSize: 17179869184.00 GB
CompressedClassSpaceSize: 1.00 GB
Initial GC threshold: 20.80 MB
Current GC threshold: 72.55 MB
CDS: off

CodeHeap 'non-profiled nmethods': size=120064Kb used=2465Kb max_used=2465Kb free=117598Kb
 bounds [0x000002358f410000, 0x000002358f680000, 0x0000023596950000]
CodeHeap 'profiled nmethods': size=120000Kb used=9384Kb max_used=9384Kb free=110615Kb
 bounds [0x0000023587ee0000, 0x0000023588810000, 0x000002358f410000]
CodeHeap 'non-nmethods': size=5696Kb used=2288Kb max_used=2325Kb free=3407Kb
 bounds [0x0000023587950000, 0x0000023587bc0000, 0x0000023587ee0000]
 total_blobs=5285 nmethods=4498 adapters=699
 compilation: enabled
              stopped_count=0, restarted_count=0
 full_count=0

Compilation events (20 events):
Event: 6.358 Thread 0x000002359e342800 nmethod 4532 0x000002358f676890 code [0x000002358f676a40, 0x000002358f676af8]
Event: 6.358 Thread 0x000002359e342800 4533       1       jdk.internal.loader.BuiltinClassLoader$LoadedModule::loader (5 bytes)
Event: 6.358 Thread 0x000002359e342800 nmethod 4533 0x000002358f676b90 code [0x000002358f676d40, 0x000002358f676df8]
Event: 6.360 Thread 0x000002359e342800 4534       2       org.gradle.groovy.scripts.internal.GradleResolveVisitor::visitAnnotations (270 bytes)
Event: 6.361 Thread 0x000002359e342800 nmethod 4534 0x00000235887fa510 code [0x00000235887fa8c0, 0x00000235887fb568]
Event: 6.362 Thread 0x000002359e342800 4535       2       java.util.LinkedList::addFirst (6 bytes)
Event: 6.362 Thread 0x000002359e342800 nmethod 4535 0x00000235887fbd90 code [0x00000235887fbf40, 0x00000235887fc048]
Event: 6.362 Thread 0x000002359e342800 4536       2       java.util.LinkedList::linkFirst (59 bytes)
Event: 6.362 Thread 0x000002359e342800 nmethod 4536 0x00000235887fc110 code [0x00000235887fc2e0, 0x00000235887fc638]
Event: 6.364 Thread 0x000002359e342800 4537       2       java.lang.Iterable::forEach (39 bytes)
Event: 6.364 Thread 0x000002359e342800 nmethod 4537 0x00000235887fc710 code [0x00000235887fc900, 0x00000235887fcba8]
Event: 6.364 Thread 0x000002359e342800 4538       2       org.codehaus.groovy.ast.expr.ConstantExpression::visit (8 bytes)
Event: 6.364 Thread 0x000002359e342800 nmethod 4538 0x00000235887fcd10 code [0x00000235887fcec0, 0x00000235887fcfe8]
Event: 6.364 Thread 0x000002359e342800 4539       2       org.codehaus.groovy.ast.CodeVisitorSupport::visitConstantExpression (1 bytes)
Event: 6.364 Thread 0x000002359e342800 nmethod 4539 0x00000235887fd090 code [0x00000235887fd240, 0x00000235887fd338]
Event: 6.364 Thread 0x000002359e342800 4540       1       java.util.Collections$EmptyMap::containsKey (2 bytes)
Event: 6.364 Thread 0x000002359e342800 nmethod 4540 0x000002358f676e90 code [0x000002358f677040, 0x000002358f6770f8]
Event: 6.364 Thread 0x000002359e342800 4541       2       org.codehaus.groovy.ast.stmt.ExpressionStatement::visit (8 bytes)
Event: 6.365 Thread 0x000002359e342800 nmethod 4541 0x00000235887fd410 code [0x00000235887fd5c0, 0x00000235887fd6e8]
Event: 6.365 Thread 0x000002359e342800 4543       2       org.codehaus.groovy.classgen.VariableScopeVisitor::findVariableDeclaration (356 bytes)

GC Heap History (20 events):
Event: 0.528 GC heap before
{Heap before GC invocations=0 (full 0):
 garbage-first heap   total 196608K, used 17408K [0x0000000080000000, 0x0000000100000000)
  region size 1024K, 14 young (14336K), 0 survivors (0K)
 Metaspace       used 6754K, capacity 6997K, committed 7168K, reserved 1056768K
  class space    used 571K, capacity 650K, committed 768K, reserved 1048576K
}
Event: 0.682 GC heap after
{Heap after GC invocations=1 (full 0):
 garbage-first heap   total 196608K, used 3729K [0x0000000080000000, 0x0000000100000000)
  region size 1024K, 2 young (2048K), 2 survivors (2048K)
 Metaspace       used 6754K, capacity 6997K, committed 7168K, reserved 1056768K
  class space    used 571K, capacity 650K, committed 768K, reserved 1048576K
}
Event: 1.000 GC heap before
{Heap before GC invocations=1 (full 0):
 garbage-first heap   total 196608K, used 17041K [0x0000000080000000, 0x0000000100000000)
  region size 1024K, 12 young (12288K), 2 survivors (2048K)
 Metaspace       used 9777K, capacity 9964K, committed 10112K, reserved 1058816K
  class space    used 992K, capacity 1069K, committed 1152K, reserved 1048576K
}
Event: 1.005 GC heap after
{Heap after GC invocations=2 (full 0):
 garbage-first heap   total 196608K, used 9089K [0x0000000080000000, 0x0000000100000000)
  region size 1024K, 2 young (2048K), 2 survivors (2048K)
 Metaspace       used 9777K, capacity 9964K, committed 10112K, reserved 1058816K
  class space    used 992K, capacity 1069K, committed 1152K, reserved 1048576K
}
Event: 1.340 GC heap before
{Heap before GC invocations=2 (full 0):
 garbage-first heap   total 196608K, used 22401K [0x0000000080000000, 0x0000000100000000)
  region size 1024K, 15 young (15360K), 2 survivors (2048K)
 Metaspace       used 10863K, capacity 11081K, committed 11264K, reserved 1058816K
  class space    used 1111K, capacity 1207K, committed 1280K, reserved 1048576K
}
Event: 1.342 GC heap after
{Heap after GC invocations=3 (full 0):
 garbage-first heap   total 196608K, used 9697K [0x0000000080000000, 0x0000000100000000)
  region size 1024K, 1 young (1024K), 1 survivors (1024K)
 Metaspace       used 10863K, capacity 11081K, committed 11264K, reserved 1058816K
  class space    used 1111K, capacity 1207K, committed 1280K, reserved 1048576K
}
Event: 1.537 GC heap before
{Heap before GC invocations=3 (full 0):
 garbage-first heap   total 196608K, used 30177K [0x0000000080000000, 0x0000000100000000)
  region size 1024K, 21 young (21504K), 1 survivors (1024K)
 Metaspace       used 10975K, capacity 11145K, committed 11264K, reserved 1058816K
  class space    used 1114K, capacity 1207K, committed 1280K, reserved 1048576K
}
Event: 1.541 GC heap after
{Heap after GC invocations=4 (full 0):
 garbage-first heap   total 196608K, used 13918K [0x0000000080000000, 0x0000000100000000)
  region size 1024K, 3 young (3072K), 3 survivors (3072K)
 Metaspace       used 10975K, capacity 11145K, committed 11264K, reserved 1058816K
  class space    used 1114K, capacity 1207K, committed 1280K, reserved 1048576K
}
Event: 2.174 GC heap before
{Heap before GC invocations=4 (full 0):
 garbage-first heap   total 196608K, used 43614K [0x0000000080000000, 0x0000000100000000)
  region size 1024K, 32 young (32768K), 3 survivors (3072K)
 Metaspace       used 17350K, capacity 17740K, committed 18048K, reserved 1064960K
  class space    used 1989K, capacity 2108K, committed 2176K, reserved 1048576K
}
Event: 2.183 GC heap after
{Heap after GC invocations=5 (full 0):
 garbage-first heap   total 196608K, used 16097K [0x0000000080000000, 0x0000000100000000)
  region size 1024K, 3 young (3072K), 3 survivors (3072K)
 Metaspace       used 17350K, capacity 17740K, committed 18048K, reserved 1064960K
  class space    used 1989K, capacity 2108K, committed 2176K, reserved 1048576K
}
Event: 2.512 GC heap before
{Heap before GC invocations=5 (full 0):
 garbage-first heap   total 196608K, used 47841K [0x0000000080000000, 0x0000000100000000)
  region size 1024K, 35 young (35840K), 3 survivors (3072K)
 Metaspace       used 20777K, capacity 21195K, committed 21296K, reserved 1069056K
  class space    used 2520K, capacity 2685K, committed 2688K, reserved 1048576K
}
Event: 2.517 GC heap after
{Heap after GC invocations=6 (full 0):
 garbage-first heap   total 196608K, used 17259K [0x0000000080000000, 0x0000000100000000)
  region size 1024K, 4 young (4096K), 4 survivors (4096K)
 Metaspace       used 20777K, capacity 21195K, committed 21296K, reserved 1069056K
  class space    used 2520K, capacity 2685K, committed 2688K, reserved 1048576K
}
Event: 3.277 GC heap before
{Heap before GC invocations=7 (full 0):
 garbage-first heap   total 196608K, used 78699K [0x0000000080000000, 0x0000000100000000)
  region size 1024K, 64 young (65536K), 4 survivors (4096K)
 Metaspace       used 27307K, capacity 27913K, committed 28028K, reserved 1073152K
  class space    used 3556K, capacity 3768K, committed 3788K, reserved 1048576K
}
Event: 3.283 GC heap after
{Heap after GC invocations=8 (full 0):
 garbage-first heap   total 196608K, used 19590K [0x0000000080000000, 0x0000000100000000)
  region size 1024K, 6 young (6144K), 6 survivors (6144K)
 Metaspace       used 27307K, capacity 27913K, committed 28028K, reserved 1073152K
  class space    used 3556K, capacity 3768K, committed 3788K, reserved 1048576K
}
Event: 4.012 GC heap before
{Heap before GC invocations=8 (full 0):
 garbage-first heap   total 196608K, used 75910K [0x0000000080000000, 0x0000000100000000)
  region size 1024K, 62 young (63488K), 6 survivors (6144K)
 Metaspace       used 35088K, capacity 35961K, committed 36048K, reserved 1081344K
  class space    used 4569K, capacity 4921K, committed 4940K, reserved 1048576K
}
Event: 4.024 GC heap after
{Heap after GC invocations=9 (full 0):
 garbage-first heap   total 196608K, used 22387K [0x0000000080000000, 0x0000000100000000)
  region size 1024K, 9 young (9216K), 9 survivors (9216K)
 Metaspace       used 35088K, capacity 35961K, committed 36048K, reserved 1081344K
  class space    used 4569K, capacity 4921K, committed 4940K, reserved 1048576K
}
Event: 5.151 GC heap before
{Heap before GC invocations=10 (full 0):
 garbage-first heap   total 196608K, used 116595K [0x0000000080000000, 0x0000000100000000)
  region size 1024K, 98 young (100352K), 9 survivors (9216K)
 Metaspace       used 43221K, capacity 44279K, committed 44572K, reserved 1087488K
  class space    used 5537K, capacity 5922K, committed 6040K, reserved 1048576K
}
Event: 5.184 GC heap after
{Heap after GC invocations=11 (full 0):
 garbage-first heap   total 394240K, used 29668K [0x0000000080000000, 0x0000000100000000)
  region size 1024K, 13 young (13312K), 13 survivors (13312K)
 Metaspace       used 43221K, capacity 44279K, committed 44572K, reserved 1087488K
  class space    used 5537K, capacity 5922K, committed 6040K, reserved 1048576K
}
Event: 5.968 GC heap before
{Heap before GC invocations=12 (full 0):
 garbage-first heap   total 394240K, used 158692K [0x0000000080000000, 0x0000000100000000)
  region size 1024K, 139 young (142336K), 13 survivors (13312K)
 Metaspace       used 43301K, capacity 44343K, committed 44572K, reserved 1087488K
  class space    used 5537K, capacity 5922K, committed 6040K, reserved 1048576K
}
Event: 5.990 GC heap after
{Heap after GC invocations=13 (full 0):
 garbage-first heap   total 394240K, used 37159K [0x0000000080000000, 0x0000000100000000)
  region size 1024K, 14 young (14336K), 14 survivors (14336K)
 Metaspace       used 43301K, capacity 44343K, committed 44572K, reserved 1087488K
  class space    used 5537K, capacity 5922K, committed 6040K, reserved 1048576K
}

Deoptimization events (20 events):
Event: 6.328 Thread 0x00000235a0959000 DEOPT PACKING pc=0x00000235882601e8 sp=0x0000009cdfff89e0
Event: 6.328 Thread 0x00000235a0959000 DEOPT UNPACKING pc=0x000002358799a95e sp=0x0000009cdfff7ee8 mode 0
Event: 6.338 Thread 0x00000235a0959000 Uncommon trap: trap_request=0xffffffc6 fr.pc=0x000002358f55edc8 relative=0x0000000000005028
Event: 6.338 Thread 0x00000235a0959000 Uncommon trap: reason=bimorphic_or_optimized_type_check action=maybe_recompile pc=0x000002358f55edc8 method=java.net.URL.<init>(Ljava/net/URL;Ljava/lang/String;Ljava/net/URLStreamHandler;)V @ 504 c2
Event: 6.338 Thread 0x00000235a0959000 DEOPT PACKING pc=0x000002358f55edc8 sp=0x0000009cdfff6490
Event: 6.338 Thread 0x00000235a0959000 DEOPT UNPACKING pc=0x000002358799a1af sp=0x0000009cdfff6430 mode 2
Event: 6.340 Thread 0x00000235a0959000 Uncommon trap: trap_request=0xffffffc6 fr.pc=0x000002358f55edc8 relative=0x0000000000005028
Event: 6.340 Thread 0x00000235a0959000 Uncommon trap: reason=bimorphic_or_optimized_type_check action=maybe_recompile pc=0x000002358f55edc8 method=java.net.URL.<init>(Ljava/net/URL;Ljava/lang/String;Ljava/net/URLStreamHandler;)V @ 504 c2
Event: 6.340 Thread 0x00000235a0959000 DEOPT PACKING pc=0x000002358f55edc8 sp=0x0000009cdfff6410
Event: 6.340 Thread 0x00000235a0959000 DEOPT UNPACKING pc=0x000002358799a1af sp=0x0000009cdfff63b0 mode 2
Event: 6.340 Thread 0x00000235a0959000 DEOPT PACKING pc=0x00000235887cee26 sp=0x0000009cdfff6030
Event: 6.340 Thread 0x00000235a0959000 DEOPT UNPACKING pc=0x000002358799a95e sp=0x0000009cdfff5510 mode 0
Event: 6.364 Thread 0x00000235a0959000 Uncommon trap: trap_request=0xffffffde fr.pc=0x000002358f5a372c relative=0x000000000000052c
Event: 6.364 Thread 0x00000235a0959000 Uncommon trap: reason=class_check action=maybe_recompile pc=0x000002358f5a372c method=java.util.stream.ReferencePipeline.forEachWithCancel(Ljava/util/Spliterator;Ljava/util/stream/Sink;)Z @ 1 c2
Event: 6.364 Thread 0x00000235a0959000 DEOPT PACKING pc=0x000002358f5a372c sp=0x0000009cdfff8190
Event: 6.364 Thread 0x00000235a0959000 DEOPT UNPACKING pc=0x000002358799a1af sp=0x0000009cdfff8130 mode 2
Event: 6.364 Thread 0x00000235a0959000 Uncommon trap: trap_request=0xffffffde fr.pc=0x000002358f5a372c relative=0x000000000000052c
Event: 6.364 Thread 0x00000235a0959000 Uncommon trap: reason=class_check action=maybe_recompile pc=0x000002358f5a372c method=java.util.stream.ReferencePipeline.forEachWithCancel(Ljava/util/Spliterator;Ljava/util/stream/Sink;)Z @ 1 c2
Event: 6.364 Thread 0x00000235a0959000 DEOPT PACKING pc=0x000002358f5a372c sp=0x0000009cdfff7270
Event: 6.364 Thread 0x00000235a0959000 DEOPT UNPACKING pc=0x000002358799a1af sp=0x0000009cdfff7210 mode 2

Classes redefined (0 events):
No events

Internal exceptions (20 events):
Event: 4.467 Thread 0x00000235a0959000 Exception <a 'java/lang/ClassNotFoundException'{0x0000000089cf88d8}: org/gradle/invocation/DefaultGradle_DecoratedCustomizer> (0x0000000089cf88d8) thrown at [src/hotspot/share/classfile/systemDictionary.cpp, line 230]
Event: 4.546 Thread 0x00000235a0959000 Exception <a 'java/lang/ClassNotFoundException'{0x000000008988a568}: groovy/lang/Closure$1BeanInfo> (0x000000008988a568) thrown at [src/hotspot/share/classfile/systemDictionary.cpp, line 230]
Event: 4.547 Thread 0x00000235a0959000 Exception <a 'java/lang/ClassNotFoundException'{0x00000000898bb940}: groovy/lang/ClosureBeanInfo> (0x00000000898bb940) thrown at [src/hotspot/share/classfile/systemDictionary.cpp, line 230]
Event: 4.547 Thread 0x00000235a0959000 Exception <a 'java/lang/ClassNotFoundException'{0x00000000898ecdd0}: groovy/lang/ClosureCustomizer> (0x00000000898ecdd0) thrown at [src/hotspot/share/classfile/systemDictionary.cpp, line 230]
Event: 4.551 Thread 0x00000235a0959000 Exception <a 'java/lang/ClassNotFoundException'{0x0000000089740d40}: groovy/lang/Closure$1Customizer> (0x0000000089740d40) thrown at [src/hotspot/share/classfile/systemDictionary.cpp, line 230]
Event: 4.612 Thread 0x00000235a0959000 Exception <a 'java/lang/NoSuchMethodError'{0x00000000894294f0}: 'void java.lang.invoke.DirectMethodHandle$Holder.invokeVirtual(java.lang.Object, java.lang.Object)'> (0x00000000894294f0) thrown at [src/hotspot/share/interpreter/linkResolver.cpp, line 773]
Event: 6.078 Thread 0x00000235a0959000 Implicit null exception at 0x000002358f57086f to 0x000002358f570918
Event: 6.112 Thread 0x00000235a0959000 Exception <a 'java/lang/ClassNotFoundException'{0x00000000963a6ae8}: org/apache/groovy/parser/antlr4/util/StringUtils$4BeanInfo> (0x00000000963a6ae8) thrown at [src/hotspot/share/classfile/systemDictionary.cpp, line 230]
Event: 6.115 Thread 0x00000235a0959000 Exception <a 'java/lang/ClassNotFoundException'{0x00000000962de940}: org/apache/groovy/parser/antlr4/util/StringUtils$4Customizer> (0x00000000962de940) thrown at [src/hotspot/share/classfile/systemDictionary.cpp, line 230]
Event: 6.120 Thread 0x00000235a0959000 Exception <a 'java/lang/ClassNotFoundException'{0x0000000096041ab8}: org/apache/groovy/parser/antlr4/util/StringUtils$2BeanInfo> (0x0000000096041ab8) thrown at [src/hotspot/share/classfile/systemDictionary.cpp, line 230]
Event: 6.123 Thread 0x00000235a0959000 Exception <a 'java/lang/ClassNotFoundException'{0x0000000095f798f0}: org/apache/groovy/parser/antlr4/util/StringUtils$2Customizer> (0x0000000095f798f0) thrown at [src/hotspot/share/classfile/systemDictionary.cpp, line 230]
Event: 6.128 Thread 0x00000235a0959000 Exception <a 'java/lang/ClassNotFoundException'{0x0000000095edc738}: org/apache/groovy/parser/antlr4/util/StringUtils$1BeanInfo> (0x0000000095edc738) thrown at [src/hotspot/share/classfile/systemDictionary.cpp, line 230]
Event: 6.130 Thread 0x00000235a0959000 Exception <a 'java/lang/ClassNotFoundException'{0x0000000095c14a20}: org/apache/groovy/parser/antlr4/util/StringUtils$1Customizer> (0x0000000095c14a20) thrown at [src/hotspot/share/classfile/systemDictionary.cpp, line 230]
Event: 6.136 Thread 0x00000235a0959000 Exception <a 'java/lang/ClassNotFoundException'{0x0000000095b775f8}: org/apache/groovy/parser/antlr4/util/StringUtils$3BeanInfo> (0x0000000095b775f8) thrown at [src/hotspot/share/classfile/systemDictionary.cpp, line 230]
Event: 6.139 Thread 0x00000235a0959000 Exception <a 'java/lang/ClassNotFoundException'{0x0000000095aaf738}: org/apache/groovy/parser/antlr4/util/StringUtils$3Customizer> (0x0000000095aaf738) thrown at [src/hotspot/share/classfile/systemDictionary.cpp, line 230]
Event: 6.174 Thread 0x00000235a0959000 Exception <a 'java/lang/NoSuchMethodError'{0x0000000095739380}: 'java.lang.Object java.lang.invoke.DirectMethodHandle$Holder.invokeSpecial(java.lang.Object, java.lang.Object, int, java.lang.Object, java.lang.Object, java.lang.Object, java.lang.Object)'> (0x0000000095739380) thrown at [src/hotspot/share/interpreter/linkResolver.cpp, line 773]
Event: 6.206 Thread 0x00000235a33d7000 Exception <a 'sun/nio/fs/WindowsException'{0x0000000095511190}> (0x0000000095511190) thrown at [src/hotspot/share/prims/jni.cpp, line 617]
Event: 6.218 Thread 0x00000235a33d7000 Exception <a 'sun/nio/fs/WindowsException'{0x000000009555e578}> (0x000000009555e578) thrown at [src/hotspot/share/prims/jni.cpp, line 617]
Event: 6.218 Thread 0x00000235a33d7000 Exception <a 'sun/nio/fs/WindowsException'{0x000000009555e7a8}> (0x000000009555e7a8) thrown at [src/hotspot/share/prims/jni.cpp, line 617]
Event: 6.292 Thread 0x00000235a0959000 Exception <a 'java/lang/NoSuchMethodError'{0x0000000094ea5230}: 'void java.lang.invoke.DirectMethodHandle$Holder.invokeSpecialIFC(java.lang.Object, java.lang.Object, java.lang.Object)'> (0x0000000094ea5230) thrown at [src/hotspot/share/interpreter/linkResolver.cpp, line 773]

Events (20 events):
Event: 6.359 loading class org/gradle/api/tasks/testing/TestListener$TestResult
Event: 6.359 loading class org/gradle/api/tasks/testing/TestListener$TestResult done
Event: 6.360 loading class org/gradle/api/tasks/testing/TestOutputListener$TestDescriptor
Event: 6.360 loading class org/gradle/api/tasks/testing/TestOutputListener$TestDescriptor done
Event: 6.361 loading class org/gradle/api/tasks/testing/TestOutputListener$TestDescriptor
Event: 6.361 loading class org/gradle/api/tasks/testing/TestOutputListener$TestDescriptor done
Event: 6.361 loading class org/gradle/api/tasks/testing/TestOutputListener$TestOutputEvent
Event: 6.361 loading class org/gradle/api/tasks/testing/TestOutputListener$TestOutputEvent done
Event: 6.362 loading class org/gradle/api/tasks/testing/TestOutputListener$TestOutputEvent
Event: 6.362 loading class org/gradle/api/tasks/testing/TestOutputListener$TestOutputEvent done
Event: 6.363 loading class org/gradle/api/tasks/testing/TestOutputListener$Override
Event: 6.363 loading class org/gradle/api/tasks/testing/TestOutputListener$Override done
Event: 6.363 loading class org/gradle/api/tasks/testing/TestOutputListener$Override
Event: 6.363 loading class org/gradle/api/tasks/testing/TestOutputListener$Override done
Event: 6.364 loading class org/codehaus/groovy/ast/PropertyNode
Event: 6.364 loading class org/codehaus/groovy/ast/PropertyNode done
Event: 6.364 loading class org/codehaus/groovy/ast/PropertyNode
Event: 6.364 loading class org/codehaus/groovy/ast/PropertyNode done
Event: 6.366 Executing VM operation: RevokeBias
Event: 6.366 Executing VM operation: RevokeBias done


Dynamic libraries:
0x00007ff7aac80000 - 0x00007ff7aac8a000 	C:\Program Files\Android\Android Studio\jbr\bin\java.exe
0x00007ffefea30000 - 0x00007ffefec28000 	C:\Windows\SYSTEM32\ntdll.dll
0x00007ffefd380000 - 0x00007ffefd43f000 	C:\Windows\System32\KERNEL32.DLL
0x00007ffefc530000 - 0x00007ffefc802000 	C:\Windows\System32\KERNELBASE.dll
0x00007ffefc810000 - 0x00007ffefc910000 	C:\Windows\System32\ucrtbase.dll
0x00007ffeeea90000 - 0x00007ffeeeaab000 	C:\Program Files\Android\Android Studio\jbr\bin\VCRUNTIME140.dll
0x00007ffee6930000 - 0x00007ffee6947000 	C:\Program Files\Android\Android Studio\jbr\bin\jli.dll
0x00007ffefe740000 - 0x00007ffefe8e1000 	C:\Windows\System32\USER32.dll
0x00007ffefc500000 - 0x00007ffefc522000 	C:\Windows\System32\win32u.dll
0x00007ffefb4b0000 - 0x00007ffefb74a000 	C:\Windows\WinSxS\amd64_microsoft.windows.common-controls_6595b64144ccf1df_6.0.19041.1110_none_60b5254171f9507e\COMCTL32.dll
0x00007ffefde90000 - 0x00007ffefdebb000 	C:\Windows\System32\GDI32.dll
0x00007ffefdec0000 - 0x00007ffefdf5e000 	C:\Windows\System32\msvcrt.dll
0x00007ffefc3f0000 - 0x00007ffefc4ff000 	C:\Windows\System32\gdi32full.dll
0x00007ffefc350000 - 0x00007ffefc3ed000 	C:\Windows\System32\msvcp_win.dll
0x00007ffefdaf0000 - 0x00007ffefdb22000 	C:\Windows\System32\IMM32.DLL
0x00007ffee63a0000 - 0x00007ffee642d000 	C:\Program Files\Android\Android Studio\jbr\bin\msvcp140.dll
0x00007ffef6c10000 - 0x00007ffef6c1c000 	C:\Windows\SYSTEM32\VCRUNTIME140_1.dll
0x00007ffeb1da0000 - 0x00007ffeb295c000 	C:\Program Files\Android\Android Studio\jbr\bin\server\jvm.dll
0x00007ffefda40000 - 0x00007ffefdaee000 	C:\Windows\System32\ADVAPI32.dll
0x00007ffefe950000 - 0x00007ffefe9ec000 	C:\Windows\System32\sechost.dll
0x00007ffefd0a0000 - 0x00007ffefd1c5000 	C:\Windows\System32\RPCRT4.dll
0x00007ffefcde0000 - 0x00007ffefcde8000 	C:\Windows\System32\PSAPI.DLL
0x00007ffef9f40000 - 0x00007ffef9f49000 	C:\Windows\SYSTEM32\WSOCK32.dll
0x00007ffef0b30000 - 0x00007ffef0b57000 	C:\Windows\SYSTEM32\WINMM.dll
0x00007ffef51f0000 - 0x00007ffef51fa000 	C:\Windows\SYSTEM32\VERSION.dll
0x00007ffefd9d0000 - 0x00007ffefda3b000 	C:\Windows\System32\WS2_32.dll
0x00007ffef9300000 - 0x00007ffef9312000 	C:\Windows\SYSTEM32\kernel.appcore.dll
0x00007ffeeea80000 - 0x00007ffeeea90000 	C:\Program Files\Android\Android Studio\jbr\bin\verify.dll
0x00007ffefb8a0000 - 0x00007ffefba84000 	C:\Windows\SYSTEM32\DBGHELP.DLL
0x00007ffefb840000 - 0x00007ffefb875000 	C:\Windows\SYSTEM32\dbgcore.DLL
0x00007ffefc2c0000 - 0x00007ffefc342000 	C:\Windows\System32\bcryptPrimitives.dll
0x00007ffee6a20000 - 0x00007ffee6a48000 	C:\Program Files\Android\Android Studio\jbr\bin\java.dll
0x00007ffeee6a0000 - 0x00007ffeee6aa000 	C:\Program Files\Android\Android Studio\jbr\bin\jimage.dll
0x00007ffee7390000 - 0x00007ffee73a8000 	C:\Program Files\Android\Android Studio\jbr\bin\zip.dll
0x00007ffefdf60000 - 0x00007ffefe6a4000 	C:\Windows\System32\SHELL32.dll
0x00007ffef9500000 - 0x00007ffef9c92000 	C:\Windows\SYSTEM32\windows.storage.dll
0x00007ffefdb30000 - 0x00007ffefde85000 	C:\Windows\System32\combase.dll
0x00007ffefb410000 - 0x00007ffefb440000 	C:\Windows\SYSTEM32\Wldp.dll
0x00007ffefcd00000 - 0x00007ffefcdad000 	C:\Windows\System32\SHCORE.dll
0x00007ffefd910000 - 0x00007ffefd965000 	C:\Windows\System32\shlwapi.dll
0x00007ffefc060000 - 0x00007ffefc07f000 	C:\Windows\SYSTEM32\profapi.dll
0x00007ffee6870000 - 0x00007ffee6889000 	C:\Program Files\Android\Android Studio\jbr\bin\net.dll
0x00007ffef4c60000 - 0x00007ffef4d6c000 	C:\Windows\SYSTEM32\WINHTTP.dll
0x00007ffefb2e0000 - 0x00007ffefb34a000 	C:\Windows\system32\mswsock.dll
0x00007ffee6840000 - 0x00007ffee6853000 	C:\Program Files\Android\Android Studio\jbr\bin\nio.dll
0x00007ffee6430000 - 0x00007ffee6457000 	C:\Users\Administrator\.gradle\native\e1d6ef7f7dcc3fd88c89a11ec53ec762bb8ba0a96d01ffa2cd45eb1d1d8dd5c5\windows-amd64\native-platform.dll
0x00007ffed6370000 - 0x00007ffed64b4000 	C:\Users\Administrator\.gradle\native\0d407fdbe67a94daf76414ababcb853783967236a71b16ec16e742cd7a986fd3\windows-amd64\native-platform-file-events.dll
0x00007ffee6950000 - 0x00007ffee695a000 	C:\Program Files\Android\Android Studio\jbr\bin\management.dll
0x00007ffee6830000 - 0x00007ffee683b000 	C:\Program Files\Android\Android Studio\jbr\bin\management_ext.dll
0x00007ffefbe40000 - 0x00007ffefbe58000 	C:\Windows\SYSTEM32\CRYPTSP.dll
0x00007ffefaaf0000 - 0x00007ffefab24000 	C:\Windows\system32\rsaenh.dll
0x00007ffefc1e0000 - 0x00007ffefc207000 	C:\Windows\System32\bcrypt.dll
0x00007ffefc020000 - 0x00007ffefc04e000 	C:\Windows\SYSTEM32\USERENV.dll
0x00007ffefb3d0000 - 0x00007ffefb3dc000 	C:\Windows\SYSTEM32\CRYPTBASE.dll
0x00007ffefae60000 - 0x00007ffefae9b000 	C:\Windows\SYSTEM32\IPHLPAPI.DLL
0x00007ffefcdd0000 - 0x00007ffefcdd8000 	C:\Windows\System32\NSI.dll
0x00007ffef5480000 - 0x00007ffef5497000 	C:\Windows\SYSTEM32\dhcpcsvc6.DLL
0x00007ffef5460000 - 0x00007ffef547d000 	C:\Windows\SYSTEM32\dhcpcsvc.DLL
0x00007ffefaea0000 - 0x00007ffefaf6a000 	C:\Windows\SYSTEM32\DNSAPI.dll

dbghelp: loaded successfully - version: 4.0.5 - missing functions: none
symbol engine: initialized successfully - sym options: 0x614 - pdb path: .;C:\Program Files\Android\Android Studio\jbr\bin;C:\Windows\SYSTEM32;C:\Windows\WinSxS\amd64_microsoft.windows.common-controls_6595b64144ccf1df_6.0.19041.1110_none_60b5254171f9507e;C:\Program Files\Android\Android Studio\jbr\bin\server;C:\Users\Administrator\.gradle\native\e1d6ef7f7dcc3fd88c89a11ec53ec762bb8ba0a96d01ffa2cd45eb1d1d8dd5c5\windows-amd64;C:\Users\Administrator\.gradle\native\0d407fdbe67a94daf76414ababcb853783967236a71b16ec16e742cd7a986fd3\windows-amd64

VM Arguments:
jvm_args: --add-opens=java.base/java.util=ALL-UNNAMED --add-opens=java.base/java.lang=ALL-UNNAMED --add-opens=java.base/java.lang.invoke=ALL-UNNAMED --add-opens=java.base/java.util=ALL-UNNAMED --add-opens=java.prefs/java.util.prefs=ALL-UNNAMED --add-opens=java.prefs/java.util.prefs=ALL-UNNAMED --add-opens=java.base/java.nio.charset=ALL-UNNAMED --add-opens=java.base/java.net=ALL-UNNAMED --add-opens=java.base/java.util.concurrent.atomic=ALL-UNNAMED -Xmx2048m -Dfile.encoding=UTF-8 -Duser.country=US -Duser.language=en -Duser.variant 
java_command: org.gradle.launcher.daemon.bootstrap.GradleDaemon 7.5
java_class_path (initial): C:\Users\Administrator\.gradle\wrapper\dists\gradle-7.5-bin\f1w0cc9nuo0eivz97x2xlu9sv\gradle-7.5\lib\gradle-launcher-7.5.jar
Launcher Type: SUN_STANDARD

[Global flags]
     intx CICompilerCount                          = 3                                         {product} {ergonomic}
     uint ConcGCThreads                            = 1                                         {product} {ergonomic}
     uint G1ConcRefinementThreads                  = 4                                         {product} {ergonomic}
   size_t G1HeapRegionSize                         = 1048576                                   {product} {ergonomic}
    uintx GCDrainStackTargetSize                   = 64                                        {product} {ergonomic}
   size_t InitialHeapSize                          = 201326592                                 {product} {ergonomic}
   size_t MarkStackSize                            = 4194304                                   {product} {ergonomic}
   size_t MaxHeapSize                              = 2147483648                                {product} {command line}
   size_t MaxNewSize                               = 1287651328                                {product} {ergonomic}
   size_t MinHeapDeltaBytes                        = 1048576                                   {product} {ergonomic}
    uintx NonNMethodCodeHeapSize                   = 5830732                                {pd product} {ergonomic}
    uintx NonProfiledCodeHeapSize                  = 122913754                              {pd product} {ergonomic}
    uintx ProfiledCodeHeapSize                     = 122913754                              {pd product} {ergonomic}
    uintx ReservedCodeCacheSize                    = 251658240                              {pd product} {ergonomic}
     bool SegmentedCodeCache                       = true                                      {product} {ergonomic}
     bool UseCompressedClassPointers               = true                                 {lp64_product} {ergonomic}
     bool UseCompressedOops                        = true                                 {lp64_product} {ergonomic}
     bool UseG1GC                                  = true                                      {product} {ergonomic}
     bool UseLargePagesIndividualAllocation        = false                                  {pd product} {ergonomic}

Logging:
Log output configuration:
 #0: stdout all=warning uptime,level,tags
 #1: stderr all=off uptime,level,tags

Environment Variables:
PATH=C:\Program Files\Common Files\Oracle\Java\javapath;C:\Windows\system32;C:\Windows;C:\Windows\System32\Wbem;C:\Windows\System32\WindowsPowerShell\v1.0\;C:\Windows\System32\OpenSSH\;C:\Program Files\nodejs\;C:\Program Files (x86)\dotnet\;C:\Program Files\Git\cmd;C:\Users\Administrator\AppData\Local\Microsoft\WindowsApps;D:\Microsoft VS Code\bin;C:\Program Files\Java\jdk-19\bin;;C:\Program Files\JetBrains\IntelliJ IDEA Community Edition 2022.3.1\bin;;C:\Users\Administrator\AppData\Roaming\npm
USERNAME=Administrator
OS=Windows_NT
PROCESSOR_IDENTIFIER=Intel64 Family 6 Model 158 Stepping 9, GenuineIntel



---------------  S Y S T E M  ---------------

OS: Windows 10 , 64 bit Build 19041 (10.0.19041.2364)
OS uptime: 0 days 2:50 hours

CPU:total 4 (initial active 4) (2 cores per cpu, 2 threads per core) family 6 model 158 stepping 9 microcode 0xb4, cmov, cx8, fxsr, mmx, sse, sse2, sse3, ssse3, sse4.1, sse4.2, popcnt, avx, avx2, aes, clmul, erms, 3dnowpref, lzcnt, ht, tsc, tscinvbit, bmi1, bmi2, adx, fma

Memory: 4k page, system-wide physical 12246M (1837M free)
TotalPageFile size 17622M (AvailPageFile size 3960M)
current process WorkingSet (physical memory assigned to process): 444M, peak: 446M
current process commit charge ("private bytes"): 586M, peak: 590M

vm_info: OpenJDK 64-Bit Server VM (11.0.15+0-b2043.56-8887301) for windows-amd64 JRE (11.0.15+0-b2043.56-8887301), built on Jul 29 2022 23:19:47 by "builduser" with unknown MS VC++:1929

END.
